# JRE version: Java(TM) SE Runtime Environment (7.0_79-b15) (build 1.7.0_79-b15)
# Java VM: Java HotSpot(TM) Client VM (24.79-b02 mixed mode windows-x86 )
Heap
 def new generation   total 6400K, used 1827K [0x04600000, 0x04cf0000, 0x09b50000)
  eden space 5696K,  32% used [0x04600000, 0x047c80e0, 0x04b90000)
  from space 704K,   0% used [0x04c40000, 0x04c40c00, 0x04cf0000)
  to   space 704K,   0% used [0x04b90000, 0x04b90000, 0x04c40000)
 tenured generation   total 14176K, used 8503K [0x09b50000, 0x0a928000, 0x14600000)
   the space 14176K,  59% used [0x09b50000, 0x0a39de80, 0x0a39e000, 0x0a928000)
 compacting perm gen  total 12288K, used 9044K [0x14600000, 0x15200000, 0x18600000)
   the space 12288K,  73% used [0x14600000, 0x14ed5180, 0x14ed5200, 0x15200000)
GC Heap History (10 events):
Event: 6.165 GC heap before
{Heap before GC invocations=15 (full 1):
 def new generation   total 6400K, used 5696K [0x04600000, 0x04cf0000, 0x09b50000)
  eden space 5696K, 100% used [0x04600000, 0x04b90000, 0x04b90000)
  from space 704K,   0% used [0x04b90000, 0x04b90000, 0x04c40000)
  to   space 704K,   0% used [0x04c40000, 0x04c40000, 0x04cf0000)
 tenured generation   total 14176K, used 8503K [0x09b50000, 0x0a928000, 0x14600000)
   the space 14176K,  59% used [0x09b50000, 0x0a39de80, 0x0a39e000, 0x0a928000)
 compacting perm gen  total 12288K, used 9041K [0x14600000, 0x15200000, 0x18600000)
   the space 12288K,  73% used [0x14600000, 0x14ed4710, 0x14ed4800, 0x15200000)
No shared spaces configured.
Event: 6.165 GC heap after
Heap after GC invocations=16 (full 1):
 def new generation   total 6400K, used 3K [0x04600000, 0x04cf0000, 0x09b50000)
  eden space 5696K,   0% used [0x04600000, 0x04600000, 0x04b90000)
  from space 704K,   0% used [0x04c40000, 0x04c40fb8, 0x04cf0000)
  to   space 704K,   0% used [0x04b90000, 0x04b90000, 0x04c40000)
 tenured generation   total 14176K, used 8503K [0x09b50000, 0x0a928000, 0x14600000)
   the space 14176K,  59% used [0x09b50000, 0x0a39de80, 0x0a39e000, 0x0a928000)
 compacting perm gen  total 12288K, used 9041K [0x14600000, 0x15200000, 0x18600000)
   the space 12288K,  73% used [0x14600000, 0x14ed4710, 0x14ed4800, 0x15200000)
No shared spaces configured.
}
Event: 6.796 GC heap before
{Heap before GC invocations=16 (full 1):
 def new generation   total 6400K, used 5699K [0x04600000, 0x04cf0000, 0x09b50000)
  eden space 5696K, 100% used [0x04600000, 0x04b90000, 0x04b90000)
  from space 704K,   0% used [0x04c40000, 0x04c40fb8, 0x04cf0000)
  to   space 704K,   0% used [0x04b90000, 0x04b90000, 0x04c40000)
 tenured generation   total 14176K, used 8503K [0x09b50000, 0x0a928000, 0x14600000)
   the space 14176K,  59% used [0x09b50000, 0x0a39de80, 0x0a39e000, 0x0a928000)
 compacting perm gen  total 12288K, used 9041K [0x14600000, 0x15200000, 0x18600000)
   the space 12288K,  73% used [0x14600000, 0x14ed4710, 0x14ed4800, 0x15200000)
No shared spaces configured.
Event: 6.797 GC heap after
Heap after GC invocations=17 (full 1):
 def new generation   total 6400K, used 5K [0x04600000, 0x04cf0000, 0x09b50000)
  eden space 5696K,   0% used [0x04600000, 0x04600000, 0x04b90000)
  from space 704K,   0% used [0x04b90000, 0x04b914f8, 0x04c40000)
  to   space 704K,   0% used [0x04c40000, 0x04c40000, 0x04cf0000)
 tenured generation   total 14176K, used 8503K [0x09b50000, 0x0a928000, 0x14600000)
   the space 14176K,  59% used [0x09b50000, 0x0a39de80, 0x0a39e000, 0x0a928000)
 compacting perm gen  total 12288K, used 9041K [0x14600000, 0x15200000, 0x18600000)
   the space 12288K,  73% used [0x14600000, 0x14ed4710, 0x14ed4800, 0x15200000)
No shared spaces configured.
}
Event: 7.450 GC heap before
{Heap before GC invocations=17 (full 1):
 def new generation   total 6400K, used 5701K [0x04600000, 0x04cf0000, 0x09b50000)
  eden space 5696K, 100% used [0x04600000, 0x04b90000, 0x04b90000)
  from space 704K,   0% used [0x04b90000, 0x04b914f8, 0x04c40000)
  to   space 704K,   0% used [0x04c40000, 0x04c40000, 0x04cf0000)
 tenured generation   total 14176K, used 8503K [0x09b50000, 0x0a928000, 0x14600000)
   the space 14176K,  59% used [0x09b50000, 0x0a39de80, 0x0a39e000, 0x0a928000)
 compacting perm gen  total 12288K, used 9041K [0x14600000, 0x15200000, 0x18600000)
   the space 12288K,  73% used [0x14600000, 0x14ed4710, 0x14ed4800, 0x15200000)
No shared spaces configured.
Event: 7.450 GC heap after
Heap after GC invocations=18 (full 1):
 def new generation   total 6400K, used 3K [0x04600000, 0x04cf0000, 0x09b50000)
  eden space 5696K,   0% used [0x04600000, 0x04600000, 0x04b90000)
  from space 704K,   0% used [0x04c40000, 0x04c40f30, 0x04cf0000)
  to   space 704K,   0% used [0x04b90000, 0x04b90000, 0x04c40000)
 tenured generation   total 14176K, used 8503K [0x09b50000, 0x0a928000, 0x14600000)
   the space 14176K,  59% used [0x09b50000, 0x0a39de80, 0x0a39e000, 0x0a928000)
 compacting perm gen  total 12288K, used 9041K [0x14600000, 0x15200000, 0x18600000)
   the space 12288K,  73% used [0x14600000, 0x14ed4710, 0x14ed4800, 0x15200000)
No shared spaces configured.
}
Event: 8.143 GC heap before
{Heap before GC invocations=18 (full 1):
 def new generation   total 6400K, used 5699K [0x04600000, 0x04cf0000, 0x09b50000)
  eden space 5696K, 100% used [0x04600000, 0x04b90000, 0x04b90000)
  from space 704K,   0% used [0x04c40000, 0x04c40f30, 0x04cf0000)
  to   space 704K,   0% used [0x04b90000, 0x04b90000, 0x04c40000)
 tenured generation   total 14176K, used 8503K [0x09b50000, 0x0a928000, 0x14600000)
   the space 14176K,  59% used [0x09b50000, 0x0a39de80, 0x0a39e000, 0x0a928000)
 compacting perm gen  total 12288K, used 9041K [0x14600000, 0x15200000, 0x18600000)
   the space 12288K,  73% used [0x14600000, 0x14ed4710, 0x14ed4800, 0x15200000)
No shared spaces configured.
Event: 8.143 GC heap after
Heap after GC invocations=19 (full 1):
 def new generation   total 6400K, used 5K [0x04600000, 0x04cf0000, 0x09b50000)
  eden space 5696K,   0% used [0x04600000, 0x04600000, 0x04b90000)
  from space 704K,   0% used [0x04b90000, 0x04b91458, 0x04c40000)
  to   space 704K,   0% used [0x04c40000, 0x04c40000, 0x04cf0000)
 tenured generation   total 14176K, used 8503K [0x09b50000, 0x0a928000, 0x14600000)
   the space 14176K,  59% used [0x09b50000, 0x0a39de80, 0x0a39e000, 0x0a928000)
 compacting perm gen  total 12288K, used 9041K [0x14600000, 0x15200000, 0x18600000)
   the space 12288K,  73% used [0x14600000, 0x14ed4710, 0x14ed4800, 0x15200000)
No shared spaces configured.
}
Event: 8.787 GC heap before
{Heap before GC invocations=19 (full 1):
 def new generation   total 6400K, used 5701K [0x04600000, 0x04cf0000, 0x09b50000)
  eden space 5696K, 100% used [0x04600000, 0x04b90000, 0x04b90000)
  from space 704K,   0% used [0x04b90000, 0x04b91458, 0x04c40000)
  to   space 704K,   0% used [0x04c40000, 0x04c40000, 0x04cf0000)
 tenured generation   total 14176K, used 8503K [0x09b50000, 0x0a928000, 0x14600000)
   the space 14176K,  59% used [0x09b50000, 0x0a39de80, 0x0a39e000, 0x0a928000)
 compacting perm gen  total 12288K, used 9041K [0x14600000, 0x15200000, 0x18600000)
   the space 12288K,  73% used [0x14600000, 0x14ed4710, 0x14ed4800, 0x15200000)
No shared spaces configured.
Event: 8.788 GC heap after
Heap after GC invocations=20 (full 1):
 def new generation   total 6400K, used 3K [0x04600000, 0x04cf0000, 0x09b50000)
  eden space 5696K,   0% used [0x04600000, 0x04600000, 0x04b90000)
  from space 704K,   0% used [0x04c40000, 0x04c40c00, 0x04cf0000)
  to   space 704K,   0% used [0x04b90000, 0x04b90000, 0x04c40000)
 tenured generation   total 14176K, used 8503K [0x09b50000, 0x0a928000, 0x14600000)
   the space 14176K,  59% used [0x09b50000, 0x0a39de80, 0x0a39e000, 0x0a928000)
 compacting perm gen  total 12288K, used 9041K [0x14600000, 0x15200000, 0x18600000)
   the space 12288K,  73% used [0x14600000, 0x14ed4710, 0x14ed4800, 0x15200000)
No shared spaces configured.
}

