# JRE version: Java(TM) SE Runtime Environment (7.0_79-b15) (build 1.7.0_79-b15)
# Java VM: Java HotSpot(TM) Client VM (24.79-b02 mixed mode windows-x86 )
Heap
 def new generation   total 17728K, used 13992K [0x04000000, 0x05330000, 0x09550000)
  eden space 15808K,  86% used [0x04000000, 0x04d69648, 0x04f70000)
  from space 1920K,  13% used [0x05150000, 0x05190ae8, 0x05330000)
  to   space 1920K,   0% used [0x04f70000, 0x04f70000, 0x05150000)
 tenured generation   total 72036K, used 52721K [0x09550000, 0x0dba9000, 0x14000000)
   the space 72036K,  73% used [0x09550000, 0x0c8cc750, 0x0c8cc800, 0x0dba9000)
 compacting perm gen  total 12288K, used 9058K [0x14000000, 0x14c00000, 0x18000000)
   the space 12288K,  73% used [0x14000000, 0x148d8b68, 0x148d8c00, 0x14c00000)
GC Heap History (10 events):
Event: 34.726 GC heap before
{Heap before GC invocations=53 (full 3):
 def new generation   total 10368K, used 9538K [0x04000000, 0x04b30000, 0x09550000)
  eden space 9280K, 100% used [0x04000000, 0x04910000, 0x04910000)
  from space 1088K,  23% used [0x04910000, 0x04950940, 0x04a20000)
  to   space 1088K,   0% used [0x04a20000, 0x04a20000, 0x04b30000)
 tenured generation   total 39264K, used 28616K [0x09550000, 0x0bba8000, 0x14000000)
   the space 39264K,  72% used [0x09550000, 0x0b1422c0, 0x0b142400, 0x0bba8000)
 compacting perm gen  total 12288K, used 9063K [0x14000000, 0x14c00000, 0x18000000)
   the space 12288K,  73% used [0x14000000, 0x148d9f90, 0x148da000, 0x14c00000)
No shared spaces configured.
Event: 34.727 GC heap after
Heap after GC invocations=54 (full 3):
 def new generation   total 10368K, used 428K [0x04000000, 0x04b30000, 0x09550000)
  eden space 9280K,   0% used [0x04000000, 0x04000000, 0x04910000)
  from space 1088K,  39% used [0x04a20000, 0x04a8b320, 0x04b30000)
  to   space 1088K,   0% used [0x04910000, 0x04910000, 0x04a20000)
 tenured generation   total 39264K, used 28616K [0x09550000, 0x0bba8000, 0x14000000)
   the space 39264K,  72% used [0x09550000, 0x0b1422c0, 0x0b142400, 0x0bba8000)
 compacting perm gen  total 12288K, used 9063K [0x14000000, 0x14c00000, 0x18000000)
   the space 12288K,  73% used [0x14000000, 0x148d9f90, 0x148da000, 0x14c00000)
No shared spaces configured.
}
Event: 35.459 GC heap before
{Heap before GC invocations=54 (full 3):
 def new generation   total 10368K, used 9708K [0x04000000, 0x04b30000, 0x09550000)
  eden space 9280K, 100% used [0x04000000, 0x04910000, 0x04910000)
  from space 1088K,  39% used [0x04a20000, 0x04a8b320, 0x04b30000)
  to   space 1088K,   0% used [0x04910000, 0x04910000, 0x04a20000)
 tenured generation   total 39264K, used 28616K [0x09550000, 0x0bba8000, 0x14000000)
   the space 39264K,  72% used [0x09550000, 0x0b1422c0, 0x0b142400, 0x0bba8000)
 compacting perm gen  total 12288K, used 9064K [0x14000000, 0x14c00000, 0x18000000)
   the space 12288K,  73% used [0x14000000, 0x148da020, 0x148da200, 0x14c00000)
No shared spaces configured.
Event: 35.461 GC heap after
Heap after GC invocations=55 (full 3):
 def new generation   total 10368K, used 686K [0x04000000, 0x04b30000, 0x09550000)
  eden space 9280K,   0% used [0x04000000, 0x04000000, 0x04910000)
  from space 1088K,  63% used [0x04910000, 0x049bb9e0, 0x04a20000)
  to   space 1088K,   0% used [0x04a20000, 0x04a20000, 0x04b30000)
 tenured generation   total 39264K, used 28616K [0x09550000, 0x0bba8000, 0x14000000)
   the space 39264K,  72% used [0x09550000, 0x0b1422c0, 0x0b142400, 0x0bba8000)
 compacting perm gen  total 12288K, used 9064K [0x14000000, 0x14c00000, 0x18000000)
   the space 12288K,  73% used [0x14000000, 0x148da020, 0x148da200, 0x14c00000)
No shared spaces configured.
}
Event: 36.521 GC heap before
{Heap before GC invocations=55 (full 3):
 def new generation   total 10368K, used 9966K [0x04000000, 0x04b30000, 0x09550000)
  eden space 9280K, 100% used [0x04000000, 0x04910000, 0x04910000)
  from space 1088K,  63% used [0x04910000, 0x049bb9e0, 0x04a20000)
  to   space 1088K,   0% used [0x04a20000, 0x04a20000, 0x04b30000)
 tenured generation   total 39264K, used 28616K [0x09550000, 0x0bba8000, 0x14000000)
   the space 39264K,  72% used [0x09550000, 0x0b1422c0, 0x0b142400, 0x0bba8000)
 compacting perm gen  total 12288K, used 9064K [0x14000000, 0x14c00000, 0x18000000)
   the space 12288K,  73% used [0x14000000, 0x148da030, 0x148da200, 0x14c00000)
No shared spaces configured.
Event: 36.522 GC heap after
Heap after GC invocations=56 (full 3):
 def new generation   total 10368K, used 407K [0x04000000, 0x04b30000, 0x09550000)
  eden space 9280K,   0% used [0x04000000, 0x04000000, 0x04910000)
  from space 1088K,  37% used [0x04a20000, 0x04a85cb8, 0x04b30000)
  to   space 1088K,   0% used [0x04910000, 0x04910000, 0x04a20000)
 tenured generation   total 39264K, used 28884K [0x09550000, 0x0bba8000, 0x14000000)
   the space 39264K,  73% used [0x09550000, 0x0b185018, 0x0b185200, 0x0bba8000)
 compacting perm gen  total 12288K, used 9064K [0x14000000, 0x14c00000, 0x18000000)
   the space 12288K,  73% used [0x14000000, 0x148da030, 0x148da200, 0x14c00000)
No shared spaces configured.
}
Event: 37.350 GC heap before
{Heap before GC invocations=56 (full 3):
 def new generation   total 10368K, used 7922K [0x04000000, 0x04b30000, 0x09550000)
  eden space 9280K,  80% used [0x04000000, 0x04756b80, 0x04910000)
  from space 1088K,  37% used [0x04a20000, 0x04a85cb8, 0x04b30000)
  to   space 1088K,   0% used [0x04910000, 0x04910000, 0x04a20000)
 tenured generation   total 39264K, used 28884K [0x09550000, 0x0bba8000, 0x14000000)
   the space 39264K,  73% used [0x09550000, 0x0b185018, 0x0b185200, 0x0bba8000)
 compacting perm gen  total 12288K, used 9064K [0x14000000, 0x14c00000, 0x18000000)
   the space 12288K,  73% used [0x14000000, 0x148da050, 0x148da200, 0x14c00000)
No shared spaces configured.
Event: 37.387 GC heap after
Heap after GC invocations=57 (full 4):
 def new generation   total 17728K, used 0K [0x04000000, 0x05330000, 0x09550000)
  eden space 15808K,   0% used [0x04000000, 0x04000000, 0x04f70000)
  from space 1920K,   0% used [0x04f70000, 0x04f70000, 0x05150000)
  to   space 1920K,   0% used [0x05150000, 0x05150000, 0x05330000)
 tenured generation   total 39264K, used 19953K [0x09550000, 0x0bba8000, 0x14000000)
   the space 39264K,  50% used [0x09550000, 0x0a8cc740, 0x0a8cc800, 0x0bba8000)
 compacting perm gen  total 12288K, used 9055K [0x14000000, 0x14c00000, 0x18000000)
   the space 12288K,  73% used [0x14000000, 0x148d7c48, 0x148d7e00, 0x14c00000)
No shared spaces configured.
}
Event: 38.821 GC heap before
{Heap before GC invocations=57 (full 4):
 def new generation   total 17728K, used 15808K [0x04000000, 0x05330000, 0x09550000)
  eden space 15808K, 100% used [0x04000000, 0x04f70000, 0x04f70000)
  from space 1920K,   0% used [0x04f70000, 0x04f70000, 0x05150000)
  to   space 1920K,   0% used [0x05150000, 0x05150000, 0x05330000)
 tenured generation   total 72036K, used 52721K [0x09550000, 0x0dba9000, 0x14000000)
   the space 72036K,  73% used [0x09550000, 0x0c8cc750, 0x0c8cc800, 0x0dba9000)
 compacting perm gen  total 12288K, used 9055K [0x14000000, 0x14c00000, 0x18000000)
   the space 12288K,  73% used [0x14000000, 0x148d7cb8, 0x148d7e00, 0x14c00000)
No shared spaces configured.
Event: 38.822 GC heap after
Heap after GC invocations=58 (full 4):
 def new generation   total 17728K, used 258K [0x04000000, 0x05330000, 0x09550000)
  eden space 15808K,   0% used [0x04000000, 0x04000000, 0x04f70000)
  from space 1920K,  13% used [0x05150000, 0x05190ae8, 0x05330000)
  to   space 1920K,   0% used [0x04f70000, 0x04f70000, 0x05150000)
 tenured generation   total 72036K, used 52721K [0x09550000, 0x0dba9000, 0x14000000)
   the space 72036K,  73% used [0x09550000, 0x0c8cc750, 0x0c8cc800, 0x0dba9000)
 compacting perm gen  total 12288K, used 9055K [0x14000000, 0x14c00000, 0x18000000)
   the space 12288K,  73% used [0x14000000, 0x148d7cb8, 0x148d7e00, 0x14c00000)
No shared spaces configured.
}

