# JRE version: Java(TM) SE Runtime Environment (7.0_79-b15) (build 1.7.0_79-b15)
# Java VM: Java HotSpot(TM) Client VM (24.79-b02 mixed mode windows-x86 )
Heap
 def new generation   total 6080K, used 5254K [0x04800000, 0x04e90000, 0x09d50000)
  eden space 5440K,  90% used [0x04800000, 0x04cd3a18, 0x04d50000)
  from space 640K,  48% used [0x04d50000, 0x04d9df80, 0x04df0000)
  to   space 640K,   0% used [0x04df0000, 0x04df0000, 0x04e90000)
 tenured generation   total 13412K, used 12496K [0x09d50000, 0x0aa69000, 0x14800000)
   the space 13412K,  93% used [0x09d50000, 0x0a984048, 0x0a984200, 0x0aa69000)
 compacting perm gen  total 12288K, used 9250K [0x14800000, 0x15400000, 0x18800000)
   the space 12288K,  75% used [0x14800000, 0x15108ae0, 0x15108c00, 0x15400000)
GC Heap History (10 events):
Event: 16.573 GC heap before
{Heap before GC invocations=36 (full 1):
 def new generation   total 6080K, used 5844K [0x04800000, 0x04e90000, 0x09d50000)
  eden space 5440K, 100% used [0x04800000, 0x04d50000, 0x04d50000)
  from space 640K,  63% used [0x04df0000, 0x04e55178, 0x04e90000)
  to   space 640K,   0% used [0x04d50000, 0x04d50000, 0x04df0000)
 tenured generation   total 13412K, used 11893K [0x09d50000, 0x0aa69000, 0x14800000)
   the space 13412K,  88% used [0x09d50000, 0x0a8ed6e0, 0x0a8ed800, 0x0aa69000)
 compacting perm gen  total 12288K, used 8999K [0x14800000, 0x15400000, 0x18800000)
   the space 12288K,  73% used [0x14800000, 0x150c9d68, 0x150c9e00, 0x15400000)
No shared spaces configured.
Event: 16.574 GC heap after
Heap after GC invocations=37 (full 1):
 def new generation   total 6080K, used 327K [0x04800000, 0x04e90000, 0x09d50000)
  eden space 5440K,   0% used [0x04800000, 0x04800000, 0x04d50000)
  from space 640K,  51% used [0x04d50000, 0x04da1f58, 0x04df0000)
  to   space 640K,   0% used [0x04df0000, 0x04df0000, 0x04e90000)
 tenured generation   total 13412K, used 12042K [0x09d50000, 0x0aa69000, 0x14800000)
   the space 13412K,  89% used [0x09d50000, 0x0a912a78, 0x0a912c00, 0x0aa69000)
 compacting perm gen  total 12288K, used 8999K [0x14800000, 0x15400000, 0x18800000)
   the space 12288K,  73% used [0x14800000, 0x150c9d68, 0x150c9e00, 0x15400000)
No shared spaces configured.
}
Event: 17.207 GC heap before
{Heap before GC invocations=37 (full 1):
 def new generation   total 6080K, used 5767K [0x04800000, 0x04e90000, 0x09d50000)
  eden space 5440K, 100% used [0x04800000, 0x04d50000, 0x04d50000)
  from space 640K,  51% used [0x04d50000, 0x04da1f58, 0x04df0000)
  to   space 640K,   0% used [0x04df0000, 0x04df0000, 0x04e90000)
 tenured generation   total 13412K, used 12042K [0x09d50000, 0x0aa69000, 0x14800000)
   the space 13412K,  89% used [0x09d50000, 0x0a912a78, 0x0a912c00, 0x0aa69000)
 compacting perm gen  total 12288K, used 8999K [0x14800000, 0x15400000, 0x18800000)
   the space 12288K,  73% used [0x14800000, 0x150c9d78, 0x150c9e00, 0x15400000)
No shared spaces configured.
Event: 17.208 GC heap after
Heap after GC invocations=38 (full 1):
 def new generation   total 6080K, used 380K [0x04800000, 0x04e90000, 0x09d50000)
  eden space 5440K,   0% used [0x04800000, 0x04800000, 0x04d50000)
  from space 640K,  59% used [0x04df0000, 0x04e4f208, 0x04e90000)
  to   space 640K,   0% used [0x04d50000, 0x04d50000, 0x04df0000)
 tenured generation   total 13412K, used 12133K [0x09d50000, 0x0aa69000, 0x14800000)
   the space 13412K,  90% used [0x09d50000, 0x0a929700, 0x0a929800, 0x0aa69000)
 compacting perm gen  total 12288K, used 8999K [0x14800000, 0x15400000, 0x18800000)
   the space 12288K,  73% used [0x14800000, 0x150c9d78, 0x150c9e00, 0x15400000)
No shared spaces configured.
}
Event: 17.813 GC heap before
{Heap before GC invocations=38 (full 1):
 def new generation   total 6080K, used 5820K [0x04800000, 0x04e90000, 0x09d50000)
  eden space 5440K, 100% used [0x04800000, 0x04d50000, 0x04d50000)
  from space 640K,  59% used [0x04df0000, 0x04e4f208, 0x04e90000)
  to   space 640K,   0% used [0x04d50000, 0x04d50000, 0x04df0000)
 tenured generation   total 13412K, used 12133K [0x09d50000, 0x0aa69000, 0x14800000)
   the space 13412K,  90% used [0x09d50000, 0x0a929700, 0x0a929800, 0x0aa69000)
 compacting perm gen  total 12288K, used 8999K [0x14800000, 0x15400000, 0x18800000)
   the space 12288K,  73% used [0x14800000, 0x150c9d78, 0x150c9e00, 0x15400000)
No shared spaces configured.
Event: 17.814 GC heap after
Heap after GC invocations=39 (full 1):
 def new generation   total 6080K, used 341K [0x04800000, 0x04e90000, 0x09d50000)
  eden space 5440K,   0% used [0x04800000, 0x04800000, 0x04d50000)
  from space 640K,  53% used [0x04d50000, 0x04da5458, 0x04df0000)
  to   space 640K,   0% used [0x04df0000, 0x04df0000, 0x04e90000)
 tenured generation   total 13412K, used 12269K [0x09d50000, 0x0aa69000, 0x14800000)
   the space 13412K,  91% used [0x09d50000, 0x0a94b5d0, 0x0a94b600, 0x0aa69000)
 compacting perm gen  total 12288K, used 8999K [0x14800000, 0x15400000, 0x18800000)
   the space 12288K,  73% used [0x14800000, 0x150c9d78, 0x150c9e00, 0x15400000)
No shared spaces configured.
}
Event: 18.492 GC heap before
{Heap before GC invocations=39 (full 1):
 def new generation   total 6080K, used 5781K [0x04800000, 0x04e90000, 0x09d50000)
  eden space 5440K, 100% used [0x04800000, 0x04d50000, 0x04d50000)
  from space 640K,  53% used [0x04d50000, 0x04da5458, 0x04df0000)
  to   space 640K,   0% used [0x04df0000, 0x04df0000, 0x04e90000)
 tenured generation   total 13412K, used 12269K [0x09d50000, 0x0aa69000, 0x14800000)
   the space 13412K,  91% used [0x09d50000, 0x0a94b5d0, 0x0a94b600, 0x0aa69000)
 compacting perm gen  total 12288K, used 9000K [0x14800000, 0x15400000, 0x18800000)
   the space 12288K,  73% used [0x14800000, 0x150ca1b8, 0x150ca200, 0x15400000)
No shared spaces configured.
Event: 18.493 GC heap after
Heap after GC invocations=40 (full 1):
 def new generation   total 6080K, used 370K [0x04800000, 0x04e90000, 0x09d50000)
  eden space 5440K,   0% used [0x04800000, 0x04800000, 0x04d50000)
  from space 640K,  57% used [0x04df0000, 0x04e4cac0, 0x04e90000)
  to   space 640K,   0% used [0x04d50000, 0x04d50000, 0x04df0000)
 tenured generation   total 13412K, used 12361K [0x09d50000, 0x0aa69000, 0x14800000)
   the space 13412K,  92% used [0x09d50000, 0x0a962610, 0x0a962800, 0x0aa69000)
 compacting perm gen  total 12288K, used 9000K [0x14800000, 0x15400000, 0x18800000)
   the space 12288K,  73% used [0x14800000, 0x150ca1b8, 0x150ca200, 0x15400000)
No shared spaces configured.
}
Event: 19.609 GC heap before
{Heap before GC invocations=40 (full 1):
 def new generation   total 6080K, used 5810K [0x04800000, 0x04e90000, 0x09d50000)
  eden space 5440K, 100% used [0x04800000, 0x04d50000, 0x04d50000)
  from space 640K,  57% used [0x04df0000, 0x04e4cac0, 0x04e90000)
  to   space 640K,   0% used [0x04d50000, 0x04d50000, 0x04df0000)
 tenured generation   total 13412K, used 12361K [0x09d50000, 0x0aa69000, 0x14800000)
   the space 13412K,  92% used [0x09d50000, 0x0a962610, 0x0a962800, 0x0aa69000)
 compacting perm gen  total 12288K, used 9245K [0x14800000, 0x15400000, 0x18800000)
   the space 12288K,  75% used [0x14800000, 0x15107458, 0x15107600, 0x15400000)
No shared spaces configured.
Event: 19.611 GC heap after
Heap after GC invocations=41 (full 1):
 def new generation   total 6080K, used 311K [0x04800000, 0x04e90000, 0x09d50000)
  eden space 5440K,   0% used [0x04800000, 0x04800000, 0x04d50000)
  from space 640K,  48% used [0x04d50000, 0x04d9df80, 0x04df0000)
  to   space 640K,   0% used [0x04df0000, 0x04df0000, 0x04e90000)
 tenured generation   total 13412K, used 12496K [0x09d50000, 0x0aa69000, 0x14800000)
   the space 13412K,  93% used [0x09d50000, 0x0a984048, 0x0a984200, 0x0aa69000)
 compacting perm gen  total 12288K, used 9245K [0x14800000, 0x15400000, 0x18800000)
   the space 12288K,  75% used [0x14800000, 0x15107458, 0x15107600, 0x15400000)
No shared spaces configured.
}

