# JRE version: Java(TM) SE Runtime Environment (7.0_79-b15) (build 1.7.0_79-b15)
# Java VM: Java HotSpot(TM) Client VM (24.79-b02 mixed mode windows-x86 )
Heap
 def new generation   total 4928K, used 4229K [0x04400000, 0x04950000, 0x09950000)
  eden space 4416K,  95% used [0x04400000, 0x04820178, 0x04850000)
  from space 512K,   0% used [0x048d0000, 0x048d1388, 0x04950000)
  to   space 512K,   0% used [0x04850000, 0x04850000, 0x048d0000)
 tenured generation   total 10944K, used 10472K [0x09950000, 0x0a400000, 0x14400000)
   the space 10944K,  95% used [0x09950000, 0x0a38a210, 0x0a38a400, 0x0a400000)
 compacting perm gen  total 12288K, used 9062K [0x14400000, 0x15000000, 0x18400000)
   the space 12288K,  73% used [0x14400000, 0x14cd99c0, 0x14cd9a00, 0x15000000)
GC Heap History (10 events):
Event: 13.737 GC heap before
{Heap before GC invocations=34 (full 0):
 def new generation   total 4928K, used 4533K [0x04400000, 0x04950000, 0x09950000)
  eden space 4416K, 100% used [0x04400000, 0x04850000, 0x04850000)
  from space 512K,  22% used [0x04850000, 0x0486d6d0, 0x048d0000)
  to   space 512K,   0% used [0x048d0000, 0x048d0000, 0x04950000)
 tenured generation   total 10944K, used 10360K [0x09950000, 0x0a400000, 0x14400000)
   the space 10944K,  94% used [0x09950000, 0x0a36e260, 0x0a36e400, 0x0a400000)
 compacting perm gen  total 12288K, used 9059K [0x14400000, 0x15000000, 0x18400000)
   the space 12288K,  73% used [0x14400000, 0x14cd8f40, 0x14cd9000, 0x15000000)
No shared spaces configured.
Event: 13.738 GC heap after
Heap after GC invocations=35 (full 0):
 def new generation   total 4928K, used 117K [0x04400000, 0x04950000, 0x09950000)
  eden space 4416K,   0% used [0x04400000, 0x04400000, 0x04850000)
  from space 512K,  23% used [0x048d0000, 0x048ed7d0, 0x04950000)
  to   space 512K,   0% used [0x04850000, 0x04850000, 0x048d0000)
 tenured generation   total 10944K, used 10360K [0x09950000, 0x0a400000, 0x14400000)
   the space 10944K,  94% used [0x09950000, 0x0a36e260, 0x0a36e400, 0x0a400000)
 compacting perm gen  total 12288K, used 9059K [0x14400000, 0x15000000, 0x18400000)
   the space 12288K,  73% used [0x14400000, 0x14cd8f40, 0x14cd9000, 0x15000000)
No shared spaces configured.
}
Event: 14.209 GC heap before
{Heap before GC invocations=35 (full 0):
 def new generation   total 4928K, used 4533K [0x04400000, 0x04950000, 0x09950000)
  eden space 4416K, 100% used [0x04400000, 0x04850000, 0x04850000)
  from space 512K,  23% used [0x048d0000, 0x048ed7d0, 0x04950000)
  to   space 512K,   0% used [0x04850000, 0x04850000, 0x048d0000)
 tenured generation   total 10944K, used 10360K [0x09950000, 0x0a400000, 0x14400000)
   the space 10944K,  94% used [0x09950000, 0x0a36e260, 0x0a36e400, 0x0a400000)
 compacting perm gen  total 12288K, used 9059K [0x14400000, 0x15000000, 0x18400000)
   the space 12288K,  73% used [0x14400000, 0x14cd8f40, 0x14cd9000, 0x15000000)
No shared spaces configured.
Event: 14.210 GC heap after
Heap after GC invocations=36 (full 0):
 def new generation   total 4928K, used 117K [0x04400000, 0x04950000, 0x09950000)
  eden space 4416K,   0% used [0x04400000, 0x04400000, 0x04850000)
  from space 512K,  22% used [0x04850000, 0x0486d4b0, 0x048d0000)
  to   space 512K,   0% used [0x048d0000, 0x048d0000, 0x04950000)
 tenured generation   total 10944K, used 10360K [0x09950000, 0x0a400000, 0x14400000)
   the space 10944K,  94% used [0x09950000, 0x0a36e260, 0x0a36e400, 0x0a400000)
 compacting perm gen  total 12288K, used 9059K [0x14400000, 0x15000000, 0x18400000)
   the space 12288K,  73% used [0x14400000, 0x14cd8f40, 0x14cd9000, 0x15000000)
No shared spaces configured.
}
Event: 14.704 GC heap before
{Heap before GC invocations=36 (full 0):
 def new generation   total 4928K, used 4533K [0x04400000, 0x04950000, 0x09950000)
  eden space 4416K, 100% used [0x04400000, 0x04850000, 0x04850000)
  from space 512K,  22% used [0x04850000, 0x0486d4b0, 0x048d0000)
  to   space 512K,   0% used [0x048d0000, 0x048d0000, 0x04950000)
 tenured generation   total 10944K, used 10360K [0x09950000, 0x0a400000, 0x14400000)
   the space 10944K,  94% used [0x09950000, 0x0a36e260, 0x0a36e400, 0x0a400000)
 compacting perm gen  total 12288K, used 9059K [0x14400000, 0x15000000, 0x18400000)
   the space 12288K,  73% used [0x14400000, 0x14cd8f50, 0x14cd9000, 0x15000000)
No shared spaces configured.
Event: 14.705 GC heap after
Heap after GC invocations=37 (full 0):
 def new generation   total 4928K, used 115K [0x04400000, 0x04950000, 0x09950000)
  eden space 4416K,   0% used [0x04400000, 0x04400000, 0x04850000)
  from space 512K,  22% used [0x048d0000, 0x048ecf50, 0x04950000)
  to   space 512K,   0% used [0x04850000, 0x04850000, 0x048d0000)
 tenured generation   total 10944K, used 10362K [0x09950000, 0x0a400000, 0x14400000)
   the space 10944K,  94% used [0x09950000, 0x0a36ea60, 0x0a36ec00, 0x0a400000)
 compacting perm gen  total 12288K, used 9059K [0x14400000, 0x15000000, 0x18400000)
   the space 12288K,  73% used [0x14400000, 0x14cd8f50, 0x14cd9000, 0x15000000)
No shared spaces configured.
}
Event: 15.175 GC heap before
{Heap before GC invocations=37 (full 0):
 def new generation   total 4928K, used 4531K [0x04400000, 0x04950000, 0x09950000)
  eden space 4416K, 100% used [0x04400000, 0x04850000, 0x04850000)
  from space 512K,  22% used [0x048d0000, 0x048ecf50, 0x04950000)
  to   space 512K,   0% used [0x04850000, 0x04850000, 0x048d0000)
 tenured generation   total 10944K, used 10362K [0x09950000, 0x0a400000, 0x14400000)
   the space 10944K,  94% used [0x09950000, 0x0a36ea60, 0x0a36ec00, 0x0a400000)
 compacting perm gen  total 12288K, used 9059K [0x14400000, 0x15000000, 0x18400000)
   the space 12288K,  73% used [0x14400000, 0x14cd8f50, 0x14cd9000, 0x15000000)
No shared spaces configured.
Event: 15.176 GC heap after
Heap after GC invocations=38 (full 0):
 def new generation   total 4928K, used 112K [0x04400000, 0x04950000, 0x09950000)
  eden space 4416K,   0% used [0x04400000, 0x04400000, 0x04850000)
  from space 512K,  21% used [0x04850000, 0x0486c1a8, 0x048d0000)
  to   space 512K,   0% used [0x048d0000, 0x048d0000, 0x04950000)
 tenured generation   total 10944K, used 10365K [0x09950000, 0x0a400000, 0x14400000)
   the space 10944K,  94% used [0x09950000, 0x0a36f4a0, 0x0a36f600, 0x0a400000)
 compacting perm gen  total 12288K, used 9059K [0x14400000, 0x15000000, 0x18400000)
   the space 12288K,  73% used [0x14400000, 0x14cd8f50, 0x14cd9000, 0x15000000)
No shared spaces configured.
}
Event: 15.645 GC heap before
{Heap before GC invocations=38 (full 0):
 def new generation   total 4928K, used 4528K [0x04400000, 0x04950000, 0x09950000)
  eden space 4416K, 100% used [0x04400000, 0x04850000, 0x04850000)
  from space 512K,  21% used [0x04850000, 0x0486c1a8, 0x048d0000)
  to   space 512K,   0% used [0x048d0000, 0x048d0000, 0x04950000)
 tenured generation   total 10944K, used 10365K [0x09950000, 0x0a400000, 0x14400000)
   the space 10944K,  94% used [0x09950000, 0x0a36f4a0, 0x0a36f600, 0x0a400000)
 compacting perm gen  total 12288K, used 9059K [0x14400000, 0x15000000, 0x18400000)
   the space 12288K,  73% used [0x14400000, 0x14cd8f50, 0x14cd9000, 0x15000000)
No shared spaces configured.
Event: 15.646 GC heap after
Heap after GC invocations=39 (full 0):
 def new generation   total 4928K, used 4K [0x04400000, 0x04950000, 0x09950000)
  eden space 4416K,   0% used [0x04400000, 0x04400000, 0x04850000)
  from space 512K,   0% used [0x048d0000, 0x048d1388, 0x04950000)
  to   space 512K,   0% used [0x04850000, 0x04850000, 0x048d0000)
 tenured generation   total 10944K, used 10472K [0x09950000, 0x0a400000, 0x14400000)
   the space 10944K,  95% used [0x09950000, 0x0a38a210, 0x0a38a400, 0x0a400000)
 compacting perm gen  total 12288K, used 9059K [0x14400000, 0x15000000, 0x18400000)
   the space 12288K,  73% used [0x14400000, 0x14cd8f50, 0x14cd9000, 0x15000000)
No shared spaces configured.
}

