# JRE version: Java(TM) SE Runtime Environment (7.0_79-b15) (build 1.7.0_79-b15)
# Java VM: Java HotSpot(TM) Client VM (24.79-b02 mixed mode windows-x86 )
Heap
 def new generation   total 4928K, used 3868K [0x04c00000, 0x05150000, 0x0a150000)
  eden space 4416K,  87% used [0x04c00000, 0x04fc5b10, 0x05050000)
  from space 512K,   1% used [0x050d0000, 0x050d1740, 0x05150000)
  to   space 512K,   0% used [0x05050000, 0x05050000, 0x050d0000)
 tenured generation   total 10944K, used 4635K [0x0a150000, 0x0ac00000, 0x14c00000)
   the space 10944K,  42% used [0x0a150000, 0x0a5d6d88, 0x0a5d6e00, 0x0ac00000)
 compacting perm gen  total 12288K, used 8858K [0x14c00000, 0x15800000, 0x18c00000)
   the space 12288K,  72% used [0x14c00000, 0x154a69f0, 0x154a6a00, 0x15800000)
GC Heap History (10 events):
Event: 0.349 GC heap before
{Heap before GC invocations=0 (full 0):
 def new generation   total 4928K, used 4416K [0x04c00000, 0x05150000, 0x0a150000)
  eden space 4416K, 100% used [0x04c00000, 0x05050000, 0x05050000)
  from space 512K,   0% used [0x05050000, 0x05050000, 0x050d0000)
  to   space 512K,   0% used [0x050d0000, 0x050d0000, 0x05150000)
 tenured generation   total 10944K, used 0K [0x0a150000, 0x0ac00000, 0x14c00000)
   the space 10944K,   0% used [0x0a150000, 0x0a150000, 0x0a150200, 0x0ac00000)
 compacting perm gen  total 12288K, used 5555K [0x14c00000, 0x15800000, 0x18c00000)
   the space 12288K,  45% used [0x14c00000, 0x1516cc18, 0x1516ce00, 0x15800000)
No shared spaces configured.
Event: 0.356 GC heap after
Heap after GC invocations=1 (full 0):
 def new generation   total 4928K, used 512K [0x04c00000, 0x05150000, 0x0a150000)
  eden space 4416K,   0% used [0x04c00000, 0x04c00000, 0x05050000)
  from space 512K, 100% used [0x050d0000, 0x05150000, 0x05150000)
  to   space 512K,   0% used [0x05050000, 0x05050000, 0x050d0000)
 tenured generation   total 10944K, used 1078K [0x0a150000, 0x0ac00000, 0x14c00000)
   the space 10944K,   9% used [0x0a150000, 0x0a25da78, 0x0a25dc00, 0x0ac00000)
 compacting perm gen  total 12288K, used 5555K [0x14c00000, 0x15800000, 0x18c00000)
   the space 12288K,  45% used [0x14c00000, 0x1516cc18, 0x1516ce00, 0x15800000)
No shared spaces configured.
}
Event: 0.524 GC heap before
{Heap before GC invocations=1 (full 0):
 def new generation   total 4928K, used 4928K [0x04c00000, 0x05150000, 0x0a150000)
  eden space 4416K, 100% used [0x04c00000, 0x05050000, 0x05050000)
  from space 512K, 100% used [0x050d0000, 0x05150000, 0x05150000)
  to   space 512K,   0% used [0x05050000, 0x05050000, 0x050d0000)
 tenured generation   total 10944K, used 1078K [0x0a150000, 0x0ac00000, 0x14c00000)
   the space 10944K,   9% used [0x0a150000, 0x0a25da78, 0x0a25dc00, 0x0ac00000)
 compacting perm gen  total 12288K, used 7246K [0x14c00000, 0x15800000, 0x18c00000)
   the space 12288K,  58% used [0x14c00000, 0x15313a48, 0x15313c00, 0x15800000)
No shared spaces configured.
Event: 0.533 GC heap after
Heap after GC invocations=2 (full 0):
 def new generation   total 4928K, used 512K [0x04c00000, 0x05150000, 0x0a150000)
  eden space 4416K,   0% used [0x04c00000, 0x04c00000, 0x05050000)
  from space 512K, 100% used [0x05050000, 0x050d0000, 0x050d0000)
  to   space 512K,   0% used [0x050d0000, 0x050d0000, 0x05150000)
 tenured generation   total 10944K, used 2231K [0x0a150000, 0x0ac00000, 0x14c00000)
   the space 10944K,  20% used [0x0a150000, 0x0a37dce8, 0x0a37de00, 0x0ac00000)
 compacting perm gen  total 12288K, used 7246K [0x14c00000, 0x15800000, 0x18c00000)
   the space 12288K,  58% used [0x14c00000, 0x15313a48, 0x15313c00, 0x15800000)
No shared spaces configured.
}
Event: 0.843 GC heap before
{Heap before GC invocations=2 (full 0):
 def new generation   total 4928K, used 4843K [0x04c00000, 0x05150000, 0x0a150000)
  eden space 4416K,  98% used [0x04c00000, 0x0503ac10, 0x05050000)
  from space 512K, 100% used [0x05050000, 0x050d0000, 0x050d0000)
  to   space 512K,   0% used [0x050d0000, 0x050d0000, 0x05150000)
 tenured generation   total 10944K, used 2231K [0x0a150000, 0x0ac00000, 0x14c00000)
   the space 10944K,  20% used [0x0a150000, 0x0a37dce8, 0x0a37de00, 0x0ac00000)
 compacting perm gen  total 12288K, used 8853K [0x14c00000, 0x15800000, 0x18c00000)
   the space 12288K,  72% used [0x14c00000, 0x154a5740, 0x154a5800, 0x15800000)
No shared spaces configured.
Event: 0.852 GC heap after
Heap after GC invocations=3 (full 0):
 def new generation   total 4928K, used 512K [0x04c00000, 0x05150000, 0x0a150000)
  eden space 4416K,   0% used [0x04c00000, 0x04c00000, 0x05050000)
  from space 512K, 100% used [0x050d0000, 0x05150000, 0x05150000)
  to   space 512K,   0% used [0x05050000, 0x05050000, 0x050d0000)
 tenured generation   total 10944K, used 3132K [0x0a150000, 0x0ac00000, 0x14c00000)
   the space 10944K,  28% used [0x0a150000, 0x0a45f308, 0x0a45f400, 0x0ac00000)
 compacting perm gen  total 12288K, used 8853K [0x14c00000, 0x15800000, 0x18c00000)
   the space 12288K,  72% used [0x14c00000, 0x154a5740, 0x154a5800, 0x15800000)
No shared spaces configured.
}
Event: 1.282 GC heap before
{Heap before GC invocations=3 (full 0):
 def new generation   total 4928K, used 4928K [0x04c00000, 0x05150000, 0x0a150000)
  eden space 4416K, 100% used [0x04c00000, 0x05050000, 0x05050000)
  from space 512K, 100% used [0x050d0000, 0x05150000, 0x05150000)
  to   space 512K,   0% used [0x05050000, 0x05050000, 0x050d0000)
 tenured generation   total 10944K, used 3132K [0x0a150000, 0x0ac00000, 0x14c00000)
   the space 10944K,  28% used [0x0a150000, 0x0a45f308, 0x0a45f400, 0x0ac00000)
 compacting perm gen  total 12288K, used 8854K [0x14c00000, 0x15800000, 0x18c00000)
   the space 12288K,  72% used [0x14c00000, 0x154a5940, 0x154a5a00, 0x15800000)
No shared spaces configured.
Event: 1.286 GC heap after
Heap after GC invocations=4 (full 0):
 def new generation   total 4928K, used 395K [0x04c00000, 0x05150000, 0x0a150000)
  eden space 4416K,   0% used [0x04c00000, 0x04c00000, 0x05050000)
  from space 512K,  77% used [0x05050000, 0x050b2d40, 0x050d0000)
  to   space 512K,   0% used [0x050d0000, 0x050d0000, 0x05150000)
 tenured generation   total 10944K, used 3733K [0x0a150000, 0x0ac00000, 0x14c00000)
   the space 10944K,  34% used [0x0a150000, 0x0a4f54c8, 0x0a4f5600, 0x0ac00000)
 compacting perm gen  total 12288K, used 8854K [0x14c00000, 0x15800000, 0x18c00000)
   the space 12288K,  72% used [0x14c00000, 0x154a5940, 0x154a5a00, 0x15800000)
No shared spaces configured.
}
Event: 1.801 GC heap before
{Heap before GC invocations=4 (full 0):
 def new generation   total 4928K, used 4810K [0x04c00000, 0x05150000, 0x0a150000)
  eden space 4416K,  99% used [0x04c00000, 0x0504fd18, 0x05050000)
  from space 512K,  77% used [0x05050000, 0x050b2d40, 0x050d0000)
  to   space 512K,   0% used [0x050d0000, 0x050d0000, 0x05150000)
 tenured generation   total 10944K, used 3733K [0x0a150000, 0x0ac00000, 0x14c00000)
   the space 10944K,  34% used [0x0a150000, 0x0a4f54c8, 0x0a4f5600, 0x0ac00000)
 compacting perm gen  total 12288K, used 8855K [0x14c00000, 0x15800000, 0x18c00000)
   the space 12288K,  72% used [0x14c00000, 0x154a5f00, 0x154a6000, 0x15800000)
No shared spaces configured.
Event: 1.803 GC heap after
Heap after GC invocations=5 (full 0):
 def new generation   total 4928K, used 5K [0x04c00000, 0x05150000, 0x0a150000)
  eden space 4416K,   0% used [0x04c00000, 0x04c00000, 0x05050000)
  from space 512K,   1% used [0x050d0000, 0x050d1740, 0x05150000)
  to   space 512K,   0% used [0x05050000, 0x05050000, 0x050d0000)
 tenured generation   total 10944K, used 4635K [0x0a150000, 0x0ac00000, 0x14c00000)
   the space 10944K,  42% used [0x0a150000, 0x0a5d6d88, 0x0a5d6e00, 0x0ac00000)
 compacting perm gen  total 12288K, used 8855K [0x14c00000, 0x15800000, 0x18c00000)
   the space 12288K,  72% used [0x14c00000, 0x154a5f00, 0x154a6000, 0x15800000)
No shared spaces configured.
}

