# JRE version: Java(TM) SE Runtime Environment (7.0_79-b15) (build 1.7.0_79-b15)
# Java VM: Java HotSpot(TM) Client VM (24.79-b02 mixed mode windows-x86 )
Heap
 def new generation   total 5312K, used 127K [0x04800000, 0x04dc0000, 0x09d50000)
  eden space 4736K,   2% used [0x04800000, 0x0481f218, 0x04ca0000)
  from space 576K,   0% used [0x04ca0000, 0x04ca0c90, 0x04d30000)
  to   space 576K,   0% used [0x04d30000, 0x04d30000, 0x04dc0000)
 tenured generation   total 11736K, used 7044K [0x09d50000, 0x0a8c6000, 0x14800000)
   the space 11736K,  60% used [0x09d50000, 0x0a4312b8, 0x0a431400, 0x0a8c6000)
 compacting perm gen  total 12288K, used 9026K [0x14800000, 0x15400000, 0x18800000)
   the space 12288K,  73% used [0x14800000, 0x150d0820, 0x150d0a00, 0x15400000)
GC Heap History (10 events):
Event: 25.661 GC heap before
{Heap before GC invocations=54 (full 1):
 def new generation   total 5312K, used 4744K [0x04800000, 0x04dc0000, 0x09d50000)
  eden space 4736K, 100% used [0x04800000, 0x04ca0000, 0x04ca0000)
  from space 576K,   1% used [0x04d30000, 0x04d32078, 0x04dc0000)
  to   space 576K,   0% used [0x04ca0000, 0x04ca0000, 0x04d30000)
 tenured generation   total 11736K, used 7040K [0x09d50000, 0x0a8c6000, 0x14800000)
   the space 11736K,  59% used [0x09d50000, 0x0a4300d8, 0x0a430200, 0x0a8c6000)
 compacting perm gen  total 12288K, used 9023K [0x14800000, 0x15400000, 0x18800000)
   the space 12288K,  73% used [0x14800000, 0x150cfdb0, 0x150cfe00, 0x15400000)
No shared spaces configured.
Event: 25.661 GC heap after
Heap after GC invocations=55 (full 1):
 def new generation   total 5312K, used 9K [0x04800000, 0x04dc0000, 0x09d50000)
  eden space 4736K,   0% used [0x04800000, 0x04800000, 0x04ca0000)
  from space 576K,   1% used [0x04ca0000, 0x04ca2418, 0x04d30000)
  to   space 576K,   0% used [0x04d30000, 0x04d30000, 0x04dc0000)
 tenured generation   total 11736K, used 7040K [0x09d50000, 0x0a8c6000, 0x14800000)
   the space 11736K,  59% used [0x09d50000, 0x0a4300d8, 0x0a430200, 0x0a8c6000)
 compacting perm gen  total 12288K, used 9023K [0x14800000, 0x15400000, 0x18800000)
   the space 12288K,  73% used [0x14800000, 0x150cfdb0, 0x150cfe00, 0x15400000)
No shared spaces configured.
}
Event: 26.329 GC heap before
{Heap before GC invocations=55 (full 1):
 def new generation   total 5312K, used 4745K [0x04800000, 0x04dc0000, 0x09d50000)
  eden space 4736K, 100% used [0x04800000, 0x04ca0000, 0x04ca0000)
  from space 576K,   1% used [0x04ca0000, 0x04ca2418, 0x04d30000)
  to   space 576K,   0% used [0x04d30000, 0x04d30000, 0x04dc0000)
 tenured generation   total 11736K, used 7040K [0x09d50000, 0x0a8c6000, 0x14800000)
   the space 11736K,  59% used [0x09d50000, 0x0a4300d8, 0x0a430200, 0x0a8c6000)
 compacting perm gen  total 12288K, used 9023K [0x14800000, 0x15400000, 0x18800000)
   the space 12288K,  73% used [0x14800000, 0x150cfdb0, 0x150cfe00, 0x15400000)
No shared spaces configured.
Event: 26.330 GC heap after
Heap after GC invocations=56 (full 1):
 def new generation   total 5312K, used 9K [0x04800000, 0x04dc0000, 0x09d50000)
  eden space 4736K,   0% used [0x04800000, 0x04800000, 0x04ca0000)
  from space 576K,   1% used [0x04d30000, 0x04d326e0, 0x04dc0000)
  to   space 576K,   0% used [0x04ca0000, 0x04ca0000, 0x04d30000)
 tenured generation   total 11736K, used 7040K [0x09d50000, 0x0a8c6000, 0x14800000)
   the space 11736K,  59% used [0x09d50000, 0x0a4300d8, 0x0a430200, 0x0a8c6000)
 compacting perm gen  total 12288K, used 9023K [0x14800000, 0x15400000, 0x18800000)
   the space 12288K,  73% used [0x14800000, 0x150cfdb0, 0x150cfe00, 0x15400000)
No shared spaces configured.
}
Event: 27.007 GC heap before
{Heap before GC invocations=56 (full 1):
 def new generation   total 5312K, used 4745K [0x04800000, 0x04dc0000, 0x09d50000)
  eden space 4736K, 100% used [0x04800000, 0x04ca0000, 0x04ca0000)
  from space 576K,   1% used [0x04d30000, 0x04d326e0, 0x04dc0000)
  to   space 576K,   0% used [0x04ca0000, 0x04ca0000, 0x04d30000)
 tenured generation   total 11736K, used 7040K [0x09d50000, 0x0a8c6000, 0x14800000)
   the space 11736K,  59% used [0x09d50000, 0x0a4300d8, 0x0a430200, 0x0a8c6000)
 compacting perm gen  total 12288K, used 9023K [0x14800000, 0x15400000, 0x18800000)
   the space 12288K,  73% used [0x14800000, 0x150cfdb0, 0x150cfe00, 0x15400000)
No shared spaces configured.
Event: 27.008 GC heap after
Heap after GC invocations=57 (full 1):
 def new generation   total 5312K, used 9K [0x04800000, 0x04dc0000, 0x09d50000)
  eden space 4736K,   0% used [0x04800000, 0x04800000, 0x04ca0000)
  from space 576K,   1% used [0x04ca0000, 0x04ca2680, 0x04d30000)
  to   space 576K,   0% used [0x04d30000, 0x04d30000, 0x04dc0000)
 tenured generation   total 11736K, used 7040K [0x09d50000, 0x0a8c6000, 0x14800000)
   the space 11736K,  59% used [0x09d50000, 0x0a4300d8, 0x0a430200, 0x0a8c6000)
 compacting perm gen  total 12288K, used 9023K [0x14800000, 0x15400000, 0x18800000)
   the space 12288K,  73% used [0x14800000, 0x150cfdb0, 0x150cfe00, 0x15400000)
No shared spaces configured.
}
Event: 27.688 GC heap before
{Heap before GC invocations=57 (full 1):
 def new generation   total 5312K, used 4745K [0x04800000, 0x04dc0000, 0x09d50000)
  eden space 4736K, 100% used [0x04800000, 0x04ca0000, 0x04ca0000)
  from space 576K,   1% used [0x04ca0000, 0x04ca2680, 0x04d30000)
  to   space 576K,   0% used [0x04d30000, 0x04d30000, 0x04dc0000)
 tenured generation   total 11736K, used 7040K [0x09d50000, 0x0a8c6000, 0x14800000)
   the space 11736K,  59% used [0x09d50000, 0x0a4300d8, 0x0a430200, 0x0a8c6000)
 compacting perm gen  total 12288K, used 9023K [0x14800000, 0x15400000, 0x18800000)
   the space 12288K,  73% used [0x14800000, 0x150cfdb0, 0x150cfe00, 0x15400000)
No shared spaces configured.
Event: 27.689 GC heap after
Heap after GC invocations=58 (full 1):
 def new generation   total 5312K, used 8K [0x04800000, 0x04dc0000, 0x09d50000)
  eden space 4736K,   0% used [0x04800000, 0x04800000, 0x04ca0000)
  from space 576K,   1% used [0x04d30000, 0x04d32050, 0x04dc0000)
  to   space 576K,   0% used [0x04ca0000, 0x04ca0000, 0x04d30000)
 tenured generation   total 11736K, used 7040K [0x09d50000, 0x0a8c6000, 0x14800000)
   the space 11736K,  59% used [0x09d50000, 0x0a4300d8, 0x0a430200, 0x0a8c6000)
 compacting perm gen  total 12288K, used 9023K [0x14800000, 0x15400000, 0x18800000)
   the space 12288K,  73% used [0x14800000, 0x150cfdb0, 0x150cfe00, 0x15400000)
No shared spaces configured.
}
Event: 28.301 GC heap before
{Heap before GC invocations=58 (full 1):
 def new generation   total 5312K, used 4744K [0x04800000, 0x04dc0000, 0x09d50000)
  eden space 4736K, 100% used [0x04800000, 0x04ca0000, 0x04ca0000)
  from space 576K,   1% used [0x04d30000, 0x04d32050, 0x04dc0000)
  to   space 576K,   0% used [0x04ca0000, 0x04ca0000, 0x04d30000)
 tenured generation   total 11736K, used 7040K [0x09d50000, 0x0a8c6000, 0x14800000)
   the space 11736K,  59% used [0x09d50000, 0x0a4300d8, 0x0a430200, 0x0a8c6000)
 compacting perm gen  total 12288K, used 9023K [0x14800000, 0x15400000, 0x18800000)
   the space 12288K,  73% used [0x14800000, 0x150cfdb0, 0x150cfe00, 0x15400000)
No shared spaces configured.
Event: 28.302 GC heap after
Heap after GC invocations=59 (full 1):
 def new generation   total 5312K, used 3K [0x04800000, 0x04dc0000, 0x09d50000)
  eden space 4736K,   0% used [0x04800000, 0x04800000, 0x04ca0000)
  from space 576K,   0% used [0x04ca0000, 0x04ca0c90, 0x04d30000)
  to   space 576K,   0% used [0x04d30000, 0x04d30000, 0x04dc0000)
 tenured generation   total 11736K, used 7044K [0x09d50000, 0x0a8c6000, 0x14800000)
   the space 11736K,  60% used [0x09d50000, 0x0a4312b8, 0x0a431400, 0x0a8c6000)
 compacting perm gen  total 12288K, used 9023K [0x14800000, 0x15400000, 0x18800000)
   the space 12288K,  73% used [0x14800000, 0x150cfdb0, 0x150cfe00, 0x15400000)
No shared spaces configured.
}

