# JRE version: Java(TM) SE Runtime Environment (7.0_79-b15) (build 1.7.0_79-b15)
# Java VM: Java HotSpot(TM) Client VM (24.79-b02 mixed mode windows-x86 )
Heap
 def new generation   total 5760K, used 2765K [0x04800000, 0x04e30000, 0x09d50000)
  eden space 5184K,  47% used [0x04800000, 0x04a68a68, 0x04d10000)
  from space 576K,  51% used [0x04da0000, 0x04deabc8, 0x04e30000)
  to   space 576K,   0% used [0x04d10000, 0x04d10000, 0x04da0000)
 tenured generation   total 12600K, used 9183K [0x09d50000, 0x0a99e000, 0x14800000)
   the space 12600K,  72% used [0x09d50000, 0x0a647d50, 0x0a647e00, 0x0a99e000)
 compacting perm gen  total 12288K, used 9042K [0x14800000, 0x15400000, 0x18800000)
   the space 12288K,  73% used [0x14800000, 0x150d4980, 0x150d4a00, 0x15400000)
GC Heap History (10 events):
Event: 24.133 GC heap before
{Heap before GC invocations=54 (full 1):
 def new generation   total 5760K, used 5393K [0x04800000, 0x04e30000, 0x09d50000)
  eden space 5184K, 100% used [0x04800000, 0x04d10000, 0x04d10000)
  from space 576K,  36% used [0x04d10000, 0x04d445b0, 0x04da0000)
  to   space 576K,   0% used [0x04da0000, 0x04da0000, 0x04e30000)
 tenured generation   total 12600K, used 9183K [0x09d50000, 0x0a99e000, 0x14800000)
   the space 12600K,  72% used [0x09d50000, 0x0a647d50, 0x0a647e00, 0x0a99e000)
 compacting perm gen  total 12288K, used 9027K [0x14800000, 0x15400000, 0x18800000)
   the space 12288K,  73% used [0x14800000, 0x150d0f40, 0x150d1000, 0x15400000)
No shared spaces configured.
Event: 24.134 GC heap after
Heap after GC invocations=55 (full 1):
 def new generation   total 5760K, used 208K [0x04800000, 0x04e30000, 0x09d50000)
  eden space 5184K,   0% used [0x04800000, 0x04800000, 0x04d10000)
  from space 576K,  36% used [0x04da0000, 0x04dd4160, 0x04e30000)
  to   space 576K,   0% used [0x04d10000, 0x04d10000, 0x04da0000)
 tenured generation   total 12600K, used 9183K [0x09d50000, 0x0a99e000, 0x14800000)
   the space 12600K,  72% used [0x09d50000, 0x0a647d50, 0x0a647e00, 0x0a99e000)
 compacting perm gen  total 12288K, used 9027K [0x14800000, 0x15400000, 0x18800000)
   the space 12288K,  73% used [0x14800000, 0x150d0f40, 0x150d1000, 0x15400000)
No shared spaces configured.
}
Event: 24.674 GC heap before
{Heap before GC invocations=55 (full 1):
 def new generation   total 5760K, used 5392K [0x04800000, 0x04e30000, 0x09d50000)
  eden space 5184K, 100% used [0x04800000, 0x04d10000, 0x04d10000)
  from space 576K,  36% used [0x04da0000, 0x04dd4160, 0x04e30000)
  to   space 576K,   0% used [0x04d10000, 0x04d10000, 0x04da0000)
 tenured generation   total 12600K, used 9183K [0x09d50000, 0x0a99e000, 0x14800000)
   the space 12600K,  72% used [0x09d50000, 0x0a647d50, 0x0a647e00, 0x0a99e000)
 compacting perm gen  total 12288K, used 9027K [0x14800000, 0x15400000, 0x18800000)
   the space 12288K,  73% used [0x14800000, 0x150d0f40, 0x150d1000, 0x15400000)
No shared spaces configured.
Event: 24.674 GC heap after
Heap after GC invocations=56 (full 1):
 def new generation   total 5760K, used 207K [0x04800000, 0x04e30000, 0x09d50000)
  eden space 5184K,   0% used [0x04800000, 0x04800000, 0x04d10000)
  from space 576K,  36% used [0x04d10000, 0x04d43f88, 0x04da0000)
  to   space 576K,   0% used [0x04da0000, 0x04da0000, 0x04e30000)
 tenured generation   total 12600K, used 9183K [0x09d50000, 0x0a99e000, 0x14800000)
   the space 12600K,  72% used [0x09d50000, 0x0a647d50, 0x0a647e00, 0x0a99e000)
 compacting perm gen  total 12288K, used 9027K [0x14800000, 0x15400000, 0x18800000)
   the space 12288K,  73% used [0x14800000, 0x150d0f40, 0x150d1000, 0x15400000)
No shared spaces configured.
}
Event: 25.210 GC heap before
{Heap before GC invocations=56 (full 1):
 def new generation   total 5760K, used 5391K [0x04800000, 0x04e30000, 0x09d50000)
  eden space 5184K, 100% used [0x04800000, 0x04d10000, 0x04d10000)
  from space 576K,  36% used [0x04d10000, 0x04d43f88, 0x04da0000)
  to   space 576K,   0% used [0x04da0000, 0x04da0000, 0x04e30000)
 tenured generation   total 12600K, used 9183K [0x09d50000, 0x0a99e000, 0x14800000)
   the space 12600K,  72% used [0x09d50000, 0x0a647d50, 0x0a647e00, 0x0a99e000)
 compacting perm gen  total 12288K, used 9027K [0x14800000, 0x15400000, 0x18800000)
   the space 12288K,  73% used [0x14800000, 0x150d0f40, 0x150d1000, 0x15400000)
No shared spaces configured.
Event: 25.211 GC heap after
Heap after GC invocations=57 (full 1):
 def new generation   total 5760K, used 238K [0x04800000, 0x04e30000, 0x09d50000)
  eden space 5184K,   0% used [0x04800000, 0x04800000, 0x04d10000)
  from space 576K,  41% used [0x04da0000, 0x04ddba68, 0x04e30000)
  to   space 576K,   0% used [0x04d10000, 0x04d10000, 0x04da0000)
 tenured generation   total 12600K, used 9183K [0x09d50000, 0x0a99e000, 0x14800000)
   the space 12600K,  72% used [0x09d50000, 0x0a647d50, 0x0a647e00, 0x0a99e000)
 compacting perm gen  total 12288K, used 9027K [0x14800000, 0x15400000, 0x18800000)
   the space 12288K,  73% used [0x14800000, 0x150d0f40, 0x150d1000, 0x15400000)
No shared spaces configured.
}
Event: 25.786 GC heap before
{Heap before GC invocations=57 (full 1):
 def new generation   total 5760K, used 5422K [0x04800000, 0x04e30000, 0x09d50000)
  eden space 5184K, 100% used [0x04800000, 0x04d10000, 0x04d10000)
  from space 576K,  41% used [0x04da0000, 0x04ddba68, 0x04e30000)
  to   space 576K,   0% used [0x04d10000, 0x04d10000, 0x04da0000)
 tenured generation   total 12600K, used 9183K [0x09d50000, 0x0a99e000, 0x14800000)
   the space 12600K,  72% used [0x09d50000, 0x0a647d50, 0x0a647e00, 0x0a99e000)
 compacting perm gen  total 12288K, used 9027K [0x14800000, 0x15400000, 0x18800000)
   the space 12288K,  73% used [0x14800000, 0x150d0f40, 0x150d1000, 0x15400000)
No shared spaces configured.
Event: 25.787 GC heap after
Heap after GC invocations=58 (full 1):
 def new generation   total 5760K, used 267K [0x04800000, 0x04e30000, 0x09d50000)
  eden space 5184K,   0% used [0x04800000, 0x04800000, 0x04d10000)
  from space 576K,  46% used [0x04d10000, 0x04d52eb8, 0x04da0000)
  to   space 576K,   0% used [0x04da0000, 0x04da0000, 0x04e30000)
 tenured generation   total 12600K, used 9183K [0x09d50000, 0x0a99e000, 0x14800000)
   the space 12600K,  72% used [0x09d50000, 0x0a647d50, 0x0a647e00, 0x0a99e000)
 compacting perm gen  total 12288K, used 9027K [0x14800000, 0x15400000, 0x18800000)
   the space 12288K,  73% used [0x14800000, 0x150d0f40, 0x150d1000, 0x15400000)
No shared spaces configured.
}
Event: 26.358 GC heap before
{Heap before GC invocations=58 (full 1):
 def new generation   total 5760K, used 5451K [0x04800000, 0x04e30000, 0x09d50000)
  eden space 5184K, 100% used [0x04800000, 0x04d10000, 0x04d10000)
  from space 576K,  46% used [0x04d10000, 0x04d52eb8, 0x04da0000)
  to   space 576K,   0% used [0x04da0000, 0x04da0000, 0x04e30000)
 tenured generation   total 12600K, used 9183K [0x09d50000, 0x0a99e000, 0x14800000)
   the space 12600K,  72% used [0x09d50000, 0x0a647d50, 0x0a647e00, 0x0a99e000)
 compacting perm gen  total 12288K, used 9039K [0x14800000, 0x15400000, 0x18800000)
   the space 12288K,  73% used [0x14800000, 0x150d3f10, 0x150d4000, 0x15400000)
No shared spaces configured.
Event: 26.359 GC heap after
Heap after GC invocations=59 (full 1):
 def new generation   total 5760K, used 298K [0x04800000, 0x04e30000, 0x09d50000)
  eden space 5184K,   0% used [0x04800000, 0x04800000, 0x04d10000)
  from space 576K,  51% used [0x04da0000, 0x04deabc8, 0x04e30000)
  to   space 576K,   0% used [0x04d10000, 0x04d10000, 0x04da0000)
 tenured generation   total 12600K, used 9183K [0x09d50000, 0x0a99e000, 0x14800000)
   the space 12600K,  72% used [0x09d50000, 0x0a647d50, 0x0a647e00, 0x0a99e000)
 compacting perm gen  total 12288K, used 9039K [0x14800000, 0x15400000, 0x18800000)
   the space 12288K,  73% used [0x14800000, 0x150d3f10, 0x150d4000, 0x15400000)
No shared spaces configured.
}

