# JRE version: Java(TM) SE Runtime Environment (7.0_79-b15) (build 1.7.0_79-b15)
# Java VM: Java HotSpot(TM) Client VM (24.79-b02 mixed mode windows-x86 )
Heap
 def new generation   total 4928K, used 1953K [0x04800000, 0x04d50000, 0x09d50000)
  eden space 4416K,  40% used [0x04800000, 0x049bad60, 0x04c50000)
  from space 512K,  35% used [0x04c50000, 0x04c7d798, 0x04cd0000)
  to   space 512K,   0% used [0x04cd0000, 0x04cd0000, 0x04d50000)
 tenured generation   total 10944K, used 9394K [0x09d50000, 0x0a800000, 0x14800000)
   the space 10944K,  85% used [0x09d50000, 0x0a67c8d8, 0x0a67ca00, 0x0a800000)
 compacting perm gen  total 12288K, used 9050K [0x14800000, 0x15400000, 0x18800000)
   the space 12288K,  73% used [0x14800000, 0x150d6918, 0x150d6a00, 0x15400000)
GC Heap History (10 events):
Event: 6.783 GC heap before
{Heap before GC invocations=13 (full 0):
 def new generation   total 4928K, used 4583K [0x04800000, 0x04d50000, 0x09d50000)
  eden space 4416K, 100% used [0x04800000, 0x04c50000, 0x04c50000)
  from space 512K,  32% used [0x04cd0000, 0x04cf9ef8, 0x04d50000)
  to   space 512K,   0% used [0x04c50000, 0x04c50000, 0x04cd0000)
 tenured generation   total 10944K, used 8661K [0x09d50000, 0x0a800000, 0x14800000)
   the space 10944K,  79% used [0x09d50000, 0x0a5c5758, 0x0a5c5800, 0x0a800000)
 compacting perm gen  total 12288K, used 9047K [0x14800000, 0x15400000, 0x18800000)
   the space 12288K,  73% used [0x14800000, 0x150d5ea8, 0x150d6000, 0x15400000)
No shared spaces configured.
Event: 6.785 GC heap after
Heap after GC invocations=14 (full 0):
 def new generation   total 4928K, used 183K [0x04800000, 0x04d50000, 0x09d50000)
  eden space 4416K,   0% used [0x04800000, 0x04800000, 0x04c50000)
  from space 512K,  35% used [0x04c50000, 0x04c7dc50, 0x04cd0000)
  to   space 512K,   0% used [0x04cd0000, 0x04cd0000, 0x04d50000)
 tenured generation   total 10944K, used 9394K [0x09d50000, 0x0a800000, 0x14800000)
   the space 10944K,  85% used [0x09d50000, 0x0a67c8d8, 0x0a67ca00, 0x0a800000)
 compacting perm gen  total 12288K, used 9047K [0x14800000, 0x15400000, 0x18800000)
   the space 12288K,  73% used [0x14800000, 0x150d5ea8, 0x150d6000, 0x15400000)
No shared spaces configured.
}
Event: 7.303 GC heap before
{Heap before GC invocations=14 (full 0):
 def new generation   total 4928K, used 4599K [0x04800000, 0x04d50000, 0x09d50000)
  eden space 4416K, 100% used [0x04800000, 0x04c50000, 0x04c50000)
  from space 512K,  35% used [0x04c50000, 0x04c7dc50, 0x04cd0000)
  to   space 512K,   0% used [0x04cd0000, 0x04cd0000, 0x04d50000)
 tenured generation   total 10944K, used 9394K [0x09d50000, 0x0a800000, 0x14800000)
   the space 10944K,  85% used [0x09d50000, 0x0a67c8d8, 0x0a67ca00, 0x0a800000)
 compacting perm gen  total 12288K, used 9047K [0x14800000, 0x15400000, 0x18800000)
   the space 12288K,  73% used [0x14800000, 0x150d5ea8, 0x150d6000, 0x15400000)
No shared spaces configured.
Event: 7.304 GC heap after
Heap after GC invocations=15 (full 0):
 def new generation   total 4928K, used 182K [0x04800000, 0x04d50000, 0x09d50000)
  eden space 4416K,   0% used [0x04800000, 0x04800000, 0x04c50000)
  from space 512K,  35% used [0x04cd0000, 0x04cfd8d0, 0x04d50000)
  to   space 512K,   0% used [0x04c50000, 0x04c50000, 0x04cd0000)
 tenured generation   total 10944K, used 9394K [0x09d50000, 0x0a800000, 0x14800000)
   the space 10944K,  85% used [0x09d50000, 0x0a67c8d8, 0x0a67ca00, 0x0a800000)
 compacting perm gen  total 12288K, used 9047K [0x14800000, 0x15400000, 0x18800000)
   the space 12288K,  73% used [0x14800000, 0x150d5ea8, 0x150d6000, 0x15400000)
No shared spaces configured.
}
Event: 7.851 GC heap before
{Heap before GC invocations=15 (full 0):
 def new generation   total 4928K, used 4598K [0x04800000, 0x04d50000, 0x09d50000)
  eden space 4416K, 100% used [0x04800000, 0x04c50000, 0x04c50000)
  from space 512K,  35% used [0x04cd0000, 0x04cfd8d0, 0x04d50000)
  to   space 512K,   0% used [0x04c50000, 0x04c50000, 0x04cd0000)
 tenured generation   total 10944K, used 9394K [0x09d50000, 0x0a800000, 0x14800000)
   the space 10944K,  85% used [0x09d50000, 0x0a67c8d8, 0x0a67ca00, 0x0a800000)
 compacting perm gen  total 12288K, used 9047K [0x14800000, 0x15400000, 0x18800000)
   the space 12288K,  73% used [0x14800000, 0x150d5ea8, 0x150d6000, 0x15400000)
No shared spaces configured.
Event: 7.852 GC heap after
Heap after GC invocations=16 (full 0):
 def new generation   total 4928K, used 182K [0x04800000, 0x04d50000, 0x09d50000)
  eden space 4416K,   0% used [0x04800000, 0x04800000, 0x04c50000)
  from space 512K,  35% used [0x04c50000, 0x04c7d8d0, 0x04cd0000)
  to   space 512K,   0% used [0x04cd0000, 0x04cd0000, 0x04d50000)
 tenured generation   total 10944K, used 9394K [0x09d50000, 0x0a800000, 0x14800000)
   the space 10944K,  85% used [0x09d50000, 0x0a67c8d8, 0x0a67ca00, 0x0a800000)
 compacting perm gen  total 12288K, used 9047K [0x14800000, 0x15400000, 0x18800000)
   the space 12288K,  73% used [0x14800000, 0x150d5ea8, 0x150d6000, 0x15400000)
No shared spaces configured.
}
Event: 8.400 GC heap before
{Heap before GC invocations=16 (full 0):
 def new generation   total 4928K, used 4598K [0x04800000, 0x04d50000, 0x09d50000)
  eden space 4416K, 100% used [0x04800000, 0x04c50000, 0x04c50000)
  from space 512K,  35% used [0x04c50000, 0x04c7d8d0, 0x04cd0000)
  to   space 512K,   0% used [0x04cd0000, 0x04cd0000, 0x04d50000)
 tenured generation   total 10944K, used 9394K [0x09d50000, 0x0a800000, 0x14800000)
   the space 10944K,  85% used [0x09d50000, 0x0a67c8d8, 0x0a67ca00, 0x0a800000)
 compacting perm gen  total 12288K, used 9047K [0x14800000, 0x15400000, 0x18800000)
   the space 12288K,  73% used [0x14800000, 0x150d5ea8, 0x150d6000, 0x15400000)
No shared spaces configured.
Event: 8.401 GC heap after
Heap after GC invocations=17 (full 0):
 def new generation   total 4928K, used 181K [0x04800000, 0x04d50000, 0x09d50000)
  eden space 4416K,   0% used [0x04800000, 0x04800000, 0x04c50000)
  from space 512K,  35% used [0x04cd0000, 0x04cfd5a0, 0x04d50000)
  to   space 512K,   0% used [0x04c50000, 0x04c50000, 0x04cd0000)
 tenured generation   total 10944K, used 9394K [0x09d50000, 0x0a800000, 0x14800000)
   the space 10944K,  85% used [0x09d50000, 0x0a67c8d8, 0x0a67ca00, 0x0a800000)
 compacting perm gen  total 12288K, used 9047K [0x14800000, 0x15400000, 0x18800000)
   the space 12288K,  73% used [0x14800000, 0x150d5ea8, 0x150d6000, 0x15400000)
No shared spaces configured.
}
Event: 8.932 GC heap before
{Heap before GC invocations=17 (full 0):
 def new generation   total 4928K, used 4597K [0x04800000, 0x04d50000, 0x09d50000)
  eden space 4416K, 100% used [0x04800000, 0x04c50000, 0x04c50000)
  from space 512K,  35% used [0x04cd0000, 0x04cfd5a0, 0x04d50000)
  to   space 512K,   0% used [0x04c50000, 0x04c50000, 0x04cd0000)
 tenured generation   total 10944K, used 9394K [0x09d50000, 0x0a800000, 0x14800000)
   the space 10944K,  85% used [0x09d50000, 0x0a67c8d8, 0x0a67ca00, 0x0a800000)
 compacting perm gen  total 12288K, used 9047K [0x14800000, 0x15400000, 0x18800000)
   the space 12288K,  73% used [0x14800000, 0x150d5ea8, 0x150d6000, 0x15400000)
No shared spaces configured.
Event: 8.933 GC heap after
Heap after GC invocations=18 (full 0):
 def new generation   total 4928K, used 181K [0x04800000, 0x04d50000, 0x09d50000)
  eden space 4416K,   0% used [0x04800000, 0x04800000, 0x04c50000)
  from space 512K,  35% used [0x04c50000, 0x04c7d798, 0x04cd0000)
  to   space 512K,   0% used [0x04cd0000, 0x04cd0000, 0x04d50000)
 tenured generation   total 10944K, used 9394K [0x09d50000, 0x0a800000, 0x14800000)
   the space 10944K,  85% used [0x09d50000, 0x0a67c8d8, 0x0a67ca00, 0x0a800000)
 compacting perm gen  total 12288K, used 9047K [0x14800000, 0x15400000, 0x18800000)
   the space 12288K,  73% used [0x14800000, 0x150d5ea8, 0x150d6000, 0x15400000)
No shared spaces configured.
}

