# JRE version: Java(TM) SE Runtime Environment (7.0_79-b15) (build 1.7.0_79-b15)
# Java VM: Java HotSpot(TM) Client VM (24.79-b02 mixed mode windows-x86 )
Heap
 def new generation   total 4928K, used 4093K [0x04000000, 0x04550000, 0x09550000)
  eden space 4416K,  88% used [0x04000000, 0x043d1c38, 0x04450000)
  from space 512K,  35% used [0x04450000, 0x0447d8f0, 0x044d0000)
  to   space 512K,   0% used [0x044d0000, 0x044d0000, 0x04550000)
 tenured generation   total 10944K, used 6633K [0x09550000, 0x0a000000, 0x14000000)
   the space 10944K,  60% used [0x09550000, 0x09bca6c8, 0x09bca800, 0x0a000000)
 compacting perm gen  total 12288K, used 9064K [0x14000000, 0x14c00000, 0x18000000)
   the space 12288K,  73% used [0x14000000, 0x148da010, 0x148da200, 0x14c00000)
GC Heap History (10 events):
Event: 16.710 GC heap before
{Heap before GC invocations=37 (full 0):
 def new generation   total 4928K, used 4529K [0x04000000, 0x04550000, 0x09550000)
  eden space 4416K, 100% used [0x04000000, 0x04450000, 0x04450000)
  from space 512K,  22% used [0x044d0000, 0x044ec7c8, 0x04550000)
  to   space 512K,   0% used [0x04450000, 0x04450000, 0x044d0000)
 tenured generation   total 10944K, used 6633K [0x09550000, 0x0a000000, 0x14000000)
   the space 10944K,  60% used [0x09550000, 0x09bca678, 0x09bca800, 0x0a000000)
 compacting perm gen  total 12288K, used 9060K [0x14000000, 0x14c00000, 0x18000000)
   the space 12288K,  73% used [0x14000000, 0x148d9108, 0x148d9200, 0x14c00000)
No shared spaces configured.
Event: 16.711 GC heap after
Heap after GC invocations=38 (full 0):
 def new generation   total 4928K, used 182K [0x04000000, 0x04550000, 0x09550000)
  eden space 4416K,   0% used [0x04000000, 0x04000000, 0x04450000)
  from space 512K,  35% used [0x04450000, 0x0447da38, 0x044d0000)
  to   space 512K,   0% used [0x044d0000, 0x044d0000, 0x04550000)
 tenured generation   total 10944K, used 6633K [0x09550000, 0x0a000000, 0x14000000)
   the space 10944K,  60% used [0x09550000, 0x09bca678, 0x09bca800, 0x0a000000)
 compacting perm gen  total 12288K, used 9060K [0x14000000, 0x14c00000, 0x18000000)
   the space 12288K,  73% used [0x14000000, 0x148d9108, 0x148d9200, 0x14c00000)
No shared spaces configured.
}
Event: 17.195 GC heap before
{Heap before GC invocations=38 (full 0):
 def new generation   total 4928K, used 4598K [0x04000000, 0x04550000, 0x09550000)
  eden space 4416K, 100% used [0x04000000, 0x04450000, 0x04450000)
  from space 512K,  35% used [0x04450000, 0x0447da38, 0x044d0000)
  to   space 512K,   0% used [0x044d0000, 0x044d0000, 0x04550000)
 tenured generation   total 10944K, used 6633K [0x09550000, 0x0a000000, 0x14000000)
   the space 10944K,  60% used [0x09550000, 0x09bca678, 0x09bca800, 0x0a000000)
 compacting perm gen  total 12288K, used 9060K [0x14000000, 0x14c00000, 0x18000000)
   the space 12288K,  73% used [0x14000000, 0x148d9108, 0x148d9200, 0x14c00000)
No shared spaces configured.
Event: 17.196 GC heap after
Heap after GC invocations=39 (full 0):
 def new generation   total 4928K, used 181K [0x04000000, 0x04550000, 0x09550000)
  eden space 4416K,   0% used [0x04000000, 0x04000000, 0x04450000)
  from space 512K,  35% used [0x044d0000, 0x044fd440, 0x04550000)
  to   space 512K,   0% used [0x04450000, 0x04450000, 0x044d0000)
 tenured generation   total 10944K, used 6633K [0x09550000, 0x0a000000, 0x14000000)
   the space 10944K,  60% used [0x09550000, 0x09bca6a0, 0x09bca800, 0x0a000000)
 compacting perm gen  total 12288K, used 9060K [0x14000000, 0x14c00000, 0x18000000)
   the space 12288K,  73% used [0x14000000, 0x148d9108, 0x148d9200, 0x14c00000)
No shared spaces configured.
}
Event: 17.657 GC heap before
{Heap before GC invocations=39 (full 0):
 def new generation   total 4928K, used 4597K [0x04000000, 0x04550000, 0x09550000)
  eden space 4416K, 100% used [0x04000000, 0x04450000, 0x04450000)
  from space 512K,  35% used [0x044d0000, 0x044fd440, 0x04550000)
  to   space 512K,   0% used [0x04450000, 0x04450000, 0x044d0000)
 tenured generation   total 10944K, used 6633K [0x09550000, 0x0a000000, 0x14000000)
   the space 10944K,  60% used [0x09550000, 0x09bca6a0, 0x09bca800, 0x0a000000)
 compacting perm gen  total 12288K, used 9060K [0x14000000, 0x14c00000, 0x18000000)
   the space 12288K,  73% used [0x14000000, 0x148d9108, 0x148d9200, 0x14c00000)
No shared spaces configured.
Event: 17.658 GC heap after
Heap after GC invocations=40 (full 0):
 def new generation   total 4928K, used 182K [0x04000000, 0x04550000, 0x09550000)
  eden space 4416K,   0% used [0x04000000, 0x04000000, 0x04450000)
  from space 512K,  35% used [0x04450000, 0x0447d960, 0x044d0000)
  to   space 512K,   0% used [0x044d0000, 0x044d0000, 0x04550000)
 tenured generation   total 10944K, used 6633K [0x09550000, 0x0a000000, 0x14000000)
   the space 10944K,  60% used [0x09550000, 0x09bca6c8, 0x09bca800, 0x0a000000)
 compacting perm gen  total 12288K, used 9060K [0x14000000, 0x14c00000, 0x18000000)
   the space 12288K,  73% used [0x14000000, 0x148d9108, 0x148d9200, 0x14c00000)
No shared spaces configured.
}
Event: 18.125 GC heap before
{Heap before GC invocations=40 (full 0):
 def new generation   total 4928K, used 4598K [0x04000000, 0x04550000, 0x09550000)
  eden space 4416K, 100% used [0x04000000, 0x04450000, 0x04450000)
  from space 512K,  35% used [0x04450000, 0x0447d960, 0x044d0000)
  to   space 512K,   0% used [0x044d0000, 0x044d0000, 0x04550000)
 tenured generation   total 10944K, used 6633K [0x09550000, 0x0a000000, 0x14000000)
   the space 10944K,  60% used [0x09550000, 0x09bca6c8, 0x09bca800, 0x0a000000)
 compacting perm gen  total 12288K, used 9060K [0x14000000, 0x14c00000, 0x18000000)
   the space 12288K,  73% used [0x14000000, 0x148d9108, 0x148d9200, 0x14c00000)
No shared spaces configured.
Event: 18.125 GC heap after
Heap after GC invocations=41 (full 0):
 def new generation   total 4928K, used 181K [0x04000000, 0x04550000, 0x09550000)
  eden space 4416K,   0% used [0x04000000, 0x04000000, 0x04450000)
  from space 512K,  35% used [0x044d0000, 0x044fd710, 0x04550000)
  to   space 512K,   0% used [0x04450000, 0x04450000, 0x044d0000)
 tenured generation   total 10944K, used 6633K [0x09550000, 0x0a000000, 0x14000000)
   the space 10944K,  60% used [0x09550000, 0x09bca6c8, 0x09bca800, 0x0a000000)
 compacting perm gen  total 12288K, used 9060K [0x14000000, 0x14c00000, 0x18000000)
   the space 12288K,  73% used [0x14000000, 0x148d9108, 0x148d9200, 0x14c00000)
No shared spaces configured.
}
Event: 18.584 GC heap before
{Heap before GC invocations=41 (full 0):
 def new generation   total 4928K, used 4597K [0x04000000, 0x04550000, 0x09550000)
  eden space 4416K, 100% used [0x04000000, 0x04450000, 0x04450000)
  from space 512K,  35% used [0x044d0000, 0x044fd710, 0x04550000)
  to   space 512K,   0% used [0x04450000, 0x04450000, 0x044d0000)
 tenured generation   total 10944K, used 6633K [0x09550000, 0x0a000000, 0x14000000)
   the space 10944K,  60% used [0x09550000, 0x09bca6c8, 0x09bca800, 0x0a000000)
 compacting perm gen  total 12288K, used 9060K [0x14000000, 0x14c00000, 0x18000000)
   the space 12288K,  73% used [0x14000000, 0x148d9108, 0x148d9200, 0x14c00000)
No shared spaces configured.
Event: 18.585 GC heap after
Heap after GC invocations=42 (full 0):
 def new generation   total 4928K, used 182K [0x04000000, 0x04550000, 0x09550000)
  eden space 4416K,   0% used [0x04000000, 0x04000000, 0x04450000)
  from space 512K,  35% used [0x04450000, 0x0447d8f0, 0x044d0000)
  to   space 512K,   0% used [0x044d0000, 0x044d0000, 0x04550000)
 tenured generation   total 10944K, used 6633K [0x09550000, 0x0a000000, 0x14000000)
   the space 10944K,  60% used [0x09550000, 0x09bca6c8, 0x09bca800, 0x0a000000)
 compacting perm gen  total 12288K, used 9060K [0x14000000, 0x14c00000, 0x18000000)
   the space 12288K,  73% used [0x14000000, 0x148d9108, 0x148d9200, 0x14c00000)
No shared spaces configured.
}

