# JRE version: Java(TM) SE Runtime Environment (7.0_79-b15) (build 1.7.0_79-b15)
# Java VM: Java HotSpot(TM) Client VM (24.79-b02 mixed mode windows-x86 )
Heap
 def new generation   total 7168K, used 3995K [0x05000000, 0x057c0000, 0x0a550000)
  eden space 6400K,  59% used [0x05000000, 0x053bd978, 0x05640000)
  from space 768K,  21% used [0x05640000, 0x05669608, 0x05700000)
  to   space 768K,   0% used [0x05700000, 0x05700000, 0x057c0000)
 tenured generation   total 15828K, used 11664K [0x0a550000, 0x0b4c5000, 0x15000000)
   the space 15828K,  73% used [0x0a550000, 0x0b0b4110, 0x0b0b4200, 0x0b4c5000)
 compacting perm gen  total 12288K, used 9026K [0x15000000, 0x15c00000, 0x19000000)
   the space 12288K,  73% used [0x15000000, 0x158d09b8, 0x158d0a00, 0x15c00000)
GC Heap History (10 events):
Event: 14.865 GC heap before
{Heap before GC invocations=25 (full 1):
 def new generation   total 7168K, used 6566K [0x05000000, 0x057c0000, 0x0a550000)
  eden space 6400K, 100% used [0x05000000, 0x05640000, 0x05640000)
  from space 768K,  21% used [0x05700000, 0x05729840, 0x057c0000)
  to   space 768K,   0% used [0x05640000, 0x05640000, 0x05700000)
 tenured generation   total 15828K, used 11664K [0x0a550000, 0x0b4c5000, 0x15000000)
   the space 15828K,  73% used [0x0a550000, 0x0b0b4110, 0x0b0b4200, 0x0b4c5000)
 compacting perm gen  total 12288K, used 9021K [0x15000000, 0x15c00000, 0x19000000)
   the space 12288K,  73% used [0x15000000, 0x158cf7f0, 0x158cf800, 0x15c00000)
No shared spaces configured.
Event: 14.866 GC heap after
Heap after GC invocations=26 (full 1):
 def new generation   total 7168K, used 165K [0x05000000, 0x057c0000, 0x0a550000)
  eden space 6400K,   0% used [0x05000000, 0x05000000, 0x05640000)
  from space 768K,  21% used [0x05640000, 0x056697d0, 0x05700000)
  to   space 768K,   0% used [0x05700000, 0x05700000, 0x057c0000)
 tenured generation   total 15828K, used 11664K [0x0a550000, 0x0b4c5000, 0x15000000)
   the space 15828K,  73% used [0x0a550000, 0x0b0b4110, 0x0b0b4200, 0x0b4c5000)
 compacting perm gen  total 12288K, used 9021K [0x15000000, 0x15c00000, 0x19000000)
   the space 12288K,  73% used [0x15000000, 0x158cf7f0, 0x158cf800, 0x15c00000)
No shared spaces configured.
}
Event: 16.471 GC heap before
{Heap before GC invocations=26 (full 1):
 def new generation   total 7168K, used 6565K [0x05000000, 0x057c0000, 0x0a550000)
  eden space 6400K, 100% used [0x05000000, 0x05640000, 0x05640000)
  from space 768K,  21% used [0x05640000, 0x056697d0, 0x05700000)
  to   space 768K,   0% used [0x05700000, 0x05700000, 0x057c0000)
 tenured generation   total 15828K, used 11664K [0x0a550000, 0x0b4c5000, 0x15000000)
   the space 15828K,  73% used [0x0a550000, 0x0b0b4110, 0x0b0b4200, 0x0b4c5000)
 compacting perm gen  total 12288K, used 9021K [0x15000000, 0x15c00000, 0x19000000)
   the space 12288K,  73% used [0x15000000, 0x158cf7f0, 0x158cf800, 0x15c00000)
No shared spaces configured.
Event: 16.472 GC heap after
Heap after GC invocations=27 (full 1):
 def new generation   total 7168K, used 165K [0x05000000, 0x057c0000, 0x0a550000)
  eden space 6400K,   0% used [0x05000000, 0x05000000, 0x05640000)
  from space 768K,  21% used [0x05700000, 0x057297d0, 0x057c0000)
  to   space 768K,   0% used [0x05640000, 0x05640000, 0x05700000)
 tenured generation   total 15828K, used 11664K [0x0a550000, 0x0b4c5000, 0x15000000)
   the space 15828K,  73% used [0x0a550000, 0x0b0b4110, 0x0b0b4200, 0x0b4c5000)
 compacting perm gen  total 12288K, used 9021K [0x15000000, 0x15c00000, 0x19000000)
   the space 12288K,  73% used [0x15000000, 0x158cf7f0, 0x158cf800, 0x15c00000)
No shared spaces configured.
}
Event: 18.065 GC heap before
{Heap before GC invocations=27 (full 1):
 def new generation   total 7168K, used 6565K [0x05000000, 0x057c0000, 0x0a550000)
  eden space 6400K, 100% used [0x05000000, 0x05640000, 0x05640000)
  from space 768K,  21% used [0x05700000, 0x057297d0, 0x057c0000)
  to   space 768K,   0% used [0x05640000, 0x05640000, 0x05700000)
 tenured generation   total 15828K, used 11664K [0x0a550000, 0x0b4c5000, 0x15000000)
   the space 15828K,  73% used [0x0a550000, 0x0b0b4110, 0x0b0b4200, 0x0b4c5000)
 compacting perm gen  total 12288K, used 9021K [0x15000000, 0x15c00000, 0x19000000)
   the space 12288K,  73% used [0x15000000, 0x158cf7f0, 0x158cf800, 0x15c00000)
No shared spaces configured.
Event: 18.065 GC heap after
Heap after GC invocations=28 (full 1):
 def new generation   total 7168K, used 165K [0x05000000, 0x057c0000, 0x0a550000)
  eden space 6400K,   0% used [0x05000000, 0x05000000, 0x05640000)
  from space 768K,  21% used [0x05640000, 0x056697f8, 0x05700000)
  to   space 768K,   0% used [0x05700000, 0x05700000, 0x057c0000)
 tenured generation   total 15828K, used 11664K [0x0a550000, 0x0b4c5000, 0x15000000)
   the space 15828K,  73% used [0x0a550000, 0x0b0b4110, 0x0b0b4200, 0x0b4c5000)
 compacting perm gen  total 12288K, used 9021K [0x15000000, 0x15c00000, 0x19000000)
   the space 12288K,  73% used [0x15000000, 0x158cf7f0, 0x158cf800, 0x15c00000)
No shared spaces configured.
}
Event: 19.722 GC heap before
{Heap before GC invocations=28 (full 1):
 def new generation   total 7168K, used 6565K [0x05000000, 0x057c0000, 0x0a550000)
  eden space 6400K, 100% used [0x05000000, 0x05640000, 0x05640000)
  from space 768K,  21% used [0x05640000, 0x056697f8, 0x05700000)
  to   space 768K,   0% used [0x05700000, 0x05700000, 0x057c0000)
 tenured generation   total 15828K, used 11664K [0x0a550000, 0x0b4c5000, 0x15000000)
   the space 15828K,  73% used [0x0a550000, 0x0b0b4110, 0x0b0b4200, 0x0b4c5000)
 compacting perm gen  total 12288K, used 9022K [0x15000000, 0x15c00000, 0x19000000)
   the space 12288K,  73% used [0x15000000, 0x158cf800, 0x158cf800, 0x15c00000)
No shared spaces configured.
Event: 19.722 GC heap after
Heap after GC invocations=29 (full 1):
 def new generation   total 7168K, used 165K [0x05000000, 0x057c0000, 0x0a550000)
  eden space 6400K,   0% used [0x05000000, 0x05000000, 0x05640000)
  from space 768K,  21% used [0x05700000, 0x05729430, 0x057c0000)
  to   space 768K,   0% used [0x05640000, 0x05640000, 0x05700000)
 tenured generation   total 15828K, used 11664K [0x0a550000, 0x0b4c5000, 0x15000000)
   the space 15828K,  73% used [0x0a550000, 0x0b0b4110, 0x0b0b4200, 0x0b4c5000)
 compacting perm gen  total 12288K, used 9022K [0x15000000, 0x15c00000, 0x19000000)
   the space 12288K,  73% used [0x15000000, 0x158cf800, 0x158cf800, 0x15c00000)
No shared spaces configured.
}
Event: 21.328 GC heap before
{Heap before GC invocations=29 (full 1):
 def new generation   total 7168K, used 6565K [0x05000000, 0x057c0000, 0x0a550000)
  eden space 6400K, 100% used [0x05000000, 0x05640000, 0x05640000)
  from space 768K,  21% used [0x05700000, 0x05729430, 0x057c0000)
  to   space 768K,   0% used [0x05640000, 0x05640000, 0x05700000)
 tenured generation   total 15828K, used 11664K [0x0a550000, 0x0b4c5000, 0x15000000)
   the space 15828K,  73% used [0x0a550000, 0x0b0b4110, 0x0b0b4200, 0x0b4c5000)
 compacting perm gen  total 12288K, used 9023K [0x15000000, 0x15c00000, 0x19000000)
   the space 12288K,  73% used [0x15000000, 0x158cff48, 0x158d0000, 0x15c00000)
No shared spaces configured.
Event: 21.329 GC heap after
Heap after GC invocations=30 (full 1):
 def new generation   total 7168K, used 165K [0x05000000, 0x057c0000, 0x0a550000)
  eden space 6400K,   0% used [0x05000000, 0x05000000, 0x05640000)
  from space 768K,  21% used [0x05640000, 0x05669608, 0x05700000)
  to   space 768K,   0% used [0x05700000, 0x05700000, 0x057c0000)
 tenured generation   total 15828K, used 11664K [0x0a550000, 0x0b4c5000, 0x15000000)
   the space 15828K,  73% used [0x0a550000, 0x0b0b4110, 0x0b0b4200, 0x0b4c5000)
 compacting perm gen  total 12288K, used 9023K [0x15000000, 0x15c00000, 0x19000000)
   the space 12288K,  73% used [0x15000000, 0x158cff48, 0x158d0000, 0x15c00000)
No shared spaces configured.
}

