# JRE version: Java(TM) SE Runtime Environment (7.0_79-b15) (build 1.7.0_79-b15)
# Java VM: Java HotSpot(TM) Client VM (24.79-b02 mixed mode windows-x86 )
Heap
 def new generation   total 17280K, used 4803K [0x04a00000, 0x05cb0000, 0x09f50000)
  eden space 15424K,  28% used [0x04a00000, 0x04e40a50, 0x05910000)
  from space 1856K,  24% used [0x05910000, 0x059804d8, 0x05ae0000)
  to   space 1856K,   0% used [0x05ae0000, 0x05ae0000, 0x05cb0000)
 tenured generation   total 70932K, used 52014K [0x09f50000, 0x0e495000, 0x14a00000)
   the space 70932K,  73% used [0x09f50000, 0x0d21bb90, 0x0d21bc00, 0x0e495000)
 compacting perm gen  total 12288K, used 9082K [0x14a00000, 0x15600000, 0x18a00000)
   the space 12288K,  73% used [0x14a00000, 0x152deae0, 0x152dec00, 0x15600000)
GC Heap History (10 events):
Event: 79.110 GC heap before
{Heap before GC invocations=68 (full 4):
 def new generation   total 17280K, used 15710K [0x04a00000, 0x05cb0000, 0x09f50000)
  eden space 15424K, 100% used [0x04a00000, 0x05910000, 0x05910000)
  from space 1856K,  15% used [0x05ae0000, 0x05b27bb8, 0x05cb0000)
  to   space 1856K,   0% used [0x05910000, 0x05910000, 0x05ae0000)
 tenured generation   total 70932K, used 52014K [0x09f50000, 0x0e495000, 0x14a00000)
   the space 70932K,  73% used [0x09f50000, 0x0d21bb90, 0x0d21bc00, 0x0e495000)
 compacting perm gen  total 12288K, used 9078K [0x14a00000, 0x15600000, 0x18a00000)
   the space 12288K,  73% used [0x14a00000, 0x152ddbd8, 0x152ddc00, 0x15600000)
No shared spaces configured.
Event: 79.112 GC heap after
Heap after GC invocations=69 (full 4):
 def new generation   total 17280K, used 447K [0x04a00000, 0x05cb0000, 0x09f50000)
  eden space 15424K,   0% used [0x04a00000, 0x04a00000, 0x05910000)
  from space 1856K,  24% used [0x05910000, 0x0597fe50, 0x05ae0000)
  to   space 1856K,   0% used [0x05ae0000, 0x05ae0000, 0x05cb0000)
 tenured generation   total 70932K, used 52014K [0x09f50000, 0x0e495000, 0x14a00000)
   the space 70932K,  73% used [0x09f50000, 0x0d21bb90, 0x0d21bc00, 0x0e495000)
 compacting perm gen  total 12288K, used 9078K [0x14a00000, 0x15600000, 0x18a00000)
   the space 12288K,  73% used [0x14a00000, 0x152ddbd8, 0x152ddc00, 0x15600000)
No shared spaces configured.
}
Event: 81.044 GC heap before
{Heap before GC invocations=69 (full 4):
 def new generation   total 17280K, used 15871K [0x04a00000, 0x05cb0000, 0x09f50000)
  eden space 15424K, 100% used [0x04a00000, 0x05910000, 0x05910000)
  from space 1856K,  24% used [0x05910000, 0x0597fe50, 0x05ae0000)
  to   space 1856K,   0% used [0x05ae0000, 0x05ae0000, 0x05cb0000)
 tenured generation   total 70932K, used 52014K [0x09f50000, 0x0e495000, 0x14a00000)
   the space 70932K,  73% used [0x09f50000, 0x0d21bb90, 0x0d21bc00, 0x0e495000)
 compacting perm gen  total 12288K, used 9080K [0x14a00000, 0x15600000, 0x18a00000)
   the space 12288K,  73% used [0x14a00000, 0x152de050, 0x152de200, 0x15600000)
No shared spaces configured.
Event: 81.046 GC heap after
Heap after GC invocations=70 (full 4):
 def new generation   total 17280K, used 449K [0x04a00000, 0x05cb0000, 0x09f50000)
  eden space 15424K,   0% used [0x04a00000, 0x04a00000, 0x05910000)
  from space 1856K,  24% used [0x05ae0000, 0x05b504b0, 0x05cb0000)
  to   space 1856K,   0% used [0x05910000, 0x05910000, 0x05ae0000)
 tenured generation   total 70932K, used 52014K [0x09f50000, 0x0e495000, 0x14a00000)
   the space 70932K,  73% used [0x09f50000, 0x0d21bb90, 0x0d21bc00, 0x0e495000)
 compacting perm gen  total 12288K, used 9080K [0x14a00000, 0x15600000, 0x18a00000)
   the space 12288K,  73% used [0x14a00000, 0x152de050, 0x152de200, 0x15600000)
No shared spaces configured.
}
Event: 83.032 GC heap before
{Heap before GC invocations=70 (full 4):
 def new generation   total 17280K, used 15873K [0x04a00000, 0x05cb0000, 0x09f50000)
  eden space 15424K, 100% used [0x04a00000, 0x05910000, 0x05910000)
  from space 1856K,  24% used [0x05ae0000, 0x05b504b0, 0x05cb0000)
  to   space 1856K,   0% used [0x05910000, 0x05910000, 0x05ae0000)
 tenured generation   total 70932K, used 52014K [0x09f50000, 0x0e495000, 0x14a00000)
   the space 70932K,  73% used [0x09f50000, 0x0d21bb90, 0x0d21bc00, 0x0e495000)
 compacting perm gen  total 12288K, used 9080K [0x14a00000, 0x15600000, 0x18a00000)
   the space 12288K,  73% used [0x14a00000, 0x152de050, 0x152de200, 0x15600000)
No shared spaces configured.
Event: 83.033 GC heap after
Heap after GC invocations=71 (full 4):
 def new generation   total 17280K, used 448K [0x04a00000, 0x05cb0000, 0x09f50000)
  eden space 15424K,   0% used [0x04a00000, 0x04a00000, 0x05910000)
  from space 1856K,  24% used [0x05910000, 0x059802c0, 0x05ae0000)
  to   space 1856K,   0% used [0x05ae0000, 0x05ae0000, 0x05cb0000)
 tenured generation   total 70932K, used 52014K [0x09f50000, 0x0e495000, 0x14a00000)
   the space 70932K,  73% used [0x09f50000, 0x0d21bb90, 0x0d21bc00, 0x0e495000)
 compacting perm gen  total 12288K, used 9080K [0x14a00000, 0x15600000, 0x18a00000)
   the space 12288K,  73% used [0x14a00000, 0x152de050, 0x152de200, 0x15600000)
No shared spaces configured.
}
Event: 85.095 GC heap before
{Heap before GC invocations=71 (full 4):
 def new generation   total 17280K, used 15872K [0x04a00000, 0x05cb0000, 0x09f50000)
  eden space 15424K, 100% used [0x04a00000, 0x05910000, 0x05910000)
  from space 1856K,  24% used [0x05910000, 0x059802c0, 0x05ae0000)
  to   space 1856K,   0% used [0x05ae0000, 0x05ae0000, 0x05cb0000)
 tenured generation   total 70932K, used 52014K [0x09f50000, 0x0e495000, 0x14a00000)
   the space 70932K,  73% used [0x09f50000, 0x0d21bb90, 0x0d21bc00, 0x0e495000)
 compacting perm gen  total 12288K, used 9080K [0x14a00000, 0x15600000, 0x18a00000)
   the space 12288K,  73% used [0x14a00000, 0x152de070, 0x152de200, 0x15600000)
No shared spaces configured.
Event: 85.096 GC heap after
Heap after GC invocations=72 (full 4):
 def new generation   total 17280K, used 448K [0x04a00000, 0x05cb0000, 0x09f50000)
  eden space 15424K,   0% used [0x04a00000, 0x04a00000, 0x05910000)
  from space 1856K,  24% used [0x05ae0000, 0x05b503f8, 0x05cb0000)
  to   space 1856K,   0% used [0x05910000, 0x05910000, 0x05ae0000)
 tenured generation   total 70932K, used 52014K [0x09f50000, 0x0e495000, 0x14a00000)
   the space 70932K,  73% used [0x09f50000, 0x0d21bb90, 0x0d21bc00, 0x0e495000)
 compacting perm gen  total 12288K, used 9080K [0x14a00000, 0x15600000, 0x18a00000)
   the space 12288K,  73% used [0x14a00000, 0x152de070, 0x152de200, 0x15600000)
No shared spaces configured.
}
Event: 87.070 GC heap before
{Heap before GC invocations=72 (full 4):
 def new generation   total 17280K, used 15872K [0x04a00000, 0x05cb0000, 0x09f50000)
  eden space 15424K, 100% used [0x04a00000, 0x05910000, 0x05910000)
  from space 1856K,  24% used [0x05ae0000, 0x05b503f8, 0x05cb0000)
  to   space 1856K,   0% used [0x05910000, 0x05910000, 0x05ae0000)
 tenured generation   total 70932K, used 52014K [0x09f50000, 0x0e495000, 0x14a00000)
   the space 70932K,  73% used [0x09f50000, 0x0d21bb90, 0x0d21bc00, 0x0e495000)
 compacting perm gen  total 12288K, used 9080K [0x14a00000, 0x15600000, 0x18a00000)
   the space 12288K,  73% used [0x14a00000, 0x152de070, 0x152de200, 0x15600000)
No shared spaces configured.
Event: 87.071 GC heap after
Heap after GC invocations=73 (full 4):
 def new generation   total 17280K, used 449K [0x04a00000, 0x05cb0000, 0x09f50000)
  eden space 15424K,   0% used [0x04a00000, 0x04a00000, 0x05910000)
  from space 1856K,  24% used [0x05910000, 0x059804d8, 0x05ae0000)
  to   space 1856K,   0% used [0x05ae0000, 0x05ae0000, 0x05cb0000)
 tenured generation   total 70932K, used 52014K [0x09f50000, 0x0e495000, 0x14a00000)
   the space 70932K,  73% used [0x09f50000, 0x0d21bb90, 0x0d21bc00, 0x0e495000)
 compacting perm gen  total 12288K, used 9080K [0x14a00000, 0x15600000, 0x18a00000)
   the space 12288K,  73% used [0x14a00000, 0x152de070, 0x152de200, 0x15600000)
No shared spaces configured.
}

