# JRE version: Java(TM) SE Runtime Environment (7.0_79-b15) (build 1.7.0_79-b15)
# Java VM: Java HotSpot(TM) Client VM (24.79-b02 mixed mode windows-x86 )
Heap
 def new generation   total 10176K, used 7193K [0x04600000, 0x05100000, 0x09b50000)
  eden space 9088K,  77% used [0x04600000, 0x04ce5e50, 0x04ee0000)
  from space 1088K,  11% used [0x04ee0000, 0x04f006b8, 0x04ff0000)
  to   space 1088K,   0% used [0x04ff0000, 0x04ff0000, 0x05100000)
 tenured generation   total 22452K, used 15490K [0x09b50000, 0x0b13d000, 0x14600000)
   the space 22452K,  68% used [0x09b50000, 0x0aa70b48, 0x0aa70c00, 0x0b13d000)
 compacting perm gen  total 12288K, used 9360K [0x14600000, 0x15200000, 0x18600000)
   the space 12288K,  76% used [0x14600000, 0x14f24340, 0x14f24400, 0x15200000)
GC Heap History (10 events):
Event: 91.894 GC heap before
{Heap before GC invocations=117 (full 4):
 def new generation   total 10176K, used 9318K [0x04600000, 0x05100000, 0x09b50000)
  eden space 9088K, 100% used [0x04600000, 0x04ee0000, 0x04ee0000)
  from space 1088K,  21% used [0x04ff0000, 0x05029958, 0x05100000)
  to   space 1088K,   0% used [0x04ee0000, 0x04ee0000, 0x04ff0000)
 tenured generation   total 22452K, used 15490K [0x09b50000, 0x0b13d000, 0x14600000)
   the space 22452K,  68% used [0x09b50000, 0x0aa70b48, 0x0aa70c00, 0x0b13d000)
 compacting perm gen  total 12288K, used 9357K [0x14600000, 0x15200000, 0x18600000)
   the space 12288K,  76% used [0x14600000, 0x14f23400, 0x14f23400, 0x15200000)
No shared spaces configured.
Event: 91.895 GC heap after
Heap after GC invocations=118 (full 4):
 def new generation   total 10176K, used 229K [0x04600000, 0x05100000, 0x09b50000)
  eden space 9088K,   0% used [0x04600000, 0x04600000, 0x04ee0000)
  from space 1088K,  21% used [0x04ee0000, 0x04f19788, 0x04ff0000)
  to   space 1088K,   0% used [0x04ff0000, 0x04ff0000, 0x05100000)
 tenured generation   total 22452K, used 15490K [0x09b50000, 0x0b13d000, 0x14600000)
   the space 22452K,  68% used [0x09b50000, 0x0aa70b48, 0x0aa70c00, 0x0b13d000)
 compacting perm gen  total 12288K, used 9357K [0x14600000, 0x15200000, 0x18600000)
   the space 12288K,  76% used [0x14600000, 0x14f23400, 0x14f23400, 0x15200000)
No shared spaces configured.
}
Event: 94.145 GC heap before
{Heap before GC invocations=118 (full 4):
 def new generation   total 10176K, used 9317K [0x04600000, 0x05100000, 0x09b50000)
  eden space 9088K, 100% used [0x04600000, 0x04ee0000, 0x04ee0000)
  from space 1088K,  21% used [0x04ee0000, 0x04f19788, 0x04ff0000)
  to   space 1088K,   0% used [0x04ff0000, 0x04ff0000, 0x05100000)
 tenured generation   total 22452K, used 15490K [0x09b50000, 0x0b13d000, 0x14600000)
   the space 22452K,  68% used [0x09b50000, 0x0aa70b48, 0x0aa70c00, 0x0b13d000)
 compacting perm gen  total 12288K, used 9357K [0x14600000, 0x15200000, 0x18600000)
   the space 12288K,  76% used [0x14600000, 0x14f23400, 0x14f23400, 0x15200000)
No shared spaces configured.
Event: 94.146 GC heap after
Heap after GC invocations=119 (full 4):
 def new generation   total 10176K, used 64K [0x04600000, 0x05100000, 0x09b50000)
  eden space 9088K,   0% used [0x04600000, 0x04600000, 0x04ee0000)
  from space 1088K,   5% used [0x04ff0000, 0x050003d8, 0x05100000)
  to   space 1088K,   0% used [0x04ee0000, 0x04ee0000, 0x04ff0000)
 tenured generation   total 22452K, used 15490K [0x09b50000, 0x0b13d000, 0x14600000)
   the space 22452K,  68% used [0x09b50000, 0x0aa70b48, 0x0aa70c00, 0x0b13d000)
 compacting perm gen  total 12288K, used 9357K [0x14600000, 0x15200000, 0x18600000)
   the space 12288K,  76% used [0x14600000, 0x14f23400, 0x14f23400, 0x15200000)
No shared spaces configured.
}
Event: 96.307 GC heap before
{Heap before GC invocations=119 (full 4):
 def new generation   total 10176K, used 9152K [0x04600000, 0x05100000, 0x09b50000)
  eden space 9088K, 100% used [0x04600000, 0x04ee0000, 0x04ee0000)
  from space 1088K,   5% used [0x04ff0000, 0x050003d8, 0x05100000)
  to   space 1088K,   0% used [0x04ee0000, 0x04ee0000, 0x04ff0000)
 tenured generation   total 22452K, used 15490K [0x09b50000, 0x0b13d000, 0x14600000)
   the space 22452K,  68% used [0x09b50000, 0x0aa70b48, 0x0aa70c00, 0x0b13d000)
 compacting perm gen  total 12288K, used 9357K [0x14600000, 0x15200000, 0x18600000)
   the space 12288K,  76% used [0x14600000, 0x14f23400, 0x14f23400, 0x15200000)
No shared spaces configured.
Event: 96.307 GC heap after
Heap after GC invocations=120 (full 4):
 def new generation   total 10176K, used 130K [0x04600000, 0x05100000, 0x09b50000)
  eden space 9088K,   0% used [0x04600000, 0x04600000, 0x04ee0000)
  from space 1088K,  11% used [0x04ee0000, 0x04f00880, 0x04ff0000)
  to   space 1088K,   0% used [0x04ff0000, 0x04ff0000, 0x05100000)
 tenured generation   total 22452K, used 15490K [0x09b50000, 0x0b13d000, 0x14600000)
   the space 22452K,  68% used [0x09b50000, 0x0aa70b48, 0x0aa70c00, 0x0b13d000)
 compacting perm gen  total 12288K, used 9357K [0x14600000, 0x15200000, 0x18600000)
   the space 12288K,  76% used [0x14600000, 0x14f23400, 0x14f23400, 0x15200000)
No shared spaces configured.
}
Event: 98.449 GC heap before
{Heap before GC invocations=120 (full 4):
 def new generation   total 10176K, used 9218K [0x04600000, 0x05100000, 0x09b50000)
  eden space 9088K, 100% used [0x04600000, 0x04ee0000, 0x04ee0000)
  from space 1088K,  11% used [0x04ee0000, 0x04f00880, 0x04ff0000)
  to   space 1088K,   0% used [0x04ff0000, 0x04ff0000, 0x05100000)
 tenured generation   total 22452K, used 15490K [0x09b50000, 0x0b13d000, 0x14600000)
   the space 22452K,  68% used [0x09b50000, 0x0aa70b48, 0x0aa70c00, 0x0b13d000)
 compacting perm gen  total 12288K, used 9357K [0x14600000, 0x15200000, 0x18600000)
   the space 12288K,  76% used [0x14600000, 0x14f23400, 0x14f23400, 0x15200000)
No shared spaces configured.
Event: 98.450 GC heap after
Heap after GC invocations=121 (full 4):
 def new generation   total 10176K, used 130K [0x04600000, 0x05100000, 0x09b50000)
  eden space 9088K,   0% used [0x04600000, 0x04600000, 0x04ee0000)
  from space 1088K,  11% used [0x04ff0000, 0x05010930, 0x05100000)
  to   space 1088K,   0% used [0x04ee0000, 0x04ee0000, 0x04ff0000)
 tenured generation   total 22452K, used 15490K [0x09b50000, 0x0b13d000, 0x14600000)
   the space 22452K,  68% used [0x09b50000, 0x0aa70b48, 0x0aa70c00, 0x0b13d000)
 compacting perm gen  total 12288K, used 9357K [0x14600000, 0x15200000, 0x18600000)
   the space 12288K,  76% used [0x14600000, 0x14f23400, 0x14f23400, 0x15200000)
No shared spaces configured.
}
Event: 100.573 GC heap before
{Heap before GC invocations=121 (full 4):
 def new generation   total 10176K, used 9218K [0x04600000, 0x05100000, 0x09b50000)
  eden space 9088K, 100% used [0x04600000, 0x04ee0000, 0x04ee0000)
  from space 1088K,  11% used [0x04ff0000, 0x05010930, 0x05100000)
  to   space 1088K,   0% used [0x04ee0000, 0x04ee0000, 0x04ff0000)
 tenured generation   total 22452K, used 15490K [0x09b50000, 0x0b13d000, 0x14600000)
   the space 22452K,  68% used [0x09b50000, 0x0aa70b48, 0x0aa70c00, 0x0b13d000)
 compacting perm gen  total 12288K, used 9357K [0x14600000, 0x15200000, 0x18600000)
   the space 12288K,  76% used [0x14600000, 0x14f23400, 0x14f23400, 0x15200000)
No shared spaces configured.
Event: 100.574 GC heap after
Heap after GC invocations=122 (full 4):
 def new generation   total 10176K, used 129K [0x04600000, 0x05100000, 0x09b50000)
  eden space 9088K,   0% used [0x04600000, 0x04600000, 0x04ee0000)
  from space 1088K,  11% used [0x04ee0000, 0x04f006b8, 0x04ff0000)
  to   space 1088K,   0% used [0x04ff0000, 0x04ff0000, 0x05100000)
 tenured generation   total 22452K, used 15490K [0x09b50000, 0x0b13d000, 0x14600000)
   the space 22452K,  68% used [0x09b50000, 0x0aa70b48, 0x0aa70c00, 0x0b13d000)
 compacting perm gen  total 12288K, used 9357K [0x14600000, 0x15200000, 0x18600000)
   the space 12288K,  76% used [0x14600000, 0x14f23400, 0x14f23400, 0x15200000)
No shared spaces configured.
}

