# JRE version: Java(TM) SE Runtime Environment (7.0_79-b15) (build 1.7.0_79-b15)
# Java VM: Java HotSpot(TM) Client VM (24.79-b02 mixed mode windows-x86 )
Heap
 def new generation   total 10240K, used 8876K [0x04a00000, 0x05510000, 0x09f50000)
  eden space 9152K,  96% used [0x04a00000, 0x052ab1b8, 0x052f0000)
  from space 1088K,   0% used [0x052f0000, 0x052f0000, 0x05400000)
  to   space 1088K,   0% used [0x05400000, 0x05400000, 0x05510000)
 tenured generation   total 38896K, used 28944K [0x09f50000, 0x0c54c000, 0x14a00000)
   the space 38896K,  74% used [0x09f50000, 0x0bb94000, 0x0bb94000, 0x0c54c000)
 compacting perm gen  total 12288K, used 9045K [0x14a00000, 0x15600000, 0x18a00000)
   the space 12288K,  73% used [0x14a00000, 0x152d5470, 0x152d5600, 0x15600000)
GC Heap History (10 events):
Event: 17.176 GC heap before
{Heap before GC invocations=33 (full 2):
 def new generation   total 6464K, used 6056K [0x04a00000, 0x05100000, 0x09f50000)
  eden space 5760K, 100% used [0x04a00000, 0x04fa0000, 0x04fa0000)
  from space 704K,  42% used [0x04fa0000, 0x04fea3d8, 0x05050000)
  to   space 704K,   0% used [0x05050000, 0x05050000, 0x05100000)
 tenured generation   total 22508K, used 16439K [0x09f50000, 0x0b54b000, 0x14a00000)
   the space 22508K,  73% used [0x09f50000, 0x0af5dfb0, 0x0af5e000, 0x0b54b000)
 compacting perm gen  total 12288K, used 9041K [0x14a00000, 0x15600000, 0x18a00000)
   the space 12288K,  73% used [0x14a00000, 0x152d47e8, 0x152d4800, 0x15600000)
No shared spaces configured.
Event: 17.177 GC heap after
Heap after GC invocations=34 (full 2):
 def new generation   total 6464K, used 282K [0x04a00000, 0x05100000, 0x09f50000)
  eden space 5760K,   0% used [0x04a00000, 0x04a00000, 0x04fa0000)
  from space 704K,  40% used [0x05050000, 0x050969f0, 0x05100000)
  to   space 704K,   0% used [0x04fa0000, 0x04fa0000, 0x05050000)
 tenured generation   total 22508K, used 16439K [0x09f50000, 0x0b54b000, 0x14a00000)
   the space 22508K,  73% used [0x09f50000, 0x0af5dfb0, 0x0af5e000, 0x0b54b000)
 compacting perm gen  total 12288K, used 9041K [0x14a00000, 0x15600000, 0x18a00000)
   the space 12288K,  73% used [0x14a00000, 0x152d47e8, 0x152d4800, 0x15600000)
No shared spaces configured.
}
Event: 17.814 GC heap before
{Heap before GC invocations=34 (full 2):
 def new generation   total 6464K, used 6042K [0x04a00000, 0x05100000, 0x09f50000)
  eden space 5760K, 100% used [0x04a00000, 0x04fa0000, 0x04fa0000)
  from space 704K,  40% used [0x05050000, 0x050969f0, 0x05100000)
  to   space 704K,   0% used [0x04fa0000, 0x04fa0000, 0x05050000)
 tenured generation   total 22508K, used 16439K [0x09f50000, 0x0b54b000, 0x14a00000)
   the space 22508K,  73% used [0x09f50000, 0x0af5dfb0, 0x0af5e000, 0x0b54b000)
 compacting perm gen  total 12288K, used 9042K [0x14a00000, 0x15600000, 0x18a00000)
   the space 12288K,  73% used [0x14a00000, 0x152d4818, 0x152d4a00, 0x15600000)
No shared spaces configured.
Event: 17.816 GC heap after
Heap after GC invocations=35 (full 2):
 def new generation   total 6464K, used 386K [0x04a00000, 0x05100000, 0x09f50000)
  eden space 5760K,   0% used [0x04a00000, 0x04a00000, 0x04fa0000)
  from space 704K,  54% used [0x04fa0000, 0x05000bd0, 0x05050000)
  to   space 704K,   0% used [0x05050000, 0x05050000, 0x05100000)
 tenured generation   total 22508K, used 16439K [0x09f50000, 0x0b54b000, 0x14a00000)
   the space 22508K,  73% used [0x09f50000, 0x0af5dfb0, 0x0af5e000, 0x0b54b000)
 compacting perm gen  total 12288K, used 9042K [0x14a00000, 0x15600000, 0x18a00000)
   the space 12288K,  73% used [0x14a00000, 0x152d4818, 0x152d4a00, 0x15600000)
No shared spaces configured.
}
Event: 18.516 GC heap before
{Heap before GC invocations=35 (full 2):
 def new generation   total 6464K, used 6146K [0x04a00000, 0x05100000, 0x09f50000)
  eden space 5760K, 100% used [0x04a00000, 0x04fa0000, 0x04fa0000)
  from space 704K,  54% used [0x04fa0000, 0x05000bd0, 0x05050000)
  to   space 704K,   0% used [0x05050000, 0x05050000, 0x05100000)
 tenured generation   total 22508K, used 16439K [0x09f50000, 0x0b54b000, 0x14a00000)
   the space 22508K,  73% used [0x09f50000, 0x0af5dfb0, 0x0af5e000, 0x0b54b000)
 compacting perm gen  total 12288K, used 9042K [0x14a00000, 0x15600000, 0x18a00000)
   the space 12288K,  73% used [0x14a00000, 0x152d4818, 0x152d4a00, 0x15600000)
No shared spaces configured.
Event: 18.517 GC heap after
Heap after GC invocations=36 (full 2):
 def new generation   total 6464K, used 384K [0x04a00000, 0x05100000, 0x09f50000)
  eden space 5760K,   0% used [0x04a00000, 0x04a00000, 0x04fa0000)
  from space 704K,  54% used [0x05050000, 0x050b02c0, 0x05100000)
  to   space 704K,   0% used [0x04fa0000, 0x04fa0000, 0x05050000)
 tenured generation   total 22508K, used 16465K [0x09f50000, 0x0b54b000, 0x14a00000)
   the space 22508K,  73% used [0x09f50000, 0x0af64490, 0x0af64600, 0x0b54b000)
 compacting perm gen  total 12288K, used 9042K [0x14a00000, 0x15600000, 0x18a00000)
   the space 12288K,  73% used [0x14a00000, 0x152d4818, 0x152d4a00, 0x15600000)
No shared spaces configured.
}
Event: 19.137 GC heap before
{Heap before GC invocations=36 (full 2):
 def new generation   total 6464K, used 6144K [0x04a00000, 0x05100000, 0x09f50000)
  eden space 5760K, 100% used [0x04a00000, 0x04fa0000, 0x04fa0000)
  from space 704K,  54% used [0x05050000, 0x050b02c0, 0x05100000)
  to   space 704K,   0% used [0x04fa0000, 0x04fa0000, 0x05050000)
 tenured generation   total 22508K, used 16465K [0x09f50000, 0x0b54b000, 0x14a00000)
   the space 22508K,  73% used [0x09f50000, 0x0af64490, 0x0af64600, 0x0b54b000)
 compacting perm gen  total 12288K, used 9042K [0x14a00000, 0x15600000, 0x18a00000)
   the space 12288K,  73% used [0x14a00000, 0x152d4838, 0x152d4a00, 0x15600000)
No shared spaces configured.
Event: 19.138 GC heap after
Heap after GC invocations=37 (full 2):
 def new generation   total 6464K, used 230K [0x04a00000, 0x05100000, 0x09f50000)
  eden space 5760K,   0% used [0x04a00000, 0x04a00000, 0x04fa0000)
  from space 704K,  32% used [0x04fa0000, 0x04fd9b08, 0x05050000)
  to   space 704K,   0% used [0x05050000, 0x05050000, 0x05100000)
 tenured generation   total 22508K, used 16649K [0x09f50000, 0x0b54b000, 0x14a00000)
   the space 22508K,  73% used [0x09f50000, 0x0af926a0, 0x0af92800, 0x0b54b000)
 compacting perm gen  total 12288K, used 9042K [0x14a00000, 0x15600000, 0x18a00000)
   the space 12288K,  73% used [0x14a00000, 0x152d4838, 0x152d4a00, 0x15600000)
No shared spaces configured.
}
Event: 19.447 GC heap before
{Heap before GC invocations=37 (full 2):
 def new generation   total 6464K, used 3038K [0x04a00000, 0x05100000, 0x09f50000)
  eden space 5760K,  48% used [0x04a00000, 0x04cbdf30, 0x04fa0000)
  from space 704K,  32% used [0x04fa0000, 0x04fd9b08, 0x05050000)
  to   space 704K,   0% used [0x05050000, 0x05050000, 0x05100000)
 tenured generation   total 22508K, used 16649K [0x09f50000, 0x0b54b000, 0x14a00000)
   the space 22508K,  73% used [0x09f50000, 0x0af926a0, 0x0af92800, 0x0b54b000)
 compacting perm gen  total 12288K, used 9042K [0x14a00000, 0x15600000, 0x18a00000)
   the space 12288K,  73% used [0x14a00000, 0x152d4838, 0x152d4a00, 0x15600000)
No shared spaces configured.
Event: 19.475 GC heap after
Heap after GC invocations=38 (full 3):
 def new generation   total 10240K, used 0K [0x04a00000, 0x05510000, 0x09f50000)
  eden space 9152K,   0% used [0x04a00000, 0x04a00000, 0x052f0000)
  from space 1088K,   0% used [0x052f0000, 0x052f0000, 0x05400000)
  to   space 1088K,   0% used [0x05400000, 0x05400000, 0x05510000)
 tenured generation   total 22508K, used 12559K [0x09f50000, 0x0b54b000, 0x14a00000)
   the space 22508K,  55% used [0x09f50000, 0x0ab93ff0, 0x0ab94000, 0x0b54b000)
 compacting perm gen  total 12288K, used 9042K [0x14a00000, 0x15600000, 0x18a00000)
   the space 12288K,  73% used [0x14a00000, 0x152d4838, 0x152d4a00, 0x15600000)
No shared spaces configured.
}

