# JRE version: Java(TM) SE Runtime Environment (7.0_79-b15) (build 1.7.0_79-b15)
# Java VM: Java HotSpot(TM) Client VM (24.79-b02 mixed mode windows-x86 )
Heap
 def new generation   total 6720K, used 4481K [0x04a00000, 0x05140000, 0x09f50000)
  eden space 6016K,  65% used [0x04a00000, 0x04ddc390, 0x04fe0000)
  from space 704K,  75% used [0x05090000, 0x05114140, 0x05140000)
  to   space 704K,   0% used [0x04fe0000, 0x04fe0000, 0x05090000)
 tenured generation   total 14768K, used 13287K [0x09f50000, 0x0adbc000, 0x14a00000)
   the space 14768K,  89% used [0x09f50000, 0x0ac49cc8, 0x0ac49e00, 0x0adbc000)
 compacting perm gen  total 12288K, used 9328K [0x14a00000, 0x15600000, 0x18a00000)
   the space 12288K,  75% used [0x14a00000, 0x1531c2d8, 0x1531c400, 0x15600000)
GC Heap History (10 events):
Event: 78.919 GC heap before
{Heap before GC invocations=108 (full 1):
 def new generation   total 6720K, used 6500K [0x04a00000, 0x05140000, 0x09f50000)
  eden space 6016K, 100% used [0x04a00000, 0x04fe0000, 0x04fe0000)
  from space 704K,  68% used [0x04fe0000, 0x050590e0, 0x05090000)
  to   space 704K,   0% used [0x05090000, 0x05090000, 0x05140000)
 tenured generation   total 14768K, used 12627K [0x09f50000, 0x0adbc000, 0x14a00000)
   the space 14768K,  85% used [0x09f50000, 0x0aba4ed8, 0x0aba5000, 0x0adbc000)
 compacting perm gen  total 12288K, used 9324K [0x14a00000, 0x15600000, 0x18a00000)
   the space 12288K,  75% used [0x14a00000, 0x1531b388, 0x1531b400, 0x15600000)
No shared spaces configured.
Event: 78.920 GC heap after
Heap after GC invocations=109 (full 1):
 def new generation   total 6720K, used 354K [0x04a00000, 0x05140000, 0x09f50000)
  eden space 6016K,   0% used [0x04a00000, 0x04a00000, 0x04fe0000)
  from space 704K,  50% used [0x05090000, 0x050e8bb8, 0x05140000)
  to   space 704K,   0% used [0x04fe0000, 0x04fe0000, 0x05090000)
 tenured generation   total 14768K, used 12828K [0x09f50000, 0x0adbc000, 0x14a00000)
   the space 14768K,  86% used [0x09f50000, 0x0abd7358, 0x0abd7400, 0x0adbc000)
 compacting perm gen  total 12288K, used 9324K [0x14a00000, 0x15600000, 0x18a00000)
   the space 12288K,  75% used [0x14a00000, 0x1531b388, 0x1531b400, 0x15600000)
No shared spaces configured.
}
Event: 80.000 GC heap before
{Heap before GC invocations=109 (full 1):
 def new generation   total 6720K, used 6370K [0x04a00000, 0x05140000, 0x09f50000)
  eden space 6016K, 100% used [0x04a00000, 0x04fe0000, 0x04fe0000)
  from space 704K,  50% used [0x05090000, 0x050e8bb8, 0x05140000)
  to   space 704K,   0% used [0x04fe0000, 0x04fe0000, 0x05090000)
 tenured generation   total 14768K, used 12828K [0x09f50000, 0x0adbc000, 0x14a00000)
   the space 14768K,  86% used [0x09f50000, 0x0abd7358, 0x0abd7400, 0x0adbc000)
 compacting perm gen  total 12288K, used 9324K [0x14a00000, 0x15600000, 0x18a00000)
   the space 12288K,  75% used [0x14a00000, 0x1531b398, 0x1531b400, 0x15600000)
No shared spaces configured.
Event: 80.001 GC heap after
Heap after GC invocations=110 (full 1):
 def new generation   total 6720K, used 397K [0x04a00000, 0x05140000, 0x09f50000)
  eden space 6016K,   0% used [0x04a00000, 0x04a00000, 0x04fe0000)
  from space 704K,  56% used [0x04fe0000, 0x050437f8, 0x05090000)
  to   space 704K,   0% used [0x05090000, 0x05090000, 0x05140000)
 tenured generation   total 14768K, used 12943K [0x09f50000, 0x0adbc000, 0x14a00000)
   the space 14768K,  87% used [0x09f50000, 0x0abf3f18, 0x0abf4000, 0x0adbc000)
 compacting perm gen  total 12288K, used 9324K [0x14a00000, 0x15600000, 0x18a00000)
   the space 12288K,  75% used [0x14a00000, 0x1531b398, 0x1531b400, 0x15600000)
No shared spaces configured.
}
Event: 81.047 GC heap before
{Heap before GC invocations=110 (full 1):
 def new generation   total 6720K, used 6413K [0x04a00000, 0x05140000, 0x09f50000)
  eden space 6016K, 100% used [0x04a00000, 0x04fe0000, 0x04fe0000)
  from space 704K,  56% used [0x04fe0000, 0x050437f8, 0x05090000)
  to   space 704K,   0% used [0x05090000, 0x05090000, 0x05140000)
 tenured generation   total 14768K, used 12943K [0x09f50000, 0x0adbc000, 0x14a00000)
   the space 14768K,  87% used [0x09f50000, 0x0abf3f18, 0x0abf4000, 0x0adbc000)
 compacting perm gen  total 12288K, used 9324K [0x14a00000, 0x15600000, 0x18a00000)
   the space 12288K,  75% used [0x14a00000, 0x1531b398, 0x1531b400, 0x15600000)
No shared spaces configured.
Event: 81.048 GC heap after
Heap after GC invocations=111 (full 1):
 def new generation   total 6720K, used 356K [0x04a00000, 0x05140000, 0x09f50000)
  eden space 6016K,   0% used [0x04a00000, 0x04a00000, 0x04fe0000)
  from space 704K,  50% used [0x05090000, 0x050e9058, 0x05140000)
  to   space 704K,   0% used [0x04fe0000, 0x04fe0000, 0x05090000)
 tenured generation   total 14768K, used 13057K [0x09f50000, 0x0adbc000, 0x14a00000)
   the space 14768K,  88% used [0x09f50000, 0x0ac105b8, 0x0ac10600, 0x0adbc000)
 compacting perm gen  total 12288K, used 9324K [0x14a00000, 0x15600000, 0x18a00000)
   the space 12288K,  75% used [0x14a00000, 0x1531b398, 0x1531b400, 0x15600000)
No shared spaces configured.
}
Event: 82.160 GC heap before
{Heap before GC invocations=111 (full 1):
 def new generation   total 6720K, used 6372K [0x04a00000, 0x05140000, 0x09f50000)
  eden space 6016K, 100% used [0x04a00000, 0x04fe0000, 0x04fe0000)
  from space 704K,  50% used [0x05090000, 0x050e9058, 0x05140000)
  to   space 704K,   0% used [0x04fe0000, 0x04fe0000, 0x05090000)
 tenured generation   total 14768K, used 13057K [0x09f50000, 0x0adbc000, 0x14a00000)
   the space 14768K,  88% used [0x09f50000, 0x0ac105b8, 0x0ac10600, 0x0adbc000)
 compacting perm gen  total 12288K, used 9324K [0x14a00000, 0x15600000, 0x18a00000)
   the space 12288K,  75% used [0x14a00000, 0x1531b398, 0x1531b400, 0x15600000)
No shared spaces configured.
Event: 82.161 GC heap after
Heap after GC invocations=112 (full 1):
 def new generation   total 6720K, used 353K [0x04a00000, 0x05140000, 0x09f50000)
  eden space 6016K,   0% used [0x04a00000, 0x04a00000, 0x04fe0000)
  from space 704K,  50% used [0x04fe0000, 0x05038518, 0x05090000)
  to   space 704K,   0% used [0x05090000, 0x05090000, 0x05140000)
 tenured generation   total 14768K, used 13173K [0x09f50000, 0x0adbc000, 0x14a00000)
   the space 14768K,  89% used [0x09f50000, 0x0ac2d628, 0x0ac2d800, 0x0adbc000)
 compacting perm gen  total 12288K, used 9324K [0x14a00000, 0x15600000, 0x18a00000)
   the space 12288K,  75% used [0x14a00000, 0x1531b398, 0x1531b400, 0x15600000)
No shared spaces configured.
}
Event: 83.300 GC heap before
{Heap before GC invocations=112 (full 1):
 def new generation   total 6720K, used 6369K [0x04a00000, 0x05140000, 0x09f50000)
  eden space 6016K, 100% used [0x04a00000, 0x04fe0000, 0x04fe0000)
  from space 704K,  50% used [0x04fe0000, 0x05038518, 0x05090000)
  to   space 704K,   0% used [0x05090000, 0x05090000, 0x05140000)
 tenured generation   total 14768K, used 13173K [0x09f50000, 0x0adbc000, 0x14a00000)
   the space 14768K,  89% used [0x09f50000, 0x0ac2d628, 0x0ac2d800, 0x0adbc000)
 compacting perm gen  total 12288K, used 9324K [0x14a00000, 0x15600000, 0x18a00000)
   the space 12288K,  75% used [0x14a00000, 0x1531b3a8, 0x1531b400, 0x15600000)
No shared spaces configured.
Event: 83.301 GC heap after
Heap after GC invocations=113 (full 1):
 def new generation   total 6720K, used 528K [0x04a00000, 0x05140000, 0x09f50000)
  eden space 6016K,   0% used [0x04a00000, 0x04a00000, 0x04fe0000)
  from space 704K,  75% used [0x05090000, 0x05114140, 0x05140000)
  to   space 704K,   0% used [0x04fe0000, 0x04fe0000, 0x05090000)
 tenured generation   total 14768K, used 13287K [0x09f50000, 0x0adbc000, 0x14a00000)
   the space 14768K,  89% used [0x09f50000, 0x0ac49cc8, 0x0ac49e00, 0x0adbc000)
 compacting perm gen  total 12288K, used 9324K [0x14a00000, 0x15600000, 0x18a00000)
   the space 12288K,  75% used [0x14a00000, 0x1531b3a8, 0x1531b400, 0x15600000)
No shared spaces configured.
}

