# JRE version: Java(TM) SE Runtime Environment (7.0_79-b15) (build 1.7.0_79-b15)
# Java VM: Java HotSpot(TM) Client VM (24.79-b02 mixed mode windows-x86 )
Heap
 def new generation   total 5312K, used 3209K [0x04c00000, 0x051c0000, 0x0a150000)
  eden space 4736K,  60% used [0x04c00000, 0x04ed0e38, 0x050a0000)
  from space 576K,  56% used [0x050a0000, 0x050f1738, 0x05130000)
  to   space 576K,   0% used [0x05130000, 0x05130000, 0x051c0000)
 tenured generation   total 11716K, used 7188K [0x0a150000, 0x0acc1000, 0x14c00000)
   the space 11716K,  61% used [0x0a150000, 0x0a8552b0, 0x0a855400, 0x0acc1000)
 compacting perm gen  total 12288K, used 9004K [0x14c00000, 0x15800000, 0x18c00000)
   the space 12288K,  73% used [0x14c00000, 0x154cb020, 0x154cb200, 0x15800000)
GC Heap History (10 events):
Event: 21.042 GC heap before
{Heap before GC invocations=45 (full 1):
 def new generation   total 5312K, used 5013K [0x04c00000, 0x051c0000, 0x0a150000)
  eden space 4736K, 100% used [0x04c00000, 0x050a0000, 0x050a0000)
  from space 576K,  48% used [0x05130000, 0x05175700, 0x051c0000)
  to   space 576K,   0% used [0x050a0000, 0x050a0000, 0x05130000)
 tenured generation   total 11716K, used 7029K [0x0a150000, 0x0acc1000, 0x14c00000)
   the space 11716K,  59% used [0x0a150000, 0x0a82d460, 0x0a82d600, 0x0acc1000)
 compacting perm gen  total 12288K, used 9000K [0x14c00000, 0x15800000, 0x18c00000)
   the space 12288K,  73% used [0x14c00000, 0x154ca170, 0x154ca200, 0x15800000)
No shared spaces configured.
Event: 21.042 GC heap after
Heap after GC invocations=46 (full 1):
 def new generation   total 5312K, used 310K [0x04c00000, 0x051c0000, 0x0a150000)
  eden space 4736K,   0% used [0x04c00000, 0x04c00000, 0x050a0000)
  from space 576K,  53% used [0x050a0000, 0x050edbd0, 0x05130000)
  to   space 576K,   0% used [0x05130000, 0x05130000, 0x051c0000)
 tenured generation   total 11716K, used 7029K [0x0a150000, 0x0acc1000, 0x14c00000)
   the space 11716K,  59% used [0x0a150000, 0x0a82d460, 0x0a82d600, 0x0acc1000)
 compacting perm gen  total 12288K, used 9000K [0x14c00000, 0x15800000, 0x18c00000)
   the space 12288K,  73% used [0x14c00000, 0x154ca170, 0x154ca200, 0x15800000)
No shared spaces configured.
}
Event: 21.630 GC heap before
{Heap before GC invocations=46 (full 1):
 def new generation   total 5312K, used 5046K [0x04c00000, 0x051c0000, 0x0a150000)
  eden space 4736K, 100% used [0x04c00000, 0x050a0000, 0x050a0000)
  from space 576K,  53% used [0x050a0000, 0x050edbd0, 0x05130000)
  to   space 576K,   0% used [0x05130000, 0x05130000, 0x051c0000)
 tenured generation   total 11716K, used 7029K [0x0a150000, 0x0acc1000, 0x14c00000)
   the space 11716K,  59% used [0x0a150000, 0x0a82d460, 0x0a82d600, 0x0acc1000)
 compacting perm gen  total 12288K, used 9000K [0x14c00000, 0x15800000, 0x18c00000)
   the space 12288K,  73% used [0x14c00000, 0x154ca170, 0x154ca200, 0x15800000)
No shared spaces configured.
Event: 21.630 GC heap after
Heap after GC invocations=47 (full 1):
 def new generation   total 5312K, used 264K [0x04c00000, 0x051c0000, 0x0a150000)
  eden space 4736K,   0% used [0x04c00000, 0x04c00000, 0x050a0000)
  from space 576K,  45% used [0x05130000, 0x05172050, 0x051c0000)
  to   space 576K,   0% used [0x050a0000, 0x050a0000, 0x05130000)
 tenured generation   total 11716K, used 7087K [0x0a150000, 0x0acc1000, 0x14c00000)
   the space 11716K,  60% used [0x0a150000, 0x0a83bc50, 0x0a83be00, 0x0acc1000)
 compacting perm gen  total 12288K, used 9000K [0x14c00000, 0x15800000, 0x18c00000)
   the space 12288K,  73% used [0x14c00000, 0x154ca170, 0x154ca200, 0x15800000)
No shared spaces configured.
}
Event: 22.171 GC heap before
{Heap before GC invocations=47 (full 1):
 def new generation   total 5312K, used 5000K [0x04c00000, 0x051c0000, 0x0a150000)
  eden space 4736K, 100% used [0x04c00000, 0x050a0000, 0x050a0000)
  from space 576K,  45% used [0x05130000, 0x05172050, 0x051c0000)
  to   space 576K,   0% used [0x050a0000, 0x050a0000, 0x05130000)
 tenured generation   total 11716K, used 7087K [0x0a150000, 0x0acc1000, 0x14c00000)
   the space 11716K,  60% used [0x0a150000, 0x0a83bc50, 0x0a83be00, 0x0acc1000)
 compacting perm gen  total 12288K, used 9000K [0x14c00000, 0x15800000, 0x18c00000)
   the space 12288K,  73% used [0x14c00000, 0x154ca170, 0x154ca200, 0x15800000)
No shared spaces configured.
Event: 22.171 GC heap after
Heap after GC invocations=48 (full 1):
 def new generation   total 5312K, used 308K [0x04c00000, 0x051c0000, 0x0a150000)
  eden space 4736K,   0% used [0x04c00000, 0x04c00000, 0x050a0000)
  from space 576K,  53% used [0x050a0000, 0x050ed2a0, 0x05130000)
  to   space 576K,   0% used [0x05130000, 0x05130000, 0x051c0000)
 tenured generation   total 11716K, used 7087K [0x0a150000, 0x0acc1000, 0x14c00000)
   the space 11716K,  60% used [0x0a150000, 0x0a83bc50, 0x0a83be00, 0x0acc1000)
 compacting perm gen  total 12288K, used 9000K [0x14c00000, 0x15800000, 0x18c00000)
   the space 12288K,  73% used [0x14c00000, 0x154ca170, 0x154ca200, 0x15800000)
No shared spaces configured.
}
Event: 22.749 GC heap before
{Heap before GC invocations=48 (full 1):
 def new generation   total 5312K, used 5044K [0x04c00000, 0x051c0000, 0x0a150000)
  eden space 4736K, 100% used [0x04c00000, 0x050a0000, 0x050a0000)
  from space 576K,  53% used [0x050a0000, 0x050ed2a0, 0x05130000)
  to   space 576K,   0% used [0x05130000, 0x05130000, 0x051c0000)
 tenured generation   total 11716K, used 7087K [0x0a150000, 0x0acc1000, 0x14c00000)
   the space 11716K,  60% used [0x0a150000, 0x0a83bc50, 0x0a83be00, 0x0acc1000)
 compacting perm gen  total 12288K, used 9000K [0x14c00000, 0x15800000, 0x18c00000)
   the space 12288K,  73% used [0x14c00000, 0x154ca170, 0x154ca200, 0x15800000)
No shared spaces configured.
Event: 22.750 GC heap after
Heap after GC invocations=49 (full 1):
 def new generation   total 5312K, used 324K [0x04c00000, 0x051c0000, 0x0a150000)
  eden space 4736K,   0% used [0x04c00000, 0x04c00000, 0x050a0000)
  from space 576K,  56% used [0x05130000, 0x051811a0, 0x051c0000)
  to   space 576K,   0% used [0x050a0000, 0x050a0000, 0x05130000)
 tenured generation   total 11716K, used 7130K [0x0a150000, 0x0acc1000, 0x14c00000)
   the space 11716K,  60% used [0x0a150000, 0x0a846bf0, 0x0a846c00, 0x0acc1000)
 compacting perm gen  total 12288K, used 9000K [0x14c00000, 0x15800000, 0x18c00000)
   the space 12288K,  73% used [0x14c00000, 0x154ca170, 0x154ca200, 0x15800000)
No shared spaces configured.
}
Event: 23.351 GC heap before
{Heap before GC invocations=49 (full 1):
 def new generation   total 5312K, used 5060K [0x04c00000, 0x051c0000, 0x0a150000)
  eden space 4736K, 100% used [0x04c00000, 0x050a0000, 0x050a0000)
  from space 576K,  56% used [0x05130000, 0x051811a0, 0x051c0000)
  to   space 576K,   0% used [0x050a0000, 0x050a0000, 0x05130000)
 tenured generation   total 11716K, used 7130K [0x0a150000, 0x0acc1000, 0x14c00000)
   the space 11716K,  60% used [0x0a150000, 0x0a846bf0, 0x0a846c00, 0x0acc1000)
 compacting perm gen  total 12288K, used 9001K [0x14c00000, 0x15800000, 0x18c00000)
   the space 12288K,  73% used [0x14c00000, 0x154ca5b0, 0x154ca600, 0x15800000)
No shared spaces configured.
Event: 23.352 GC heap after
Heap after GC invocations=50 (full 1):
 def new generation   total 5312K, used 325K [0x04c00000, 0x051c0000, 0x0a150000)
  eden space 4736K,   0% used [0x04c00000, 0x04c00000, 0x050a0000)
  from space 576K,  56% used [0x050a0000, 0x050f1738, 0x05130000)
  to   space 576K,   0% used [0x05130000, 0x05130000, 0x051c0000)
 tenured generation   total 11716K, used 7188K [0x0a150000, 0x0acc1000, 0x14c00000)
   the space 11716K,  61% used [0x0a150000, 0x0a8552b0, 0x0a855400, 0x0acc1000)
 compacting perm gen  total 12288K, used 9001K [0x14c00000, 0x15800000, 0x18c00000)
   the space 12288K,  73% used [0x14c00000, 0x154ca5b0, 0x154ca600, 0x15800000)
No shared spaces configured.
}

