# JRE version: Java(TM) SE Runtime Environment (7.0_79-b15) (build 1.7.0_79-b15)
# Java VM: Java HotSpot(TM) Client VM (24.79-b02 mixed mode windows-x86 )
Heap
 def new generation   total 6336K, used 3162K [0x04000000, 0x046d0000, 0x09550000)
  eden space 5696K,  53% used [0x04000000, 0x042f8aa8, 0x04590000)
  from space 640K,  18% used [0x04630000, 0x0464e0d8, 0x046d0000)
  to   space 640K,   0% used [0x04590000, 0x04590000, 0x04630000)
 tenured generation   total 13920K, used 12022K [0x09550000, 0x0a2e8000, 0x14000000)
   the space 13920K,  86% used [0x09550000, 0x0a10dbb0, 0x0a10dc00, 0x0a2e8000)
 compacting perm gen  total 12288K, used 9027K [0x14000000, 0x14c00000, 0x18000000)
   the space 12288K,  73% used [0x14000000, 0x148d0cb0, 0x148d0e00, 0x14c00000)
GC Heap History (10 events):
Event: 15.633 GC heap before
{Heap before GC invocations=27 (full 1):
 def new generation   total 6336K, used 5785K [0x04000000, 0x046d0000, 0x09550000)
  eden space 5696K, 100% used [0x04000000, 0x04590000, 0x04590000)
  from space 640K,  13% used [0x04590000, 0x045a6548, 0x04630000)
  to   space 640K,   0% used [0x04630000, 0x04630000, 0x046d0000)
 tenured generation   total 13920K, used 12022K [0x09550000, 0x0a2e8000, 0x14000000)
   the space 13920K,  86% used [0x09550000, 0x0a10dbb0, 0x0a10dc00, 0x0a2e8000)
 compacting perm gen  total 12288K, used 9010K [0x14000000, 0x14c00000, 0x18000000)
   the space 12288K,  73% used [0x14000000, 0x148ccb70, 0x148ccc00, 0x14c00000)
No shared spaces configured.
Event: 15.634 GC heap after
Heap after GC invocations=28 (full 1):
 def new generation   total 6336K, used 89K [0x04000000, 0x046d0000, 0x09550000)
  eden space 5696K,   0% used [0x04000000, 0x04000000, 0x04590000)
  from space 640K,  13% used [0x04630000, 0x04646548, 0x046d0000)
  to   space 640K,   0% used [0x04590000, 0x04590000, 0x04630000)
 tenured generation   total 13920K, used 12022K [0x09550000, 0x0a2e8000, 0x14000000)
   the space 13920K,  86% used [0x09550000, 0x0a10dbb0, 0x0a10dc00, 0x0a2e8000)
 compacting perm gen  total 12288K, used 9010K [0x14000000, 0x14c00000, 0x18000000)
   the space 12288K,  73% used [0x14000000, 0x148ccb70, 0x148ccc00, 0x14c00000)
No shared spaces configured.
}
Event: 17.087 GC heap before
{Heap before GC invocations=28 (full 1):
 def new generation   total 6336K, used 5785K [0x04000000, 0x046d0000, 0x09550000)
  eden space 5696K, 100% used [0x04000000, 0x04590000, 0x04590000)
  from space 640K,  13% used [0x04630000, 0x04646548, 0x046d0000)
  to   space 640K,   0% used [0x04590000, 0x04590000, 0x04630000)
 tenured generation   total 13920K, used 12022K [0x09550000, 0x0a2e8000, 0x14000000)
   the space 13920K,  86% used [0x09550000, 0x0a10dbb0, 0x0a10dc00, 0x0a2e8000)
 compacting perm gen  total 12288K, used 9010K [0x14000000, 0x14c00000, 0x18000000)
   the space 12288K,  73% used [0x14000000, 0x148ccb70, 0x148ccc00, 0x14c00000)
No shared spaces configured.
Event: 17.088 GC heap after
Heap after GC invocations=29 (full 1):
 def new generation   total 6336K, used 89K [0x04000000, 0x046d0000, 0x09550000)
  eden space 5696K,   0% used [0x04000000, 0x04000000, 0x04590000)
  from space 640K,  14% used [0x04590000, 0x045a6708, 0x04630000)
  to   space 640K,   0% used [0x04630000, 0x04630000, 0x046d0000)
 tenured generation   total 13920K, used 12022K [0x09550000, 0x0a2e8000, 0x14000000)
   the space 13920K,  86% used [0x09550000, 0x0a10dbb0, 0x0a10dc00, 0x0a2e8000)
 compacting perm gen  total 12288K, used 9010K [0x14000000, 0x14c00000, 0x18000000)
   the space 12288K,  73% used [0x14000000, 0x148ccb70, 0x148ccc00, 0x14c00000)
No shared spaces configured.
}
Event: 18.529 GC heap before
{Heap before GC invocations=29 (full 1):
 def new generation   total 6336K, used 5785K [0x04000000, 0x046d0000, 0x09550000)
  eden space 5696K, 100% used [0x04000000, 0x04590000, 0x04590000)
  from space 640K,  14% used [0x04590000, 0x045a6708, 0x04630000)
  to   space 640K,   0% used [0x04630000, 0x04630000, 0x046d0000)
 tenured generation   total 13920K, used 12022K [0x09550000, 0x0a2e8000, 0x14000000)
   the space 13920K,  86% used [0x09550000, 0x0a10dbb0, 0x0a10dc00, 0x0a2e8000)
 compacting perm gen  total 12288K, used 9010K [0x14000000, 0x14c00000, 0x18000000)
   the space 12288K,  73% used [0x14000000, 0x148ccb70, 0x148ccc00, 0x14c00000)
No shared spaces configured.
Event: 18.530 GC heap after
Heap after GC invocations=30 (full 1):
 def new generation   total 6336K, used 89K [0x04000000, 0x046d0000, 0x09550000)
  eden space 5696K,   0% used [0x04000000, 0x04000000, 0x04590000)
  from space 640K,  13% used [0x04630000, 0x04646628, 0x046d0000)
  to   space 640K,   0% used [0x04590000, 0x04590000, 0x04630000)
 tenured generation   total 13920K, used 12022K [0x09550000, 0x0a2e8000, 0x14000000)
   the space 13920K,  86% used [0x09550000, 0x0a10dbb0, 0x0a10dc00, 0x0a2e8000)
 compacting perm gen  total 12288K, used 9010K [0x14000000, 0x14c00000, 0x18000000)
   the space 12288K,  73% used [0x14000000, 0x148ccb70, 0x148ccc00, 0x14c00000)
No shared spaces configured.
}
Event: 19.914 GC heap before
{Heap before GC invocations=30 (full 1):
 def new generation   total 6336K, used 5785K [0x04000000, 0x046d0000, 0x09550000)
  eden space 5696K, 100% used [0x04000000, 0x04590000, 0x04590000)
  from space 640K,  13% used [0x04630000, 0x04646628, 0x046d0000)
  to   space 640K,   0% used [0x04590000, 0x04590000, 0x04630000)
 tenured generation   total 13920K, used 12022K [0x09550000, 0x0a2e8000, 0x14000000)
   the space 13920K,  86% used [0x09550000, 0x0a10dbb0, 0x0a10dc00, 0x0a2e8000)
 compacting perm gen  total 12288K, used 9010K [0x14000000, 0x14c00000, 0x18000000)
   the space 12288K,  73% used [0x14000000, 0x148ccb70, 0x148ccc00, 0x14c00000)
No shared spaces configured.
Event: 19.915 GC heap after
Heap after GC invocations=31 (full 1):
 def new generation   total 6336K, used 88K [0x04000000, 0x046d0000, 0x09550000)
  eden space 5696K,   0% used [0x04000000, 0x04000000, 0x04590000)
  from space 640K,  13% used [0x04590000, 0x045a6388, 0x04630000)
  to   space 640K,   0% used [0x04630000, 0x04630000, 0x046d0000)
 tenured generation   total 13920K, used 12022K [0x09550000, 0x0a2e8000, 0x14000000)
   the space 13920K,  86% used [0x09550000, 0x0a10dbb0, 0x0a10dc00, 0x0a2e8000)
 compacting perm gen  total 12288K, used 9010K [0x14000000, 0x14c00000, 0x18000000)
   the space 12288K,  73% used [0x14000000, 0x148ccb70, 0x148ccc00, 0x14c00000)
No shared spaces configured.
}
Event: 21.373 GC heap before
{Heap before GC invocations=31 (full 1):
 def new generation   total 6336K, used 5784K [0x04000000, 0x046d0000, 0x09550000)
  eden space 5696K, 100% used [0x04000000, 0x04590000, 0x04590000)
  from space 640K,  13% used [0x04590000, 0x045a6388, 0x04630000)
  to   space 640K,   0% used [0x04630000, 0x04630000, 0x046d0000)
 tenured generation   total 13920K, used 12022K [0x09550000, 0x0a2e8000, 0x14000000)
   the space 13920K,  86% used [0x09550000, 0x0a10dbb0, 0x0a10dc00, 0x0a2e8000)
 compacting perm gen  total 12288K, used 9023K [0x14000000, 0x14c00000, 0x18000000)
   the space 12288K,  73% used [0x14000000, 0x148cfe58, 0x148d0000, 0x14c00000)
No shared spaces configured.
Event: 21.374 GC heap after
Heap after GC invocations=32 (full 1):
 def new generation   total 6336K, used 120K [0x04000000, 0x046d0000, 0x09550000)
  eden space 5696K,   0% used [0x04000000, 0x04000000, 0x04590000)
  from space 640K,  18% used [0x04630000, 0x0464e0d8, 0x046d0000)
  to   space 640K,   0% used [0x04590000, 0x04590000, 0x04630000)
 tenured generation   total 13920K, used 12022K [0x09550000, 0x0a2e8000, 0x14000000)
   the space 13920K,  86% used [0x09550000, 0x0a10dbb0, 0x0a10dc00, 0x0a2e8000)
 compacting perm gen  total 12288K, used 9023K [0x14000000, 0x14c00000, 0x18000000)
   the space 12288K,  73% used [0x14000000, 0x148cfe58, 0x148d0000, 0x14c00000)
No shared spaces configured.
}

