# JRE version: Java(TM) SE Runtime Environment (7.0_79-b15) (build 1.7.0_79-b15)
# Java VM: Java HotSpot(TM) Client VM (24.79-b02 mixed mode windows-x86 )
Heap
 def new generation   total 6208K, used 3974K [0x04000000, 0x046b0000, 0x09550000)
  eden space 5568K,  69% used [0x04000000, 0x043c8b88, 0x04570000)
  from space 640K,  15% used [0x04610000, 0x04628f38, 0x046b0000)
  to   space 640K,   0% used [0x04570000, 0x04570000, 0x04610000)
 tenured generation   total 21836K, used 16977K [0x09550000, 0x0aaa3000, 0x14000000)
   the space 21836K,  77% used [0x09550000, 0x0a5e4688, 0x0a5e4800, 0x0aaa3000)
 compacting perm gen  total 12288K, used 9054K [0x14000000, 0x14c00000, 0x18000000)
   the space 12288K,  73% used [0x14000000, 0x148d7b40, 0x148d7c00, 0x14c00000)
GC Heap History (10 events):
Event: 10.915 GC heap before
{Heap before GC invocations=19 (full 1):
 def new generation   total 6208K, used 4466K [0x04000000, 0x046b0000, 0x09550000)
  eden space 5568K,  79% used [0x04000000, 0x0444c430, 0x04570000)
  from space 640K,  10% used [0x04570000, 0x04580510, 0x04610000)
  to   space 640K,   0% used [0x04610000, 0x04610000, 0x046b0000)
 tenured generation   total 13640K, used 8182K [0x09550000, 0x0a2a2000, 0x14000000)
   the space 13640K,  59% used [0x09550000, 0x09d4dbe0, 0x09d4dc00, 0x0a2a2000)
 compacting perm gen  total 12288K, used 8995K [0x14000000, 0x14c00000, 0x18000000)
   the space 12288K,  73% used [0x14000000, 0x148c8fd0, 0x148c9000, 0x14c00000)
No shared spaces configured.
Event: 10.942 GC heap after
Heap after GC invocations=20 (full 2):
 def new generation   total 6208K, used 0K [0x04000000, 0x046b0000, 0x09550000)
  eden space 5568K,   0% used [0x04000000, 0x04000000, 0x04570000)
  from space 640K,   0% used [0x04610000, 0x04610000, 0x046b0000)
  to   space 640K,   0% used [0x04570000, 0x04570000, 0x04610000)
 tenured generation   total 13640K, used 8053K [0x09550000, 0x0a2a2000, 0x14000000)
   the space 13640K,  59% used [0x09550000, 0x09d2d4f8, 0x09d2d600, 0x0a2a2000)
 compacting perm gen  total 12288K, used 8995K [0x14000000, 0x14c00000, 0x18000000)
   the space 12288K,  73% used [0x14000000, 0x148c8fd0, 0x148c9000, 0x14c00000)
No shared spaces configured.
}
Event: 11.423 GC heap before
{Heap before GC invocations=20 (full 2):
 def new generation   total 6208K, used 4900K [0x04000000, 0x046b0000, 0x09550000)
  eden space 5568K,  88% used [0x04000000, 0x044c9218, 0x04570000)
  from space 640K,   0% used [0x04610000, 0x04610000, 0x046b0000)
  to   space 640K,   0% used [0x04570000, 0x04570000, 0x04610000)
 tenured generation   total 21836K, used 16245K [0x09550000, 0x0aaa3000, 0x14000000)
   the space 21836K,  74% used [0x09550000, 0x0a52d508, 0x0a52d600, 0x0aaa3000)
 compacting perm gen  total 12288K, used 9038K [0x14000000, 0x14c00000, 0x18000000)
   the space 12288K,  73% used [0x14000000, 0x148d3880, 0x148d3a00, 0x14c00000)
No shared spaces configured.
Event: 11.424 GC heap after
Heap after GC invocations=21 (full 2):
 def new generation   total 6208K, used 80K [0x04000000, 0x046b0000, 0x09550000)
  eden space 5568K,   0% used [0x04000000, 0x04000000, 0x04570000)
  from space 640K,  12% used [0x04570000, 0x045842c0, 0x04610000)
  to   space 640K,   0% used [0x04610000, 0x04610000, 0x046b0000)
 tenured generation   total 21836K, used 16245K [0x09550000, 0x0aaa3000, 0x14000000)
   the space 21836K,  74% used [0x09550000, 0x0a52d508, 0x0a52d600, 0x0aaa3000)
 compacting perm gen  total 12288K, used 9038K [0x14000000, 0x14c00000, 0x18000000)
   the space 12288K,  73% used [0x14000000, 0x148d3880, 0x148d3a00, 0x14c00000)
No shared spaces configured.
}
Event: 11.987 GC heap before
{Heap before GC invocations=21 (full 2):
 def new generation   total 6208K, used 5648K [0x04000000, 0x046b0000, 0x09550000)
  eden space 5568K, 100% used [0x04000000, 0x04570000, 0x04570000)
  from space 640K,  12% used [0x04570000, 0x045842c0, 0x04610000)
  to   space 640K,   0% used [0x04610000, 0x04610000, 0x046b0000)
 tenured generation   total 21836K, used 16245K [0x09550000, 0x0aaa3000, 0x14000000)
   the space 21836K,  74% used [0x09550000, 0x0a52d508, 0x0a52d600, 0x0aaa3000)
 compacting perm gen  total 12288K, used 9051K [0x14000000, 0x14c00000, 0x18000000)
   the space 12288K,  73% used [0x14000000, 0x148d6ca0, 0x148d6e00, 0x14c00000)
No shared spaces configured.
Event: 11.989 GC heap after
Heap after GC invocations=22 (full 2):
 def new generation   total 6208K, used 93K [0x04000000, 0x046b0000, 0x09550000)
  eden space 5568K,   0% used [0x04000000, 0x04000000, 0x04570000)
  from space 640K,  14% used [0x04610000, 0x04627480, 0x046b0000)
  to   space 640K,   0% used [0x04570000, 0x04570000, 0x04610000)
 tenured generation   total 21836K, used 16977K [0x09550000, 0x0aaa3000, 0x14000000)
   the space 21836K,  77% used [0x09550000, 0x0a5e4688, 0x0a5e4800, 0x0aaa3000)
 compacting perm gen  total 12288K, used 9051K [0x14000000, 0x14c00000, 0x18000000)
   the space 12288K,  73% used [0x14000000, 0x148d6ca0, 0x148d6e00, 0x14c00000)
No shared spaces configured.
}
Event: 12.788 GC heap before
{Heap before GC invocations=22 (full 2):
 def new generation   total 6208K, used 5661K [0x04000000, 0x046b0000, 0x09550000)
  eden space 5568K, 100% used [0x04000000, 0x04570000, 0x04570000)
  from space 640K,  14% used [0x04610000, 0x04627480, 0x046b0000)
  to   space 640K,   0% used [0x04570000, 0x04570000, 0x04610000)
 tenured generation   total 21836K, used 16977K [0x09550000, 0x0aaa3000, 0x14000000)
   the space 21836K,  77% used [0x09550000, 0x0a5e4688, 0x0a5e4800, 0x0aaa3000)
 compacting perm gen  total 12288K, used 9051K [0x14000000, 0x14c00000, 0x18000000)
   the space 12288K,  73% used [0x14000000, 0x148d6ca0, 0x148d6e00, 0x14c00000)
No shared spaces configured.
Event: 12.789 GC heap after
Heap after GC invocations=23 (full 2):
 def new generation   total 6208K, used 92K [0x04000000, 0x046b0000, 0x09550000)
  eden space 5568K,   0% used [0x04000000, 0x04000000, 0x04570000)
  from space 640K,  14% used [0x04570000, 0x04587308, 0x04610000)
  to   space 640K,   0% used [0x04610000, 0x04610000, 0x046b0000)
 tenured generation   total 21836K, used 16977K [0x09550000, 0x0aaa3000, 0x14000000)
   the space 21836K,  77% used [0x09550000, 0x0a5e4688, 0x0a5e4800, 0x0aaa3000)
 compacting perm gen  total 12288K, used 9051K [0x14000000, 0x14c00000, 0x18000000)
   the space 12288K,  73% used [0x14000000, 0x148d6ca0, 0x148d6e00, 0x14c00000)
No shared spaces configured.
}
Event: 13.570 GC heap before
{Heap before GC invocations=23 (full 2):
 def new generation   total 6208K, used 5660K [0x04000000, 0x046b0000, 0x09550000)
  eden space 5568K, 100% used [0x04000000, 0x04570000, 0x04570000)
  from space 640K,  14% used [0x04570000, 0x04587308, 0x04610000)
  to   space 640K,   0% used [0x04610000, 0x04610000, 0x046b0000)
 tenured generation   total 21836K, used 16977K [0x09550000, 0x0aaa3000, 0x14000000)
   the space 21836K,  77% used [0x09550000, 0x0a5e4688, 0x0a5e4800, 0x0aaa3000)
 compacting perm gen  total 12288K, used 9052K [0x14000000, 0x14c00000, 0x18000000)
   the space 12288K,  73% used [0x14000000, 0x148d70d0, 0x148d7200, 0x14c00000)
No shared spaces configured.
Event: 13.571 GC heap after
Heap after GC invocations=24 (full 2):
 def new generation   total 6208K, used 99K [0x04000000, 0x046b0000, 0x09550000)
  eden space 5568K,   0% used [0x04000000, 0x04000000, 0x04570000)
  from space 640K,  15% used [0x04610000, 0x04628f38, 0x046b0000)
  to   space 640K,   0% used [0x04570000, 0x04570000, 0x04610000)
 tenured generation   total 21836K, used 16977K [0x09550000, 0x0aaa3000, 0x14000000)
   the space 21836K,  77% used [0x09550000, 0x0a5e4688, 0x0a5e4800, 0x0aaa3000)
 compacting perm gen  total 12288K, used 9052K [0x14000000, 0x14c00000, 0x18000000)
   the space 12288K,  73% used [0x14000000, 0x148d70d0, 0x148d7200, 0x14c00000)
No shared spaces configured.
}

