# JRE version: Java(TM) SE Runtime Environment (7.0_79-b15) (build 1.7.0_79-b15)
# Java VM: Java HotSpot(TM) Client VM (24.79-b02 mixed mode windows-x86 )
Heap
 def new generation   total 7424K, used 4713K [0x04e00000, 0x05600000, 0x0a350000)
  eden space 6656K,  70% used [0x04e00000, 0x05299e40, 0x05480000)
  from space 768K,   0% used [0x05540000, 0x05540678, 0x05600000)
  to   space 768K,   0% used [0x05480000, 0x05480000, 0x05540000)
 tenured generation   total 16348K, used 12911K [0x0a350000, 0x0b347000, 0x14e00000)
   the space 16348K,  78% used [0x0a350000, 0x0afebc78, 0x0afebe00, 0x0b347000)
 compacting perm gen  total 12288K, used 9024K [0x14e00000, 0x15a00000, 0x18e00000)
   the space 12288K,  73% used [0x14e00000, 0x156d0320, 0x156d0400, 0x15a00000)
GC Heap History (10 events):
Event: 25.253 GC heap before
{Heap before GC invocations=44 (full 1):
 def new generation   total 7424K, used 6657K [0x04e00000, 0x05600000, 0x0a350000)
  eden space 6656K, 100% used [0x04e00000, 0x05480000, 0x05480000)
  from space 768K,   0% used [0x05480000, 0x05480700, 0x05540000)
  to   space 768K,   0% used [0x05540000, 0x05540000, 0x05600000)
 tenured generation   total 16348K, used 12911K [0x0a350000, 0x0b347000, 0x14e00000)
   the space 16348K,  78% used [0x0a350000, 0x0afebc78, 0x0afebe00, 0x0b347000)
 compacting perm gen  total 12288K, used 9020K [0x14e00000, 0x15a00000, 0x18e00000)
   the space 12288K,  73% used [0x14e00000, 0x156cf148, 0x156cf200, 0x15a00000)
No shared spaces configured.
Event: 25.253 GC heap after
Heap after GC invocations=45 (full 1):
 def new generation   total 7424K, used 1K [0x04e00000, 0x05600000, 0x0a350000)
  eden space 6656K,   0% used [0x04e00000, 0x04e00000, 0x05480000)
  from space 768K,   0% used [0x05540000, 0x055406f0, 0x05600000)
  to   space 768K,   0% used [0x05480000, 0x05480000, 0x05540000)
 tenured generation   total 16348K, used 12911K [0x0a350000, 0x0b347000, 0x14e00000)
   the space 16348K,  78% used [0x0a350000, 0x0afebc78, 0x0afebe00, 0x0b347000)
 compacting perm gen  total 12288K, used 9020K [0x14e00000, 0x15a00000, 0x18e00000)
   the space 12288K,  73% used [0x14e00000, 0x156cf148, 0x156cf200, 0x15a00000)
No shared spaces configured.
}
Event: 26.931 GC heap before
{Heap before GC invocations=45 (full 1):
 def new generation   total 7424K, used 6657K [0x04e00000, 0x05600000, 0x0a350000)
  eden space 6656K, 100% used [0x04e00000, 0x05480000, 0x05480000)
  from space 768K,   0% used [0x05540000, 0x055406f0, 0x05600000)
  to   space 768K,   0% used [0x05480000, 0x05480000, 0x05540000)
 tenured generation   total 16348K, used 12911K [0x0a350000, 0x0b347000, 0x14e00000)
   the space 16348K,  78% used [0x0a350000, 0x0afebc78, 0x0afebe00, 0x0b347000)
 compacting perm gen  total 12288K, used 9020K [0x14e00000, 0x15a00000, 0x18e00000)
   the space 12288K,  73% used [0x14e00000, 0x156cf148, 0x156cf200, 0x15a00000)
No shared spaces configured.
Event: 26.932 GC heap after
Heap after GC invocations=46 (full 1):
 def new generation   total 7424K, used 1K [0x04e00000, 0x05600000, 0x0a350000)
  eden space 6656K,   0% used [0x04e00000, 0x04e00000, 0x05480000)
  from space 768K,   0% used [0x05480000, 0x054806d8, 0x05540000)
  to   space 768K,   0% used [0x05540000, 0x05540000, 0x05600000)
 tenured generation   total 16348K, used 12911K [0x0a350000, 0x0b347000, 0x14e00000)
   the space 16348K,  78% used [0x0a350000, 0x0afebc78, 0x0afebe00, 0x0b347000)
 compacting perm gen  total 12288K, used 9020K [0x14e00000, 0x15a00000, 0x18e00000)
   the space 12288K,  73% used [0x14e00000, 0x156cf148, 0x156cf200, 0x15a00000)
No shared spaces configured.
}
Event: 28.584 GC heap before
{Heap before GC invocations=46 (full 1):
 def new generation   total 7424K, used 6657K [0x04e00000, 0x05600000, 0x0a350000)
  eden space 6656K, 100% used [0x04e00000, 0x05480000, 0x05480000)
  from space 768K,   0% used [0x05480000, 0x054806d8, 0x05540000)
  to   space 768K,   0% used [0x05540000, 0x05540000, 0x05600000)
 tenured generation   total 16348K, used 12911K [0x0a350000, 0x0b347000, 0x14e00000)
   the space 16348K,  78% used [0x0a350000, 0x0afebc78, 0x0afebe00, 0x0b347000)
 compacting perm gen  total 12288K, used 9020K [0x14e00000, 0x15a00000, 0x18e00000)
   the space 12288K,  73% used [0x14e00000, 0x156cf148, 0x156cf200, 0x15a00000)
No shared spaces configured.
Event: 28.584 GC heap after
Heap after GC invocations=47 (full 1):
 def new generation   total 7424K, used 1K [0x04e00000, 0x05600000, 0x0a350000)
  eden space 6656K,   0% used [0x04e00000, 0x04e00000, 0x05480000)
  from space 768K,   0% used [0x05540000, 0x055406f0, 0x05600000)
  to   space 768K,   0% used [0x05480000, 0x05480000, 0x05540000)
 tenured generation   total 16348K, used 12911K [0x0a350000, 0x0b347000, 0x14e00000)
   the space 16348K,  78% used [0x0a350000, 0x0afebc78, 0x0afebe00, 0x0b347000)
 compacting perm gen  total 12288K, used 9020K [0x14e00000, 0x15a00000, 0x18e00000)
   the space 12288K,  73% used [0x14e00000, 0x156cf148, 0x156cf200, 0x15a00000)
No shared spaces configured.
}
Event: 30.325 GC heap before
{Heap before GC invocations=47 (full 1):
 def new generation   total 7424K, used 6657K [0x04e00000, 0x05600000, 0x0a350000)
  eden space 6656K, 100% used [0x04e00000, 0x05480000, 0x05480000)
  from space 768K,   0% used [0x05540000, 0x055406f0, 0x05600000)
  to   space 768K,   0% used [0x05480000, 0x05480000, 0x05540000)
 tenured generation   total 16348K, used 12911K [0x0a350000, 0x0b347000, 0x14e00000)
   the space 16348K,  78% used [0x0a350000, 0x0afebc78, 0x0afebe00, 0x0b347000)
 compacting perm gen  total 12288K, used 9020K [0x14e00000, 0x15a00000, 0x18e00000)
   the space 12288K,  73% used [0x14e00000, 0x156cf148, 0x156cf200, 0x15a00000)
No shared spaces configured.
Event: 30.325 GC heap after
Heap after GC invocations=48 (full 1):
 def new generation   total 7424K, used 1K [0x04e00000, 0x05600000, 0x0a350000)
  eden space 6656K,   0% used [0x04e00000, 0x04e00000, 0x05480000)
  from space 768K,   0% used [0x05480000, 0x05480768, 0x05540000)
  to   space 768K,   0% used [0x05540000, 0x05540000, 0x05600000)
 tenured generation   total 16348K, used 12911K [0x0a350000, 0x0b347000, 0x14e00000)
   the space 16348K,  78% used [0x0a350000, 0x0afebc78, 0x0afebe00, 0x0b347000)
 compacting perm gen  total 12288K, used 9020K [0x14e00000, 0x15a00000, 0x18e00000)
   the space 12288K,  73% used [0x14e00000, 0x156cf148, 0x156cf200, 0x15a00000)
No shared spaces configured.
}
Event: 32.082 GC heap before
{Heap before GC invocations=48 (full 1):
 def new generation   total 7424K, used 6657K [0x04e00000, 0x05600000, 0x0a350000)
  eden space 6656K, 100% used [0x04e00000, 0x05480000, 0x05480000)
  from space 768K,   0% used [0x05480000, 0x05480768, 0x05540000)
  to   space 768K,   0% used [0x05540000, 0x05540000, 0x05600000)
 tenured generation   total 16348K, used 12911K [0x0a350000, 0x0b347000, 0x14e00000)
   the space 16348K,  78% used [0x0a350000, 0x0afebc78, 0x0afebe00, 0x0b347000)
 compacting perm gen  total 12288K, used 9020K [0x14e00000, 0x15a00000, 0x18e00000)
   the space 12288K,  73% used [0x14e00000, 0x156cf168, 0x156cf200, 0x15a00000)
No shared spaces configured.
Event: 32.082 GC heap after
Heap after GC invocations=49 (full 1):
 def new generation   total 7424K, used 1K [0x04e00000, 0x05600000, 0x0a350000)
  eden space 6656K,   0% used [0x04e00000, 0x04e00000, 0x05480000)
  from space 768K,   0% used [0x05540000, 0x05540678, 0x05600000)
  to   space 768K,   0% used [0x05480000, 0x05480000, 0x05540000)
 tenured generation   total 16348K, used 12911K [0x0a350000, 0x0b347000, 0x14e00000)
   the space 16348K,  78% used [0x0a350000, 0x0afebc78, 0x0afebe00, 0x0b347000)
 compacting perm gen  total 12288K, used 9020K [0x14e00000, 0x15a00000, 0x18e00000)
   the space 12288K,  73% used [0x14e00000, 0x156cf168, 0x156cf200, 0x15a00000)
No shared spaces configured.
}

