# JRE version: Java(TM) SE Runtime Environment (7.0_79-b15) (build 1.7.0_79-b15)
# Java VM: Java HotSpot(TM) Client VM (24.79-b02 mixed mode windows-x86 )
Heap
 def new generation   total 6464K, used 3260K [0x04800000, 0x04f00000, 0x09d50000)
  eden space 5760K,  52% used [0x04800000, 0x04aedcb0, 0x04da0000)
  from space 704K,  37% used [0x04da0000, 0x04de13e8, 0x04e50000)
  to   space 704K,   0% used [0x04e50000, 0x04e50000, 0x04f00000)
 tenured generation   total 14288K, used 12857K [0x09d50000, 0x0ab44000, 0x14800000)
   the space 14288K,  89% used [0x09d50000, 0x0a9de5d8, 0x0a9de600, 0x0ab44000)
 compacting perm gen  total 12288K, used 9335K [0x14800000, 0x15400000, 0x18800000)
   the space 12288K,  75% used [0x14800000, 0x1511de90, 0x1511e000, 0x15400000)
GC Heap History (10 events):
Event: 31.570 GC heap before
{Heap before GC invocations=48 (full 1):
 def new generation   total 6464K, used 6021K [0x04800000, 0x04f00000, 0x09d50000)
  eden space 5760K, 100% used [0x04800000, 0x04da0000, 0x04da0000)
  from space 704K,  37% used [0x04e50000, 0x04e917a8, 0x04f00000)
  to   space 704K,   0% used [0x04da0000, 0x04da0000, 0x04e50000)
 tenured generation   total 14288K, used 12857K [0x09d50000, 0x0ab44000, 0x14800000)
   the space 14288K,  89% used [0x09d50000, 0x0a9de5d8, 0x0a9de600, 0x0ab44000)
 compacting perm gen  total 12288K, used 9331K [0x14800000, 0x15400000, 0x18800000)
   the space 12288K,  75% used [0x14800000, 0x1511cf60, 0x1511d000, 0x15400000)
No shared spaces configured.
Event: 31.571 GC heap after
Heap after GC invocations=49 (full 1):
 def new generation   total 6464K, used 261K [0x04800000, 0x04f00000, 0x09d50000)
  eden space 5760K,   0% used [0x04800000, 0x04800000, 0x04da0000)
  from space 704K,  37% used [0x04da0000, 0x04de17c8, 0x04e50000)
  to   space 704K,   0% used [0x04e50000, 0x04e50000, 0x04f00000)
 tenured generation   total 14288K, used 12857K [0x09d50000, 0x0ab44000, 0x14800000)
   the space 14288K,  89% used [0x09d50000, 0x0a9de5d8, 0x0a9de600, 0x0ab44000)
 compacting perm gen  total 12288K, used 9331K [0x14800000, 0x15400000, 0x18800000)
   the space 12288K,  75% used [0x14800000, 0x1511cf60, 0x1511d000, 0x15400000)
No shared spaces configured.
}
Event: 32.691 GC heap before
{Heap before GC invocations=49 (full 1):
 def new generation   total 6464K, used 6021K [0x04800000, 0x04f00000, 0x09d50000)
  eden space 5760K, 100% used [0x04800000, 0x04da0000, 0x04da0000)
  from space 704K,  37% used [0x04da0000, 0x04de17c8, 0x04e50000)
  to   space 704K,   0% used [0x04e50000, 0x04e50000, 0x04f00000)
 tenured generation   total 14288K, used 12857K [0x09d50000, 0x0ab44000, 0x14800000)
   the space 14288K,  89% used [0x09d50000, 0x0a9de5d8, 0x0a9de600, 0x0ab44000)
 compacting perm gen  total 12288K, used 9331K [0x14800000, 0x15400000, 0x18800000)
   the space 12288K,  75% used [0x14800000, 0x1511cf60, 0x1511d000, 0x15400000)
No shared spaces configured.
Event: 32.692 GC heap after
Heap after GC invocations=50 (full 1):
 def new generation   total 6464K, used 260K [0x04800000, 0x04f00000, 0x09d50000)
  eden space 5760K,   0% used [0x04800000, 0x04800000, 0x04da0000)
  from space 704K,  37% used [0x04e50000, 0x04e91390, 0x04f00000)
  to   space 704K,   0% used [0x04da0000, 0x04da0000, 0x04e50000)
 tenured generation   total 14288K, used 12857K [0x09d50000, 0x0ab44000, 0x14800000)
   the space 14288K,  89% used [0x09d50000, 0x0a9de5d8, 0x0a9de600, 0x0ab44000)
 compacting perm gen  total 12288K, used 9331K [0x14800000, 0x15400000, 0x18800000)
   the space 12288K,  75% used [0x14800000, 0x1511cf60, 0x1511d000, 0x15400000)
No shared spaces configured.
}
Event: 34.277 GC heap before
{Heap before GC invocations=50 (full 1):
 def new generation   total 6464K, used 6020K [0x04800000, 0x04f00000, 0x09d50000)
  eden space 5760K, 100% used [0x04800000, 0x04da0000, 0x04da0000)
  from space 704K,  37% used [0x04e50000, 0x04e91390, 0x04f00000)
  to   space 704K,   0% used [0x04da0000, 0x04da0000, 0x04e50000)
 tenured generation   total 14288K, used 12857K [0x09d50000, 0x0ab44000, 0x14800000)
   the space 14288K,  89% used [0x09d50000, 0x0a9de5d8, 0x0a9de600, 0x0ab44000)
 compacting perm gen  total 12288K, used 9331K [0x14800000, 0x15400000, 0x18800000)
   the space 12288K,  75% used [0x14800000, 0x1511cf60, 0x1511d000, 0x15400000)
No shared spaces configured.
Event: 34.278 GC heap after
Heap after GC invocations=51 (full 1):
 def new generation   total 6464K, used 261K [0x04800000, 0x04f00000, 0x09d50000)
  eden space 5760K,   0% used [0x04800000, 0x04800000, 0x04da0000)
  from space 704K,  37% used [0x04da0000, 0x04de1438, 0x04e50000)
  to   space 704K,   0% used [0x04e50000, 0x04e50000, 0x04f00000)
 tenured generation   total 14288K, used 12857K [0x09d50000, 0x0ab44000, 0x14800000)
   the space 14288K,  89% used [0x09d50000, 0x0a9de5d8, 0x0a9de600, 0x0ab44000)
 compacting perm gen  total 12288K, used 9331K [0x14800000, 0x15400000, 0x18800000)
   the space 12288K,  75% used [0x14800000, 0x1511cf60, 0x1511d000, 0x15400000)
No shared spaces configured.
}
Event: 35.527 GC heap before
{Heap before GC invocations=51 (full 1):
 def new generation   total 6464K, used 6021K [0x04800000, 0x04f00000, 0x09d50000)
  eden space 5760K, 100% used [0x04800000, 0x04da0000, 0x04da0000)
  from space 704K,  37% used [0x04da0000, 0x04de1438, 0x04e50000)
  to   space 704K,   0% used [0x04e50000, 0x04e50000, 0x04f00000)
 tenured generation   total 14288K, used 12857K [0x09d50000, 0x0ab44000, 0x14800000)
   the space 14288K,  89% used [0x09d50000, 0x0a9de5d8, 0x0a9de600, 0x0ab44000)
 compacting perm gen  total 12288K, used 9331K [0x14800000, 0x15400000, 0x18800000)
   the space 12288K,  75% used [0x14800000, 0x1511cf60, 0x1511d000, 0x15400000)
No shared spaces configured.
Event: 35.528 GC heap after
Heap after GC invocations=52 (full 1):
 def new generation   total 6464K, used 260K [0x04800000, 0x04f00000, 0x09d50000)
  eden space 5760K,   0% used [0x04800000, 0x04800000, 0x04da0000)
  from space 704K,  37% used [0x04e50000, 0x04e91300, 0x04f00000)
  to   space 704K,   0% used [0x04da0000, 0x04da0000, 0x04e50000)
 tenured generation   total 14288K, used 12857K [0x09d50000, 0x0ab44000, 0x14800000)
   the space 14288K,  89% used [0x09d50000, 0x0a9de5d8, 0x0a9de600, 0x0ab44000)
 compacting perm gen  total 12288K, used 9331K [0x14800000, 0x15400000, 0x18800000)
   the space 12288K,  75% used [0x14800000, 0x1511cf60, 0x1511d000, 0x15400000)
No shared spaces configured.
}
Event: 36.630 GC heap before
{Heap before GC invocations=52 (full 1):
 def new generation   total 6464K, used 6020K [0x04800000, 0x04f00000, 0x09d50000)
  eden space 5760K, 100% used [0x04800000, 0x04da0000, 0x04da0000)
  from space 704K,  37% used [0x04e50000, 0x04e91300, 0x04f00000)
  to   space 704K,   0% used [0x04da0000, 0x04da0000, 0x04e50000)
 tenured generation   total 14288K, used 12857K [0x09d50000, 0x0ab44000, 0x14800000)
   the space 14288K,  89% used [0x09d50000, 0x0a9de5d8, 0x0a9de600, 0x0ab44000)
 compacting perm gen  total 12288K, used 9331K [0x14800000, 0x15400000, 0x18800000)
   the space 12288K,  75% used [0x14800000, 0x1511cf60, 0x1511d000, 0x15400000)
No shared spaces configured.
Event: 36.631 GC heap after
Heap after GC invocations=53 (full 1):
 def new generation   total 6464K, used 260K [0x04800000, 0x04f00000, 0x09d50000)
  eden space 5760K,   0% used [0x04800000, 0x04800000, 0x04da0000)
  from space 704K,  37% used [0x04da0000, 0x04de13e8, 0x04e50000)
  to   space 704K,   0% used [0x04e50000, 0x04e50000, 0x04f00000)
 tenured generation   total 14288K, used 12857K [0x09d50000, 0x0ab44000, 0x14800000)
   the space 14288K,  89% used [0x09d50000, 0x0a9de5d8, 0x0a9de600, 0x0ab44000)
 compacting perm gen  total 12288K, used 9331K [0x14800000, 0x15400000, 0x18800000)
   the space 12288K,  75% used [0x14800000, 0x1511cf60, 0x1511d000, 0x15400000)
No shared spaces configured.
}

