# JRE version: Java(TM) SE Runtime Environment (7.0_79-b15) (build 1.7.0_79-b15)
# Java VM: Java HotSpot(TM) Client VM (24.79-b02 mixed mode windows-x86 )
Heap
 def new generation   total 4928K, used 3877K [0x04e00000, 0x05350000, 0x0a350000)
  eden space 4416K,  84% used [0x04e00000, 0x051a3198, 0x05250000)
  from space 512K,  29% used [0x05250000, 0x05276470, 0x052d0000)
  to   space 512K,   0% used [0x052d0000, 0x052d0000, 0x05350000)
 tenured generation   total 10944K, used 9881K [0x0a350000, 0x0ae00000, 0x14e00000)
   the space 10944K,  90% used [0x0a350000, 0x0acf66e8, 0x0acf6800, 0x0ae00000)
 compacting perm gen  total 12288K, used 9134K [0x14e00000, 0x15a00000, 0x18e00000)
   the space 12288K,  74% used [0x14e00000, 0x156eb800, 0x156eb800, 0x15a00000)
GC Heap History (10 events):
Event: 11.942 GC heap before
{Heap before GC invocations=33 (full 0):
 def new generation   total 4928K, used 4652K [0x04e00000, 0x05350000, 0x0a350000)
  eden space 4416K, 100% used [0x04e00000, 0x05250000, 0x05250000)
  from space 512K,  46% used [0x052d0000, 0x0530b010, 0x05350000)
  to   space 512K,   0% used [0x05250000, 0x05250000, 0x052d0000)
 tenured generation   total 10944K, used 9676K [0x0a350000, 0x0ae00000, 0x14e00000)
   the space 10944K,  88% used [0x0a350000, 0x0acc32f8, 0x0acc3400, 0x0ae00000)
 compacting perm gen  total 12288K, used 9131K [0x14e00000, 0x15a00000, 0x18e00000)
   the space 12288K,  74% used [0x14e00000, 0x156ead40, 0x156eae00, 0x15a00000)
No shared spaces configured.
Event: 11.943 GC heap after
Heap after GC invocations=34 (full 0):
 def new generation   total 4928K, used 235K [0x04e00000, 0x05350000, 0x0a350000)
  eden space 4416K,   0% used [0x04e00000, 0x04e00000, 0x05250000)
  from space 512K,  45% used [0x05250000, 0x0528ae08, 0x052d0000)
  to   space 512K,   0% used [0x052d0000, 0x052d0000, 0x05350000)
 tenured generation   total 10944K, used 9676K [0x0a350000, 0x0ae00000, 0x14e00000)
   the space 10944K,  88% used [0x0a350000, 0x0acc32f8, 0x0acc3400, 0x0ae00000)
 compacting perm gen  total 12288K, used 9131K [0x14e00000, 0x15a00000, 0x18e00000)
   the space 12288K,  74% used [0x14e00000, 0x156ead40, 0x156eae00, 0x15a00000)
No shared spaces configured.
}
Event: 13.362 GC heap before
{Heap before GC invocations=34 (full 0):
 def new generation   total 4928K, used 4651K [0x04e00000, 0x05350000, 0x0a350000)
  eden space 4416K, 100% used [0x04e00000, 0x05250000, 0x05250000)
  from space 512K,  45% used [0x05250000, 0x0528ae08, 0x052d0000)
  to   space 512K,   0% used [0x052d0000, 0x052d0000, 0x05350000)
 tenured generation   total 10944K, used 9676K [0x0a350000, 0x0ae00000, 0x14e00000)
   the space 10944K,  88% used [0x0a350000, 0x0acc32f8, 0x0acc3400, 0x0ae00000)
 compacting perm gen  total 12288K, used 9131K [0x14e00000, 0x15a00000, 0x18e00000)
   the space 12288K,  74% used [0x14e00000, 0x156ead80, 0x156eae00, 0x15a00000)
No shared spaces configured.
Event: 13.363 GC heap after
Heap after GC invocations=35 (full 0):
 def new generation   total 4928K, used 328K [0x04e00000, 0x05350000, 0x0a350000)
  eden space 4416K,   0% used [0x04e00000, 0x04e00000, 0x05250000)
  from space 512K,  64% used [0x052d0000, 0x05322278, 0x05350000)
  to   space 512K,   0% used [0x05250000, 0x05250000, 0x052d0000)
 tenured generation   total 10944K, used 9676K [0x0a350000, 0x0ae00000, 0x14e00000)
   the space 10944K,  88% used [0x0a350000, 0x0acc32f8, 0x0acc3400, 0x0ae00000)
 compacting perm gen  total 12288K, used 9131K [0x14e00000, 0x15a00000, 0x18e00000)
   the space 12288K,  74% used [0x14e00000, 0x156ead80, 0x156eae00, 0x15a00000)
No shared spaces configured.
}
Event: 13.858 GC heap before
{Heap before GC invocations=35 (full 0):
 def new generation   total 4928K, used 4744K [0x04e00000, 0x05350000, 0x0a350000)
  eden space 4416K, 100% used [0x04e00000, 0x05250000, 0x05250000)
  from space 512K,  64% used [0x052d0000, 0x05322278, 0x05350000)
  to   space 512K,   0% used [0x05250000, 0x05250000, 0x052d0000)
 tenured generation   total 10944K, used 9676K [0x0a350000, 0x0ae00000, 0x14e00000)
   the space 10944K,  88% used [0x0a350000, 0x0acc32f8, 0x0acc3400, 0x0ae00000)
 compacting perm gen  total 12288K, used 9131K [0x14e00000, 0x15a00000, 0x18e00000)
   the space 12288K,  74% used [0x14e00000, 0x156ead80, 0x156eae00, 0x15a00000)
No shared spaces configured.
Event: 13.859 GC heap after
Heap after GC invocations=36 (full 0):
 def new generation   total 4928K, used 120K [0x04e00000, 0x05350000, 0x0a350000)
  eden space 4416K,   0% used [0x04e00000, 0x04e00000, 0x05250000)
  from space 512K,  23% used [0x05250000, 0x0526e3e8, 0x052d0000)
  to   space 512K,   0% used [0x052d0000, 0x052d0000, 0x05350000)
 tenured generation   total 10944K, used 9881K [0x0a350000, 0x0ae00000, 0x14e00000)
   the space 10944K,  90% used [0x0a350000, 0x0acf66e8, 0x0acf6800, 0x0ae00000)
 compacting perm gen  total 12288K, used 9131K [0x14e00000, 0x15a00000, 0x18e00000)
   the space 12288K,  74% used [0x14e00000, 0x156ead80, 0x156eae00, 0x15a00000)
No shared spaces configured.
}
Event: 14.339 GC heap before
{Heap before GC invocations=36 (full 0):
 def new generation   total 4928K, used 4536K [0x04e00000, 0x05350000, 0x0a350000)
  eden space 4416K, 100% used [0x04e00000, 0x05250000, 0x05250000)
  from space 512K,  23% used [0x05250000, 0x0526e3e8, 0x052d0000)
  to   space 512K,   0% used [0x052d0000, 0x052d0000, 0x05350000)
 tenured generation   total 10944K, used 9881K [0x0a350000, 0x0ae00000, 0x14e00000)
   the space 10944K,  90% used [0x0a350000, 0x0acf66e8, 0x0acf6800, 0x0ae00000)
 compacting perm gen  total 12288K, used 9131K [0x14e00000, 0x15a00000, 0x18e00000)
   the space 12288K,  74% used [0x14e00000, 0x156ead80, 0x156eae00, 0x15a00000)
No shared spaces configured.
Event: 14.340 GC heap after
Heap after GC invocations=37 (full 0):
 def new generation   total 4928K, used 120K [0x04e00000, 0x05350000, 0x0a350000)
  eden space 4416K,   0% used [0x04e00000, 0x04e00000, 0x05250000)
  from space 512K,  23% used [0x052d0000, 0x052ee3e8, 0x05350000)
  to   space 512K,   0% used [0x05250000, 0x05250000, 0x052d0000)
 tenured generation   total 10944K, used 9881K [0x0a350000, 0x0ae00000, 0x14e00000)
   the space 10944K,  90% used [0x0a350000, 0x0acf66e8, 0x0acf6800, 0x0ae00000)
 compacting perm gen  total 12288K, used 9131K [0x14e00000, 0x15a00000, 0x18e00000)
   the space 12288K,  74% used [0x14e00000, 0x156ead80, 0x156eae00, 0x15a00000)
No shared spaces configured.
}
Event: 14.814 GC heap before
{Heap before GC invocations=37 (full 0):
 def new generation   total 4928K, used 4536K [0x04e00000, 0x05350000, 0x0a350000)
  eden space 4416K, 100% used [0x04e00000, 0x05250000, 0x05250000)
  from space 512K,  23% used [0x052d0000, 0x052ee3e8, 0x05350000)
  to   space 512K,   0% used [0x05250000, 0x05250000, 0x052d0000)
 tenured generation   total 10944K, used 9881K [0x0a350000, 0x0ae00000, 0x14e00000)
   the space 10944K,  90% used [0x0a350000, 0x0acf66e8, 0x0acf6800, 0x0ae00000)
 compacting perm gen  total 12288K, used 9131K [0x14e00000, 0x15a00000, 0x18e00000)
   the space 12288K,  74% used [0x14e00000, 0x156ead90, 0x156eae00, 0x15a00000)
No shared spaces configured.
Event: 14.815 GC heap after
Heap after GC invocations=38 (full 0):
 def new generation   total 4928K, used 153K [0x04e00000, 0x05350000, 0x0a350000)
  eden space 4416K,   0% used [0x04e00000, 0x04e00000, 0x05250000)
  from space 512K,  29% used [0x05250000, 0x05276470, 0x052d0000)
  to   space 512K,   0% used [0x052d0000, 0x052d0000, 0x05350000)
 tenured generation   total 10944K, used 9881K [0x0a350000, 0x0ae00000, 0x14e00000)
   the space 10944K,  90% used [0x0a350000, 0x0acf66e8, 0x0acf6800, 0x0ae00000)
 compacting perm gen  total 12288K, used 9131K [0x14e00000, 0x15a00000, 0x18e00000)
   the space 12288K,  74% used [0x14e00000, 0x156ead90, 0x156eae00, 0x15a00000)
No shared spaces configured.
}

