# JRE version: Java(TM) SE Runtime Environment (7.0_79-b15) (build 1.7.0_79-b15)
# Java VM: Java HotSpot(TM) Client VM (24.79-b02 mixed mode windows-x86 )
Heap
 def new generation   total 10176K, used 9440K [0x04400000, 0x04f00000, 0x09950000)
  eden space 9088K,  98% used [0x04400000, 0x04cc3f30, 0x04ce0000)
  from space 1088K,  42% used [0x04ce0000, 0x04d542f0, 0x04df0000)
  to   space 1088K,   0% used [0x04df0000, 0x04df0000, 0x04f00000)
 tenured generation   total 22428K, used 13356K [0x09950000, 0x0af37000, 0x14400000)
   the space 22428K,  59% used [0x09950000, 0x0a65b288, 0x0a65b400, 0x0af37000)
 compacting perm gen  total 12288K, used 9160K [0x14400000, 0x15000000, 0x18400000)
   the space 12288K,  74% used [0x14400000, 0x14cf2000, 0x14cf2000, 0x15000000)
GC Heap History (10 events):
Event: 147.313 GC heap before
{Heap before GC invocations=129 (full 3):
 def new generation   total 10176K, used 9226K [0x04400000, 0x04f00000, 0x09950000)
  eden space 9088K, 100% used [0x04400000, 0x04ce0000, 0x04ce0000)
  from space 1088K,  12% used [0x04df0000, 0x04e12b38, 0x04f00000)
  to   space 1088K,   0% used [0x04ce0000, 0x04ce0000, 0x04df0000)
 tenured generation   total 22428K, used 13356K [0x09950000, 0x0af37000, 0x14400000)
   the space 22428K,  59% used [0x09950000, 0x0a65b288, 0x0a65b400, 0x0af37000)
 compacting perm gen  total 12288K, used 9155K [0x14400000, 0x15000000, 0x18400000)
   the space 12288K,  74% used [0x14400000, 0x14cf0e48, 0x14cf1000, 0x15000000)
No shared spaces configured.
Event: 147.314 GC heap after
Heap after GC invocations=130 (full 3):
 def new generation   total 10176K, used 138K [0x04400000, 0x04f00000, 0x09950000)
  eden space 9088K,   0% used [0x04400000, 0x04400000, 0x04ce0000)
  from space 1088K,  12% used [0x04ce0000, 0x04d02b98, 0x04df0000)
  to   space 1088K,   0% used [0x04df0000, 0x04df0000, 0x04f00000)
 tenured generation   total 22428K, used 13356K [0x09950000, 0x0af37000, 0x14400000)
   the space 22428K,  59% used [0x09950000, 0x0a65b288, 0x0a65b400, 0x0af37000)
 compacting perm gen  total 12288K, used 9155K [0x14400000, 0x15000000, 0x18400000)
   the space 12288K,  74% used [0x14400000, 0x14cf0e48, 0x14cf1000, 0x15000000)
No shared spaces configured.
}
Event: 150.733 GC heap before
{Heap before GC invocations=130 (full 3):
 def new generation   total 10176K, used 9226K [0x04400000, 0x04f00000, 0x09950000)
  eden space 9088K, 100% used [0x04400000, 0x04ce0000, 0x04ce0000)
  from space 1088K,  12% used [0x04ce0000, 0x04d02b98, 0x04df0000)
  to   space 1088K,   0% used [0x04df0000, 0x04df0000, 0x04f00000)
 tenured generation   total 22428K, used 13356K [0x09950000, 0x0af37000, 0x14400000)
   the space 22428K,  59% used [0x09950000, 0x0a65b288, 0x0a65b400, 0x0af37000)
 compacting perm gen  total 12288K, used 9157K [0x14400000, 0x15000000, 0x18400000)
   the space 12288K,  74% used [0x14400000, 0x14cf1590, 0x14cf1600, 0x15000000)
No shared spaces configured.
Event: 150.734 GC heap after
Heap after GC invocations=131 (full 3):
 def new generation   total 10176K, used 140K [0x04400000, 0x04f00000, 0x09950000)
  eden space 9088K,   0% used [0x04400000, 0x04400000, 0x04ce0000)
  from space 1088K,  12% used [0x04df0000, 0x04e130c0, 0x04f00000)
  to   space 1088K,   0% used [0x04ce0000, 0x04ce0000, 0x04df0000)
 tenured generation   total 22428K, used 13356K [0x09950000, 0x0af37000, 0x14400000)
   the space 22428K,  59% used [0x09950000, 0x0a65b288, 0x0a65b400, 0x0af37000)
 compacting perm gen  total 12288K, used 9157K [0x14400000, 0x15000000, 0x18400000)
   the space 12288K,  74% used [0x14400000, 0x14cf1590, 0x14cf1600, 0x15000000)
No shared spaces configured.
}
Event: 153.835 GC heap before
{Heap before GC invocations=131 (full 3):
 def new generation   total 10176K, used 9228K [0x04400000, 0x04f00000, 0x09950000)
  eden space 9088K, 100% used [0x04400000, 0x04ce0000, 0x04ce0000)
  from space 1088K,  12% used [0x04df0000, 0x04e130c0, 0x04f00000)
  to   space 1088K,   0% used [0x04ce0000, 0x04ce0000, 0x04df0000)
 tenured generation   total 22428K, used 13356K [0x09950000, 0x0af37000, 0x14400000)
   the space 22428K,  59% used [0x09950000, 0x0a65b288, 0x0a65b400, 0x0af37000)
 compacting perm gen  total 12288K, used 9157K [0x14400000, 0x15000000, 0x18400000)
   the space 12288K,  74% used [0x14400000, 0x14cf1590, 0x14cf1600, 0x15000000)
No shared spaces configured.
Event: 153.836 GC heap after
Heap after GC invocations=132 (full 3):
 def new generation   total 10176K, used 138K [0x04400000, 0x04f00000, 0x09950000)
  eden space 9088K,   0% used [0x04400000, 0x04400000, 0x04ce0000)
  from space 1088K,  12% used [0x04ce0000, 0x04d02b48, 0x04df0000)
  to   space 1088K,   0% used [0x04df0000, 0x04df0000, 0x04f00000)
 tenured generation   total 22428K, used 13356K [0x09950000, 0x0af37000, 0x14400000)
   the space 22428K,  59% used [0x09950000, 0x0a65b288, 0x0a65b400, 0x0af37000)
 compacting perm gen  total 12288K, used 9157K [0x14400000, 0x15000000, 0x18400000)
   the space 12288K,  74% used [0x14400000, 0x14cf1590, 0x14cf1600, 0x15000000)
No shared spaces configured.
}
Event: 156.960 GC heap before
{Heap before GC invocations=132 (full 3):
 def new generation   total 10176K, used 9226K [0x04400000, 0x04f00000, 0x09950000)
  eden space 9088K, 100% used [0x04400000, 0x04ce0000, 0x04ce0000)
  from space 1088K,  12% used [0x04ce0000, 0x04d02b48, 0x04df0000)
  to   space 1088K,   0% used [0x04df0000, 0x04df0000, 0x04f00000)
 tenured generation   total 22428K, used 13356K [0x09950000, 0x0af37000, 0x14400000)
   the space 22428K,  59% used [0x09950000, 0x0a65b288, 0x0a65b400, 0x0af37000)
 compacting perm gen  total 12288K, used 9157K [0x14400000, 0x15000000, 0x18400000)
   the space 12288K,  74% used [0x14400000, 0x14cf1590, 0x14cf1600, 0x15000000)
No shared spaces configured.
Event: 156.961 GC heap after
Heap after GC invocations=133 (full 3):
 def new generation   total 10176K, used 204K [0x04400000, 0x04f00000, 0x09950000)
  eden space 9088K,   0% used [0x04400000, 0x04400000, 0x04ce0000)
  from space 1088K,  18% used [0x04df0000, 0x04e23120, 0x04f00000)
  to   space 1088K,   0% used [0x04ce0000, 0x04ce0000, 0x04df0000)
 tenured generation   total 22428K, used 13356K [0x09950000, 0x0af37000, 0x14400000)
   the space 22428K,  59% used [0x09950000, 0x0a65b288, 0x0a65b400, 0x0af37000)
 compacting perm gen  total 12288K, used 9157K [0x14400000, 0x15000000, 0x18400000)
   the space 12288K,  74% used [0x14400000, 0x14cf1590, 0x14cf1600, 0x15000000)
No shared spaces configured.
}
Event: 159.762 GC heap before
{Heap before GC invocations=133 (full 3):
 def new generation   total 10176K, used 9292K [0x04400000, 0x04f00000, 0x09950000)
  eden space 9088K, 100% used [0x04400000, 0x04ce0000, 0x04ce0000)
  from space 1088K,  18% used [0x04df0000, 0x04e23120, 0x04f00000)
  to   space 1088K,   0% used [0x04ce0000, 0x04ce0000, 0x04df0000)
 tenured generation   total 22428K, used 13356K [0x09950000, 0x0af37000, 0x14400000)
   the space 22428K,  59% used [0x09950000, 0x0a65b288, 0x0a65b400, 0x0af37000)
 compacting perm gen  total 12288K, used 9157K [0x14400000, 0x15000000, 0x18400000)
   the space 12288K,  74% used [0x14400000, 0x14cf1590, 0x14cf1600, 0x15000000)
No shared spaces configured.
Event: 159.764 GC heap after
Heap after GC invocations=134 (full 3):
 def new generation   total 10176K, used 464K [0x04400000, 0x04f00000, 0x09950000)
  eden space 9088K,   0% used [0x04400000, 0x04400000, 0x04ce0000)
  from space 1088K,  42% used [0x04ce0000, 0x04d542f0, 0x04df0000)
  to   space 1088K,   0% used [0x04df0000, 0x04df0000, 0x04f00000)
 tenured generation   total 22428K, used 13356K [0x09950000, 0x0af37000, 0x14400000)
   the space 22428K,  59% used [0x09950000, 0x0a65b288, 0x0a65b400, 0x0af37000)
 compacting perm gen  total 12288K, used 9157K [0x14400000, 0x15000000, 0x18400000)
   the space 12288K,  74% used [0x14400000, 0x14cf1590, 0x14cf1600, 0x15000000)
No shared spaces configured.
}

