# JRE version: Java(TM) SE Runtime Environment (7.0_79-b15) (build 1.7.0_79-b15)
# Java VM: Java HotSpot(TM) Client VM (24.79-b02 mixed mode windows-x86 )
Heap
 def new generation   total 4928K, used 2929K [0x04a00000, 0x04f50000, 0x09f50000)
  eden space 4416K,  66% used [0x04a00000, 0x04cdb2b8, 0x04e50000)
  from space 512K,   1% used [0x04ed0000, 0x04ed1488, 0x04f50000)
  to   space 512K,   0% used [0x04e50000, 0x04e50000, 0x04ed0000)
 tenured generation   total 10944K, used 2481K [0x09f50000, 0x0aa00000, 0x14a00000)
   the space 10944K,  22% used [0x09f50000, 0x0a1bc670, 0x0a1bc800, 0x0aa00000)
 compacting perm gen  total 12288K, used 4787K [0x14a00000, 0x15600000, 0x18a00000)
   the space 12288K,  38% used [0x14a00000, 0x14eace20, 0x14ead000, 0x15600000)
GC Heap History (10 events):
Event: 3.066 GC heap before
{Heap before GC invocations=4 (full 0):
 def new generation   total 4928K, used 4418K [0x04a00000, 0x04f50000, 0x09f50000)
  eden space 4416K, 100% used [0x04a00000, 0x04e50000, 0x04e50000)
  from space 512K,   0% used [0x04e50000, 0x04e50b20, 0x04ed0000)
  to   space 512K,   0% used [0x04ed0000, 0x04ed0000, 0x04f50000)
 tenured generation   total 10944K, used 2481K [0x09f50000, 0x0aa00000, 0x14a00000)
   the space 10944K,  22% used [0x09f50000, 0x0a1bc670, 0x0a1bc800, 0x0aa00000)
 compacting perm gen  total 12288K, used 4784K [0x14a00000, 0x15600000, 0x18a00000)
   the space 12288K,  38% used [0x14a00000, 0x14eac340, 0x14eac400, 0x15600000)
No shared spaces configured.
Event: 3.067 GC heap after
Heap after GC invocations=5 (full 0):
 def new generation   total 4928K, used 3K [0x04a00000, 0x04f50000, 0x09f50000)
  eden space 4416K,   0% used [0x04a00000, 0x04a00000, 0x04e50000)
  from space 512K,   0% used [0x04ed0000, 0x04ed0cc8, 0x04f50000)
  to   space 512K,   0% used [0x04e50000, 0x04e50000, 0x04ed0000)
 tenured generation   total 10944K, used 2481K [0x09f50000, 0x0aa00000, 0x14a00000)
   the space 10944K,  22% used [0x09f50000, 0x0a1bc670, 0x0a1bc800, 0x0aa00000)
 compacting perm gen  total 12288K, used 4784K [0x14a00000, 0x15600000, 0x18a00000)
   the space 12288K,  38% used [0x14a00000, 0x14eac340, 0x14eac400, 0x15600000)
No shared spaces configured.
}
Event: 4.167 GC heap before
{Heap before GC invocations=5 (full 0):
 def new generation   total 4928K, used 4419K [0x04a00000, 0x04f50000, 0x09f50000)
  eden space 4416K, 100% used [0x04a00000, 0x04e50000, 0x04e50000)
  from space 512K,   0% used [0x04ed0000, 0x04ed0cc8, 0x04f50000)
  to   space 512K,   0% used [0x04e50000, 0x04e50000, 0x04ed0000)
 tenured generation   total 10944K, used 2481K [0x09f50000, 0x0aa00000, 0x14a00000)
   the space 10944K,  22% used [0x09f50000, 0x0a1bc670, 0x0a1bc800, 0x0aa00000)
 compacting perm gen  total 12288K, used 4784K [0x14a00000, 0x15600000, 0x18a00000)
   the space 12288K,  38% used [0x14a00000, 0x14eac340, 0x14eac400, 0x15600000)
No shared spaces configured.
Event: 4.167 GC heap after
Heap after GC invocations=6 (full 0):
 def new generation   total 4928K, used 3K [0x04a00000, 0x04f50000, 0x09f50000)
  eden space 4416K,   0% used [0x04a00000, 0x04a00000, 0x04e50000)
  from space 512K,   0% used [0x04e50000, 0x04e50f30, 0x04ed0000)
  to   space 512K,   0% used [0x04ed0000, 0x04ed0000, 0x04f50000)
 tenured generation   total 10944K, used 2481K [0x09f50000, 0x0aa00000, 0x14a00000)
   the space 10944K,  22% used [0x09f50000, 0x0a1bc670, 0x0a1bc800, 0x0aa00000)
 compacting perm gen  total 12288K, used 4784K [0x14a00000, 0x15600000, 0x18a00000)
   the space 12288K,  38% used [0x14a00000, 0x14eac340, 0x14eac400, 0x15600000)
No shared spaces configured.
}
Event: 5.252 GC heap before
{Heap before GC invocations=6 (full 0):
 def new generation   total 4928K, used 4419K [0x04a00000, 0x04f50000, 0x09f50000)
  eden space 4416K, 100% used [0x04a00000, 0x04e50000, 0x04e50000)
  from space 512K,   0% used [0x04e50000, 0x04e50f30, 0x04ed0000)
  to   space 512K,   0% used [0x04ed0000, 0x04ed0000, 0x04f50000)
 tenured generation   total 10944K, used 2481K [0x09f50000, 0x0aa00000, 0x14a00000)
   the space 10944K,  22% used [0x09f50000, 0x0a1bc670, 0x0a1bc800, 0x0aa00000)
 compacting perm gen  total 12288K, used 4784K [0x14a00000, 0x15600000, 0x18a00000)
   the space 12288K,  38% used [0x14a00000, 0x14eac350, 0x14eac400, 0x15600000)
No shared spaces configured.
Event: 5.253 GC heap after
Heap after GC invocations=7 (full 0):
 def new generation   total 4928K, used 3K [0x04a00000, 0x04f50000, 0x09f50000)
  eden space 4416K,   0% used [0x04a00000, 0x04a00000, 0x04e50000)
  from space 512K,   0% used [0x04ed0000, 0x04ed0fc0, 0x04f50000)
  to   space 512K,   0% used [0x04e50000, 0x04e50000, 0x04ed0000)
 tenured generation   total 10944K, used 2481K [0x09f50000, 0x0aa00000, 0x14a00000)
   the space 10944K,  22% used [0x09f50000, 0x0a1bc670, 0x0a1bc800, 0x0aa00000)
 compacting perm gen  total 12288K, used 4784K [0x14a00000, 0x15600000, 0x18a00000)
   the space 12288K,  38% used [0x14a00000, 0x14eac350, 0x14eac400, 0x15600000)
No shared spaces configured.
}
Event: 7.255 GC heap before
{Heap before GC invocations=7 (full 0):
 def new generation   total 4928K, used 4419K [0x04a00000, 0x04f50000, 0x09f50000)
  eden space 4416K, 100% used [0x04a00000, 0x04e50000, 0x04e50000)
  from space 512K,   0% used [0x04ed0000, 0x04ed0fc0, 0x04f50000)
  to   space 512K,   0% used [0x04e50000, 0x04e50000, 0x04ed0000)
 tenured generation   total 10944K, used 2481K [0x09f50000, 0x0aa00000, 0x14a00000)
   the space 10944K,  22% used [0x09f50000, 0x0a1bc670, 0x0a1bc800, 0x0aa00000)
 compacting perm gen  total 12288K, used 4784K [0x14a00000, 0x15600000, 0x18a00000)
   the space 12288K,  38% used [0x14a00000, 0x14eac3b0, 0x14eac400, 0x15600000)
No shared spaces configured.
Event: 7.255 GC heap after
Heap after GC invocations=8 (full 0):
 def new generation   total 4928K, used 4K [0x04a00000, 0x04f50000, 0x09f50000)
  eden space 4416K,   0% used [0x04a00000, 0x04a00000, 0x04e50000)
  from space 512K,   0% used [0x04e50000, 0x04e51110, 0x04ed0000)
  to   space 512K,   0% used [0x04ed0000, 0x04ed0000, 0x04f50000)
 tenured generation   total 10944K, used 2481K [0x09f50000, 0x0aa00000, 0x14a00000)
   the space 10944K,  22% used [0x09f50000, 0x0a1bc670, 0x0a1bc800, 0x0aa00000)
 compacting perm gen  total 12288K, used 4784K [0x14a00000, 0x15600000, 0x18a00000)
   the space 12288K,  38% used [0x14a00000, 0x14eac3b0, 0x14eac400, 0x15600000)
No shared spaces configured.
}
Event: 8.402 GC heap before
{Heap before GC invocations=8 (full 0):
 def new generation   total 4928K, used 4420K [0x04a00000, 0x04f50000, 0x09f50000)
  eden space 4416K, 100% used [0x04a00000, 0x04e50000, 0x04e50000)
  from space 512K,   0% used [0x04e50000, 0x04e51110, 0x04ed0000)
  to   space 512K,   0% used [0x04ed0000, 0x04ed0000, 0x04f50000)
 tenured generation   total 10944K, used 2481K [0x09f50000, 0x0aa00000, 0x14a00000)
   the space 10944K,  22% used [0x09f50000, 0x0a1bc670, 0x0a1bc800, 0x0aa00000)
 compacting perm gen  total 12288K, used 4784K [0x14a00000, 0x15600000, 0x18a00000)
   the space 12288K,  38% used [0x14a00000, 0x14eac3b0, 0x14eac400, 0x15600000)
No shared spaces configured.
Event: 8.403 GC heap after
Heap after GC invocations=9 (full 0):
 def new generation   total 4928K, used 5K [0x04a00000, 0x04f50000, 0x09f50000)
  eden space 4416K,   0% used [0x04a00000, 0x04a00000, 0x04e50000)
  from space 512K,   1% used [0x04ed0000, 0x04ed1488, 0x04f50000)
  to   space 512K,   0% used [0x04e50000, 0x04e50000, 0x04ed0000)
 tenured generation   total 10944K, used 2481K [0x09f50000, 0x0aa00000, 0x14a00000)
   the space 10944K,  22% used [0x09f50000, 0x0a1bc670, 0x0a1bc800, 0x0aa00000)
 compacting perm gen  total 12288K, used 4784K [0x14a00000, 0x15600000, 0x18a00000)
   the space 12288K,  38% used [0x14a00000, 0x14eac3b0, 0x14eac400, 0x15600000)
No shared spaces configured.
}

