# JRE version: Java(TM) SE Runtime Environment (7.0_79-b15) (build 1.7.0_79-b15)
# Java VM: Java HotSpot(TM) Client VM (24.79-b02 mixed mode windows-x86 )
Heap
 def new generation   total 6464K, used 798K [0x04600000, 0x04d00000, 0x09b50000)
  eden space 5760K,  13% used [0x04600000, 0x046c67c0, 0x04ba0000)
  from space 704K,   0% used [0x04c50000, 0x04c51130, 0x04d00000)
  to   space 704K,   0% used [0x04ba0000, 0x04ba0000, 0x04c50000)
 tenured generation   total 14300K, used 8578K [0x09b50000, 0x0a947000, 0x14600000)
   the space 14300K,  59% used [0x09b50000, 0x0a3b0b68, 0x0a3b0c00, 0x0a947000)
 compacting perm gen  total 12288K, used 9046K [0x14600000, 0x15200000, 0x18600000)
   the space 12288K,  73% used [0x14600000, 0x14ed5868, 0x14ed5a00, 0x15200000)
GC Heap History (10 events):
Event: 4.800 GC heap before
{Heap before GC invocations=10 (full 0):
 def new generation   total 4928K, used 4858K [0x04600000, 0x04b50000, 0x09b50000)
  eden space 4416K, 100% used [0x04600000, 0x04a50000, 0x04a50000)
  from space 512K,  86% used [0x04a50000, 0x04abe9e8, 0x04ad0000)
  to   space 512K,   0% used [0x04ad0000, 0x04ad0000, 0x04b50000)
 tenured generation   total 10944K, used 7657K [0x09b50000, 0x0a600000, 0x14600000)
   the space 10944K,  69% used [0x09b50000, 0x0a2ca5f0, 0x0a2ca600, 0x0a600000)
 compacting perm gen  total 12288K, used 9042K [0x14600000, 0x15200000, 0x18600000)
   the space 12288K,  73% used [0x14600000, 0x14ed49c8, 0x14ed4a00, 0x15200000)
No shared spaces configured.
Event: 4.802 GC heap after
Heap after GC invocations=11 (full 0):
 def new generation   total 4928K, used 240K [0x04600000, 0x04b50000, 0x09b50000)
  eden space 4416K,   0% used [0x04600000, 0x04600000, 0x04a50000)
  from space 512K,  46% used [0x04ad0000, 0x04b0c190, 0x04b50000)
  to   space 512K,   0% used [0x04a50000, 0x04a50000, 0x04ad0000)
 tenured generation   total 10944K, used 7852K [0x09b50000, 0x0a600000, 0x14600000)
   the space 10944K,  71% used [0x09b50000, 0x0a2fb158, 0x0a2fb200, 0x0a600000)
 compacting perm gen  total 12288K, used 9042K [0x14600000, 0x15200000, 0x18600000)
   the space 12288K,  73% used [0x14600000, 0x14ed49c8, 0x14ed4a00, 0x15200000)
No shared spaces configured.
}
Event: 5.405 GC heap before
{Heap before GC invocations=11 (full 0):
 def new generation   total 4928K, used 4656K [0x04600000, 0x04b50000, 0x09b50000)
  eden space 4416K, 100% used [0x04600000, 0x04a50000, 0x04a50000)
  from space 512K,  46% used [0x04ad0000, 0x04b0c190, 0x04b50000)
  to   space 512K,   0% used [0x04a50000, 0x04a50000, 0x04ad0000)
 tenured generation   total 10944K, used 7852K [0x09b50000, 0x0a600000, 0x14600000)
   the space 10944K,  71% used [0x09b50000, 0x0a2fb158, 0x0a2fb200, 0x0a600000)
 compacting perm gen  total 12288K, used 9043K [0x14600000, 0x15200000, 0x18600000)
   the space 12288K,  73% used [0x14600000, 0x14ed4df8, 0x14ed4e00, 0x15200000)
No shared spaces configured.
Event: 5.406 GC heap after
Heap after GC invocations=12 (full 0):
 def new generation   total 4928K, used 240K [0x04600000, 0x04b50000, 0x09b50000)
  eden space 4416K,   0% used [0x04600000, 0x04600000, 0x04a50000)
  from space 512K,  46% used [0x04a50000, 0x04a8c160, 0x04ad0000)
  to   space 512K,   0% used [0x04ad0000, 0x04ad0000, 0x04b50000)
 tenured generation   total 10944K, used 7852K [0x09b50000, 0x0a600000, 0x14600000)
   the space 10944K,  71% used [0x09b50000, 0x0a2fb158, 0x0a2fb200, 0x0a600000)
 compacting perm gen  total 12288K, used 9043K [0x14600000, 0x15200000, 0x18600000)
   the space 12288K,  73% used [0x14600000, 0x14ed4df8, 0x14ed4e00, 0x15200000)
No shared spaces configured.
}
Event: 5.629 GC heap before
{Heap before GC invocations=12 (full 0):
 def new generation   total 4928K, used 2044K [0x04600000, 0x04b50000, 0x09b50000)
  eden space 4416K,  40% used [0x04600000, 0x047c3090, 0x04a50000)
  from space 512K,  46% used [0x04a50000, 0x04a8c160, 0x04ad0000)
  to   space 512K,   0% used [0x04ad0000, 0x04ad0000, 0x04b50000)
 tenured generation   total 10944K, used 7852K [0x09b50000, 0x0a600000, 0x14600000)
   the space 10944K,  71% used [0x09b50000, 0x0a2fb158, 0x0a2fb200, 0x0a600000)
 compacting perm gen  total 12288K, used 9043K [0x14600000, 0x15200000, 0x18600000)
   the space 12288K,  73% used [0x14600000, 0x14ed4df8, 0x14ed4e00, 0x15200000)
No shared spaces configured.
Event: 5.631 GC heap after
Heap after GC invocations=13 (full 0):
 def new generation   total 4928K, used 240K [0x04600000, 0x04b50000, 0x09b50000)
  eden space 4416K,   0% used [0x04600000, 0x04600000, 0x04a50000)
  from space 512K,  47% used [0x04ad0000, 0x04b0c318, 0x04b50000)
  to   space 512K,   0% used [0x04a50000, 0x04a50000, 0x04ad0000)
 tenured generation   total 10944K, used 7852K [0x09b50000, 0x0a600000, 0x14600000)
   the space 10944K,  71% used [0x09b50000, 0x0a2fb158, 0x0a2fb200, 0x0a600000)
 compacting perm gen  total 12288K, used 9043K [0x14600000, 0x15200000, 0x18600000)
   the space 12288K,  73% used [0x14600000, 0x14ed4df8, 0x14ed4e00, 0x15200000)
No shared spaces configured.
}
Event: 5.668 GC heap before
{Heap before GC invocations=13 (full 0):
 def new generation   total 4928K, used 4656K [0x04600000, 0x04b50000, 0x09b50000)
  eden space 4416K, 100% used [0x04600000, 0x04a50000, 0x04a50000)
  from space 512K,  47% used [0x04ad0000, 0x04b0c318, 0x04b50000)
  to   space 512K,   0% used [0x04a50000, 0x04a50000, 0x04ad0000)
 tenured generation   total 10944K, used 7852K [0x09b50000, 0x0a600000, 0x14600000)
   the space 10944K,  71% used [0x09b50000, 0x0a2fb158, 0x0a2fb200, 0x0a600000)
 compacting perm gen  total 12288K, used 9043K [0x14600000, 0x15200000, 0x18600000)
   the space 12288K,  73% used [0x14600000, 0x14ed4df8, 0x14ed4e00, 0x15200000)
No shared spaces configured.
Event: 5.703 GC heap after
Heap after GC invocations=14 (full 1):
 def new generation   total 6464K, used 0K [0x04600000, 0x04d00000, 0x09b50000)
  eden space 5760K,   0% used [0x04600000, 0x04600000, 0x04ba0000)
  from space 704K,   0% used [0x04ba0000, 0x04ba0000, 0x04c50000)
  to   space 704K,   0% used [0x04c50000, 0x04c50000, 0x04d00000)
 tenured generation   total 14300K, used 8578K [0x09b50000, 0x0a947000, 0x14600000)
   the space 14300K,  59% used [0x09b50000, 0x0a3b0b68, 0x0a3b0c00, 0x0a947000)
 compacting perm gen  total 12288K, used 9043K [0x14600000, 0x15200000, 0x18600000)
   the space 12288K,  73% used [0x14600000, 0x14ed4df8, 0x14ed4e00, 0x15200000)
No shared spaces configured.
}
Event: 6.464 GC heap before
{Heap before GC invocations=14 (full 1):
 def new generation   total 6464K, used 5760K [0x04600000, 0x04d00000, 0x09b50000)
  eden space 5760K, 100% used [0x04600000, 0x04ba0000, 0x04ba0000)
  from space 704K,   0% used [0x04ba0000, 0x04ba0000, 0x04c50000)
  to   space 704K,   0% used [0x04c50000, 0x04c50000, 0x04d00000)
 tenured generation   total 14300K, used 8578K [0x09b50000, 0x0a947000, 0x14600000)
   the space 14300K,  59% used [0x09b50000, 0x0a3b0b68, 0x0a3b0c00, 0x0a947000)
 compacting perm gen  total 12288K, used 9043K [0x14600000, 0x15200000, 0x18600000)
   the space 12288K,  73% used [0x14600000, 0x14ed4df8, 0x14ed4e00, 0x15200000)
No shared spaces configured.
Event: 6.464 GC heap after
Heap after GC invocations=15 (full 1):
 def new generation   total 6464K, used 4K [0x04600000, 0x04d00000, 0x09b50000)
  eden space 5760K,   0% used [0x04600000, 0x04600000, 0x04ba0000)
  from space 704K,   0% used [0x04c50000, 0x04c51130, 0x04d00000)
  to   space 704K,   0% used [0x04ba0000, 0x04ba0000, 0x04c50000)
 tenured generation   total 14300K, used 8578K [0x09b50000, 0x0a947000, 0x14600000)
   the space 14300K,  59% used [0x09b50000, 0x0a3b0b68, 0x0a3b0c00, 0x0a947000)
 compacting perm gen  total 12288K, used 9043K [0x14600000, 0x15200000, 0x18600000)
   the space 12288K,  73% used [0x14600000, 0x14ed4df8, 0x14ed4e00, 0x15200000)
No shared spaces configured.
}

