# JRE version: Java(TM) SE Runtime Environment (7.0_79-b15) (build 1.7.0_79-b15)
# Java VM: Java HotSpot(TM) Client VM (24.79-b02 mixed mode windows-x86 )
Heap
 def new generation   total 4928K, used 2120K [0x04600000, 0x04b50000, 0x09b50000)
  eden space 4416K,  38% used [0x04600000, 0x047a3ce8, 0x04a50000)
  from space 512K,  86% used [0x04a50000, 0x04abe428, 0x04ad0000)
  to   space 512K,   0% used [0x04ad0000, 0x04ad0000, 0x04b50000)
 tenured generation   total 10944K, used 9848K [0x09b50000, 0x0a600000, 0x14600000)
   the space 10944K,  89% used [0x09b50000, 0x0a4ee108, 0x0a4ee200, 0x0a600000)
 compacting perm gen  total 12288K, used 9013K [0x14600000, 0x15200000, 0x18600000)
   the space 12288K,  73% used [0x14600000, 0x14ecd5c8, 0x14ecd600, 0x15200000)
GC Heap History (10 events):
Event: 3.260 GC heap before
{Heap before GC invocations=9 (full 0):
 def new generation   total 4928K, used 4886K [0x04600000, 0x04b50000, 0x09b50000)
  eden space 4416K,  99% used [0x04600000, 0x04a4f300, 0x04a50000)
  from space 512K,  92% used [0x04ad0000, 0x04b466a8, 0x04b50000)
  to   space 512K,   0% used [0x04a50000, 0x04a50000, 0x04ad0000)
 tenured generation   total 10944K, used 6819K [0x09b50000, 0x0a600000, 0x14600000)
   the space 10944K,  62% used [0x09b50000, 0x0a1f8c00, 0x0a1f8c00, 0x0a600000)
 compacting perm gen  total 12288K, used 9009K [0x14600000, 0x15200000, 0x18600000)
   the space 12288K,  73% used [0x14600000, 0x14ecc558, 0x14ecc600, 0x15200000)
No shared spaces configured.
Event: 3.263 GC heap after
Heap after GC invocations=10 (full 0):
 def new generation   total 4928K, used 457K [0x04600000, 0x04b50000, 0x09b50000)
  eden space 4416K,   0% used [0x04600000, 0x04600000, 0x04a50000)
  from space 512K,  89% used [0x04a50000, 0x04ac2738, 0x04ad0000)
  to   space 512K,   0% used [0x04ad0000, 0x04ad0000, 0x04b50000)
 tenured generation   total 10944K, used 7268K [0x09b50000, 0x0a600000, 0x14600000)
   the space 10944K,  66% used [0x09b50000, 0x0a269040, 0x0a269200, 0x0a600000)
 compacting perm gen  total 12288K, used 9009K [0x14600000, 0x15200000, 0x18600000)
   the space 12288K,  73% used [0x14600000, 0x14ecc558, 0x14ecc600, 0x15200000)
No shared spaces configured.
}
Event: 3.743 GC heap before
{Heap before GC invocations=10 (full 0):
 def new generation   total 4928K, used 4873K [0x04600000, 0x04b50000, 0x09b50000)
  eden space 4416K, 100% used [0x04600000, 0x04a50000, 0x04a50000)
  from space 512K,  89% used [0x04a50000, 0x04ac2738, 0x04ad0000)
  to   space 512K,   0% used [0x04ad0000, 0x04ad0000, 0x04b50000)
 tenured generation   total 10944K, used 7268K [0x09b50000, 0x0a600000, 0x14600000)
   the space 10944K,  66% used [0x09b50000, 0x0a269040, 0x0a269200, 0x0a600000)
 compacting perm gen  total 12288K, used 9009K [0x14600000, 0x15200000, 0x18600000)
   the space 12288K,  73% used [0x14600000, 0x14ecc608, 0x14ecc800, 0x15200000)
No shared spaces configured.
Event: 3.745 GC heap after
Heap after GC invocations=11 (full 0):
 def new generation   total 4928K, used 125K [0x04600000, 0x04b50000, 0x09b50000)
  eden space 4416K,   0% used [0x04600000, 0x04600000, 0x04a50000)
  from space 512K,  24% used [0x04ad0000, 0x04aef4a0, 0x04b50000)
  to   space 512K,   0% used [0x04a50000, 0x04a50000, 0x04ad0000)
 tenured generation   total 10944K, used 7710K [0x09b50000, 0x0a600000, 0x14600000)
   the space 10944K,  70% used [0x09b50000, 0x0a2d7a00, 0x0a2d7a00, 0x0a600000)
 compacting perm gen  total 12288K, used 9009K [0x14600000, 0x15200000, 0x18600000)
   the space 12288K,  73% used [0x14600000, 0x14ecc608, 0x14ecc800, 0x15200000)
No shared spaces configured.
}
Event: 4.331 GC heap before
{Heap before GC invocations=11 (full 0):
 def new generation   total 4928K, used 4389K [0x04600000, 0x04b50000, 0x09b50000)
  eden space 4416K,  96% used [0x04600000, 0x04a2a0a8, 0x04a50000)
  from space 512K,  24% used [0x04ad0000, 0x04aef4a0, 0x04b50000)
  to   space 512K,   0% used [0x04a50000, 0x04a50000, 0x04ad0000)
 tenured generation   total 10944K, used 7710K [0x09b50000, 0x0a600000, 0x14600000)
   the space 10944K,  70% used [0x09b50000, 0x0a2d7a00, 0x0a2d7a00, 0x0a600000)
 compacting perm gen  total 12288K, used 9009K [0x14600000, 0x15200000, 0x18600000)
   the space 12288K,  73% used [0x14600000, 0x14ecc638, 0x14ecc800, 0x15200000)
No shared spaces configured.
Event: 4.333 GC heap after
Heap after GC invocations=12 (full 0):
 def new generation   total 4928K, used 157K [0x04600000, 0x04b50000, 0x09b50000)
  eden space 4416K,   0% used [0x04600000, 0x04600000, 0x04a50000)
  from space 512K,  30% used [0x04a50000, 0x04a77710, 0x04ad0000)
  to   space 512K,   0% used [0x04ad0000, 0x04ad0000, 0x04b50000)
 tenured generation   total 10944K, used 7710K [0x09b50000, 0x0a600000, 0x14600000)
   the space 10944K,  70% used [0x09b50000, 0x0a2d7a00, 0x0a2d7a00, 0x0a600000)
 compacting perm gen  total 12288K, used 9009K [0x14600000, 0x15200000, 0x18600000)
   the space 12288K,  73% used [0x14600000, 0x14ecc638, 0x14ecc800, 0x15200000)
No shared spaces configured.
}
Event: 4.691 GC heap before
{Heap before GC invocations=12 (full 0):
 def new generation   total 4928K, used 4573K [0x04600000, 0x04b50000, 0x09b50000)
  eden space 4416K, 100% used [0x04600000, 0x04a50000, 0x04a50000)
  from space 512K,  30% used [0x04a50000, 0x04a77710, 0x04ad0000)
  to   space 512K,   0% used [0x04ad0000, 0x04ad0000, 0x04b50000)
 tenured generation   total 10944K, used 7710K [0x09b50000, 0x0a600000, 0x14600000)
   the space 10944K,  70% used [0x09b50000, 0x0a2d7a00, 0x0a2d7a00, 0x0a600000)
 compacting perm gen  total 12288K, used 9010K [0x14600000, 0x15200000, 0x18600000)
   the space 12288K,  73% used [0x14600000, 0x14eccb18, 0x14eccc00, 0x15200000)
No shared spaces configured.
Event: 4.693 GC heap after
Heap after GC invocations=13 (full 0):
 def new generation   total 4928K, used 512K [0x04600000, 0x04b50000, 0x09b50000)
  eden space 4416K,   0% used [0x04600000, 0x04600000, 0x04a50000)
  from space 512K, 100% used [0x04ad0000, 0x04b50000, 0x04b50000)
  to   space 512K,   0% used [0x04a50000, 0x04a50000, 0x04ad0000)
 tenured generation   total 10944K, used 8519K [0x09b50000, 0x0a600000, 0x14600000)
   the space 10944K,  77% used [0x09b50000, 0x0a3a1fa0, 0x0a3a2000, 0x0a600000)
 compacting perm gen  total 12288K, used 9010K [0x14600000, 0x15200000, 0x18600000)
   the space 12288K,  73% used [0x14600000, 0x14eccb18, 0x14eccc00, 0x15200000)
No shared spaces configured.
}
Event: 4.968 GC heap before
{Heap before GC invocations=13 (full 0):
 def new generation   total 4928K, used 4928K [0x04600000, 0x04b50000, 0x09b50000)
  eden space 4416K, 100% used [0x04600000, 0x04a50000, 0x04a50000)
  from space 512K, 100% used [0x04ad0000, 0x04b50000, 0x04b50000)
  to   space 512K,   0% used [0x04a50000, 0x04a50000, 0x04ad0000)
 tenured generation   total 10944K, used 8519K [0x09b50000, 0x0a600000, 0x14600000)
   the space 10944K,  77% used [0x09b50000, 0x0a3a1fa0, 0x0a3a2000, 0x0a600000)
 compacting perm gen  total 12288K, used 9010K [0x14600000, 0x15200000, 0x18600000)
   the space 12288K,  73% used [0x14600000, 0x14eccb18, 0x14eccc00, 0x15200000)
No shared spaces configured.
Event: 4.970 GC heap after
Heap after GC invocations=14 (full 0):
 def new generation   total 4928K, used 441K [0x04600000, 0x04b50000, 0x09b50000)
  eden space 4416K,   0% used [0x04600000, 0x04600000, 0x04a50000)
  from space 512K,  86% used [0x04a50000, 0x04abe428, 0x04ad0000)
  to   space 512K,   0% used [0x04ad0000, 0x04ad0000, 0x04b50000)
 tenured generation   total 10944K, used 9848K [0x09b50000, 0x0a600000, 0x14600000)
   the space 10944K,  89% used [0x09b50000, 0x0a4ee108, 0x0a4ee200, 0x0a600000)
 compacting perm gen  total 12288K, used 9010K [0x14600000, 0x15200000, 0x18600000)
   the space 12288K,  73% used [0x14600000, 0x14eccb18, 0x14eccc00, 0x15200000)
No shared spaces configured.
}

