# JRE version: Java(TM) SE Runtime Environment (7.0_79-b15) (build 1.7.0_79-b15)
# Java VM: Java HotSpot(TM) Client VM (24.79-b02 mixed mode windows-x86 )
Heap
 def new generation   total 5184K, used 1796K [0x04800000, 0x04da0000, 0x09d50000)
  eden space 4608K,  38% used [0x04800000, 0x049b8c30, 0x04c80000)
  from space 576K,   5% used [0x04d10000, 0x04d186c8, 0x04da0000)
  to   space 576K,   0% used [0x04c80000, 0x04c80000, 0x04d10000)
 tenured generation   total 11376K, used 10591K [0x09d50000, 0x0a86c000, 0x14800000)
   the space 11376K,  93% used [0x09d50000, 0x0a7a7cd0, 0x0a7a7e00, 0x0a86c000)
 compacting perm gen  total 12288K, used 9252K [0x14800000, 0x15400000, 0x18800000)
   the space 12288K,  75% used [0x14800000, 0x15109148, 0x15109200, 0x15400000)
GC Heap History (10 events):
Event: 112.820 GC heap before
{Heap before GC invocations=165 (full 1):
 def new generation   total 5184K, used 4610K [0x04800000, 0x04da0000, 0x09d50000)
  eden space 4608K, 100% used [0x04800000, 0x04c80000, 0x04c80000)
  from space 576K,   0% used [0x04c80000, 0x04c80890, 0x04d10000)
  to   space 576K,   0% used [0x04d10000, 0x04d10000, 0x04da0000)
 tenured generation   total 11376K, used 10313K [0x09d50000, 0x0a86c000, 0x14800000)
   the space 11376K,  90% used [0x09d50000, 0x0a7627e0, 0x0a762800, 0x0a86c000)
 compacting perm gen  total 12288K, used 9246K [0x14800000, 0x15400000, 0x18800000)
   the space 12288K,  75% used [0x14800000, 0x151079e0, 0x15107a00, 0x15400000)
No shared spaces configured.
Event: 112.821 GC heap after
Heap after GC invocations=166 (full 1):
 def new generation   total 5184K, used 1K [0x04800000, 0x04da0000, 0x09d50000)
  eden space 4608K,   0% used [0x04800000, 0x04800000, 0x04c80000)
  from space 576K,   0% used [0x04d10000, 0x04d107b8, 0x04da0000)
  to   space 576K,   0% used [0x04c80000, 0x04c80000, 0x04d10000)
 tenured generation   total 11376K, used 10313K [0x09d50000, 0x0a86c000, 0x14800000)
   the space 11376K,  90% used [0x09d50000, 0x0a7627e0, 0x0a762800, 0x0a86c000)
 compacting perm gen  total 12288K, used 9246K [0x14800000, 0x15400000, 0x18800000)
   the space 12288K,  75% used [0x14800000, 0x151079e0, 0x15107a00, 0x15400000)
No shared spaces configured.
}
Event: 113.831 GC heap before
{Heap before GC invocations=166 (full 1):
 def new generation   total 5184K, used 4609K [0x04800000, 0x04da0000, 0x09d50000)
  eden space 4608K, 100% used [0x04800000, 0x04c80000, 0x04c80000)
  from space 576K,   0% used [0x04d10000, 0x04d107b8, 0x04da0000)
  to   space 576K,   0% used [0x04c80000, 0x04c80000, 0x04d10000)
 tenured generation   total 11376K, used 10313K [0x09d50000, 0x0a86c000, 0x14800000)
   the space 11376K,  90% used [0x09d50000, 0x0a7627e0, 0x0a762800, 0x0a86c000)
 compacting perm gen  total 12288K, used 9246K [0x14800000, 0x15400000, 0x18800000)
   the space 12288K,  75% used [0x14800000, 0x151079f0, 0x15107a00, 0x15400000)
No shared spaces configured.
Event: 113.831 GC heap after
Heap after GC invocations=167 (full 1):
 def new generation   total 5184K, used 1K [0x04800000, 0x04da0000, 0x09d50000)
  eden space 4608K,   0% used [0x04800000, 0x04800000, 0x04c80000)
  from space 576K,   0% used [0x04c80000, 0x04c80798, 0x04d10000)
  to   space 576K,   0% used [0x04d10000, 0x04d10000, 0x04da0000)
 tenured generation   total 11376K, used 10313K [0x09d50000, 0x0a86c000, 0x14800000)
   the space 11376K,  90% used [0x09d50000, 0x0a7627e0, 0x0a762800, 0x0a86c000)
 compacting perm gen  total 12288K, used 9246K [0x14800000, 0x15400000, 0x18800000)
   the space 12288K,  75% used [0x14800000, 0x151079f0, 0x15107a00, 0x15400000)
No shared spaces configured.
}
Event: 114.693 GC heap before
{Heap before GC invocations=167 (full 1):
 def new generation   total 5184K, used 4609K [0x04800000, 0x04da0000, 0x09d50000)
  eden space 4608K, 100% used [0x04800000, 0x04c80000, 0x04c80000)
  from space 576K,   0% used [0x04c80000, 0x04c80798, 0x04d10000)
  to   space 576K,   0% used [0x04d10000, 0x04d10000, 0x04da0000)
 tenured generation   total 11376K, used 10313K [0x09d50000, 0x0a86c000, 0x14800000)
   the space 11376K,  90% used [0x09d50000, 0x0a7627e0, 0x0a762800, 0x0a86c000)
 compacting perm gen  total 12288K, used 9248K [0x14800000, 0x15400000, 0x18800000)
   the space 12288K,  75% used [0x14800000, 0x15108218, 0x15108400, 0x15400000)
No shared spaces configured.
Event: 114.694 GC heap after
Heap after GC invocations=168 (full 1):
 def new generation   total 5184K, used 279K [0x04800000, 0x04da0000, 0x09d50000)
  eden space 4608K,   0% used [0x04800000, 0x04800000, 0x04c80000)
  from space 576K,  48% used [0x04d10000, 0x04d55fe8, 0x04da0000)
  to   space 576K,   0% used [0x04c80000, 0x04c80000, 0x04d10000)
 tenured generation   total 11376K, used 10314K [0x09d50000, 0x0a86c000, 0x14800000)
   the space 11376K,  90% used [0x09d50000, 0x0a762888, 0x0a762a00, 0x0a86c000)
 compacting perm gen  total 12288K, used 9248K [0x14800000, 0x15400000, 0x18800000)
   the space 12288K,  75% used [0x14800000, 0x15108218, 0x15108400, 0x15400000)
No shared spaces configured.
}
Event: 115.778 GC heap before
{Heap before GC invocations=168 (full 1):
 def new generation   total 5184K, used 4887K [0x04800000, 0x04da0000, 0x09d50000)
  eden space 4608K, 100% used [0x04800000, 0x04c80000, 0x04c80000)
  from space 576K,  48% used [0x04d10000, 0x04d55fe8, 0x04da0000)
  to   space 576K,   0% used [0x04c80000, 0x04c80000, 0x04d10000)
 tenured generation   total 11376K, used 10314K [0x09d50000, 0x0a86c000, 0x14800000)
   the space 11376K,  90% used [0x09d50000, 0x0a762888, 0x0a762a00, 0x0a86c000)
 compacting perm gen  total 12288K, used 9248K [0x14800000, 0x15400000, 0x18800000)
   the space 12288K,  75% used [0x14800000, 0x15108218, 0x15108400, 0x15400000)
No shared spaces configured.
Event: 115.778 GC heap after
Heap after GC invocations=169 (full 1):
 def new generation   total 5184K, used 312K [0x04800000, 0x04da0000, 0x09d50000)
  eden space 4608K,   0% used [0x04800000, 0x04800000, 0x04c80000)
  from space 576K,  54% used [0x04c80000, 0x04cce3d8, 0x04d10000)
  to   space 576K,   0% used [0x04d10000, 0x04d10000, 0x04da0000)
 tenured generation   total 11376K, used 10314K [0x09d50000, 0x0a86c000, 0x14800000)
   the space 11376K,  90% used [0x09d50000, 0x0a762888, 0x0a762a00, 0x0a86c000)
 compacting perm gen  total 12288K, used 9248K [0x14800000, 0x15400000, 0x18800000)
   the space 12288K,  75% used [0x14800000, 0x15108218, 0x15108400, 0x15400000)
No shared spaces configured.
}
Event: 116.728 GC heap before
{Heap before GC invocations=169 (full 1):
 def new generation   total 5184K, used 4920K [0x04800000, 0x04da0000, 0x09d50000)
  eden space 4608K, 100% used [0x04800000, 0x04c80000, 0x04c80000)
  from space 576K,  54% used [0x04c80000, 0x04cce3d8, 0x04d10000)
  to   space 576K,   0% used [0x04d10000, 0x04d10000, 0x04da0000)
 tenured generation   total 11376K, used 10314K [0x09d50000, 0x0a86c000, 0x14800000)
   the space 11376K,  90% used [0x09d50000, 0x0a762888, 0x0a762a00, 0x0a86c000)
 compacting perm gen  total 12288K, used 9248K [0x14800000, 0x15400000, 0x18800000)
   the space 12288K,  75% used [0x14800000, 0x15108218, 0x15108400, 0x15400000)
No shared spaces configured.
Event: 116.729 GC heap after
Heap after GC invocations=170 (full 1):
 def new generation   total 5184K, used 33K [0x04800000, 0x04da0000, 0x09d50000)
  eden space 4608K,   0% used [0x04800000, 0x04800000, 0x04c80000)
  from space 576K,   5% used [0x04d10000, 0x04d186c8, 0x04da0000)
  to   space 576K,   0% used [0x04c80000, 0x04c80000, 0x04d10000)
 tenured generation   total 11376K, used 10591K [0x09d50000, 0x0a86c000, 0x14800000)
   the space 11376K,  93% used [0x09d50000, 0x0a7a7cd0, 0x0a7a7e00, 0x0a86c000)
 compacting perm gen  total 12288K, used 9248K [0x14800000, 0x15400000, 0x18800000)
   the space 12288K,  75% used [0x14800000, 0x15108218, 0x15108400, 0x15400000)
No shared spaces configured.
}

