# JRE version: Java(TM) SE Runtime Environment (7.0_79-b15) (build 1.7.0_79-b15)
# Java VM: Java HotSpot(TM) Client VM (24.79-b02 mixed mode windows-x86 )
Heap
 def new generation   total 8640K, used 1478K [0x04400000, 0x04d60000, 0x09950000)
  eden space 7680K,  18% used [0x04400000, 0x045655e0, 0x04b80000)
  from space 960K,   5% used [0x04c70000, 0x04c7c450, 0x04d60000)
  to   space 960K,   0% used [0x04b80000, 0x04b80000, 0x04c70000)
 tenured generation   total 19120K, used 15684K [0x09950000, 0x0abfc000, 0x14400000)
   the space 19120K,  82% used [0x09950000, 0x0a8a1310, 0x0a8a1400, 0x0abfc000)
 compacting perm gen  total 12288K, used 9346K [0x14400000, 0x15000000, 0x18400000)
   the space 12288K,  76% used [0x14400000, 0x14d20bf0, 0x14d20c00, 0x15000000)
GC Heap History (10 events):
Event: 84.100 GC heap before
{Heap before GC invocations=109 (full 3):
 def new generation   total 8640K, used 8242K [0x04400000, 0x04d60000, 0x09950000)
  eden space 7680K, 100% used [0x04400000, 0x04b80000, 0x04b80000)
  from space 960K,  58% used [0x04b80000, 0x04c0c9b8, 0x04c70000)
  to   space 960K,   0% used [0x04c70000, 0x04c70000, 0x04d60000)
 tenured generation   total 19120K, used 15155K [0x09950000, 0x0abfc000, 0x14400000)
   the space 19120K,  79% used [0x09950000, 0x0a81ce58, 0x0a81d000, 0x0abfc000)
 compacting perm gen  total 12288K, used 9343K [0x14400000, 0x15000000, 0x18400000)
   the space 12288K,  76% used [0x14400000, 0x14d1fcc0, 0x14d1fe00, 0x15000000)
No shared spaces configured.
Event: 84.101 GC heap after
Heap after GC invocations=110 (full 3):
 def new generation   total 8640K, used 50K [0x04400000, 0x04d60000, 0x09950000)
  eden space 7680K,   0% used [0x04400000, 0x04400000, 0x04b80000)
  from space 960K,   5% used [0x04c70000, 0x04c7c838, 0x04d60000)
  to   space 960K,   0% used [0x04b80000, 0x04b80000, 0x04c70000)
 tenured generation   total 19120K, used 15684K [0x09950000, 0x0abfc000, 0x14400000)
   the space 19120K,  82% used [0x09950000, 0x0a8a1310, 0x0a8a1400, 0x0abfc000)
 compacting perm gen  total 12288K, used 9343K [0x14400000, 0x15000000, 0x18400000)
   the space 12288K,  76% used [0x14400000, 0x14d1fcc0, 0x14d1fe00, 0x15000000)
No shared spaces configured.
}
Event: 85.641 GC heap before
{Heap before GC invocations=110 (full 3):
 def new generation   total 8640K, used 7730K [0x04400000, 0x04d60000, 0x09950000)
  eden space 7680K, 100% used [0x04400000, 0x04b80000, 0x04b80000)
  from space 960K,   5% used [0x04c70000, 0x04c7c838, 0x04d60000)
  to   space 960K,   0% used [0x04b80000, 0x04b80000, 0x04c70000)
 tenured generation   total 19120K, used 15684K [0x09950000, 0x0abfc000, 0x14400000)
   the space 19120K,  82% used [0x09950000, 0x0a8a1310, 0x0a8a1400, 0x0abfc000)
 compacting perm gen  total 12288K, used 9343K [0x14400000, 0x15000000, 0x18400000)
   the space 12288K,  76% used [0x14400000, 0x14d1fcc0, 0x14d1fe00, 0x15000000)
No shared spaces configured.
Event: 85.641 GC heap after
Heap after GC invocations=111 (full 3):
 def new generation   total 8640K, used 49K [0x04400000, 0x04d60000, 0x09950000)
  eden space 7680K,   0% used [0x04400000, 0x04400000, 0x04b80000)
  from space 960K,   5% used [0x04b80000, 0x04b8c618, 0x04c70000)
  to   space 960K,   0% used [0x04c70000, 0x04c70000, 0x04d60000)
 tenured generation   total 19120K, used 15684K [0x09950000, 0x0abfc000, 0x14400000)
   the space 19120K,  82% used [0x09950000, 0x0a8a1310, 0x0a8a1400, 0x0abfc000)
 compacting perm gen  total 12288K, used 9343K [0x14400000, 0x15000000, 0x18400000)
   the space 12288K,  76% used [0x14400000, 0x14d1fcc0, 0x14d1fe00, 0x15000000)
No shared spaces configured.
}
Event: 87.113 GC heap before
{Heap before GC invocations=111 (full 3):
 def new generation   total 8640K, used 7729K [0x04400000, 0x04d60000, 0x09950000)
  eden space 7680K, 100% used [0x04400000, 0x04b80000, 0x04b80000)
  from space 960K,   5% used [0x04b80000, 0x04b8c618, 0x04c70000)
  to   space 960K,   0% used [0x04c70000, 0x04c70000, 0x04d60000)
 tenured generation   total 19120K, used 15684K [0x09950000, 0x0abfc000, 0x14400000)
   the space 19120K,  82% used [0x09950000, 0x0a8a1310, 0x0a8a1400, 0x0abfc000)
 compacting perm gen  total 12288K, used 9343K [0x14400000, 0x15000000, 0x18400000)
   the space 12288K,  76% used [0x14400000, 0x14d1fcc0, 0x14d1fe00, 0x15000000)
No shared spaces configured.
Event: 87.114 GC heap after
Heap after GC invocations=112 (full 3):
 def new generation   total 8640K, used 49K [0x04400000, 0x04d60000, 0x09950000)
  eden space 7680K,   0% used [0x04400000, 0x04400000, 0x04b80000)
  from space 960K,   5% used [0x04c70000, 0x04c7c678, 0x04d60000)
  to   space 960K,   0% used [0x04b80000, 0x04b80000, 0x04c70000)
 tenured generation   total 19120K, used 15684K [0x09950000, 0x0abfc000, 0x14400000)
   the space 19120K,  82% used [0x09950000, 0x0a8a1310, 0x0a8a1400, 0x0abfc000)
 compacting perm gen  total 12288K, used 9343K [0x14400000, 0x15000000, 0x18400000)
   the space 12288K,  76% used [0x14400000, 0x14d1fcc0, 0x14d1fe00, 0x15000000)
No shared spaces configured.
}
Event: 88.581 GC heap before
{Heap before GC invocations=112 (full 3):
 def new generation   total 8640K, used 7729K [0x04400000, 0x04d60000, 0x09950000)
  eden space 7680K, 100% used [0x04400000, 0x04b80000, 0x04b80000)
  from space 960K,   5% used [0x04c70000, 0x04c7c678, 0x04d60000)
  to   space 960K,   0% used [0x04b80000, 0x04b80000, 0x04c70000)
 tenured generation   total 19120K, used 15684K [0x09950000, 0x0abfc000, 0x14400000)
   the space 19120K,  82% used [0x09950000, 0x0a8a1310, 0x0a8a1400, 0x0abfc000)
 compacting perm gen  total 12288K, used 9343K [0x14400000, 0x15000000, 0x18400000)
   the space 12288K,  76% used [0x14400000, 0x14d1fcc0, 0x14d1fe00, 0x15000000)
No shared spaces configured.
Event: 88.582 GC heap after
Heap after GC invocations=113 (full 3):
 def new generation   total 8640K, used 49K [0x04400000, 0x04d60000, 0x09950000)
  eden space 7680K,   0% used [0x04400000, 0x04400000, 0x04b80000)
  from space 960K,   5% used [0x04b80000, 0x04b8c680, 0x04c70000)
  to   space 960K,   0% used [0x04c70000, 0x04c70000, 0x04d60000)
 tenured generation   total 19120K, used 15684K [0x09950000, 0x0abfc000, 0x14400000)
   the space 19120K,  82% used [0x09950000, 0x0a8a1310, 0x0a8a1400, 0x0abfc000)
 compacting perm gen  total 12288K, used 9343K [0x14400000, 0x15000000, 0x18400000)
   the space 12288K,  76% used [0x14400000, 0x14d1fcc0, 0x14d1fe00, 0x15000000)
No shared spaces configured.
}
Event: 90.065 GC heap before
{Heap before GC invocations=113 (full 3):
 def new generation   total 8640K, used 7729K [0x04400000, 0x04d60000, 0x09950000)
  eden space 7680K, 100% used [0x04400000, 0x04b80000, 0x04b80000)
  from space 960K,   5% used [0x04b80000, 0x04b8c680, 0x04c70000)
  to   space 960K,   0% used [0x04c70000, 0x04c70000, 0x04d60000)
 tenured generation   total 19120K, used 15684K [0x09950000, 0x0abfc000, 0x14400000)
   the space 19120K,  82% used [0x09950000, 0x0a8a1310, 0x0a8a1400, 0x0abfc000)
 compacting perm gen  total 12288K, used 9343K [0x14400000, 0x15000000, 0x18400000)
   the space 12288K,  76% used [0x14400000, 0x14d1fcc0, 0x14d1fe00, 0x15000000)
No shared spaces configured.
Event: 90.065 GC heap after
Heap after GC invocations=114 (full 3):
 def new generation   total 8640K, used 49K [0x04400000, 0x04d60000, 0x09950000)
  eden space 7680K,   0% used [0x04400000, 0x04400000, 0x04b80000)
  from space 960K,   5% used [0x04c70000, 0x04c7c450, 0x04d60000)
  to   space 960K,   0% used [0x04b80000, 0x04b80000, 0x04c70000)
 tenured generation   total 19120K, used 15684K [0x09950000, 0x0abfc000, 0x14400000)
   the space 19120K,  82% used [0x09950000, 0x0a8a1310, 0x0a8a1400, 0x0abfc000)
 compacting perm gen  total 12288K, used 9343K [0x14400000, 0x15000000, 0x18400000)
   the space 12288K,  76% used [0x14400000, 0x14d1fcc0, 0x14d1fe00, 0x15000000)
No shared spaces configured.
}

