# JRE version: Java(TM) SE Runtime Environment (7.0_79-b15) (build 1.7.0_79-b15)
# Java VM: Java HotSpot(TM) Client VM (24.79-b02 mixed mode windows-x86 )
Heap
 def new generation   total 6400K, used 40K [0x04200000, 0x048f0000, 0x09750000)
  eden space 5696K,   0% used [0x04200000, 0x04200000, 0x04790000)
  from space 704K,   5% used [0x04840000, 0x0484a218, 0x048f0000)
  to   space 704K,   0% used [0x04790000, 0x04790000, 0x04840000)
 tenured generation   total 14076K, used 8444K [0x09750000, 0x0a50f000, 0x14200000)
   the space 14076K,  59% used [0x09750000, 0x09f8f128, 0x09f7be00, 0x0a50f000)
 compacting perm gen  total 12288K, used 8963K [0x14200000, 0x14e00000, 0x18200000)
   the space 12288K,  72% used [0x14200000, 0x14ac0da8, 0x14ac0e00, 0x14e00000)
GC Heap History (10 events):
Event: 6.975 GC heap after
Heap after GC invocations=16 (full 1):
 def new generation   total 6400K, used 8K [0x04200000, 0x048f0000, 0x09750000)
  eden space 5696K,   0% used [0x04200000, 0x04200000, 0x04790000)
  from space 704K,   1% used [0x04790000, 0x04792170, 0x04840000)
  to   space 704K,   0% used [0x04840000, 0x04840000, 0x048f0000)
 tenured generation   total 14076K, used 8444K [0x09750000, 0x0a50f000, 0x14200000)
   the space 14076K,  59% used [0x09750000, 0x09f8f128, 0x09f8f200, 0x0a50f000)
 compacting perm gen  total 12288K, used 8948K [0x14200000, 0x14e00000, 0x18200000)
   the space 12288K,  72% used [0x14200000, 0x14abd348, 0x14abd400, 0x14e00000)
No shared spaces configured.
}
Event: 7.614 GC heap before
{Heap before GC invocations=16 (full 1):
 def new generation   total 6400K, used 5704K [0x04200000, 0x048f0000, 0x09750000)
  eden space 5696K, 100% used [0x04200000, 0x04790000, 0x04790000)
  from space 704K,   1% used [0x04790000, 0x04792170, 0x04840000)
  to   space 704K,   0% used [0x04840000, 0x04840000, 0x048f0000)
 tenured generation   total 14076K, used 8444K [0x09750000, 0x0a50f000, 0x14200000)
   the space 14076K,  59% used [0x09750000, 0x09f8f128, 0x09f8f200, 0x0a50f000)
 compacting perm gen  total 12288K, used 8948K [0x14200000, 0x14e00000, 0x18200000)
   the space 12288K,  72% used [0x14200000, 0x14abd348, 0x14abd400, 0x14e00000)
No shared spaces configured.
Event: 7.615 GC heap after
Heap after GC invocations=17 (full 1):
 def new generation   total 6400K, used 7K [0x04200000, 0x048f0000, 0x09750000)
  eden space 5696K,   0% used [0x04200000, 0x04200000, 0x04790000)
  from space 704K,   1% used [0x04840000, 0x04841f08, 0x048f0000)
  to   space 704K,   0% used [0x04790000, 0x04790000, 0x04840000)
 tenured generation   total 14076K, used 8444K [0x09750000, 0x0a50f000, 0x14200000)
   the space 14076K,  59% used [0x09750000, 0x09f8f128, 0x09f8f200, 0x0a50f000)
 compacting perm gen  total 12288K, used 8948K [0x14200000, 0x14e00000, 0x18200000)
   the space 12288K,  72% used [0x14200000, 0x14abd348, 0x14abd400, 0x14e00000)
No shared spaces configured.
}
Event: 8.329 GC heap before
{Heap before GC invocations=17 (full 1):
 def new generation   total 6400K, used 5703K [0x04200000, 0x048f0000, 0x09750000)
  eden space 5696K, 100% used [0x04200000, 0x04790000, 0x04790000)
  from space 704K,   1% used [0x04840000, 0x04841f08, 0x048f0000)
  to   space 704K,   0% used [0x04790000, 0x04790000, 0x04840000)
 tenured generation   total 14076K, used 8444K [0x09750000, 0x0a50f000, 0x14200000)
   the space 14076K,  59% used [0x09750000, 0x09f8f128, 0x09f8f200, 0x0a50f000)
 compacting perm gen  total 12288K, used 8948K [0x14200000, 0x14e00000, 0x18200000)
   the space 12288K,  72% used [0x14200000, 0x14abd348, 0x14abd400, 0x14e00000)
No shared spaces configured.
Event: 8.330 GC heap after
Heap after GC invocations=18 (full 1):
 def new generation   total 6400K, used 9K [0x04200000, 0x048f0000, 0x09750000)
  eden space 5696K,   0% used [0x04200000, 0x04200000, 0x04790000)
  from space 704K,   1% used [0x04790000, 0x04792420, 0x04840000)
  to   space 704K,   0% used [0x04840000, 0x04840000, 0x048f0000)
 tenured generation   total 14076K, used 8444K [0x09750000, 0x0a50f000, 0x14200000)
   the space 14076K,  59% used [0x09750000, 0x09f8f128, 0x09f8f200, 0x0a50f000)
 compacting perm gen  total 12288K, used 8948K [0x14200000, 0x14e00000, 0x18200000)
   the space 12288K,  72% used [0x14200000, 0x14abd348, 0x14abd400, 0x14e00000)
No shared spaces configured.
}
Event: 9.042 GC heap before
{Heap before GC invocations=18 (full 1):
 def new generation   total 6400K, used 5705K [0x04200000, 0x048f0000, 0x09750000)
  eden space 5696K, 100% used [0x04200000, 0x04790000, 0x04790000)
  from space 704K,   1% used [0x04790000, 0x04792420, 0x04840000)
  to   space 704K,   0% used [0x04840000, 0x04840000, 0x048f0000)
 tenured generation   total 14076K, used 8444K [0x09750000, 0x0a50f000, 0x14200000)
   the space 14076K,  59% used [0x09750000, 0x09f8f128, 0x09f8f200, 0x0a50f000)
 compacting perm gen  total 12288K, used 8948K [0x14200000, 0x14e00000, 0x18200000)
   the space 12288K,  72% used [0x14200000, 0x14abd348, 0x14abd400, 0x14e00000)
No shared spaces configured.
Event: 9.042 GC heap after
Heap after GC invocations=19 (full 1):
 def new generation   total 6400K, used 8K [0x04200000, 0x048f0000, 0x09750000)
  eden space 5696K,   0% used [0x04200000, 0x04200000, 0x04790000)
  from space 704K,   1% used [0x04840000, 0x048420b0, 0x048f0000)
  to   space 704K,   0% used [0x04790000, 0x04790000, 0x04840000)
 tenured generation   total 14076K, used 8444K [0x09750000, 0x0a50f000, 0x14200000)
   the space 14076K,  59% used [0x09750000, 0x09f8f128, 0x09f8f200, 0x0a50f000)
 compacting perm gen  total 12288K, used 8948K [0x14200000, 0x14e00000, 0x18200000)
   the space 12288K,  72% used [0x14200000, 0x14abd348, 0x14abd400, 0x14e00000)
No shared spaces configured.
}
Event: 9.718 GC heap before
{Heap before GC invocations=19 (full 1):
 def new generation   total 6400K, used 5704K [0x04200000, 0x048f0000, 0x09750000)
  eden space 5696K, 100% used [0x04200000, 0x04790000, 0x04790000)
  from space 704K,   1% used [0x04840000, 0x048420b0, 0x048f0000)
  to   space 704K,   0% used [0x04790000, 0x04790000, 0x04840000)
 tenured generation   total 14076K, used 8444K [0x09750000, 0x0a50f000, 0x14200000)
   the space 14076K,  59% used [0x09750000, 0x09f8f128, 0x09f8f200, 0x0a50f000)
 compacting perm gen  total 12288K, used 8959K [0x14200000, 0x14e00000, 0x18200000)
   the space 12288K,  72% used [0x14200000, 0x14abff08, 0x14ac0000, 0x14e00000)
No shared spaces configured.
Event: 9.718 GC heap after
Heap after GC invocations=20 (full 1):
 def new generation   total 6400K, used 41K [0x04200000, 0x048f0000, 0x09750000)
  eden space 5696K,   0% used [0x04200000, 0x04200000, 0x04790000)
  from space 704K,   5% used [0x04790000, 0x0479a578, 0x04840000)
  to   space 704K,   0% used [0x04840000, 0x04840000, 0x048f0000)
 tenured generation   total 14076K, used 8444K [0x09750000, 0x0a50f000, 0x14200000)
   the space 14076K,  59% used [0x09750000, 0x09f8f128, 0x09f8f200, 0x0a50f000)
 compacting perm gen  total 12288K, used 8959K [0x14200000, 0x14e00000, 0x18200000)
   the space 12288K,  72% used [0x14200000, 0x14abff08, 0x14ac0000, 0x14e00000)
No shared spaces configured.
}
Event: 10.397 GC heap before
{Heap before GC invocations=20 (full 1):
 def new generation   total 6400K, used 5649K [0x04200000, 0x048f0000, 0x09750000)
  eden space 5696K,  98% used [0x04200000, 0x0477a248, 0x04790000)
  from space 704K,   5% used [0x04790000, 0x0479a578, 0x04840000)
  to   space 704K,   0% used [0x04840000, 0x04840000, 0x048f0000)
 tenured generation   total 14076K, used 8444K [0x09750000, 0x0a50f000, 0x14200000)
   the space 14076K,  59% used [0x09750000, 0x09f8f128, 0x09f8f200, 0x0a50f000)
 compacting perm gen  total 12288K, used 8963K [0x14200000, 0x14e00000, 0x18200000)
   the space 12288K,  72% used [0x14200000, 0x14ac0da8, 0x14ac0e00, 0x14e00000)
No shared spaces configured.

