# JRE version: Java(TM) SE Runtime Environment (7.0_79-b15) (build 1.7.0_79-b15)
# Java VM: Java HotSpot(TM) Client VM (24.79-b02 mixed mode windows-x86 )
Heap
 def new generation   total 4928K, used 1434K [0x04400000, 0x04950000, 0x09950000)
  eden space 4416K,  26% used [0x04400000, 0x045216f8, 0x04850000)
  from space 512K,  54% used [0x04850000, 0x04895338, 0x048d0000)
  to   space 512K,   0% used [0x048d0000, 0x048d0000, 0x04950000)
 tenured generation   total 10944K, used 8845K [0x09950000, 0x0a400000, 0x14400000)
   the space 10944K,  80% used [0x09950000, 0x0a1f3660, 0x0a1f3800, 0x0a400000)
 compacting perm gen  total 12288K, used 9015K [0x14400000, 0x15000000, 0x18400000)
   the space 12288K,  73% used [0x14400000, 0x14ccdf08, 0x14cce000, 0x15000000)
GC Heap History (10 events):
Event: 8.804 GC heap before
{Heap before GC invocations=19 (full 0):
 def new generation   total 4928K, used 4581K [0x04400000, 0x04950000, 0x09950000)
  eden space 4416K, 100% used [0x04400000, 0x04850000, 0x04850000)
  from space 512K,  32% used [0x048d0000, 0x048f94b8, 0x04950000)
  to   space 512K,   0% used [0x04850000, 0x04850000, 0x048d0000)
 tenured generation   total 10944K, used 7661K [0x09950000, 0x0a400000, 0x14400000)
   the space 10944K,  70% used [0x09950000, 0x0a0cb5a0, 0x0a0cb600, 0x0a400000)
 compacting perm gen  total 12288K, used 9010K [0x14400000, 0x15000000, 0x18400000)
   the space 12288K,  73% used [0x14400000, 0x14ccc998, 0x14ccca00, 0x15000000)
No shared spaces configured.
Event: 8.805 GC heap after
Heap after GC invocations=20 (full 0):
 def new generation   total 4928K, used 165K [0x04400000, 0x04950000, 0x09950000)
  eden space 4416K,   0% used [0x04400000, 0x04400000, 0x04850000)
  from space 512K,  32% used [0x04850000, 0x04879778, 0x048d0000)
  to   space 512K,   0% used [0x048d0000, 0x048d0000, 0x04950000)
 tenured generation   total 10944K, used 7661K [0x09950000, 0x0a400000, 0x14400000)
   the space 10944K,  70% used [0x09950000, 0x0a0cb5a0, 0x0a0cb600, 0x0a400000)
 compacting perm gen  total 12288K, used 9010K [0x14400000, 0x15000000, 0x18400000)
   the space 12288K,  73% used [0x14400000, 0x14ccc998, 0x14ccca00, 0x15000000)
No shared spaces configured.
}
Event: 9.307 GC heap before
{Heap before GC invocations=20 (full 0):
 def new generation   total 4928K, used 4565K [0x04400000, 0x04950000, 0x09950000)
  eden space 4416K,  99% used [0x04400000, 0x0484bee8, 0x04850000)
  from space 512K,  32% used [0x04850000, 0x04879778, 0x048d0000)
  to   space 512K,   0% used [0x048d0000, 0x048d0000, 0x04950000)
 tenured generation   total 10944K, used 7661K [0x09950000, 0x0a400000, 0x14400000)
   the space 10944K,  70% used [0x09950000, 0x0a0cb5a0, 0x0a0cb600, 0x0a400000)
 compacting perm gen  total 12288K, used 9012K [0x14400000, 0x15000000, 0x18400000)
   the space 12288K,  73% used [0x14400000, 0x14ccd3f8, 0x14ccd400, 0x15000000)
No shared spaces configured.
Event: 9.309 GC heap after
Heap after GC invocations=21 (full 0):
 def new generation   total 4928K, used 497K [0x04400000, 0x04950000, 0x09950000)
  eden space 4416K,   0% used [0x04400000, 0x04400000, 0x04850000)
  from space 512K,  97% used [0x048d0000, 0x0494c5a8, 0x04950000)
  to   space 512K,   0% used [0x04850000, 0x04850000, 0x048d0000)
 tenured generation   total 10944K, used 8393K [0x09950000, 0x0a400000, 0x14400000)
   the space 10944K,  76% used [0x09950000, 0x0a182720, 0x0a182800, 0x0a400000)
 compacting perm gen  total 12288K, used 9012K [0x14400000, 0x15000000, 0x18400000)
   the space 12288K,  73% used [0x14400000, 0x14ccd3f8, 0x14ccd400, 0x15000000)
No shared spaces configured.
}
Event: 10.324 GC heap before
{Heap before GC invocations=21 (full 0):
 def new generation   total 4928K, used 4910K [0x04400000, 0x04950000, 0x09950000)
  eden space 4416K,  99% used [0x04400000, 0x0484f610, 0x04850000)
  from space 512K,  97% used [0x048d0000, 0x0494c5a8, 0x04950000)
  to   space 512K,   0% used [0x04850000, 0x04850000, 0x048d0000)
 tenured generation   total 10944K, used 8393K [0x09950000, 0x0a400000, 0x14400000)
   the space 10944K,  76% used [0x09950000, 0x0a182720, 0x0a182800, 0x0a400000)
 compacting perm gen  total 12288K, used 9013K [0x14400000, 0x15000000, 0x18400000)
   the space 12288K,  73% used [0x14400000, 0x14ccd438, 0x14ccd600, 0x15000000)
No shared spaces configured.
Event: 10.325 GC heap after
Heap after GC invocations=22 (full 0):
 def new generation   total 4928K, used 127K [0x04400000, 0x04950000, 0x09950000)
  eden space 4416K,   0% used [0x04400000, 0x04400000, 0x04850000)
  from space 512K,  24% used [0x04850000, 0x0486ff88, 0x048d0000)
  to   space 512K,   0% used [0x048d0000, 0x048d0000, 0x04950000)
 tenured generation   total 10944K, used 8845K [0x09950000, 0x0a400000, 0x14400000)
   the space 10944K,  80% used [0x09950000, 0x0a1f3660, 0x0a1f3800, 0x0a400000)
 compacting perm gen  total 12288K, used 9013K [0x14400000, 0x15000000, 0x18400000)
   the space 12288K,  73% used [0x14400000, 0x14ccd438, 0x14ccd600, 0x15000000)
No shared spaces configured.
}
Event: 11.308 GC heap before
{Heap before GC invocations=22 (full 0):
 def new generation   total 4928K, used 4543K [0x04400000, 0x04950000, 0x09950000)
  eden space 4416K, 100% used [0x04400000, 0x04850000, 0x04850000)
  from space 512K,  24% used [0x04850000, 0x0486ff88, 0x048d0000)
  to   space 512K,   0% used [0x048d0000, 0x048d0000, 0x04950000)
 tenured generation   total 10944K, used 8845K [0x09950000, 0x0a400000, 0x14400000)
   the space 10944K,  80% used [0x09950000, 0x0a1f3660, 0x0a1f3800, 0x0a400000)
 compacting perm gen  total 12288K, used 9013K [0x14400000, 0x15000000, 0x18400000)
   the space 12288K,  73% used [0x14400000, 0x14ccd498, 0x14ccd600, 0x15000000)
No shared spaces configured.
Event: 11.309 GC heap after
Heap after GC invocations=23 (full 0):
 def new generation   total 4928K, used 195K [0x04400000, 0x04950000, 0x09950000)
  eden space 4416K,   0% used [0x04400000, 0x04400000, 0x04850000)
  from space 512K,  38% used [0x048d0000, 0x04900f40, 0x04950000)
  to   space 512K,   0% used [0x04850000, 0x04850000, 0x048d0000)
 tenured generation   total 10944K, used 8845K [0x09950000, 0x0a400000, 0x14400000)
   the space 10944K,  80% used [0x09950000, 0x0a1f3660, 0x0a1f3800, 0x0a400000)
 compacting perm gen  total 12288K, used 9013K [0x14400000, 0x15000000, 0x18400000)
   the space 12288K,  73% used [0x14400000, 0x14ccd498, 0x14ccd600, 0x15000000)
No shared spaces configured.
}
Event: 12.258 GC heap before
{Heap before GC invocations=23 (full 0):
 def new generation   total 4928K, used 4611K [0x04400000, 0x04950000, 0x09950000)
  eden space 4416K, 100% used [0x04400000, 0x04850000, 0x04850000)
  from space 512K,  38% used [0x048d0000, 0x04900f40, 0x04950000)
  to   space 512K,   0% used [0x04850000, 0x04850000, 0x048d0000)
 tenured generation   total 10944K, used 8845K [0x09950000, 0x0a400000, 0x14400000)
   the space 10944K,  80% used [0x09950000, 0x0a1f3660, 0x0a1f3800, 0x0a400000)
 compacting perm gen  total 12288K, used 9013K [0x14400000, 0x15000000, 0x18400000)
   the space 12288K,  73% used [0x14400000, 0x14ccd498, 0x14ccd600, 0x15000000)
No shared spaces configured.
Event: 12.260 GC heap after
Heap after GC invocations=24 (full 0):
 def new generation   total 4928K, used 276K [0x04400000, 0x04950000, 0x09950000)
  eden space 4416K,   0% used [0x04400000, 0x04400000, 0x04850000)
  from space 512K,  54% used [0x04850000, 0x04895338, 0x048d0000)
  to   space 512K,   0% used [0x048d0000, 0x048d0000, 0x04950000)
 tenured generation   total 10944K, used 8845K [0x09950000, 0x0a400000, 0x14400000)
   the space 10944K,  80% used [0x09950000, 0x0a1f3660, 0x0a1f3800, 0x0a400000)
 compacting perm gen  total 12288K, used 9013K [0x14400000, 0x15000000, 0x18400000)
   the space 12288K,  73% used [0x14400000, 0x14ccd498, 0x14ccd600, 0x15000000)
No shared spaces configured.
}

