# JRE version: Java(TM) SE Runtime Environment (7.0_79-b15) (build 1.7.0_79-b15)
# Java VM: Java HotSpot(TM) Client VM (24.79-b02 mixed mode windows-x86 )
Heap
 def new generation   total 7296K, used 4220K [0x04800000, 0x04fe0000, 0x09d50000)
  eden space 6528K,  62% used [0x04800000, 0x04c00790, 0x04e60000)
  from space 768K,  15% used [0x04f20000, 0x04f3e8b8, 0x04fe0000)
  to   space 768K,   0% used [0x04e60000, 0x04e60000, 0x04f20000)
 tenured generation   total 16080K, used 12927K [0x09d50000, 0x0ad04000, 0x14800000)
   the space 16080K,  80% used [0x09d50000, 0x0a9eff90, 0x0a9f0000, 0x0ad04000)
 compacting perm gen  total 12288K, used 9026K [0x14800000, 0x15400000, 0x18800000)
   the space 12288K,  73% used [0x14800000, 0x150d0a20, 0x150d0c00, 0x15400000)
GC Heap History (10 events):
Event: 24.811 GC heap before
{Heap before GC invocations=34 (full 1):
 def new generation   total 7296K, used 6648K [0x04800000, 0x04fe0000, 0x09d50000)
  eden space 6528K, 100% used [0x04800000, 0x04e60000, 0x04e60000)
  from space 768K,  15% used [0x04e60000, 0x04e7e308, 0x04f20000)
  to   space 768K,   0% used [0x04f20000, 0x04f20000, 0x04fe0000)
 tenured generation   total 16080K, used 12927K [0x09d50000, 0x0ad04000, 0x14800000)
   the space 16080K,  80% used [0x09d50000, 0x0a9eff90, 0x0a9f0000, 0x0ad04000)
 compacting perm gen  total 12288K, used 9022K [0x14800000, 0x15400000, 0x18800000)
   the space 12288K,  73% used [0x14800000, 0x150cf868, 0x150cfa00, 0x15400000)
No shared spaces configured.
Event: 24.811 GC heap after
Heap after GC invocations=35 (full 1):
 def new generation   total 7296K, used 121K [0x04800000, 0x04fe0000, 0x09d50000)
  eden space 6528K,   0% used [0x04800000, 0x04800000, 0x04e60000)
  from space 768K,  15% used [0x04f20000, 0x04f3e600, 0x04fe0000)
  to   space 768K,   0% used [0x04e60000, 0x04e60000, 0x04f20000)
 tenured generation   total 16080K, used 12927K [0x09d50000, 0x0ad04000, 0x14800000)
   the space 16080K,  80% used [0x09d50000, 0x0a9eff90, 0x0a9f0000, 0x0ad04000)
 compacting perm gen  total 12288K, used 9022K [0x14800000, 0x15400000, 0x18800000)
   the space 12288K,  73% used [0x14800000, 0x150cf868, 0x150cfa00, 0x15400000)
No shared spaces configured.
}
Event: 26.480 GC heap before
{Heap before GC invocations=35 (full 1):
 def new generation   total 7296K, used 6649K [0x04800000, 0x04fe0000, 0x09d50000)
  eden space 6528K, 100% used [0x04800000, 0x04e60000, 0x04e60000)
  from space 768K,  15% used [0x04f20000, 0x04f3e600, 0x04fe0000)
  to   space 768K,   0% used [0x04e60000, 0x04e60000, 0x04f20000)
 tenured generation   total 16080K, used 12927K [0x09d50000, 0x0ad04000, 0x14800000)
   the space 16080K,  80% used [0x09d50000, 0x0a9eff90, 0x0a9f0000, 0x0ad04000)
 compacting perm gen  total 12288K, used 9022K [0x14800000, 0x15400000, 0x18800000)
   the space 12288K,  73% used [0x14800000, 0x150cf868, 0x150cfa00, 0x15400000)
No shared spaces configured.
Event: 26.481 GC heap after
Heap after GC invocations=36 (full 1):
 def new generation   total 7296K, used 121K [0x04800000, 0x04fe0000, 0x09d50000)
  eden space 6528K,   0% used [0x04800000, 0x04800000, 0x04e60000)
  from space 768K,  15% used [0x04e60000, 0x04e7e6e0, 0x04f20000)
  to   space 768K,   0% used [0x04f20000, 0x04f20000, 0x04fe0000)
 tenured generation   total 16080K, used 12927K [0x09d50000, 0x0ad04000, 0x14800000)
   the space 16080K,  80% used [0x09d50000, 0x0a9eff90, 0x0a9f0000, 0x0ad04000)
 compacting perm gen  total 12288K, used 9022K [0x14800000, 0x15400000, 0x18800000)
   the space 12288K,  73% used [0x14800000, 0x150cf868, 0x150cfa00, 0x15400000)
No shared spaces configured.
}
Event: 28.057 GC heap before
{Heap before GC invocations=36 (full 1):
 def new generation   total 7296K, used 6649K [0x04800000, 0x04fe0000, 0x09d50000)
  eden space 6528K, 100% used [0x04800000, 0x04e60000, 0x04e60000)
  from space 768K,  15% used [0x04e60000, 0x04e7e6e0, 0x04f20000)
  to   space 768K,   0% used [0x04f20000, 0x04f20000, 0x04fe0000)
 tenured generation   total 16080K, used 12927K [0x09d50000, 0x0ad04000, 0x14800000)
   the space 16080K,  80% used [0x09d50000, 0x0a9eff90, 0x0a9f0000, 0x0ad04000)
 compacting perm gen  total 12288K, used 9022K [0x14800000, 0x15400000, 0x18800000)
   the space 12288K,  73% used [0x14800000, 0x150cf868, 0x150cfa00, 0x15400000)
No shared spaces configured.
Event: 28.058 GC heap after
Heap after GC invocations=37 (full 1):
 def new generation   total 7296K, used 90K [0x04800000, 0x04fe0000, 0x09d50000)
  eden space 6528K,   0% used [0x04800000, 0x04800000, 0x04e60000)
  from space 768K,  11% used [0x04f20000, 0x04f36920, 0x04fe0000)
  to   space 768K,   0% used [0x04e60000, 0x04e60000, 0x04f20000)
 tenured generation   total 16080K, used 12927K [0x09d50000, 0x0ad04000, 0x14800000)
   the space 16080K,  80% used [0x09d50000, 0x0a9eff90, 0x0a9f0000, 0x0ad04000)
 compacting perm gen  total 12288K, used 9022K [0x14800000, 0x15400000, 0x18800000)
   the space 12288K,  73% used [0x14800000, 0x150cf868, 0x150cfa00, 0x15400000)
No shared spaces configured.
}
Event: 29.734 GC heap before
{Heap before GC invocations=37 (full 1):
 def new generation   total 7296K, used 6618K [0x04800000, 0x04fe0000, 0x09d50000)
  eden space 6528K, 100% used [0x04800000, 0x04e60000, 0x04e60000)
  from space 768K,  11% used [0x04f20000, 0x04f36920, 0x04fe0000)
  to   space 768K,   0% used [0x04e60000, 0x04e60000, 0x04f20000)
 tenured generation   total 16080K, used 12927K [0x09d50000, 0x0ad04000, 0x14800000)
   the space 16080K,  80% used [0x09d50000, 0x0a9eff90, 0x0a9f0000, 0x0ad04000)
 compacting perm gen  total 12288K, used 9022K [0x14800000, 0x15400000, 0x18800000)
   the space 12288K,  73% used [0x14800000, 0x150cf868, 0x150cfa00, 0x15400000)
No shared spaces configured.
Event: 29.735 GC heap after
Heap after GC invocations=38 (full 1):
 def new generation   total 7296K, used 90K [0x04800000, 0x04fe0000, 0x09d50000)
  eden space 6528K,   0% used [0x04800000, 0x04800000, 0x04e60000)
  from space 768K,  11% used [0x04e60000, 0x04e76860, 0x04f20000)
  to   space 768K,   0% used [0x04f20000, 0x04f20000, 0x04fe0000)
 tenured generation   total 16080K, used 12927K [0x09d50000, 0x0ad04000, 0x14800000)
   the space 16080K,  80% used [0x09d50000, 0x0a9eff90, 0x0a9f0000, 0x0ad04000)
 compacting perm gen  total 12288K, used 9022K [0x14800000, 0x15400000, 0x18800000)
   the space 12288K,  73% used [0x14800000, 0x150cf868, 0x150cfa00, 0x15400000)
No shared spaces configured.
}
Event: 31.423 GC heap before
{Heap before GC invocations=38 (full 1):
 def new generation   total 7296K, used 6618K [0x04800000, 0x04fe0000, 0x09d50000)
  eden space 6528K, 100% used [0x04800000, 0x04e60000, 0x04e60000)
  from space 768K,  11% used [0x04e60000, 0x04e76860, 0x04f20000)
  to   space 768K,   0% used [0x04f20000, 0x04f20000, 0x04fe0000)
 tenured generation   total 16080K, used 12927K [0x09d50000, 0x0ad04000, 0x14800000)
   the space 16080K,  80% used [0x09d50000, 0x0a9eff90, 0x0a9f0000, 0x0ad04000)
 compacting perm gen  total 12288K, used 9023K [0x14800000, 0x15400000, 0x18800000)
   the space 12288K,  73% used [0x14800000, 0x150cffb0, 0x150d0000, 0x15400000)
No shared spaces configured.
Event: 31.424 GC heap after
Heap after GC invocations=39 (full 1):
 def new generation   total 7296K, used 122K [0x04800000, 0x04fe0000, 0x09d50000)
  eden space 6528K,   0% used [0x04800000, 0x04800000, 0x04e60000)
  from space 768K,  15% used [0x04f20000, 0x04f3e8b8, 0x04fe0000)
  to   space 768K,   0% used [0x04e60000, 0x04e60000, 0x04f20000)
 tenured generation   total 16080K, used 12927K [0x09d50000, 0x0ad04000, 0x14800000)
   the space 16080K,  80% used [0x09d50000, 0x0a9eff90, 0x0a9f0000, 0x0ad04000)
 compacting perm gen  total 12288K, used 9023K [0x14800000, 0x15400000, 0x18800000)
   the space 12288K,  73% used [0x14800000, 0x150cffb0, 0x150d0000, 0x15400000)
No shared spaces configured.
}

