# JRE version: Java(TM) SE Runtime Environment (7.0_79-b15) (build 1.7.0_79-b15)
# Java VM: Java HotSpot(TM) Client VM (24.79-b02 mixed mode windows-x86 )
Heap
 def new generation   total 9984K, used 2285K [0x04000000, 0x04ad0000, 0x09550000)
  eden space 8896K,  20% used [0x04000000, 0x041d27b8, 0x048b0000)
  from space 1088K,  38% used [0x048b0000, 0x04918d68, 0x049c0000)
  to   space 1088K,   0% used [0x049c0000, 0x049c0000, 0x04ad0000)
 tenured generation   total 38388K, used 28662K [0x09550000, 0x0bacd000, 0x14000000)
   the space 38388K,  74% used [0x09550000, 0x0b14d950, 0x0b14da00, 0x0bacd000)
 compacting perm gen  total 12288K, used 9114K [0x14000000, 0x14c00000, 0x18000000)
   the space 12288K,  74% used [0x14000000, 0x148e6b60, 0x148e6c00, 0x14c00000)
GC Heap History (10 events):
Event: 28.681 GC heap before
{Heap before GC invocations=51 (full 3):
 def new generation   total 9984K, used 9317K [0x04000000, 0x04ad0000, 0x09550000)
  eden space 8896K, 100% used [0x04000000, 0x048b0000, 0x048b0000)
  from space 1088K,  38% used [0x049c0000, 0x04a295b0, 0x04ad0000)
  to   space 1088K,   0% used [0x048b0000, 0x048b0000, 0x049c0000)
 tenured generation   total 38388K, used 28662K [0x09550000, 0x0bacd000, 0x14000000)
   the space 38388K,  74% used [0x09550000, 0x0b14d950, 0x0b14da00, 0x0bacd000)
 compacting perm gen  total 12288K, used 9112K [0x14000000, 0x14c00000, 0x18000000)
   the space 12288K,  74% used [0x14000000, 0x148e6000, 0x148e6000, 0x14c00000)
No shared spaces configured.
Event: 28.682 GC heap after
Heap after GC invocations=52 (full 3):
 def new generation   total 9984K, used 420K [0x04000000, 0x04ad0000, 0x09550000)
  eden space 8896K,   0% used [0x04000000, 0x04000000, 0x048b0000)
  from space 1088K,  38% used [0x048b0000, 0x049193e8, 0x049c0000)
  to   space 1088K,   0% used [0x049c0000, 0x049c0000, 0x04ad0000)
 tenured generation   total 38388K, used 28662K [0x09550000, 0x0bacd000, 0x14000000)
   the space 38388K,  74% used [0x09550000, 0x0b14d950, 0x0b14da00, 0x0bacd000)
 compacting perm gen  total 12288K, used 9112K [0x14000000, 0x14c00000, 0x18000000)
   the space 12288K,  74% used [0x14000000, 0x148e6000, 0x148e6000, 0x14c00000)
No shared spaces configured.
}
Event: 29.718 GC heap before
{Heap before GC invocations=52 (full 3):
 def new generation   total 9984K, used 9316K [0x04000000, 0x04ad0000, 0x09550000)
  eden space 8896K, 100% used [0x04000000, 0x048b0000, 0x048b0000)
  from space 1088K,  38% used [0x048b0000, 0x049193e8, 0x049c0000)
  to   space 1088K,   0% used [0x049c0000, 0x049c0000, 0x04ad0000)
 tenured generation   total 38388K, used 28662K [0x09550000, 0x0bacd000, 0x14000000)
   the space 38388K,  74% used [0x09550000, 0x0b14d950, 0x0b14da00, 0x0bacd000)
 compacting perm gen  total 12288K, used 9112K [0x14000000, 0x14c00000, 0x18000000)
   the space 12288K,  74% used [0x14000000, 0x148e6000, 0x148e6000, 0x14c00000)
No shared spaces configured.
Event: 29.719 GC heap after
Heap after GC invocations=53 (full 3):
 def new generation   total 9984K, used 421K [0x04000000, 0x04ad0000, 0x09550000)
  eden space 8896K,   0% used [0x04000000, 0x04000000, 0x048b0000)
  from space 1088K,  38% used [0x049c0000, 0x04a29628, 0x04ad0000)
  to   space 1088K,   0% used [0x048b0000, 0x048b0000, 0x049c0000)
 tenured generation   total 38388K, used 28662K [0x09550000, 0x0bacd000, 0x14000000)
   the space 38388K,  74% used [0x09550000, 0x0b14d950, 0x0b14da00, 0x0bacd000)
 compacting perm gen  total 12288K, used 9112K [0x14000000, 0x14c00000, 0x18000000)
   the space 12288K,  74% used [0x14000000, 0x148e6000, 0x148e6000, 0x14c00000)
No shared spaces configured.
}
Event: 30.753 GC heap before
{Heap before GC invocations=53 (full 3):
 def new generation   total 9984K, used 9317K [0x04000000, 0x04ad0000, 0x09550000)
  eden space 8896K, 100% used [0x04000000, 0x048b0000, 0x048b0000)
  from space 1088K,  38% used [0x049c0000, 0x04a29628, 0x04ad0000)
  to   space 1088K,   0% used [0x048b0000, 0x048b0000, 0x049c0000)
 tenured generation   total 38388K, used 28662K [0x09550000, 0x0bacd000, 0x14000000)
   the space 38388K,  74% used [0x09550000, 0x0b14d950, 0x0b14da00, 0x0bacd000)
 compacting perm gen  total 12288K, used 9112K [0x14000000, 0x14c00000, 0x18000000)
   the space 12288K,  74% used [0x14000000, 0x148e6050, 0x148e6200, 0x14c00000)
No shared spaces configured.
Event: 30.754 GC heap after
Heap after GC invocations=54 (full 3):
 def new generation   total 9984K, used 441K [0x04000000, 0x04ad0000, 0x09550000)
  eden space 8896K,   0% used [0x04000000, 0x04000000, 0x048b0000)
  from space 1088K,  40% used [0x048b0000, 0x0491e6c0, 0x049c0000)
  to   space 1088K,   0% used [0x049c0000, 0x049c0000, 0x04ad0000)
 tenured generation   total 38388K, used 28662K [0x09550000, 0x0bacd000, 0x14000000)
   the space 38388K,  74% used [0x09550000, 0x0b14d950, 0x0b14da00, 0x0bacd000)
 compacting perm gen  total 12288K, used 9112K [0x14000000, 0x14c00000, 0x18000000)
   the space 12288K,  74% used [0x14000000, 0x148e6050, 0x148e6200, 0x14c00000)
No shared spaces configured.
}
Event: 31.289 GC heap before
{Heap before GC invocations=54 (full 3):
 def new generation   total 9984K, used 9337K [0x04000000, 0x04ad0000, 0x09550000)
  eden space 8896K, 100% used [0x04000000, 0x048b0000, 0x048b0000)
  from space 1088K,  40% used [0x048b0000, 0x0491e6c0, 0x049c0000)
  to   space 1088K,   0% used [0x049c0000, 0x049c0000, 0x04ad0000)
 tenured generation   total 38388K, used 28662K [0x09550000, 0x0bacd000, 0x14000000)
   the space 38388K,  74% used [0x09550000, 0x0b14d950, 0x0b14da00, 0x0bacd000)
 compacting perm gen  total 12288K, used 9112K [0x14000000, 0x14c00000, 0x18000000)
   the space 12288K,  74% used [0x14000000, 0x148e60f0, 0x148e6200, 0x14c00000)
No shared spaces configured.
Event: 31.290 GC heap after
Heap after GC invocations=55 (full 3):
 def new generation   total 9984K, used 439K [0x04000000, 0x04ad0000, 0x09550000)
  eden space 8896K,   0% used [0x04000000, 0x04000000, 0x048b0000)
  from space 1088K,  40% used [0x049c0000, 0x04a2dcf8, 0x04ad0000)
  to   space 1088K,   0% used [0x048b0000, 0x048b0000, 0x049c0000)
 tenured generation   total 38388K, used 28662K [0x09550000, 0x0bacd000, 0x14000000)
   the space 38388K,  74% used [0x09550000, 0x0b14d950, 0x0b14da00, 0x0bacd000)
 compacting perm gen  total 12288K, used 9112K [0x14000000, 0x14c00000, 0x18000000)
   the space 12288K,  74% used [0x14000000, 0x148e60f0, 0x148e6200, 0x14c00000)
No shared spaces configured.
}
Event: 32.346 GC heap before
{Heap before GC invocations=55 (full 3):
 def new generation   total 9984K, used 9335K [0x04000000, 0x04ad0000, 0x09550000)
  eden space 8896K, 100% used [0x04000000, 0x048b0000, 0x048b0000)
  from space 1088K,  40% used [0x049c0000, 0x04a2dcf8, 0x04ad0000)
  to   space 1088K,   0% used [0x048b0000, 0x048b0000, 0x049c0000)
 tenured generation   total 38388K, used 28662K [0x09550000, 0x0bacd000, 0x14000000)
   the space 38388K,  74% used [0x09550000, 0x0b14d950, 0x0b14da00, 0x0bacd000)
 compacting perm gen  total 12288K, used 9112K [0x14000000, 0x14c00000, 0x18000000)
   the space 12288K,  74% used [0x14000000, 0x148e60f0, 0x148e6200, 0x14c00000)
No shared spaces configured.
Event: 32.347 GC heap after
Heap after GC invocations=56 (full 3):
 def new generation   total 9984K, used 419K [0x04000000, 0x04ad0000, 0x09550000)
  eden space 8896K,   0% used [0x04000000, 0x04000000, 0x048b0000)
  from space 1088K,  38% used [0x048b0000, 0x04918d68, 0x049c0000)
  to   space 1088K,   0% used [0x049c0000, 0x049c0000, 0x04ad0000)
 tenured generation   total 38388K, used 28662K [0x09550000, 0x0bacd000, 0x14000000)
   the space 38388K,  74% used [0x09550000, 0x0b14d950, 0x0b14da00, 0x0bacd000)
 compacting perm gen  total 12288K, used 9112K [0x14000000, 0x14c00000, 0x18000000)
   the space 12288K,  74% used [0x14000000, 0x148e60f0, 0x148e6200, 0x14c00000)
No shared spaces configured.
}

