# JRE version: Java(TM) SE Runtime Environment (7.0_79-b15) (build 1.7.0_79-b15)
# Java VM: Java HotSpot(TM) Client VM (24.79-b02 mixed mode windows-x86 )
Heap
 def new generation   total 4928K, used 761K [0x04000000, 0x04550000, 0x09550000)
  eden space 4416K,  10% used [0x04000000, 0x04071210, 0x04450000)
  from space 512K,  60% used [0x044d0000, 0x0451d3b8, 0x04550000)
  to   space 512K,   0% used [0x04450000, 0x04450000, 0x044d0000)
 tenured generation   total 10944K, used 8669K [0x09550000, 0x0a000000, 0x14000000)
   the space 10944K,  79% used [0x09550000, 0x09dc7760, 0x09dc7800, 0x0a000000)
 compacting perm gen  total 12288K, used 9001K [0x14000000, 0x14c00000, 0x18000000)
   the space 12288K,  73% used [0x14000000, 0x148ca780, 0x148ca800, 0x14c00000)
GC Heap History (10 events):
Event: 16.452 GC heap before
{Heap before GC invocations=38 (full 0):
 def new generation   total 4928K, used 4685K [0x04000000, 0x04550000, 0x09550000)
  eden space 4416K, 100% used [0x04000000, 0x04450000, 0x04450000)
  from space 512K,  52% used [0x04450000, 0x044936b8, 0x044d0000)
  to   space 512K,   0% used [0x044d0000, 0x044d0000, 0x04550000)
 tenured generation   total 10944K, used 7489K [0x09550000, 0x0a000000, 0x14000000)
   the space 10944K,  68% used [0x09550000, 0x09ca0450, 0x09ca0600, 0x0a000000)
 compacting perm gen  total 12288K, used 8998K [0x14000000, 0x14c00000, 0x18000000)
   the space 12288K,  73% used [0x14000000, 0x148c98c0, 0x148c9a00, 0x14c00000)
No shared spaces configured.
Event: 16.453 GC heap after
Heap after GC invocations=39 (full 0):
 def new generation   total 4928K, used 120K [0x04000000, 0x04550000, 0x09550000)
  eden space 4416K,   0% used [0x04000000, 0x04000000, 0x04450000)
  from space 512K,  23% used [0x044d0000, 0x044ee0a8, 0x04550000)
  to   space 512K,   0% used [0x04450000, 0x04450000, 0x044d0000)
 tenured generation   total 10944K, used 7636K [0x09550000, 0x0a000000, 0x14000000)
   the space 10944K,  69% used [0x09550000, 0x09cc53f0, 0x09cc5400, 0x0a000000)
 compacting perm gen  total 12288K, used 8998K [0x14000000, 0x14c00000, 0x18000000)
   the space 12288K,  73% used [0x14000000, 0x148c98c0, 0x148c9a00, 0x14c00000)
No shared spaces configured.
}
Event: 16.906 GC heap before
{Heap before GC invocations=39 (full 0):
 def new generation   total 4928K, used 4536K [0x04000000, 0x04550000, 0x09550000)
  eden space 4416K, 100% used [0x04000000, 0x04450000, 0x04450000)
  from space 512K,  23% used [0x044d0000, 0x044ee0a8, 0x04550000)
  to   space 512K,   0% used [0x04450000, 0x04450000, 0x044d0000)
 tenured generation   total 10944K, used 7636K [0x09550000, 0x0a000000, 0x14000000)
   the space 10944K,  69% used [0x09550000, 0x09cc53f0, 0x09cc5400, 0x0a000000)
 compacting perm gen  total 12288K, used 8998K [0x14000000, 0x14c00000, 0x18000000)
   the space 12288K,  73% used [0x14000000, 0x148c98c0, 0x148c9a00, 0x14c00000)
No shared spaces configured.
Event: 16.906 GC heap after
Heap after GC invocations=40 (full 0):
 def new generation   total 4928K, used 353K [0x04000000, 0x04550000, 0x09550000)
  eden space 4416K,   0% used [0x04000000, 0x04000000, 0x04450000)
  from space 512K,  69% used [0x04450000, 0x044a87e0, 0x044d0000)
  to   space 512K,   0% used [0x044d0000, 0x044d0000, 0x04550000)
 tenured generation   total 10944K, used 7636K [0x09550000, 0x0a000000, 0x14000000)
   the space 10944K,  69% used [0x09550000, 0x09cc53f0, 0x09cc5400, 0x0a000000)
 compacting perm gen  total 12288K, used 8998K [0x14000000, 0x14c00000, 0x18000000)
   the space 12288K,  73% used [0x14000000, 0x148c98c0, 0x148c9a00, 0x14c00000)
No shared spaces configured.
}
Event: 17.366 GC heap before
{Heap before GC invocations=40 (full 0):
 def new generation   total 4928K, used 4769K [0x04000000, 0x04550000, 0x09550000)
  eden space 4416K, 100% used [0x04000000, 0x04450000, 0x04450000)
  from space 512K,  69% used [0x04450000, 0x044a87e0, 0x044d0000)
  to   space 512K,   0% used [0x044d0000, 0x044d0000, 0x04550000)
 tenured generation   total 10944K, used 7636K [0x09550000, 0x0a000000, 0x14000000)
   the space 10944K,  69% used [0x09550000, 0x09cc53f0, 0x09cc5400, 0x0a000000)
 compacting perm gen  total 12288K, used 8999K [0x14000000, 0x14c00000, 0x18000000)
   the space 12288K,  73% used [0x14000000, 0x148c9cf0, 0x148c9e00, 0x14c00000)
No shared spaces configured.
Event: 17.366 GC heap after
Heap after GC invocations=41 (full 0):
 def new generation   total 4928K, used 311K [0x04000000, 0x04550000, 0x09550000)
  eden space 4416K,   0% used [0x04000000, 0x04000000, 0x04450000)
  from space 512K,  60% used [0x044d0000, 0x0451dde0, 0x04550000)
  to   space 512K,   0% used [0x04450000, 0x04450000, 0x044d0000)
 tenured generation   total 10944K, used 7751K [0x09550000, 0x0a000000, 0x14000000)
   the space 10944K,  70% used [0x09550000, 0x09ce1fc8, 0x09ce2000, 0x0a000000)
 compacting perm gen  total 12288K, used 8999K [0x14000000, 0x14c00000, 0x18000000)
   the space 12288K,  73% used [0x14000000, 0x148c9cf0, 0x148c9e00, 0x14c00000)
No shared spaces configured.
}
Event: 17.659 GC heap before
{Heap before GC invocations=41 (full 0):
 def new generation   total 4928K, used 4669K [0x04000000, 0x04550000, 0x09550000)
  eden space 4416K,  98% used [0x04000000, 0x044417f8, 0x04450000)
  from space 512K,  60% used [0x044d0000, 0x0451dde0, 0x04550000)
  to   space 512K,   0% used [0x04450000, 0x04450000, 0x044d0000)
 tenured generation   total 10944K, used 7751K [0x09550000, 0x0a000000, 0x14000000)
   the space 10944K,  70% used [0x09550000, 0x09ce1fc8, 0x09ce2000, 0x0a000000)
 compacting perm gen  total 12288K, used 8999K [0x14000000, 0x14c00000, 0x18000000)
   the space 12288K,  73% used [0x14000000, 0x148c9cf0, 0x148c9e00, 0x14c00000)
No shared spaces configured.
Event: 17.660 GC heap after
Heap after GC invocations=42 (full 0):
 def new generation   total 4928K, used 215K [0x04000000, 0x04550000, 0x09550000)
  eden space 4416K,   0% used [0x04000000, 0x04000000, 0x04450000)
  from space 512K,  42% used [0x04450000, 0x04485f48, 0x044d0000)
  to   space 512K,   0% used [0x044d0000, 0x044d0000, 0x04550000)
 tenured generation   total 10944K, used 8669K [0x09550000, 0x0a000000, 0x14000000)
   the space 10944K,  79% used [0x09550000, 0x09dc7760, 0x09dc7800, 0x0a000000)
 compacting perm gen  total 12288K, used 8999K [0x14000000, 0x14c00000, 0x18000000)
   the space 12288K,  73% used [0x14000000, 0x148c9cf0, 0x148c9e00, 0x14c00000)
No shared spaces configured.
}
Event: 18.105 GC heap before
{Heap before GC invocations=42 (full 0):
 def new generation   total 4928K, used 4631K [0x04000000, 0x04550000, 0x09550000)
  eden space 4416K, 100% used [0x04000000, 0x04450000, 0x04450000)
  from space 512K,  42% used [0x04450000, 0x04485f48, 0x044d0000)
  to   space 512K,   0% used [0x044d0000, 0x044d0000, 0x04550000)
 tenured generation   total 10944K, used 8669K [0x09550000, 0x0a000000, 0x14000000)
   the space 10944K,  79% used [0x09550000, 0x09dc7760, 0x09dc7800, 0x0a000000)
 compacting perm gen  total 12288K, used 8999K [0x14000000, 0x14c00000, 0x18000000)
   the space 12288K,  73% used [0x14000000, 0x148c9cf0, 0x148c9e00, 0x14c00000)
No shared spaces configured.
Event: 18.106 GC heap after
Heap after GC invocations=43 (full 0):
 def new generation   total 4928K, used 308K [0x04000000, 0x04550000, 0x09550000)
  eden space 4416K,   0% used [0x04000000, 0x04000000, 0x04450000)
  from space 512K,  60% used [0x044d0000, 0x0451d3b8, 0x04550000)
  to   space 512K,   0% used [0x04450000, 0x04450000, 0x044d0000)
 tenured generation   total 10944K, used 8669K [0x09550000, 0x0a000000, 0x14000000)
   the space 10944K,  79% used [0x09550000, 0x09dc7760, 0x09dc7800, 0x0a000000)
 compacting perm gen  total 12288K, used 8999K [0x14000000, 0x14c00000, 0x18000000)
   the space 12288K,  73% used [0x14000000, 0x148c9cf0, 0x148c9e00, 0x14c00000)
No shared spaces configured.
}

