# JRE version: Java(TM) SE Runtime Environment (7.0_79-b15) (build 1.7.0_79-b15)
# Java VM: Java HotSpot(TM) Client VM (24.79-b02 mixed mode windows-x86 )
Heap
 def new generation   total 7168K, used 2839K [0x04a00000, 0x051c0000, 0x09f50000)
  eden space 6400K,  32% used [0x04a00000, 0x04c07148, 0x05040000)
  from space 768K,  99% used [0x05040000, 0x050fee80, 0x05100000)
  to   space 768K,   0% used [0x05100000, 0x05100000, 0x051c0000)
 tenured generation   total 15776K, used 10855K [0x09f50000, 0x0aeb8000, 0x14a00000)
   the space 15776K,  68% used [0x09f50000, 0x0a9e9d98, 0x0a9e9e00, 0x0aeb8000)
 compacting perm gen  total 12288K, used 9013K [0x14a00000, 0x15600000, 0x18a00000)
   the space 12288K,  73% used [0x14a00000, 0x152cd618, 0x152cd800, 0x15600000)
GC Heap History (10 events):
Event: 6.693 GC heap before
{Heap before GC invocations=16 (full 0):
 def new generation   total 4928K, used 4883K [0x04a00000, 0x04f50000, 0x09f50000)
  eden space 4416K, 100% used [0x04a00000, 0x04e50000, 0x04e50000)
  from space 512K,  91% used [0x04e50000, 0x04ec4e20, 0x04ed0000)
  to   space 512K,   0% used [0x04ed0000, 0x04ed0000, 0x04f50000)
 tenured generation   total 10944K, used 8948K [0x09f50000, 0x0aa00000, 0x14a00000)
   the space 10944K,  81% used [0x09f50000, 0x0a80d030, 0x0a80d200, 0x0aa00000)
 compacting perm gen  total 12288K, used 9009K [0x14a00000, 0x15600000, 0x18a00000)
   the space 12288K,  73% used [0x14a00000, 0x152cc728, 0x152cc800, 0x15600000)
No shared spaces configured.
Event: 6.695 GC heap after
Heap after GC invocations=17 (full 0):
 def new generation   total 4928K, used 456K [0x04a00000, 0x04f50000, 0x09f50000)
  eden space 4416K,   0% used [0x04a00000, 0x04a00000, 0x04e50000)
  from space 512K,  89% used [0x04ed0000, 0x04f42128, 0x04f50000)
  to   space 512K,   0% used [0x04e50000, 0x04e50000, 0x04ed0000)
 tenured generation   total 10944K, used 10121K [0x09f50000, 0x0aa00000, 0x14a00000)
   the space 10944K,  92% used [0x09f50000, 0x0a932598, 0x0a932600, 0x0aa00000)
 compacting perm gen  total 12288K, used 9009K [0x14a00000, 0x15600000, 0x18a00000)
   the space 12288K,  73% used [0x14a00000, 0x152cc728, 0x152cc800, 0x15600000)
No shared spaces configured.
}
Event: 7.160 GC heap before
{Heap before GC invocations=17 (full 0):
 def new generation   total 4928K, used 4872K [0x04a00000, 0x04f50000, 0x09f50000)
  eden space 4416K, 100% used [0x04a00000, 0x04e50000, 0x04e50000)
  from space 512K,  89% used [0x04ed0000, 0x04f42128, 0x04f50000)
  to   space 512K,   0% used [0x04e50000, 0x04e50000, 0x04ed0000)
 tenured generation   total 10944K, used 10121K [0x09f50000, 0x0aa00000, 0x14a00000)
   the space 10944K,  92% used [0x09f50000, 0x0a932598, 0x0a932600, 0x0aa00000)
 compacting perm gen  total 12288K, used 9010K [0x14a00000, 0x15600000, 0x18a00000)
   the space 12288K,  73% used [0x14a00000, 0x152ccb78, 0x152ccc00, 0x15600000)
No shared spaces configured.
Event: 7.162 GC heap after
Heap after GC invocations=18 (full 0):
 def new generation   total 4928K, used 453K [0x04a00000, 0x04f50000, 0x09f50000)
  eden space 4416K,   0% used [0x04a00000, 0x04a00000, 0x04e50000)
  from space 512K,  88% used [0x04e50000, 0x04ec1560, 0x04ed0000)
  to   space 512K,   0% used [0x04ed0000, 0x04ed0000, 0x04f50000)
 tenured generation   total 10944K, used 10564K [0x09f50000, 0x0aa00000, 0x14a00000)
   the space 10944K,  96% used [0x09f50000, 0x0a9a1310, 0x0a9a1400, 0x0aa00000)
 compacting perm gen  total 12288K, used 9010K [0x14a00000, 0x15600000, 0x18a00000)
   the space 12288K,  73% used [0x14a00000, 0x152ccb78, 0x152ccc00, 0x15600000)
No shared spaces configured.
}
Event: 7.551 GC heap before
{Heap before GC invocations=18 (full 0):
 def new generation   total 4928K, used 4144K [0x04a00000, 0x04f50000, 0x09f50000)
  eden space 4416K,  83% used [0x04a00000, 0x04d9ae18, 0x04e50000)
  from space 512K,  88% used [0x04e50000, 0x04ec1560, 0x04ed0000)
  to   space 512K,   0% used [0x04ed0000, 0x04ed0000, 0x04f50000)
 tenured generation   total 10944K, used 10564K [0x09f50000, 0x0aa00000, 0x14a00000)
   the space 10944K,  96% used [0x09f50000, 0x0a9a1310, 0x0a9a1400, 0x0aa00000)
 compacting perm gen  total 12288K, used 9010K [0x14a00000, 0x15600000, 0x18a00000)
   the space 12288K,  73% used [0x14a00000, 0x152ccb78, 0x152ccc00, 0x15600000)
No shared spaces configured.
Event: 7.584 GC heap after
Heap after GC invocations=19 (full 1):
 def new generation   total 7168K, used 0K [0x04a00000, 0x051c0000, 0x09f50000)
  eden space 6400K,   0% used [0x04a00000, 0x04a00000, 0x05040000)
  from space 768K,   0% used [0x05040000, 0x05040000, 0x05100000)
  to   space 768K,   0% used [0x05100000, 0x05100000, 0x051c0000)
 tenured generation   total 15776K, used 9464K [0x09f50000, 0x0aeb8000, 0x14a00000)
   the space 15776K,  59% used [0x09f50000, 0x0a88e0e8, 0x0a88e200, 0x0aeb8000)
 compacting perm gen  total 12288K, used 9010K [0x14a00000, 0x15600000, 0x18a00000)
   the space 12288K,  73% used [0x14a00000, 0x152ccb78, 0x152ccc00, 0x15600000)
No shared spaces configured.
}
Event: 8.113 GC heap before
{Heap before GC invocations=19 (full 1):
 def new generation   total 7168K, used 6393K [0x04a00000, 0x051c0000, 0x09f50000)
  eden space 6400K,  99% used [0x04a00000, 0x0503e428, 0x05040000)
  from space 768K,   0% used [0x05040000, 0x05040000, 0x05100000)
  to   space 768K,   0% used [0x05100000, 0x05100000, 0x051c0000)
 tenured generation   total 15776K, used 9464K [0x09f50000, 0x0aeb8000, 0x14a00000)
   the space 15776K,  59% used [0x09f50000, 0x0a88e0e8, 0x0a88e200, 0x0aeb8000)
 compacting perm gen  total 12288K, used 9010K [0x14a00000, 0x15600000, 0x18a00000)
   the space 12288K,  73% used [0x14a00000, 0x152ccb98, 0x152ccc00, 0x15600000)
No shared spaces configured.
Event: 8.115 GC heap after
Heap after GC invocations=20 (full 1):
 def new generation   total 7168K, used 768K [0x04a00000, 0x051c0000, 0x09f50000)
  eden space 6400K,   0% used [0x04a00000, 0x04a00000, 0x05040000)
  from space 768K, 100% used [0x05100000, 0x051c0000, 0x051c0000)
  to   space 768K,   0% used [0x05040000, 0x05040000, 0x05100000)
 tenured generation   total 15776K, used 10099K [0x09f50000, 0x0aeb8000, 0x14a00000)
   the space 15776K,  64% used [0x09f50000, 0x0a92cfd0, 0x0a92d000, 0x0aeb8000)
 compacting perm gen  total 12288K, used 9010K [0x14a00000, 0x15600000, 0x18a00000)
   the space 12288K,  73% used [0x14a00000, 0x152ccb98, 0x152ccc00, 0x15600000)
No shared spaces configured.
}
Event: 8.777 GC heap before
{Heap before GC invocations=20 (full 1):
 def new generation   total 7168K, used 7168K [0x04a00000, 0x051c0000, 0x09f50000)
  eden space 6400K, 100% used [0x04a00000, 0x05040000, 0x05040000)
  from space 768K, 100% used [0x05100000, 0x051c0000, 0x051c0000)
  to   space 768K,   0% used [0x05040000, 0x05040000, 0x05100000)
 tenured generation   total 15776K, used 10099K [0x09f50000, 0x0aeb8000, 0x14a00000)
   the space 15776K,  64% used [0x09f50000, 0x0a92cfd0, 0x0a92d000, 0x0aeb8000)
 compacting perm gen  total 12288K, used 9010K [0x14a00000, 0x15600000, 0x18a00000)
   the space 12288K,  73% used [0x14a00000, 0x152ccba8, 0x152ccc00, 0x15600000)
No shared spaces configured.
Event: 8.778 GC heap after
Heap after GC invocations=21 (full 1):
 def new generation   total 7168K, used 763K [0x04a00000, 0x051c0000, 0x09f50000)
  eden space 6400K,   0% used [0x04a00000, 0x04a00000, 0x05040000)
  from space 768K,  99% used [0x05040000, 0x050fee80, 0x05100000)
  to   space 768K,   0% used [0x05100000, 0x05100000, 0x051c0000)
 tenured generation   total 15776K, used 10855K [0x09f50000, 0x0aeb8000, 0x14a00000)
   the space 15776K,  68% used [0x09f50000, 0x0a9e9d98, 0x0a9e9e00, 0x0aeb8000)
 compacting perm gen  total 12288K, used 9010K [0x14a00000, 0x15600000, 0x18a00000)
   the space 12288K,  73% used [0x14a00000, 0x152ccba8, 0x152ccc00, 0x15600000)
No shared spaces configured.
}

