# JRE version: Java(TM) SE Runtime Environment (7.0_79-b15) (build 1.7.0_79-b15)
# Java VM: Java HotSpot(TM) Client VM (24.79-b02 mixed mode windows-x86 )
Heap
 def new generation   total 6400K, used 3198K [0x04200000, 0x048f0000, 0x09750000)
  eden space 5696K,  56% used [0x04200000, 0x0451e580, 0x04790000)
  from space 704K,   0% used [0x04840000, 0x048412d8, 0x048f0000)
  to   space 704K,   0% used [0x04790000, 0x04790000, 0x04840000)
 tenured generation   total 22264K, used 16514K [0x09750000, 0x0ad0e000, 0x14200000)
   the space 22264K,  74% used [0x09750000, 0x0a770880, 0x0a770a00, 0x0ad0e000)
 compacting perm gen  total 12288K, used 8894K [0x14200000, 0x14e00000, 0x18200000)
   the space 12288K,  72% used [0x14200000, 0x14aaf870, 0x14aafa00, 0x14e00000)
GC Heap History (10 events):
Event: 12.425 GC heap before
{Heap before GC invocations=24 (full 2):
 def new generation   total 6400K, used 5701K [0x04200000, 0x048f0000, 0x09750000)
  eden space 5696K, 100% used [0x04200000, 0x04790000, 0x04790000)
  from space 704K,   0% used [0x04790000, 0x04791428, 0x04840000)
  to   space 704K,   0% used [0x04840000, 0x04840000, 0x048f0000)
 tenured generation   total 22264K, used 16514K [0x09750000, 0x0ad0e000, 0x14200000)
   the space 22264K,  74% used [0x09750000, 0x0a770880, 0x0a770a00, 0x0ad0e000)
 compacting perm gen  total 12288K, used 8890K [0x14200000, 0x14e00000, 0x18200000)
   the space 12288K,  72% used [0x14200000, 0x14aae9b0, 0x14aaea00, 0x14e00000)
No shared spaces configured.
Event: 12.425 GC heap after
Heap after GC invocations=25 (full 2):
 def new generation   total 6400K, used 4K [0x04200000, 0x048f0000, 0x09750000)
  eden space 5696K,   0% used [0x04200000, 0x04200000, 0x04790000)
  from space 704K,   0% used [0x04840000, 0x04841168, 0x048f0000)
  to   space 704K,   0% used [0x04790000, 0x04790000, 0x04840000)
 tenured generation   total 22264K, used 16514K [0x09750000, 0x0ad0e000, 0x14200000)
   the space 22264K,  74% used [0x09750000, 0x0a770880, 0x0a770a00, 0x0ad0e000)
 compacting perm gen  total 12288K, used 8890K [0x14200000, 0x14e00000, 0x18200000)
   the space 12288K,  72% used [0x14200000, 0x14aae9b0, 0x14aaea00, 0x14e00000)
No shared spaces configured.
}
Event: 13.118 GC heap before
{Heap before GC invocations=25 (full 2):
 def new generation   total 6400K, used 5699K [0x04200000, 0x048f0000, 0x09750000)
  eden space 5696K,  99% used [0x04200000, 0x0478fca8, 0x04790000)
  from space 704K,   0% used [0x04840000, 0x04841168, 0x048f0000)
  to   space 704K,   0% used [0x04790000, 0x04790000, 0x04840000)
 tenured generation   total 22264K, used 16514K [0x09750000, 0x0ad0e000, 0x14200000)
   the space 22264K,  74% used [0x09750000, 0x0a770880, 0x0a770a00, 0x0ad0e000)
 compacting perm gen  total 12288K, used 8890K [0x14200000, 0x14e00000, 0x18200000)
   the space 12288K,  72% used [0x14200000, 0x14aae9b0, 0x14aaea00, 0x14e00000)
No shared spaces configured.
Event: 13.118 GC heap after
Heap after GC invocations=26 (full 2):
 def new generation   total 6400K, used 4K [0x04200000, 0x048f0000, 0x09750000)
  eden space 5696K,   0% used [0x04200000, 0x04200000, 0x04790000)
  from space 704K,   0% used [0x04790000, 0x04791260, 0x04840000)
  to   space 704K,   0% used [0x04840000, 0x04840000, 0x048f0000)
 tenured generation   total 22264K, used 16514K [0x09750000, 0x0ad0e000, 0x14200000)
   the space 22264K,  74% used [0x09750000, 0x0a770880, 0x0a770a00, 0x0ad0e000)
 compacting perm gen  total 12288K, used 8890K [0x14200000, 0x14e00000, 0x18200000)
   the space 12288K,  72% used [0x14200000, 0x14aae9b0, 0x14aaea00, 0x14e00000)
No shared spaces configured.
}
Event: 13.758 GC heap before
{Heap before GC invocations=26 (full 2):
 def new generation   total 6400K, used 5700K [0x04200000, 0x048f0000, 0x09750000)
  eden space 5696K, 100% used [0x04200000, 0x04790000, 0x04790000)
  from space 704K,   0% used [0x04790000, 0x04791260, 0x04840000)
  to   space 704K,   0% used [0x04840000, 0x04840000, 0x048f0000)
 tenured generation   total 22264K, used 16514K [0x09750000, 0x0ad0e000, 0x14200000)
   the space 22264K,  74% used [0x09750000, 0x0a770880, 0x0a770a00, 0x0ad0e000)
 compacting perm gen  total 12288K, used 8890K [0x14200000, 0x14e00000, 0x18200000)
   the space 12288K,  72% used [0x14200000, 0x14aae9b0, 0x14aaea00, 0x14e00000)
No shared spaces configured.
Event: 13.759 GC heap after
Heap after GC invocations=27 (full 2):
 def new generation   total 6400K, used 3K [0x04200000, 0x048f0000, 0x09750000)
  eden space 5696K,   0% used [0x04200000, 0x04200000, 0x04790000)
  from space 704K,   0% used [0x04840000, 0x04840c58, 0x048f0000)
  to   space 704K,   0% used [0x04790000, 0x04790000, 0x04840000)
 tenured generation   total 22264K, used 16514K [0x09750000, 0x0ad0e000, 0x14200000)
   the space 22264K,  74% used [0x09750000, 0x0a770880, 0x0a770a00, 0x0ad0e000)
 compacting perm gen  total 12288K, used 8890K [0x14200000, 0x14e00000, 0x18200000)
   the space 12288K,  72% used [0x14200000, 0x14aae9b0, 0x14aaea00, 0x14e00000)
No shared spaces configured.
}
Event: 14.465 GC heap before
{Heap before GC invocations=27 (full 2):
 def new generation   total 6400K, used 5699K [0x04200000, 0x048f0000, 0x09750000)
  eden space 5696K, 100% used [0x04200000, 0x04790000, 0x04790000)
  from space 704K,   0% used [0x04840000, 0x04840c58, 0x048f0000)
  to   space 704K,   0% used [0x04790000, 0x04790000, 0x04840000)
 tenured generation   total 22264K, used 16514K [0x09750000, 0x0ad0e000, 0x14200000)
   the space 22264K,  74% used [0x09750000, 0x0a770880, 0x0a770a00, 0x0ad0e000)
 compacting perm gen  total 12288K, used 8890K [0x14200000, 0x14e00000, 0x18200000)
   the space 12288K,  72% used [0x14200000, 0x14aae9c0, 0x14aaea00, 0x14e00000)
No shared spaces configured.
Event: 14.465 GC heap after
Heap after GC invocations=28 (full 2):
 def new generation   total 6400K, used 4K [0x04200000, 0x048f0000, 0x09750000)
  eden space 5696K,   0% used [0x04200000, 0x04200000, 0x04790000)
  from space 704K,   0% used [0x04790000, 0x04791358, 0x04840000)
  to   space 704K,   0% used [0x04840000, 0x04840000, 0x048f0000)
 tenured generation   total 22264K, used 16514K [0x09750000, 0x0ad0e000, 0x14200000)
   the space 22264K,  74% used [0x09750000, 0x0a770880, 0x0a770a00, 0x0ad0e000)
 compacting perm gen  total 12288K, used 8890K [0x14200000, 0x14e00000, 0x18200000)
   the space 12288K,  72% used [0x14200000, 0x14aae9c0, 0x14aaea00, 0x14e00000)
No shared spaces configured.
}
Event: 15.187 GC heap before
{Heap before GC invocations=28 (full 2):
 def new generation   total 6400K, used 5700K [0x04200000, 0x048f0000, 0x09750000)
  eden space 5696K, 100% used [0x04200000, 0x04790000, 0x04790000)
  from space 704K,   0% used [0x04790000, 0x04791358, 0x04840000)
  to   space 704K,   0% used [0x04840000, 0x04840000, 0x048f0000)
 tenured generation   total 22264K, used 16514K [0x09750000, 0x0ad0e000, 0x14200000)
   the space 22264K,  74% used [0x09750000, 0x0a770880, 0x0a770a00, 0x0ad0e000)
 compacting perm gen  total 12288K, used 8891K [0x14200000, 0x14e00000, 0x18200000)
   the space 12288K,  72% used [0x14200000, 0x14aaee00, 0x14aaee00, 0x14e00000)
No shared spaces configured.
Event: 15.187 GC heap after
Heap after GC invocations=29 (full 2):
 def new generation   total 6400K, used 4K [0x04200000, 0x048f0000, 0x09750000)
  eden space 5696K,   0% used [0x04200000, 0x04200000, 0x04790000)
  from space 704K,   0% used [0x04840000, 0x048412d8, 0x048f0000)
  to   space 704K,   0% used [0x04790000, 0x04790000, 0x04840000)
 tenured generation   total 22264K, used 16514K [0x09750000, 0x0ad0e000, 0x14200000)
   the space 22264K,  74% used [0x09750000, 0x0a770880, 0x0a770a00, 0x0ad0e000)
 compacting perm gen  total 12288K, used 8891K [0x14200000, 0x14e00000, 0x18200000)
   the space 12288K,  72% used [0x14200000, 0x14aaee00, 0x14aaee00, 0x14e00000)
No shared spaces configured.
}

