# JRE version: Java(TM) SE Runtime Environment (7.0_79-b15) (build 1.7.0_79-b15)
# Java VM: Java HotSpot(TM) Client VM (24.79-b02 mixed mode windows-x86 )
Heap
 def new generation   total 4928K, used 1908K [0x04800000, 0x04d50000, 0x09d50000)
  eden space 4416K,  38% used [0x04800000, 0x049a4810, 0x04c50000)
  from space 512K,  44% used [0x04cd0000, 0x04d08960, 0x04d50000)
  to   space 512K,   0% used [0x04c50000, 0x04c50000, 0x04cd0000)
 tenured generation   total 10944K, used 9130K [0x09d50000, 0x0a800000, 0x14800000)
   the space 10944K,  83% used [0x09d50000, 0x0a63a890, 0x0a63aa00, 0x0a800000)
 compacting perm gen  total 12288K, used 9050K [0x14800000, 0x15400000, 0x18800000)
   the space 12288K,  73% used [0x14800000, 0x150d6928, 0x150d6a00, 0x15400000)
GC Heap History (10 events):
Event: 6.769 GC heap before
{Heap before GC invocations=12 (full 0):
 def new generation   total 4928K, used 4551K [0x04800000, 0x04d50000, 0x09d50000)
  eden space 4416K, 100% used [0x04800000, 0x04c50000, 0x04c50000)
  from space 512K,  26% used [0x04c50000, 0x04c71c38, 0x04cd0000)
  to   space 512K,   0% used [0x04cd0000, 0x04cd0000, 0x04d50000)
 tenured generation   total 10944K, used 8397K [0x09d50000, 0x0a800000, 0x14800000)
   the space 10944K,  76% used [0x09d50000, 0x0a583710, 0x0a583800, 0x0a800000)
 compacting perm gen  total 12288K, used 9035K [0x14800000, 0x15400000, 0x18800000)
   the space 12288K,  73% used [0x14800000, 0x150d2e98, 0x150d3000, 0x15400000)
No shared spaces configured.
Event: 6.771 GC heap after
Heap after GC invocations=13 (full 0):
 def new generation   total 4928K, used 150K [0x04800000, 0x04d50000, 0x09d50000)
  eden space 4416K,   0% used [0x04800000, 0x04800000, 0x04c50000)
  from space 512K,  29% used [0x04cd0000, 0x04cf5bc8, 0x04d50000)
  to   space 512K,   0% used [0x04c50000, 0x04c50000, 0x04cd0000)
 tenured generation   total 10944K, used 9130K [0x09d50000, 0x0a800000, 0x14800000)
   the space 10944K,  83% used [0x09d50000, 0x0a63a890, 0x0a63aa00, 0x0a800000)
 compacting perm gen  total 12288K, used 9035K [0x14800000, 0x15400000, 0x18800000)
   the space 12288K,  73% used [0x14800000, 0x150d2e98, 0x150d3000, 0x15400000)
No shared spaces configured.
}
Event: 7.413 GC heap before
{Heap before GC invocations=13 (full 0):
 def new generation   total 4928K, used 4566K [0x04800000, 0x04d50000, 0x09d50000)
  eden space 4416K, 100% used [0x04800000, 0x04c50000, 0x04c50000)
  from space 512K,  29% used [0x04cd0000, 0x04cf5bc8, 0x04d50000)
  to   space 512K,   0% used [0x04c50000, 0x04c50000, 0x04cd0000)
 tenured generation   total 10944K, used 9130K [0x09d50000, 0x0a800000, 0x14800000)
   the space 10944K,  83% used [0x09d50000, 0x0a63a890, 0x0a63aa00, 0x0a800000)
 compacting perm gen  total 12288K, used 9035K [0x14800000, 0x15400000, 0x18800000)
   the space 12288K,  73% used [0x14800000, 0x150d2e98, 0x150d3000, 0x15400000)
No shared spaces configured.
Event: 7.414 GC heap after
Heap after GC invocations=14 (full 0):
 def new generation   total 4928K, used 149K [0x04800000, 0x04d50000, 0x09d50000)
  eden space 4416K,   0% used [0x04800000, 0x04800000, 0x04c50000)
  from space 512K,  29% used [0x04c50000, 0x04c757a0, 0x04cd0000)
  to   space 512K,   0% used [0x04cd0000, 0x04cd0000, 0x04d50000)
 tenured generation   total 10944K, used 9130K [0x09d50000, 0x0a800000, 0x14800000)
   the space 10944K,  83% used [0x09d50000, 0x0a63a890, 0x0a63aa00, 0x0a800000)
 compacting perm gen  total 12288K, used 9035K [0x14800000, 0x15400000, 0x18800000)
   the space 12288K,  73% used [0x14800000, 0x150d2e98, 0x150d3000, 0x15400000)
No shared spaces configured.
}
Event: 8.026 GC heap before
{Heap before GC invocations=14 (full 0):
 def new generation   total 4928K, used 4565K [0x04800000, 0x04d50000, 0x09d50000)
  eden space 4416K, 100% used [0x04800000, 0x04c50000, 0x04c50000)
  from space 512K,  29% used [0x04c50000, 0x04c757a0, 0x04cd0000)
  to   space 512K,   0% used [0x04cd0000, 0x04cd0000, 0x04d50000)
 tenured generation   total 10944K, used 9130K [0x09d50000, 0x0a800000, 0x14800000)
   the space 10944K,  83% used [0x09d50000, 0x0a63a890, 0x0a63aa00, 0x0a800000)
 compacting perm gen  total 12288K, used 9035K [0x14800000, 0x15400000, 0x18800000)
   the space 12288K,  73% used [0x14800000, 0x150d2ea8, 0x150d3000, 0x15400000)
No shared spaces configured.
Event: 8.027 GC heap after
Heap after GC invocations=15 (full 0):
 def new generation   total 4928K, used 163K [0x04800000, 0x04d50000, 0x09d50000)
  eden space 4416K,   0% used [0x04800000, 0x04800000, 0x04c50000)
  from space 512K,  31% used [0x04cd0000, 0x04cf8e60, 0x04d50000)
  to   space 512K,   0% used [0x04c50000, 0x04c50000, 0x04cd0000)
 tenured generation   total 10944K, used 9130K [0x09d50000, 0x0a800000, 0x14800000)
   the space 10944K,  83% used [0x09d50000, 0x0a63a890, 0x0a63aa00, 0x0a800000)
 compacting perm gen  total 12288K, used 9035K [0x14800000, 0x15400000, 0x18800000)
   the space 12288K,  73% used [0x14800000, 0x150d2ea8, 0x150d3000, 0x15400000)
No shared spaces configured.
}
Event: 8.836 GC heap before
{Heap before GC invocations=15 (full 0):
 def new generation   total 4928K, used 4579K [0x04800000, 0x04d50000, 0x09d50000)
  eden space 4416K, 100% used [0x04800000, 0x04c50000, 0x04c50000)
  from space 512K,  31% used [0x04cd0000, 0x04cf8e60, 0x04d50000)
  to   space 512K,   0% used [0x04c50000, 0x04c50000, 0x04cd0000)
 tenured generation   total 10944K, used 9130K [0x09d50000, 0x0a800000, 0x14800000)
   the space 10944K,  83% used [0x09d50000, 0x0a63a890, 0x0a63aa00, 0x0a800000)
 compacting perm gen  total 12288K, used 9035K [0x14800000, 0x15400000, 0x18800000)
   the space 12288K,  73% used [0x14800000, 0x150d2ea8, 0x150d3000, 0x15400000)
No shared spaces configured.
Event: 8.837 GC heap after
Heap after GC invocations=16 (full 0):
 def new generation   total 4928K, used 177K [0x04800000, 0x04d50000, 0x09d50000)
  eden space 4416K,   0% used [0x04800000, 0x04800000, 0x04c50000)
  from space 512K,  34% used [0x04c50000, 0x04c7c678, 0x04cd0000)
  to   space 512K,   0% used [0x04cd0000, 0x04cd0000, 0x04d50000)
 tenured generation   total 10944K, used 9130K [0x09d50000, 0x0a800000, 0x14800000)
   the space 10944K,  83% used [0x09d50000, 0x0a63a890, 0x0a63aa00, 0x0a800000)
 compacting perm gen  total 12288K, used 9035K [0x14800000, 0x15400000, 0x18800000)
   the space 12288K,  73% used [0x14800000, 0x150d2ea8, 0x150d3000, 0x15400000)
No shared spaces configured.
}
Event: 9.597 GC heap before
{Heap before GC invocations=16 (full 0):
 def new generation   total 4928K, used 4593K [0x04800000, 0x04d50000, 0x09d50000)
  eden space 4416K, 100% used [0x04800000, 0x04c50000, 0x04c50000)
  from space 512K,  34% used [0x04c50000, 0x04c7c678, 0x04cd0000)
  to   space 512K,   0% used [0x04cd0000, 0x04cd0000, 0x04d50000)
 tenured generation   total 10944K, used 9130K [0x09d50000, 0x0a800000, 0x14800000)
   the space 10944K,  83% used [0x09d50000, 0x0a63a890, 0x0a63aa00, 0x0a800000)
 compacting perm gen  total 12288K, used 9047K [0x14800000, 0x15400000, 0x18800000)
   the space 12288K,  73% used [0x14800000, 0x150d5eb8, 0x150d6000, 0x15400000)
No shared spaces configured.
Event: 9.598 GC heap after
Heap after GC invocations=17 (full 0):
 def new generation   total 4928K, used 226K [0x04800000, 0x04d50000, 0x09d50000)
  eden space 4416K,   0% used [0x04800000, 0x04800000, 0x04c50000)
  from space 512K,  44% used [0x04cd0000, 0x04d08960, 0x04d50000)
  to   space 512K,   0% used [0x04c50000, 0x04c50000, 0x04cd0000)
 tenured generation   total 10944K, used 9130K [0x09d50000, 0x0a800000, 0x14800000)
   the space 10944K,  83% used [0x09d50000, 0x0a63a890, 0x0a63aa00, 0x0a800000)
 compacting perm gen  total 12288K, used 9047K [0x14800000, 0x15400000, 0x18800000)
   the space 12288K,  73% used [0x14800000, 0x150d5eb8, 0x150d6000, 0x15400000)
No shared spaces configured.
}

