# JRE version: Java(TM) SE Runtime Environment (7.0_79-b15) (build 1.7.0_79-b15)
# Java VM: Java HotSpot(TM) Client VM (24.79-b02 mixed mode windows-x86 )
Heap
 def new generation   total 17088K, used 5325K [0x04800000, 0x05a80000, 0x09d50000)
  eden space 15232K,  34% used [0x04800000, 0x04d23908, 0x056e0000)
  from space 1856K,   3% used [0x056e0000, 0x056efb48, 0x058b0000)
  to   space 1856K,   0% used [0x058b0000, 0x058b0000, 0x05a80000)
 tenured generation   total 70632K, used 68921K [0x09d50000, 0x0e24a000, 0x14800000)
   the space 70632K,  97% used [0x09d50000, 0x0e09e4a0, 0x0e09e600, 0x0e24a000)
 compacting perm gen  total 12288K, used 9355K [0x14800000, 0x15400000, 0x18800000)
   the space 12288K,  76% used [0x14800000, 0x15122f68, 0x15123000, 0x15400000)
GC Heap History (10 events):
Event: 189.614 GC heap before
{Heap before GC invocations=140 (full 4):
 def new generation   total 17088K, used 16773K [0x04800000, 0x05a80000, 0x09d50000)
  eden space 15232K, 100% used [0x04800000, 0x056e0000, 0x056e0000)
  from space 1856K,  83% used [0x058b0000, 0x05a314c8, 0x05a80000)
  to   space 1856K,   0% used [0x056e0000, 0x056e0000, 0x058b0000)
 tenured generation   total 70632K, used 62101K [0x09d50000, 0x0e24a000, 0x14800000)
   the space 70632K,  87% used [0x09d50000, 0x0d9f5790, 0x0d9f5800, 0x0e24a000)
 compacting perm gen  total 12288K, used 9120K [0x14800000, 0x15400000, 0x18800000)
   the space 12288K,  74% used [0x14800000, 0x150e8270, 0x150e8400, 0x15400000)
No shared spaces configured.
Event: 189.618 GC heap after
Heap after GC invocations=141 (full 4):
 def new generation   total 17088K, used 1847K [0x04800000, 0x05a80000, 0x09d50000)
  eden space 15232K,   0% used [0x04800000, 0x04800000, 0x056e0000)
  from space 1856K,  99% used [0x056e0000, 0x058addd0, 0x058b0000)
  to   space 1856K,   0% used [0x058b0000, 0x058b0000, 0x05a80000)
 tenured generation   total 70632K, used 63911K [0x09d50000, 0x0e24a000, 0x14800000)
   the space 70632K,  90% used [0x09d50000, 0x0dbb9d60, 0x0dbb9e00, 0x0e24a000)
 compacting perm gen  total 12288K, used 9120K [0x14800000, 0x15400000, 0x18800000)
   the space 12288K,  74% used [0x14800000, 0x150e8270, 0x150e8400, 0x15400000)
No shared spaces configured.
}
Event: 190.966 GC heap before
{Heap before GC invocations=141 (full 4):
 def new generation   total 17088K, used 17079K [0x04800000, 0x05a80000, 0x09d50000)
  eden space 15232K, 100% used [0x04800000, 0x056e0000, 0x056e0000)
  from space 1856K,  99% used [0x056e0000, 0x058addd0, 0x058b0000)
  to   space 1856K,   0% used [0x058b0000, 0x058b0000, 0x05a80000)
 tenured generation   total 70632K, used 63911K [0x09d50000, 0x0e24a000, 0x14800000)
   the space 70632K,  90% used [0x09d50000, 0x0dbb9d60, 0x0dbb9e00, 0x0e24a000)
 compacting perm gen  total 12288K, used 9120K [0x14800000, 0x15400000, 0x18800000)
   the space 12288K,  74% used [0x14800000, 0x150e8270, 0x150e8400, 0x15400000)
No shared spaces configured.
Event: 190.969 GC heap after
Heap after GC invocations=142 (full 4):
 def new generation   total 17088K, used 1856K [0x04800000, 0x05a80000, 0x09d50000)
  eden space 15232K,   0% used [0x04800000, 0x04800000, 0x056e0000)
  from space 1856K, 100% used [0x058b0000, 0x05a80000, 0x05a80000)
  to   space 1856K,   0% used [0x056e0000, 0x056e0000, 0x058b0000)
 tenured generation   total 70632K, used 65811K [0x09d50000, 0x0e24a000, 0x14800000)
   the space 70632K,  93% used [0x09d50000, 0x0dd94db0, 0x0dd94e00, 0x0e24a000)
 compacting perm gen  total 12288K, used 9120K [0x14800000, 0x15400000, 0x18800000)
   the space 12288K,  74% used [0x14800000, 0x150e8270, 0x150e8400, 0x15400000)
No shared spaces configured.
}
Event: 192.528 GC heap before
{Heap before GC invocations=142 (full 4):
 def new generation   total 17088K, used 17088K [0x04800000, 0x05a80000, 0x09d50000)
  eden space 15232K, 100% used [0x04800000, 0x056e0000, 0x056e0000)
  from space 1856K, 100% used [0x058b0000, 0x05a80000, 0x05a80000)
  to   space 1856K,   0% used [0x056e0000, 0x056e0000, 0x058b0000)
 tenured generation   total 70632K, used 65811K [0x09d50000, 0x0e24a000, 0x14800000)
   the space 70632K,  93% used [0x09d50000, 0x0dd94db0, 0x0dd94e00, 0x0e24a000)
 compacting perm gen  total 12288K, used 9352K [0x14800000, 0x15400000, 0x18800000)
   the space 12288K,  76% used [0x14800000, 0x15122330, 0x15122400, 0x15400000)
No shared spaces configured.
Event: 192.532 GC heap after
Heap after GC invocations=143 (full 4):
 def new generation   total 17088K, used 1352K [0x04800000, 0x05a80000, 0x09d50000)
  eden space 15232K,   0% used [0x04800000, 0x04800000, 0x056e0000)
  from space 1856K,  72% used [0x056e0000, 0x058322e0, 0x058b0000)
  to   space 1856K,   0% used [0x058b0000, 0x058b0000, 0x05a80000)
 tenured generation   total 70632K, used 67621K [0x09d50000, 0x0e24a000, 0x14800000)
   the space 70632K,  95% used [0x09d50000, 0x0df597e8, 0x0df59800, 0x0e24a000)
 compacting perm gen  total 12288K, used 9352K [0x14800000, 0x15400000, 0x18800000)
   the space 12288K,  76% used [0x14800000, 0x15122330, 0x15122400, 0x15400000)
No shared spaces configured.
}
Event: 195.728 GC heap before
{Heap before GC invocations=143 (full 4):
 def new generation   total 17088K, used 16584K [0x04800000, 0x05a80000, 0x09d50000)
  eden space 15232K, 100% used [0x04800000, 0x056e0000, 0x056e0000)
  from space 1856K,  72% used [0x056e0000, 0x058322e0, 0x058b0000)
  to   space 1856K,   0% used [0x058b0000, 0x058b0000, 0x05a80000)
 tenured generation   total 70632K, used 67621K [0x09d50000, 0x0e24a000, 0x14800000)
   the space 70632K,  95% used [0x09d50000, 0x0df597e8, 0x0df59800, 0x0e24a000)
 compacting perm gen  total 12288K, used 9352K [0x14800000, 0x15400000, 0x18800000)
   the space 12288K,  76% used [0x14800000, 0x15122360, 0x15122400, 0x15400000)
No shared spaces configured.
Event: 195.730 GC heap after
Heap after GC invocations=144 (full 4):
 def new generation   total 17088K, used 2K [0x04800000, 0x05a80000, 0x09d50000)
  eden space 15232K,   0% used [0x04800000, 0x04800000, 0x056e0000)
  from space 1856K,   0% used [0x058b0000, 0x058b0830, 0x05a80000)
  to   space 1856K,   0% used [0x056e0000, 0x056e0000, 0x058b0000)
 tenured generation   total 70632K, used 68921K [0x09d50000, 0x0e24a000, 0x14800000)
   the space 70632K,  97% used [0x09d50000, 0x0e09e4a0, 0x0e09e600, 0x0e24a000)
 compacting perm gen  total 12288K, used 9352K [0x14800000, 0x15400000, 0x18800000)
   the space 12288K,  76% used [0x14800000, 0x15122360, 0x15122400, 0x15400000)
No shared spaces configured.
}
Event: 198.856 GC heap before
{Heap before GC invocations=144 (full 4):
 def new generation   total 17088K, used 15234K [0x04800000, 0x05a80000, 0x09d50000)
  eden space 15232K, 100% used [0x04800000, 0x056e0000, 0x056e0000)
  from space 1856K,   0% used [0x058b0000, 0x058b0830, 0x05a80000)
  to   space 1856K,   0% used [0x056e0000, 0x056e0000, 0x058b0000)
 tenured generation   total 70632K, used 68921K [0x09d50000, 0x0e24a000, 0x14800000)
   the space 70632K,  97% used [0x09d50000, 0x0e09e4a0, 0x0e09e600, 0x0e24a000)
 compacting perm gen  total 12288K, used 9354K [0x14800000, 0x15400000, 0x18800000)
   the space 12288K,  76% used [0x14800000, 0x15122aa8, 0x15122c00, 0x15400000)
No shared spaces configured.
Event: 198.857 GC heap after
Heap after GC invocations=145 (full 4):
 def new generation   total 17088K, used 62K [0x04800000, 0x05a80000, 0x09d50000)
  eden space 15232K,   0% used [0x04800000, 0x04800000, 0x056e0000)
  from space 1856K,   3% used [0x056e0000, 0x056efb48, 0x058b0000)
  to   space 1856K,   0% used [0x058b0000, 0x058b0000, 0x05a80000)
 tenured generation   total 70632K, used 68921K [0x09d50000, 0x0e24a000, 0x14800000)
   the space 70632K,  97% used [0x09d50000, 0x0e09e4a0, 0x0e09e600, 0x0e24a000)
 compacting perm gen  total 12288K, used 9354K [0x14800000, 0x15400000, 0x18800000)
   the space 12288K,  76% used [0x14800000, 0x15122aa8, 0x15122c00, 0x15400000)
No shared spaces configured.
}

