# JRE version: Java(TM) SE Runtime Environment (7.0_79-b15) (build 1.7.0_79-b15)
# Java VM: Java HotSpot(TM) Client VM (24.79-b02 mixed mode windows-x86 )
Heap
 def new generation   total 4928K, used 2834K [0x04200000, 0x04750000, 0x09750000)
  eden space 4416K,  64% used [0x04200000, 0x044c34c0, 0x04650000)
  from space 512K,   1% used [0x04650000, 0x046515f8, 0x046d0000)
  to   space 512K,   0% used [0x046d0000, 0x046d0000, 0x04750000)
 tenured generation   total 10944K, used 2481K [0x09750000, 0x0a200000, 0x14200000)
   the space 10944K,  22% used [0x09750000, 0x099bc768, 0x099bc800, 0x0a200000)
 compacting perm gen  total 12288K, used 4793K [0x14200000, 0x14e00000, 0x18200000)
   the space 12288K,  39% used [0x14200000, 0x146ae7f8, 0x146ae800, 0x14e00000)
GC Heap History (10 events):
Event: 1.927 GC heap before
{Heap before GC invocations=3 (full 0):
 def new generation   total 4928K, used 4753K [0x04200000, 0x04750000, 0x09750000)
  eden space 4416K, 100% used [0x04200000, 0x04650000, 0x04650000)
  from space 512K,  65% used [0x046d0000, 0x04724690, 0x04750000)
  to   space 512K,   0% used [0x04650000, 0x04650000, 0x046d0000)
 tenured generation   total 10944K, used 2145K [0x09750000, 0x0a200000, 0x14200000)
   the space 10944K,  19% used [0x09750000, 0x099685f0, 0x09968600, 0x0a200000)
 compacting perm gen  total 12288K, used 4791K [0x14200000, 0x14e00000, 0x18200000)
   the space 12288K,  38% used [0x14200000, 0x146adcc8, 0x146ade00, 0x14e00000)
No shared spaces configured.
Event: 1.928 GC heap after
Heap after GC invocations=4 (full 0):
 def new generation   total 4928K, used 3K [0x04200000, 0x04750000, 0x09750000)
  eden space 4416K,   0% used [0x04200000, 0x04200000, 0x04650000)
  from space 512K,   0% used [0x04650000, 0x04650e30, 0x046d0000)
  to   space 512K,   0% used [0x046d0000, 0x046d0000, 0x04750000)
 tenured generation   total 10944K, used 2481K [0x09750000, 0x0a200000, 0x14200000)
   the space 10944K,  22% used [0x09750000, 0x099bc768, 0x099bc800, 0x0a200000)
 compacting perm gen  total 12288K, used 4791K [0x14200000, 0x14e00000, 0x18200000)
   the space 12288K,  38% used [0x14200000, 0x146adcc8, 0x146ade00, 0x14e00000)
No shared spaces configured.
}
Event: 3.002 GC heap before
{Heap before GC invocations=4 (full 0):
 def new generation   total 4928K, used 4419K [0x04200000, 0x04750000, 0x09750000)
  eden space 4416K, 100% used [0x04200000, 0x04650000, 0x04650000)
  from space 512K,   0% used [0x04650000, 0x04650e30, 0x046d0000)
  to   space 512K,   0% used [0x046d0000, 0x046d0000, 0x04750000)
 tenured generation   total 10944K, used 2481K [0x09750000, 0x0a200000, 0x14200000)
   the space 10944K,  22% used [0x09750000, 0x099bc768, 0x099bc800, 0x0a200000)
 compacting perm gen  total 12288K, used 4791K [0x14200000, 0x14e00000, 0x18200000)
   the space 12288K,  38% used [0x14200000, 0x146adcf8, 0x146ade00, 0x14e00000)
No shared spaces configured.
Event: 3.002 GC heap after
Heap after GC invocations=5 (full 0):
 def new generation   total 4928K, used 3K [0x04200000, 0x04750000, 0x09750000)
  eden space 4416K,   0% used [0x04200000, 0x04200000, 0x04650000)
  from space 512K,   0% used [0x046d0000, 0x046d0c40, 0x04750000)
  to   space 512K,   0% used [0x04650000, 0x04650000, 0x046d0000)
 tenured generation   total 10944K, used 2481K [0x09750000, 0x0a200000, 0x14200000)
   the space 10944K,  22% used [0x09750000, 0x099bc768, 0x099bc800, 0x0a200000)
 compacting perm gen  total 12288K, used 4791K [0x14200000, 0x14e00000, 0x18200000)
   the space 12288K,  38% used [0x14200000, 0x146adcf8, 0x146ade00, 0x14e00000)
No shared spaces configured.
}
Event: 4.095 GC heap before
{Heap before GC invocations=5 (full 0):
 def new generation   total 4928K, used 4419K [0x04200000, 0x04750000, 0x09750000)
  eden space 4416K, 100% used [0x04200000, 0x04650000, 0x04650000)
  from space 512K,   0% used [0x046d0000, 0x046d0c40, 0x04750000)
  to   space 512K,   0% used [0x04650000, 0x04650000, 0x046d0000)
 tenured generation   total 10944K, used 2481K [0x09750000, 0x0a200000, 0x14200000)
   the space 10944K,  22% used [0x09750000, 0x099bc768, 0x099bc800, 0x0a200000)
 compacting perm gen  total 12288K, used 4791K [0x14200000, 0x14e00000, 0x18200000)
   the space 12288K,  38% used [0x14200000, 0x146adcf8, 0x146ade00, 0x14e00000)
No shared spaces configured.
Event: 4.095 GC heap after
Heap after GC invocations=6 (full 0):
 def new generation   total 4928K, used 3K [0x04200000, 0x04750000, 0x09750000)
  eden space 4416K,   0% used [0x04200000, 0x04200000, 0x04650000)
  from space 512K,   0% used [0x04650000, 0x04650f58, 0x046d0000)
  to   space 512K,   0% used [0x046d0000, 0x046d0000, 0x04750000)
 tenured generation   total 10944K, used 2481K [0x09750000, 0x0a200000, 0x14200000)
   the space 10944K,  22% used [0x09750000, 0x099bc768, 0x099bc800, 0x0a200000)
 compacting perm gen  total 12288K, used 4791K [0x14200000, 0x14e00000, 0x18200000)
   the space 12288K,  38% used [0x14200000, 0x146adcf8, 0x146ade00, 0x14e00000)
No shared spaces configured.
}
Event: 5.188 GC heap before
{Heap before GC invocations=6 (full 0):
 def new generation   total 4928K, used 4419K [0x04200000, 0x04750000, 0x09750000)
  eden space 4416K, 100% used [0x04200000, 0x04650000, 0x04650000)
  from space 512K,   0% used [0x04650000, 0x04650f58, 0x046d0000)
  to   space 512K,   0% used [0x046d0000, 0x046d0000, 0x04750000)
 tenured generation   total 10944K, used 2481K [0x09750000, 0x0a200000, 0x14200000)
   the space 10944K,  22% used [0x09750000, 0x099bc768, 0x099bc800, 0x0a200000)
 compacting perm gen  total 12288K, used 4791K [0x14200000, 0x14e00000, 0x18200000)
   the space 12288K,  38% used [0x14200000, 0x146add08, 0x146ade00, 0x14e00000)
No shared spaces configured.
Event: 5.189 GC heap after
Heap after GC invocations=7 (full 0):
 def new generation   total 4928K, used 3K [0x04200000, 0x04750000, 0x09750000)
  eden space 4416K,   0% used [0x04200000, 0x04200000, 0x04650000)
  from space 512K,   0% used [0x046d0000, 0x046d0cb8, 0x04750000)
  to   space 512K,   0% used [0x04650000, 0x04650000, 0x046d0000)
 tenured generation   total 10944K, used 2481K [0x09750000, 0x0a200000, 0x14200000)
   the space 10944K,  22% used [0x09750000, 0x099bc768, 0x099bc800, 0x0a200000)
 compacting perm gen  total 12288K, used 4791K [0x14200000, 0x14e00000, 0x18200000)
   the space 12288K,  38% used [0x14200000, 0x146add08, 0x146ade00, 0x14e00000)
No shared spaces configured.
}
Event: 7.449 GC heap before
{Heap before GC invocations=7 (full 0):
 def new generation   total 4928K, used 4419K [0x04200000, 0x04750000, 0x09750000)
  eden space 4416K, 100% used [0x04200000, 0x04650000, 0x04650000)
  from space 512K,   0% used [0x046d0000, 0x046d0cb8, 0x04750000)
  to   space 512K,   0% used [0x04650000, 0x04650000, 0x046d0000)
 tenured generation   total 10944K, used 2481K [0x09750000, 0x0a200000, 0x14200000)
   the space 10944K,  22% used [0x09750000, 0x099bc768, 0x099bc800, 0x0a200000)
 compacting perm gen  total 12288K, used 4791K [0x14200000, 0x14e00000, 0x18200000)
   the space 12288K,  38% used [0x14200000, 0x146add88, 0x146ade00, 0x14e00000)
No shared spaces configured.
Event: 7.449 GC heap after
Heap after GC invocations=8 (full 0):
 def new generation   total 4928K, used 5K [0x04200000, 0x04750000, 0x09750000)
  eden space 4416K,   0% used [0x04200000, 0x04200000, 0x04650000)
  from space 512K,   1% used [0x04650000, 0x046515f8, 0x046d0000)
  to   space 512K,   0% used [0x046d0000, 0x046d0000, 0x04750000)
 tenured generation   total 10944K, used 2481K [0x09750000, 0x0a200000, 0x14200000)
   the space 10944K,  22% used [0x09750000, 0x099bc768, 0x099bc800, 0x0a200000)
 compacting perm gen  total 12288K, used 4791K [0x14200000, 0x14e00000, 0x18200000)
   the space 12288K,  38% used [0x14200000, 0x146add88, 0x146ade00, 0x14e00000)
No shared spaces configured.
}

