# JRE version: Java(TM) SE Runtime Environment (7.0_79-b15) (build 1.7.0_79-b15)
# Java VM: Java HotSpot(TM) Client VM (24.79-b02 mixed mode windows-x86 )
Heap
 def new generation   total 4928K, used 2418K [0x04a00000, 0x04f50000, 0x09f50000)
  eden space 4416K,  54% used [0x04a00000, 0x04c57038, 0x04e50000)
  from space 512K,   4% used [0x04ed0000, 0x04ed5b10, 0x04f50000)
  to   space 512K,   0% used [0x04e50000, 0x04e50000, 0x04ed0000)
 tenured generation   total 10944K, used 8906K [0x09f50000, 0x0aa00000, 0x14a00000)
   the space 10944K,  81% used [0x09f50000, 0x0a8029d0, 0x0a802a00, 0x0aa00000)
 compacting perm gen  total 12288K, used 9117K [0x14a00000, 0x15600000, 0x18a00000)
   the space 12288K,  74% used [0x14a00000, 0x152e7618, 0x152e7800, 0x15600000)
GC Heap History (10 events):
Event: 16.874 GC heap before
{Heap before GC invocations=36 (full 0):
 def new generation   total 4928K, used 4439K [0x04a00000, 0x04f50000, 0x09f50000)
  eden space 4416K, 100% used [0x04a00000, 0x04e50000, 0x04e50000)
  from space 512K,   4% used [0x04e50000, 0x04e55f60, 0x04ed0000)
  to   space 512K,   0% used [0x04ed0000, 0x04ed0000, 0x04f50000)
 tenured generation   total 10944K, used 8906K [0x09f50000, 0x0aa00000, 0x14a00000)
   the space 10944K,  81% used [0x09f50000, 0x0a8029d0, 0x0a802a00, 0x0aa00000)
 compacting perm gen  total 12288K, used 9114K [0x14a00000, 0x15600000, 0x18a00000)
   the space 12288K,  74% used [0x14a00000, 0x152e6ba8, 0x152e6c00, 0x15600000)
No shared spaces configured.
Event: 16.875 GC heap after
Heap after GC invocations=37 (full 0):
 def new generation   total 4928K, used 21K [0x04a00000, 0x04f50000, 0x09f50000)
  eden space 4416K,   0% used [0x04a00000, 0x04a00000, 0x04e50000)
  from space 512K,   4% used [0x04ed0000, 0x04ed57e8, 0x04f50000)
  to   space 512K,   0% used [0x04e50000, 0x04e50000, 0x04ed0000)
 tenured generation   total 10944K, used 8906K [0x09f50000, 0x0aa00000, 0x14a00000)
   the space 10944K,  81% used [0x09f50000, 0x0a8029d0, 0x0a802a00, 0x0aa00000)
 compacting perm gen  total 12288K, used 9114K [0x14a00000, 0x15600000, 0x18a00000)
   the space 12288K,  74% used [0x14a00000, 0x152e6ba8, 0x152e6c00, 0x15600000)
No shared spaces configured.
}
Event: 17.399 GC heap before
{Heap before GC invocations=37 (full 0):
 def new generation   total 4928K, used 4437K [0x04a00000, 0x04f50000, 0x09f50000)
  eden space 4416K, 100% used [0x04a00000, 0x04e50000, 0x04e50000)
  from space 512K,   4% used [0x04ed0000, 0x04ed57e8, 0x04f50000)
  to   space 512K,   0% used [0x04e50000, 0x04e50000, 0x04ed0000)
 tenured generation   total 10944K, used 8906K [0x09f50000, 0x0aa00000, 0x14a00000)
   the space 10944K,  81% used [0x09f50000, 0x0a8029d0, 0x0a802a00, 0x0aa00000)
 compacting perm gen  total 12288K, used 9114K [0x14a00000, 0x15600000, 0x18a00000)
   the space 12288K,  74% used [0x14a00000, 0x152e6ba8, 0x152e6c00, 0x15600000)
No shared spaces configured.
Event: 17.400 GC heap after
Heap after GC invocations=38 (full 0):
 def new generation   total 4928K, used 21K [0x04a00000, 0x04f50000, 0x09f50000)
  eden space 4416K,   0% used [0x04a00000, 0x04a00000, 0x04e50000)
  from space 512K,   4% used [0x04e50000, 0x04e55408, 0x04ed0000)
  to   space 512K,   0% used [0x04ed0000, 0x04ed0000, 0x04f50000)
 tenured generation   total 10944K, used 8906K [0x09f50000, 0x0aa00000, 0x14a00000)
   the space 10944K,  81% used [0x09f50000, 0x0a8029d0, 0x0a802a00, 0x0aa00000)
 compacting perm gen  total 12288K, used 9114K [0x14a00000, 0x15600000, 0x18a00000)
   the space 12288K,  74% used [0x14a00000, 0x152e6ba8, 0x152e6c00, 0x15600000)
No shared spaces configured.
}
Event: 17.998 GC heap before
{Heap before GC invocations=38 (full 0):
 def new generation   total 4928K, used 4437K [0x04a00000, 0x04f50000, 0x09f50000)
  eden space 4416K, 100% used [0x04a00000, 0x04e50000, 0x04e50000)
  from space 512K,   4% used [0x04e50000, 0x04e55408, 0x04ed0000)
  to   space 512K,   0% used [0x04ed0000, 0x04ed0000, 0x04f50000)
 tenured generation   total 10944K, used 8906K [0x09f50000, 0x0aa00000, 0x14a00000)
   the space 10944K,  81% used [0x09f50000, 0x0a8029d0, 0x0a802a00, 0x0aa00000)
 compacting perm gen  total 12288K, used 9114K [0x14a00000, 0x15600000, 0x18a00000)
   the space 12288K,  74% used [0x14a00000, 0x152e6ba8, 0x152e6c00, 0x15600000)
No shared spaces configured.
Event: 17.999 GC heap after
Heap after GC invocations=39 (full 0):
 def new generation   total 4928K, used 22K [0x04a00000, 0x04f50000, 0x09f50000)
  eden space 4416K,   0% used [0x04a00000, 0x04a00000, 0x04e50000)
  from space 512K,   4% used [0x04ed0000, 0x04ed5950, 0x04f50000)
  to   space 512K,   0% used [0x04e50000, 0x04e50000, 0x04ed0000)
 tenured generation   total 10944K, used 8906K [0x09f50000, 0x0aa00000, 0x14a00000)
   the space 10944K,  81% used [0x09f50000, 0x0a8029d0, 0x0a802a00, 0x0aa00000)
 compacting perm gen  total 12288K, used 9114K [0x14a00000, 0x15600000, 0x18a00000)
   the space 12288K,  74% used [0x14a00000, 0x152e6ba8, 0x152e6c00, 0x15600000)
No shared spaces configured.
}
Event: 18.528 GC heap before
{Heap before GC invocations=39 (full 0):
 def new generation   total 4928K, used 4438K [0x04a00000, 0x04f50000, 0x09f50000)
  eden space 4416K, 100% used [0x04a00000, 0x04e50000, 0x04e50000)
  from space 512K,   4% used [0x04ed0000, 0x04ed5950, 0x04f50000)
  to   space 512K,   0% used [0x04e50000, 0x04e50000, 0x04ed0000)
 tenured generation   total 10944K, used 8906K [0x09f50000, 0x0aa00000, 0x14a00000)
   the space 10944K,  81% used [0x09f50000, 0x0a8029d0, 0x0a802a00, 0x0aa00000)
 compacting perm gen  total 12288K, used 9114K [0x14a00000, 0x15600000, 0x18a00000)
   the space 12288K,  74% used [0x14a00000, 0x152e6ba8, 0x152e6c00, 0x15600000)
No shared spaces configured.
Event: 18.529 GC heap after
Heap after GC invocations=40 (full 0):
 def new generation   total 4928K, used 22K [0x04a00000, 0x04f50000, 0x09f50000)
  eden space 4416K,   0% used [0x04a00000, 0x04a00000, 0x04e50000)
  from space 512K,   4% used [0x04e50000, 0x04e55b70, 0x04ed0000)
  to   space 512K,   0% used [0x04ed0000, 0x04ed0000, 0x04f50000)
 tenured generation   total 10944K, used 8906K [0x09f50000, 0x0aa00000, 0x14a00000)
   the space 10944K,  81% used [0x09f50000, 0x0a8029d0, 0x0a802a00, 0x0aa00000)
 compacting perm gen  total 12288K, used 9114K [0x14a00000, 0x15600000, 0x18a00000)
   the space 12288K,  74% used [0x14a00000, 0x152e6ba8, 0x152e6c00, 0x15600000)
No shared spaces configured.
}
Event: 19.088 GC heap before
{Heap before GC invocations=40 (full 0):
 def new generation   total 4928K, used 4438K [0x04a00000, 0x04f50000, 0x09f50000)
  eden space 4416K, 100% used [0x04a00000, 0x04e50000, 0x04e50000)
  from space 512K,   4% used [0x04e50000, 0x04e55b70, 0x04ed0000)
  to   space 512K,   0% used [0x04ed0000, 0x04ed0000, 0x04f50000)
 tenured generation   total 10944K, used 8906K [0x09f50000, 0x0aa00000, 0x14a00000)
   the space 10944K,  81% used [0x09f50000, 0x0a8029d0, 0x0a802a00, 0x0aa00000)
 compacting perm gen  total 12288K, used 9114K [0x14a00000, 0x15600000, 0x18a00000)
   the space 12288K,  74% used [0x14a00000, 0x152e6ba8, 0x152e6c00, 0x15600000)
No shared spaces configured.
Event: 19.089 GC heap after
Heap after GC invocations=41 (full 0):
 def new generation   total 4928K, used 22K [0x04a00000, 0x04f50000, 0x09f50000)
  eden space 4416K,   0% used [0x04a00000, 0x04a00000, 0x04e50000)
  from space 512K,   4% used [0x04ed0000, 0x04ed5b10, 0x04f50000)
  to   space 512K,   0% used [0x04e50000, 0x04e50000, 0x04ed0000)
 tenured generation   total 10944K, used 8906K [0x09f50000, 0x0aa00000, 0x14a00000)
   the space 10944K,  81% used [0x09f50000, 0x0a8029d0, 0x0a802a00, 0x0aa00000)
 compacting perm gen  total 12288K, used 9114K [0x14a00000, 0x15600000, 0x18a00000)
   the space 12288K,  74% used [0x14a00000, 0x152e6ba8, 0x152e6c00, 0x15600000)
No shared spaces configured.
}

