# JRE version: Java(TM) SE Runtime Environment (7.0_79-b15) (build 1.7.0_79-b15)
# Java VM: Java HotSpot(TM) Client VM (24.79-b02 mixed mode windows-x86 )
Heap
 def new generation   total 6336K, used 5606K [0x04800000, 0x04ed0000, 0x09d50000)
  eden space 5696K,  98% used [0x04800000, 0x04d761c8, 0x04d90000)
  from space 640K,   2% used [0x04e30000, 0x04e338b0, 0x04ed0000)
  to   space 640K,   0% used [0x04d90000, 0x04d90000, 0x04e30000)
 tenured generation   total 13880K, used 9563K [0x09d50000, 0x0aade000, 0x14800000)
   the space 13880K,  68% used [0x09d50000, 0x0a6a6dd8, 0x0a6a6e00, 0x0aade000)
 compacting perm gen  total 12288K, used 9250K [0x14800000, 0x15400000, 0x18800000)
   the space 12288K,  75% used [0x14800000, 0x15108bb8, 0x15108c00, 0x15400000)
GC Heap History (10 events):
Event: 18.950 GC heap before
{Heap before GC invocations=32 (full 1):
 def new generation   total 6336K, used 5750K [0x04800000, 0x04ed0000, 0x09d50000)
  eden space 5696K, 100% used [0x04800000, 0x04d90000, 0x04d90000)
  from space 640K,   8% used [0x04d90000, 0x04d9da90, 0x04e30000)
  to   space 640K,   0% used [0x04e30000, 0x04e30000, 0x04ed0000)
 tenured generation   total 13880K, used 9563K [0x09d50000, 0x0aade000, 0x14800000)
   the space 13880K,  68% used [0x09d50000, 0x0a6a6dd8, 0x0a6a6e00, 0x0aade000)
 compacting perm gen  total 12288K, used 9247K [0x14800000, 0x15400000, 0x18800000)
   the space 12288K,  75% used [0x14800000, 0x15107c88, 0x15107e00, 0x15400000)
No shared spaces configured.
Event: 18.951 GC heap after
Heap after GC invocations=33 (full 1):
 def new generation   total 6336K, used 54K [0x04800000, 0x04ed0000, 0x09d50000)
  eden space 5696K,   0% used [0x04800000, 0x04800000, 0x04d90000)
  from space 640K,   8% used [0x04e30000, 0x04e3d9d8, 0x04ed0000)
  to   space 640K,   0% used [0x04d90000, 0x04d90000, 0x04e30000)
 tenured generation   total 13880K, used 9563K [0x09d50000, 0x0aade000, 0x14800000)
   the space 13880K,  68% used [0x09d50000, 0x0a6a6dd8, 0x0a6a6e00, 0x0aade000)
 compacting perm gen  total 12288K, used 9247K [0x14800000, 0x15400000, 0x18800000)
   the space 12288K,  75% used [0x14800000, 0x15107c88, 0x15107e00, 0x15400000)
No shared spaces configured.
}
Event: 20.031 GC heap before
{Heap before GC invocations=33 (full 1):
 def new generation   total 6336K, used 5750K [0x04800000, 0x04ed0000, 0x09d50000)
  eden space 5696K, 100% used [0x04800000, 0x04d90000, 0x04d90000)
  from space 640K,   8% used [0x04e30000, 0x04e3d9d8, 0x04ed0000)
  to   space 640K,   0% used [0x04d90000, 0x04d90000, 0x04e30000)
 tenured generation   total 13880K, used 9563K [0x09d50000, 0x0aade000, 0x14800000)
   the space 13880K,  68% used [0x09d50000, 0x0a6a6dd8, 0x0a6a6e00, 0x0aade000)
 compacting perm gen  total 12288K, used 9247K [0x14800000, 0x15400000, 0x18800000)
   the space 12288K,  75% used [0x14800000, 0x15107c88, 0x15107e00, 0x15400000)
No shared spaces configured.
Event: 20.031 GC heap after
Heap after GC invocations=34 (full 1):
 def new generation   total 6336K, used 54K [0x04800000, 0x04ed0000, 0x09d50000)
  eden space 5696K,   0% used [0x04800000, 0x04800000, 0x04d90000)
  from space 640K,   8% used [0x04d90000, 0x04d9d9c0, 0x04e30000)
  to   space 640K,   0% used [0x04e30000, 0x04e30000, 0x04ed0000)
 tenured generation   total 13880K, used 9563K [0x09d50000, 0x0aade000, 0x14800000)
   the space 13880K,  68% used [0x09d50000, 0x0a6a6dd8, 0x0a6a6e00, 0x0aade000)
 compacting perm gen  total 12288K, used 9247K [0x14800000, 0x15400000, 0x18800000)
   the space 12288K,  75% used [0x14800000, 0x15107c88, 0x15107e00, 0x15400000)
No shared spaces configured.
}
Event: 21.126 GC heap before
{Heap before GC invocations=34 (full 1):
 def new generation   total 6336K, used 5750K [0x04800000, 0x04ed0000, 0x09d50000)
  eden space 5696K, 100% used [0x04800000, 0x04d90000, 0x04d90000)
  from space 640K,   8% used [0x04d90000, 0x04d9d9c0, 0x04e30000)
  to   space 640K,   0% used [0x04e30000, 0x04e30000, 0x04ed0000)
 tenured generation   total 13880K, used 9563K [0x09d50000, 0x0aade000, 0x14800000)
   the space 13880K,  68% used [0x09d50000, 0x0a6a6dd8, 0x0a6a6e00, 0x0aade000)
 compacting perm gen  total 12288K, used 9247K [0x14800000, 0x15400000, 0x18800000)
   the space 12288K,  75% used [0x14800000, 0x15107c88, 0x15107e00, 0x15400000)
No shared spaces configured.
Event: 21.126 GC heap after
Heap after GC invocations=35 (full 1):
 def new generation   total 6336K, used 53K [0x04800000, 0x04ed0000, 0x09d50000)
  eden space 5696K,   0% used [0x04800000, 0x04800000, 0x04d90000)
  from space 640K,   8% used [0x04e30000, 0x04e3d7f8, 0x04ed0000)
  to   space 640K,   0% used [0x04d90000, 0x04d90000, 0x04e30000)
 tenured generation   total 13880K, used 9563K [0x09d50000, 0x0aade000, 0x14800000)
   the space 13880K,  68% used [0x09d50000, 0x0a6a6dd8, 0x0a6a6e00, 0x0aade000)
 compacting perm gen  total 12288K, used 9247K [0x14800000, 0x15400000, 0x18800000)
   the space 12288K,  75% used [0x14800000, 0x15107c88, 0x15107e00, 0x15400000)
No shared spaces configured.
}
Event: 22.217 GC heap before
{Heap before GC invocations=35 (full 1):
 def new generation   total 6336K, used 5749K [0x04800000, 0x04ed0000, 0x09d50000)
  eden space 5696K, 100% used [0x04800000, 0x04d90000, 0x04d90000)
  from space 640K,   8% used [0x04e30000, 0x04e3d7f8, 0x04ed0000)
  to   space 640K,   0% used [0x04d90000, 0x04d90000, 0x04e30000)
 tenured generation   total 13880K, used 9563K [0x09d50000, 0x0aade000, 0x14800000)
   the space 13880K,  68% used [0x09d50000, 0x0a6a6dd8, 0x0a6a6e00, 0x0aade000)
 compacting perm gen  total 12288K, used 9247K [0x14800000, 0x15400000, 0x18800000)
   the space 12288K,  75% used [0x14800000, 0x15107c88, 0x15107e00, 0x15400000)
No shared spaces configured.
Event: 22.218 GC heap after
Heap after GC invocations=36 (full 1):
 def new generation   total 6336K, used 14K [0x04800000, 0x04ed0000, 0x09d50000)
  eden space 5696K,   0% used [0x04800000, 0x04800000, 0x04d90000)
  from space 640K,   2% used [0x04d90000, 0x04d93818, 0x04e30000)
  to   space 640K,   0% used [0x04e30000, 0x04e30000, 0x04ed0000)
 tenured generation   total 13880K, used 9563K [0x09d50000, 0x0aade000, 0x14800000)
   the space 13880K,  68% used [0x09d50000, 0x0a6a6dd8, 0x0a6a6e00, 0x0aade000)
 compacting perm gen  total 12288K, used 9247K [0x14800000, 0x15400000, 0x18800000)
   the space 12288K,  75% used [0x14800000, 0x15107c88, 0x15107e00, 0x15400000)
No shared spaces configured.
}
Event: 23.306 GC heap before
{Heap before GC invocations=36 (full 1):
 def new generation   total 6336K, used 5710K [0x04800000, 0x04ed0000, 0x09d50000)
  eden space 5696K, 100% used [0x04800000, 0x04d90000, 0x04d90000)
  from space 640K,   2% used [0x04d90000, 0x04d93818, 0x04e30000)
  to   space 640K,   0% used [0x04e30000, 0x04e30000, 0x04ed0000)
 tenured generation   total 13880K, used 9563K [0x09d50000, 0x0aade000, 0x14800000)
   the space 13880K,  68% used [0x09d50000, 0x0a6a6dd8, 0x0a6a6e00, 0x0aade000)
 compacting perm gen  total 12288K, used 9247K [0x14800000, 0x15400000, 0x18800000)
   the space 12288K,  75% used [0x14800000, 0x15107c88, 0x15107e00, 0x15400000)
No shared spaces configured.
Event: 23.306 GC heap after
Heap after GC invocations=37 (full 1):
 def new generation   total 6336K, used 14K [0x04800000, 0x04ed0000, 0x09d50000)
  eden space 5696K,   0% used [0x04800000, 0x04800000, 0x04d90000)
  from space 640K,   2% used [0x04e30000, 0x04e338b0, 0x04ed0000)
  to   space 640K,   0% used [0x04d90000, 0x04d90000, 0x04e30000)
 tenured generation   total 13880K, used 9563K [0x09d50000, 0x0aade000, 0x14800000)
   the space 13880K,  68% used [0x09d50000, 0x0a6a6dd8, 0x0a6a6e00, 0x0aade000)
 compacting perm gen  total 12288K, used 9247K [0x14800000, 0x15400000, 0x18800000)
   the space 12288K,  75% used [0x14800000, 0x15107c88, 0x15107e00, 0x15400000)
No shared spaces configured.
}

