# JRE version: Java(TM) SE Runtime Environment (7.0_79-b15) (build 1.7.0_79-b15)
# Java VM: Java HotSpot(TM) Client VM (24.79-b02 mixed mode windows-x86 )
Heap
 def new generation   total 4928K, used 4730K [0x04a00000, 0x04f50000, 0x09f50000)
  eden space 4416K,  95% used [0x04a00000, 0x04e1ebe8, 0x04e50000)
  from space 512K, 100% used [0x04e50000, 0x04ed0000, 0x04ed0000)
  to   space 512K,   0% used [0x04ed0000, 0x04ed0000, 0x04f50000)
 tenured generation   total 10944K, used 1637K [0x09f50000, 0x0aa00000, 0x14a00000)
   the space 10944K,  14% used [0x09f50000, 0x0a0e9428, 0x0a0e9600, 0x0aa00000)
 compacting perm gen  total 12288K, used 4764K [0x14a00000, 0x15600000, 0x18a00000)
   the space 12288K,  38% used [0x14a00000, 0x14ea7318, 0x14ea7400, 0x15600000)
GC Heap History (4 events):
Event: 0.385 GC heap before
{Heap before GC invocations=0 (full 0):
 def new generation   total 4928K, used 4416K [0x04a00000, 0x04f50000, 0x09f50000)
  eden space 4416K, 100% used [0x04a00000, 0x04e50000, 0x04e50000)
  from space 512K,   0% used [0x04e50000, 0x04e50000, 0x04ed0000)
  to   space 512K,   0% used [0x04ed0000, 0x04ed0000, 0x04f50000)
 tenured generation   total 10944K, used 0K [0x09f50000, 0x0aa00000, 0x14a00000)
   the space 10944K,   0% used [0x09f50000, 0x09f50000, 0x09f50200, 0x0aa00000)
 compacting perm gen  total 12288K, used 4547K [0x14a00000, 0x15600000, 0x18a00000)
   the space 12288K,  37% used [0x14a00000, 0x14e70ff8, 0x14e71000, 0x15600000)
No shared spaces configured.
Event: 0.394 GC heap after
Heap after GC invocations=1 (full 0):
 def new generation   total 4928K, used 512K [0x04a00000, 0x04f50000, 0x09f50000)
  eden space 4416K,   0% used [0x04a00000, 0x04a00000, 0x04e50000)
  from space 512K, 100% used [0x04ed0000, 0x04f50000, 0x04f50000)
  to   space 512K,   0% used [0x04e50000, 0x04e50000, 0x04ed0000)
 tenured generation   total 10944K, used 951K [0x09f50000, 0x0aa00000, 0x14a00000)
   the space 10944K,   8% used [0x09f50000, 0x0a03dc88, 0x0a03de00, 0x0aa00000)
 compacting perm gen  total 12288K, used 4547K [0x14a00000, 0x15600000, 0x18a00000)
   the space 12288K,  37% used [0x14a00000, 0x14e70ff8, 0x14e71000, 0x15600000)
No shared spaces configured.
}
Event: 0.489 GC heap before
{Heap before GC invocations=1 (full 0):
 def new generation   total 4928K, used 4928K [0x04a00000, 0x04f50000, 0x09f50000)
  eden space 4416K, 100% used [0x04a00000, 0x04e50000, 0x04e50000)
  from space 512K, 100% used [0x04ed0000, 0x04f50000, 0x04f50000)
  to   space 512K,   0% used [0x04e50000, 0x04e50000, 0x04ed0000)
 tenured generation   total 10944K, used 951K [0x09f50000, 0x0aa00000, 0x14a00000)
   the space 10944K,   8% used [0x09f50000, 0x0a03dc88, 0x0a03de00, 0x0aa00000)
 compacting perm gen  total 12288K, used 4565K [0x14a00000, 0x15600000, 0x18a00000)
   the space 12288K,  37% used [0x14a00000, 0x14e75480, 0x14e75600, 0x15600000)
No shared spaces configured.
Event: 0.496 GC heap after
Heap after GC invocations=2 (full 0):
 def new generation   total 4928K, used 512K [0x04a00000, 0x04f50000, 0x09f50000)
  eden space 4416K,   0% used [0x04a00000, 0x04a00000, 0x04e50000)
  from space 512K, 100% used [0x04e50000, 0x04ed0000, 0x04ed0000)
  to   space 512K,   0% used [0x04ed0000, 0x04ed0000, 0x04f50000)
 tenured generation   total 10944K, used 1637K [0x09f50000, 0x0aa00000, 0x14a00000)
   the space 10944K,  14% used [0x09f50000, 0x0a0e9428, 0x0a0e9600, 0x0aa00000)
 compacting perm gen  total 12288K, used 4565K [0x14a00000, 0x15600000, 0x18a00000)
   the space 12288K,  37% used [0x14a00000, 0x14e75480, 0x14e75600, 0x15600000)
No shared spaces configured.
}

