# JRE version: Java(TM) SE Runtime Environment (7.0_79-b15) (build 1.7.0_79-b15)
# Java VM: Java HotSpot(TM) Client VM (24.79-b02 mixed mode windows-x86 )
Heap
 def new generation   total 9088K, used 4147K [0x04e00000, 0x057d0000, 0x0a350000)
  eden space 8128K,  50% used [0x04e00000, 0x05204480, 0x055f0000)
  from space 960K,   3% used [0x056e0000, 0x056e8b28, 0x057d0000)
  to   space 960K,   0% used [0x055f0000, 0x055f0000, 0x056e0000)
 tenured generation   total 20012K, used 12005K [0x0a350000, 0x0b6db000, 0x14e00000)
   the space 20012K,  59% used [0x0a350000, 0x0af09740, 0x0af09800, 0x0b6db000)
 compacting perm gen  total 12288K, used 9036K [0x14e00000, 0x15a00000, 0x18e00000)
   the space 12288K,  73% used [0x14e00000, 0x156d3068, 0x156d3200, 0x15a00000)
GC Heap History (10 events):
Event: 16.842 GC heap before
{Heap before GC invocations=41 (full 2):
 def new generation   total 9088K, used 8128K [0x04e00000, 0x057d0000, 0x0a350000)
  eden space 8128K, 100% used [0x04e00000, 0x055f0000, 0x055f0000)
  from space 960K,   0% used [0x055f0000, 0x055f0000, 0x056e0000)
  to   space 960K,   0% used [0x056e0000, 0x056e0000, 0x057d0000)
 tenured generation   total 20012K, used 12005K [0x0a350000, 0x0b6db000, 0x14e00000)
   the space 20012K,  59% used [0x0a350000, 0x0af09740, 0x0af09800, 0x0b6db000)
 compacting perm gen  total 12288K, used 9021K [0x14e00000, 0x15a00000, 0x18e00000)
   the space 12288K,  73% used [0x14e00000, 0x156cf618, 0x156cf800, 0x15a00000)
No shared spaces configured.
Event: 16.843 GC heap after
Heap after GC invocations=42 (full 2):
 def new generation   total 9088K, used 1K [0x04e00000, 0x057d0000, 0x0a350000)
  eden space 8128K,   0% used [0x04e00000, 0x04e00000, 0x055f0000)
  from space 960K,   0% used [0x056e0000, 0x056e0668, 0x057d0000)
  to   space 960K,   0% used [0x055f0000, 0x055f0000, 0x056e0000)
 tenured generation   total 20012K, used 12005K [0x0a350000, 0x0b6db000, 0x14e00000)
   the space 20012K,  59% used [0x0a350000, 0x0af09740, 0x0af09800, 0x0b6db000)
 compacting perm gen  total 12288K, used 9021K [0x14e00000, 0x15a00000, 0x18e00000)
   the space 12288K,  73% used [0x14e00000, 0x156cf618, 0x156cf800, 0x15a00000)
No shared spaces configured.
}
Event: 17.689 GC heap before
{Heap before GC invocations=42 (full 2):
 def new generation   total 9088K, used 8129K [0x04e00000, 0x057d0000, 0x0a350000)
  eden space 8128K, 100% used [0x04e00000, 0x055f0000, 0x055f0000)
  from space 960K,   0% used [0x056e0000, 0x056e0668, 0x057d0000)
  to   space 960K,   0% used [0x055f0000, 0x055f0000, 0x056e0000)
 tenured generation   total 20012K, used 12005K [0x0a350000, 0x0b6db000, 0x14e00000)
   the space 20012K,  59% used [0x0a350000, 0x0af09740, 0x0af09800, 0x0b6db000)
 compacting perm gen  total 12288K, used 9021K [0x14e00000, 0x15a00000, 0x18e00000)
   the space 12288K,  73% used [0x14e00000, 0x156cf618, 0x156cf800, 0x15a00000)
No shared spaces configured.
Event: 17.689 GC heap after
Heap after GC invocations=43 (full 2):
 def new generation   total 9088K, used 1K [0x04e00000, 0x057d0000, 0x0a350000)
  eden space 8128K,   0% used [0x04e00000, 0x04e00000, 0x055f0000)
  from space 960K,   0% used [0x055f0000, 0x055f0790, 0x056e0000)
  to   space 960K,   0% used [0x056e0000, 0x056e0000, 0x057d0000)
 tenured generation   total 20012K, used 12005K [0x0a350000, 0x0b6db000, 0x14e00000)
   the space 20012K,  59% used [0x0a350000, 0x0af09740, 0x0af09800, 0x0b6db000)
 compacting perm gen  total 12288K, used 9021K [0x14e00000, 0x15a00000, 0x18e00000)
   the space 12288K,  73% used [0x14e00000, 0x156cf618, 0x156cf800, 0x15a00000)
No shared spaces configured.
}
Event: 18.551 GC heap before
{Heap before GC invocations=43 (full 2):
 def new generation   total 9088K, used 8129K [0x04e00000, 0x057d0000, 0x0a350000)
  eden space 8128K, 100% used [0x04e00000, 0x055f0000, 0x055f0000)
  from space 960K,   0% used [0x055f0000, 0x055f0790, 0x056e0000)
  to   space 960K,   0% used [0x056e0000, 0x056e0000, 0x057d0000)
 tenured generation   total 20012K, used 12005K [0x0a350000, 0x0b6db000, 0x14e00000)
   the space 20012K,  59% used [0x0a350000, 0x0af09740, 0x0af09800, 0x0b6db000)
 compacting perm gen  total 12288K, used 9021K [0x14e00000, 0x15a00000, 0x18e00000)
   the space 12288K,  73% used [0x14e00000, 0x156cf618, 0x156cf800, 0x15a00000)
No shared spaces configured.
Event: 18.552 GC heap after
Heap after GC invocations=44 (full 2):
 def new generation   total 9088K, used 1K [0x04e00000, 0x057d0000, 0x0a350000)
  eden space 8128K,   0% used [0x04e00000, 0x04e00000, 0x055f0000)
  from space 960K,   0% used [0x056e0000, 0x056e07f8, 0x057d0000)
  to   space 960K,   0% used [0x055f0000, 0x055f0000, 0x056e0000)
 tenured generation   total 20012K, used 12005K [0x0a350000, 0x0b6db000, 0x14e00000)
   the space 20012K,  59% used [0x0a350000, 0x0af09740, 0x0af09800, 0x0b6db000)
 compacting perm gen  total 12288K, used 9021K [0x14e00000, 0x15a00000, 0x18e00000)
   the space 12288K,  73% used [0x14e00000, 0x156cf618, 0x156cf800, 0x15a00000)
No shared spaces configured.
}
Event: 19.407 GC heap before
{Heap before GC invocations=44 (full 2):
 def new generation   total 9088K, used 8129K [0x04e00000, 0x057d0000, 0x0a350000)
  eden space 8128K, 100% used [0x04e00000, 0x055f0000, 0x055f0000)
  from space 960K,   0% used [0x056e0000, 0x056e07f8, 0x057d0000)
  to   space 960K,   0% used [0x055f0000, 0x055f0000, 0x056e0000)
 tenured generation   total 20012K, used 12005K [0x0a350000, 0x0b6db000, 0x14e00000)
   the space 20012K,  59% used [0x0a350000, 0x0af09740, 0x0af09800, 0x0b6db000)
 compacting perm gen  total 12288K, used 9021K [0x14e00000, 0x15a00000, 0x18e00000)
   the space 12288K,  73% used [0x14e00000, 0x156cf618, 0x156cf800, 0x15a00000)
No shared spaces configured.
Event: 19.407 GC heap after
Heap after GC invocations=45 (full 2):
 def new generation   total 9088K, used 1K [0x04e00000, 0x057d0000, 0x0a350000)
  eden space 8128K,   0% used [0x04e00000, 0x04e00000, 0x055f0000)
  from space 960K,   0% used [0x055f0000, 0x055f07b0, 0x056e0000)
  to   space 960K,   0% used [0x056e0000, 0x056e0000, 0x057d0000)
 tenured generation   total 20012K, used 12005K [0x0a350000, 0x0b6db000, 0x14e00000)
   the space 20012K,  59% used [0x0a350000, 0x0af09740, 0x0af09800, 0x0b6db000)
 compacting perm gen  total 12288K, used 9021K [0x14e00000, 0x15a00000, 0x18e00000)
   the space 12288K,  73% used [0x14e00000, 0x156cf618, 0x156cf800, 0x15a00000)
No shared spaces configured.
}
Event: 20.277 GC heap before
{Heap before GC invocations=45 (full 2):
 def new generation   total 9088K, used 8129K [0x04e00000, 0x057d0000, 0x0a350000)
  eden space 8128K, 100% used [0x04e00000, 0x055f0000, 0x055f0000)
  from space 960K,   0% used [0x055f0000, 0x055f07b0, 0x056e0000)
  to   space 960K,   0% used [0x056e0000, 0x056e0000, 0x057d0000)
 tenured generation   total 20012K, used 12005K [0x0a350000, 0x0b6db000, 0x14e00000)
   the space 20012K,  59% used [0x0a350000, 0x0af09740, 0x0af09800, 0x0b6db000)
 compacting perm gen  total 12288K, used 9033K [0x14e00000, 0x15a00000, 0x18e00000)
   the space 12288K,  73% used [0x14e00000, 0x156d25f8, 0x156d2600, 0x15a00000)
No shared spaces configured.
Event: 20.278 GC heap after
Heap after GC invocations=46 (full 2):
 def new generation   total 9088K, used 34K [0x04e00000, 0x057d0000, 0x0a350000)
  eden space 8128K,   0% used [0x04e00000, 0x04e00000, 0x055f0000)
  from space 960K,   3% used [0x056e0000, 0x056e8b28, 0x057d0000)
  to   space 960K,   0% used [0x055f0000, 0x055f0000, 0x056e0000)
 tenured generation   total 20012K, used 12005K [0x0a350000, 0x0b6db000, 0x14e00000)
   the space 20012K,  59% used [0x0a350000, 0x0af09740, 0x0af09800, 0x0b6db000)
 compacting perm gen  total 12288K, used 9033K [0x14e00000, 0x15a00000, 0x18e00000)
   the space 12288K,  73% used [0x14e00000, 0x156d25f8, 0x156d2600, 0x15a00000)
No shared spaces configured.
}

