# JRE version: Java(TM) SE Runtime Environment (7.0_79-b15) (build 1.7.0_79-b15)
# Java VM: Java HotSpot(TM) Client VM (24.79-b02 mixed mode windows-x86 )
Heap
 def new generation   total 4928K, used 1382K [0x04c00000, 0x05150000, 0x0a150000)
  eden space 4416K,  31% used [0x04c00000, 0x04d57d40, 0x05050000)
  from space 512K,   1% used [0x050d0000, 0x050d1c20, 0x05150000)
  to   space 512K,   0% used [0x05050000, 0x05050000, 0x050d0000)
 tenured generation   total 10944K, used 7905K [0x0a150000, 0x0ac00000, 0x14c00000)
   the space 10944K,  72% used [0x0a150000, 0x0a9086f0, 0x0a908800, 0x0ac00000)
 compacting perm gen  total 12288K, used 8894K [0x14c00000, 0x15800000, 0x18c00000)
   the space 12288K,  72% used [0x14c00000, 0x154af808, 0x154afa00, 0x15800000)
GC Heap History (10 events):
Event: 1.864 GC heap before
{Heap before GC invocations=4 (full 0):
 def new generation   total 4928K, used 4783K [0x04c00000, 0x05150000, 0x0a150000)
  eden space 4416K, 100% used [0x04c00000, 0x05050000, 0x05050000)
  from space 512K,  71% used [0x05050000, 0x050abc38, 0x050d0000)
  to   space 512K,   0% used [0x050d0000, 0x050d0000, 0x05150000)
 tenured generation   total 10944K, used 4214K [0x0a150000, 0x0ac00000, 0x14c00000)
   the space 10944K,  38% used [0x0a150000, 0x0a56d858, 0x0a56da00, 0x0ac00000)
 compacting perm gen  total 12288K, used 8889K [0x14c00000, 0x15800000, 0x18c00000)
   the space 12288K,  72% used [0x14c00000, 0x154ae7b8, 0x154ae800, 0x15800000)
No shared spaces configured.
Event: 1.866 GC heap after
Heap after GC invocations=5 (full 0):
 def new generation   total 4928K, used 5K [0x04c00000, 0x05150000, 0x0a150000)
  eden space 4416K,   0% used [0x04c00000, 0x04c00000, 0x05050000)
  from space 512K,   1% used [0x050d0000, 0x050d1568, 0x05150000)
  to   space 512K,   0% used [0x05050000, 0x05050000, 0x050d0000)
 tenured generation   total 10944K, used 4833K [0x0a150000, 0x0ac00000, 0x14c00000)
   the space 10944K,  44% used [0x0a150000, 0x0a6086d0, 0x0a608800, 0x0ac00000)
 compacting perm gen  total 12288K, used 8889K [0x14c00000, 0x15800000, 0x18c00000)
   the space 12288K,  72% used [0x14c00000, 0x154ae7b8, 0x154ae800, 0x15800000)
No shared spaces configured.
}
Event: 2.303 GC heap before
{Heap before GC invocations=5 (full 0):
 def new generation   total 4928K, used 4421K [0x04c00000, 0x05150000, 0x0a150000)
  eden space 4416K, 100% used [0x04c00000, 0x05050000, 0x05050000)
  from space 512K,   1% used [0x050d0000, 0x050d1568, 0x05150000)
  to   space 512K,   0% used [0x05050000, 0x05050000, 0x050d0000)
 tenured generation   total 10944K, used 4833K [0x0a150000, 0x0ac00000, 0x14c00000)
   the space 10944K,  44% used [0x0a150000, 0x0a6086d0, 0x0a608800, 0x0ac00000)
 compacting perm gen  total 12288K, used 8889K [0x14c00000, 0x15800000, 0x18c00000)
   the space 12288K,  72% used [0x14c00000, 0x154ae7f8, 0x154ae800, 0x15800000)
No shared spaces configured.
Event: 2.304 GC heap after
Heap after GC invocations=6 (full 0):
 def new generation   total 4928K, used 6K [0x04c00000, 0x05150000, 0x0a150000)
  eden space 4416K,   0% used [0x04c00000, 0x04c00000, 0x05050000)
  from space 512K,   1% used [0x05050000, 0x05051828, 0x050d0000)
  to   space 512K,   0% used [0x050d0000, 0x050d0000, 0x05150000)
 tenured generation   total 10944K, used 5857K [0x0a150000, 0x0ac00000, 0x14c00000)
   the space 10944K,  53% used [0x0a150000, 0x0a7086e0, 0x0a708800, 0x0ac00000)
 compacting perm gen  total 12288K, used 8889K [0x14c00000, 0x15800000, 0x18c00000)
   the space 12288K,  72% used [0x14c00000, 0x154ae7f8, 0x154ae800, 0x15800000)
No shared spaces configured.
}
Event: 2.862 GC heap before
{Heap before GC invocations=6 (full 0):
 def new generation   total 4928K, used 4422K [0x04c00000, 0x05150000, 0x0a150000)
  eden space 4416K, 100% used [0x04c00000, 0x05050000, 0x05050000)
  from space 512K,   1% used [0x05050000, 0x05051828, 0x050d0000)
  to   space 512K,   0% used [0x050d0000, 0x050d0000, 0x05150000)
 tenured generation   total 10944K, used 5857K [0x0a150000, 0x0ac00000, 0x14c00000)
   the space 10944K,  53% used [0x0a150000, 0x0a7086e0, 0x0a708800, 0x0ac00000)
 compacting perm gen  total 12288K, used 8891K [0x14c00000, 0x15800000, 0x18c00000)
   the space 12288K,  72% used [0x14c00000, 0x154aed98, 0x154aee00, 0x15800000)
No shared spaces configured.
Event: 2.863 GC heap after
Heap after GC invocations=7 (full 0):
 def new generation   total 4928K, used 6K [0x04c00000, 0x05150000, 0x0a150000)
  eden space 4416K,   0% used [0x04c00000, 0x04c00000, 0x05050000)
  from space 512K,   1% used [0x050d0000, 0x050d1958, 0x05150000)
  to   space 512K,   0% used [0x05050000, 0x05050000, 0x050d0000)
 tenured generation   total 10944K, used 5857K [0x0a150000, 0x0ac00000, 0x14c00000)
   the space 10944K,  53% used [0x0a150000, 0x0a7086e0, 0x0a708800, 0x0ac00000)
 compacting perm gen  total 12288K, used 8891K [0x14c00000, 0x15800000, 0x18c00000)
   the space 12288K,  72% used [0x14c00000, 0x154aed98, 0x154aee00, 0x15800000)
No shared spaces configured.
}
Event: 3.237 GC heap before
{Heap before GC invocations=7 (full 0):
 def new generation   total 4928K, used 2939K [0x04c00000, 0x05150000, 0x0a150000)
  eden space 4416K,  66% used [0x04c00000, 0x04edd570, 0x05050000)
  from space 512K,   1% used [0x050d0000, 0x050d1958, 0x05150000)
  to   space 512K,   0% used [0x05050000, 0x05050000, 0x050d0000)
 tenured generation   total 10944K, used 5857K [0x0a150000, 0x0ac00000, 0x14c00000)
   the space 10944K,  53% used [0x0a150000, 0x0a7086e0, 0x0a708800, 0x0ac00000)
 compacting perm gen  total 12288K, used 8891K [0x14c00000, 0x15800000, 0x18c00000)
   the space 12288K,  72% used [0x14c00000, 0x154aed98, 0x154aee00, 0x15800000)
No shared spaces configured.
Event: 3.238 GC heap after
Heap after GC invocations=8 (full 0):
 def new generation   total 4928K, used 8K [0x04c00000, 0x05150000, 0x0a150000)
  eden space 4416K,   0% used [0x04c00000, 0x04c00000, 0x05050000)
  from space 512K,   1% used [0x05050000, 0x05052088, 0x050d0000)
  to   space 512K,   0% used [0x050d0000, 0x050d0000, 0x05150000)
 tenured generation   total 10944K, used 5857K [0x0a150000, 0x0ac00000, 0x14c00000)
   the space 10944K,  53% used [0x0a150000, 0x0a7086e0, 0x0a708800, 0x0ac00000)
 compacting perm gen  total 12288K, used 8891K [0x14c00000, 0x15800000, 0x18c00000)
   the space 12288K,  72% used [0x14c00000, 0x154aed98, 0x154aee00, 0x15800000)
No shared spaces configured.
}
Event: 3.532 GC heap before
{Heap before GC invocations=8 (full 0):
 def new generation   total 4928K, used 4424K [0x04c00000, 0x05150000, 0x0a150000)
  eden space 4416K, 100% used [0x04c00000, 0x05050000, 0x05050000)
  from space 512K,   1% used [0x05050000, 0x05052088, 0x050d0000)
  to   space 512K,   0% used [0x050d0000, 0x050d0000, 0x05150000)
 tenured generation   total 10944K, used 5857K [0x0a150000, 0x0ac00000, 0x14c00000)
   the space 10944K,  53% used [0x0a150000, 0x0a7086e0, 0x0a708800, 0x0ac00000)
 compacting perm gen  total 12288K, used 8891K [0x14c00000, 0x15800000, 0x18c00000)
   the space 12288K,  72% used [0x14c00000, 0x154aed98, 0x154aee00, 0x15800000)
No shared spaces configured.
Event: 3.533 GC heap after
Heap after GC invocations=9 (full 0):
 def new generation   total 4928K, used 7K [0x04c00000, 0x05150000, 0x0a150000)
  eden space 4416K,   0% used [0x04c00000, 0x04c00000, 0x05050000)
  from space 512K,   1% used [0x050d0000, 0x050d1c20, 0x05150000)
  to   space 512K,   0% used [0x05050000, 0x05050000, 0x050d0000)
 tenured generation   total 10944K, used 7905K [0x0a150000, 0x0ac00000, 0x14c00000)
   the space 10944K,  72% used [0x0a150000, 0x0a9086f0, 0x0a908800, 0x0ac00000)
 compacting perm gen  total 12288K, used 8891K [0x14c00000, 0x15800000, 0x18c00000)
   the space 12288K,  72% used [0x14c00000, 0x154aed98, 0x154aee00, 0x15800000)
No shared spaces configured.
}

