# JRE version: Java(TM) SE Runtime Environment (7.0_79-b15) (build 1.7.0_79-b15)
# Java VM: Java HotSpot(TM) Client VM (24.79-b02 mixed mode windows-x86 )
Heap
 def new generation   total 4928K, used 1963K [0x04800000, 0x04d50000, 0x09d50000)
  eden space 4416K,  41% used [0x04800000, 0x049c67b8, 0x04c50000)
  from space 512K,  28% used [0x04cd0000, 0x04cf46f8, 0x04d50000)
  to   space 512K,   0% used [0x04c50000, 0x04c50000, 0x04cd0000)
 tenured generation   total 10944K, used 10026K [0x09d50000, 0x0a800000, 0x14800000)
   the space 10944K,  91% used [0x09d50000, 0x0a71a880, 0x0a71aa00, 0x0a800000)
 compacting perm gen  total 12288K, used 9090K [0x14800000, 0x15400000, 0x18800000)
   the space 12288K,  73% used [0x14800000, 0x150e08a8, 0x150e0a00, 0x15400000)
GC Heap History (10 events):
Event: 84.601 GC heap before
{Heap before GC invocations=128 (full 0):
 def new generation   total 4928K, used 4560K [0x04800000, 0x04d50000, 0x09d50000)
  eden space 4416K, 100% used [0x04800000, 0x04c50000, 0x04c50000)
  from space 512K,  28% used [0x04c50000, 0x04c741a8, 0x04cd0000)
  to   space 512K,   0% used [0x04cd0000, 0x04cd0000, 0x04d50000)
 tenured generation   total 10944K, used 9969K [0x09d50000, 0x0a800000, 0x14800000)
   the space 10944K,  91% used [0x09d50000, 0x0a70c6d8, 0x0a70c800, 0x0a800000)
 compacting perm gen  total 12288K, used 9086K [0x14800000, 0x15400000, 0x18800000)
   the space 12288K,  73% used [0x14800000, 0x150dfa08, 0x150dfc00, 0x15400000)
No shared spaces configured.
Event: 84.602 GC heap after
Heap after GC invocations=129 (full 0):
 def new generation   total 4928K, used 117K [0x04800000, 0x04d50000, 0x09d50000)
  eden space 4416K,   0% used [0x04800000, 0x04800000, 0x04c50000)
  from space 512K,  22% used [0x04cd0000, 0x04ced708, 0x04d50000)
  to   space 512K,   0% used [0x04c50000, 0x04c50000, 0x04cd0000)
 tenured generation   total 10944K, used 9997K [0x09d50000, 0x0a800000, 0x14800000)
   the space 10944K,  91% used [0x09d50000, 0x0a7137b0, 0x0a713800, 0x0a800000)
 compacting perm gen  total 12288K, used 9086K [0x14800000, 0x15400000, 0x18800000)
   the space 12288K,  73% used [0x14800000, 0x150dfa08, 0x150dfc00, 0x15400000)
No shared spaces configured.
}
Event: 85.175 GC heap before
{Heap before GC invocations=129 (full 0):
 def new generation   total 4928K, used 4533K [0x04800000, 0x04d50000, 0x09d50000)
  eden space 4416K, 100% used [0x04800000, 0x04c50000, 0x04c50000)
  from space 512K,  22% used [0x04cd0000, 0x04ced708, 0x04d50000)
  to   space 512K,   0% used [0x04c50000, 0x04c50000, 0x04cd0000)
 tenured generation   total 10944K, used 9997K [0x09d50000, 0x0a800000, 0x14800000)
   the space 10944K,  91% used [0x09d50000, 0x0a7137b0, 0x0a713800, 0x0a800000)
 compacting perm gen  total 12288K, used 9086K [0x14800000, 0x15400000, 0x18800000)
   the space 12288K,  73% used [0x14800000, 0x150dfa08, 0x150dfc00, 0x15400000)
No shared spaces configured.
Event: 85.176 GC heap after
Heap after GC invocations=130 (full 0):
 def new generation   total 4928K, used 131K [0x04800000, 0x04d50000, 0x09d50000)
  eden space 4416K,   0% used [0x04800000, 0x04800000, 0x04c50000)
  from space 512K,  25% used [0x04c50000, 0x04c70d30, 0x04cd0000)
  to   space 512K,   0% used [0x04cd0000, 0x04cd0000, 0x04d50000)
 tenured generation   total 10944K, used 9997K [0x09d50000, 0x0a800000, 0x14800000)
   the space 10944K,  91% used [0x09d50000, 0x0a7137b0, 0x0a713800, 0x0a800000)
 compacting perm gen  total 12288K, used 9086K [0x14800000, 0x15400000, 0x18800000)
   the space 12288K,  73% used [0x14800000, 0x150dfa08, 0x150dfc00, 0x15400000)
No shared spaces configured.
}
Event: 86.071 GC heap before
{Heap before GC invocations=130 (full 0):
 def new generation   total 4928K, used 4547K [0x04800000, 0x04d50000, 0x09d50000)
  eden space 4416K, 100% used [0x04800000, 0x04c50000, 0x04c50000)
  from space 512K,  25% used [0x04c50000, 0x04c70d30, 0x04cd0000)
  to   space 512K,   0% used [0x04cd0000, 0x04cd0000, 0x04d50000)
 tenured generation   total 10944K, used 9997K [0x09d50000, 0x0a800000, 0x14800000)
   the space 10944K,  91% used [0x09d50000, 0x0a7137b0, 0x0a713800, 0x0a800000)
 compacting perm gen  total 12288K, used 9086K [0x14800000, 0x15400000, 0x18800000)
   the space 12288K,  73% used [0x14800000, 0x150dfa08, 0x150dfc00, 0x15400000)
No shared spaces configured.
Event: 86.072 GC heap after
Heap after GC invocations=131 (full 0):
 def new generation   total 4928K, used 143K [0x04800000, 0x04d50000, 0x09d50000)
  eden space 4416K,   0% used [0x04800000, 0x04800000, 0x04c50000)
  from space 512K,  28% used [0x04cd0000, 0x04cf3fd8, 0x04d50000)
  to   space 512K,   0% used [0x04c50000, 0x04c50000, 0x04cd0000)
 tenured generation   total 10944K, used 9997K [0x09d50000, 0x0a800000, 0x14800000)
   the space 10944K,  91% used [0x09d50000, 0x0a7137b0, 0x0a713800, 0x0a800000)
 compacting perm gen  total 12288K, used 9086K [0x14800000, 0x15400000, 0x18800000)
   the space 12288K,  73% used [0x14800000, 0x150dfa08, 0x150dfc00, 0x15400000)
No shared spaces configured.
}
Event: 86.881 GC heap before
{Heap before GC invocations=131 (full 0):
 def new generation   total 4928K, used 4559K [0x04800000, 0x04d50000, 0x09d50000)
  eden space 4416K, 100% used [0x04800000, 0x04c50000, 0x04c50000)
  from space 512K,  28% used [0x04cd0000, 0x04cf3fd8, 0x04d50000)
  to   space 512K,   0% used [0x04c50000, 0x04c50000, 0x04cd0000)
 tenured generation   total 10944K, used 9997K [0x09d50000, 0x0a800000, 0x14800000)
   the space 10944K,  91% used [0x09d50000, 0x0a7137b0, 0x0a713800, 0x0a800000)
 compacting perm gen  total 12288K, used 9087K [0x14800000, 0x15400000, 0x18800000)
   the space 12288K,  73% used [0x14800000, 0x150dfe38, 0x150e0000, 0x15400000)
No shared spaces configured.
Event: 86.882 GC heap after
Heap after GC invocations=132 (full 0):
 def new generation   total 4928K, used 130K [0x04800000, 0x04d50000, 0x09d50000)
  eden space 4416K,   0% used [0x04800000, 0x04800000, 0x04c50000)
  from space 512K,  25% used [0x04c50000, 0x04c70a80, 0x04cd0000)
  to   space 512K,   0% used [0x04cd0000, 0x04cd0000, 0x04d50000)
 tenured generation   total 10944K, used 10012K [0x09d50000, 0x0a800000, 0x14800000)
   the space 10944K,  91% used [0x09d50000, 0x0a717018, 0x0a717200, 0x0a800000)
 compacting perm gen  total 12288K, used 9087K [0x14800000, 0x15400000, 0x18800000)
   the space 12288K,  73% used [0x14800000, 0x150dfe38, 0x150e0000, 0x15400000)
No shared spaces configured.
}
Event: 87.560 GC heap before
{Heap before GC invocations=132 (full 0):
 def new generation   total 4928K, used 4546K [0x04800000, 0x04d50000, 0x09d50000)
  eden space 4416K, 100% used [0x04800000, 0x04c50000, 0x04c50000)
  from space 512K,  25% used [0x04c50000, 0x04c70a80, 0x04cd0000)
  to   space 512K,   0% used [0x04cd0000, 0x04cd0000, 0x04d50000)
 tenured generation   total 10944K, used 10012K [0x09d50000, 0x0a800000, 0x14800000)
   the space 10944K,  91% used [0x09d50000, 0x0a717018, 0x0a717200, 0x0a800000)
 compacting perm gen  total 12288K, used 9087K [0x14800000, 0x15400000, 0x18800000)
   the space 12288K,  73% used [0x14800000, 0x150dfe38, 0x150e0000, 0x15400000)
No shared spaces configured.
Event: 87.561 GC heap after
Heap after GC invocations=133 (full 0):
 def new generation   total 4928K, used 145K [0x04800000, 0x04d50000, 0x09d50000)
  eden space 4416K,   0% used [0x04800000, 0x04800000, 0x04c50000)
  from space 512K,  28% used [0x04cd0000, 0x04cf46f8, 0x04d50000)
  to   space 512K,   0% used [0x04c50000, 0x04c50000, 0x04cd0000)
 tenured generation   total 10944K, used 10026K [0x09d50000, 0x0a800000, 0x14800000)
   the space 10944K,  91% used [0x09d50000, 0x0a71a880, 0x0a71aa00, 0x0a800000)
 compacting perm gen  total 12288K, used 9087K [0x14800000, 0x15400000, 0x18800000)
   the space 12288K,  73% used [0x14800000, 0x150dfe38, 0x150e0000, 0x15400000)
No shared spaces configured.
}

