# JRE version: Java(TM) SE Runtime Environment (7.0_79-b15) (build 1.7.0_79-b15)
# Java VM: Java HotSpot(TM) Client VM (24.79-b02 mixed mode windows-x86 )
Heap
 def new generation   total 17280K, used 4508K [0x04a00000, 0x05cc0000, 0x09f50000)
  eden space 15360K,  27% used [0x04a00000, 0x04e27788, 0x05900000)
  from space 1920K,  13% used [0x05ae0000, 0x05b1fab0, 0x05cc0000)
  to   space 1920K,   0% used [0x05900000, 0x05900000, 0x05ae0000)
 tenured generation   total 71044K, used 61959K [0x09f50000, 0x0e4b1000, 0x14a00000)
   the space 71044K,  87% used [0x09f50000, 0x0dbd1fa0, 0x0dbd2000, 0x0e4b1000)
 compacting perm gen  total 12288K, used 9209K [0x14a00000, 0x15600000, 0x18a00000)
   the space 12288K,  74% used [0x14a00000, 0x152fe7e0, 0x152fe800, 0x15600000)
GC Heap History (10 events):
Event: 561.215 GC heap before
{Heap before GC invocations=358 (full 4):
 def new generation   total 17280K, used 16749K [0x04a00000, 0x05cc0000, 0x09f50000)
  eden space 15360K, 100% used [0x04a00000, 0x05900000, 0x05900000)
  from space 1920K,  72% used [0x05900000, 0x05a5b428, 0x05ae0000)
  to   space 1920K,   0% used [0x05ae0000, 0x05ae0000, 0x05cc0000)
 tenured generation   total 71044K, used 59260K [0x09f50000, 0x0e4b1000, 0x14a00000)
   the space 71044K,  83% used [0x09f50000, 0x0d92f238, 0x0d92f400, 0x0e4b1000)
 compacting perm gen  total 12288K, used 9203K [0x14a00000, 0x15600000, 0x18a00000)
   the space 12288K,  74% used [0x14a00000, 0x152fcd68, 0x152fce00, 0x15600000)
No shared spaces configured.
Event: 561.218 GC heap after
Heap after GC invocations=359 (full 4):
 def new generation   total 17280K, used 1478K [0x04a00000, 0x05cc0000, 0x09f50000)
  eden space 15360K,   0% used [0x04a00000, 0x04a00000, 0x05900000)
  from space 1920K,  76% used [0x05ae0000, 0x05c51918, 0x05cc0000)
  to   space 1920K,   0% used [0x05900000, 0x05900000, 0x05ae0000)
 tenured generation   total 71044K, used 60537K [0x09f50000, 0x0e4b1000, 0x14a00000)
   the space 71044K,  85% used [0x09f50000, 0x0da6e720, 0x0da6e800, 0x0e4b1000)
 compacting perm gen  total 12288K, used 9203K [0x14a00000, 0x15600000, 0x18a00000)
   the space 12288K,  74% used [0x14a00000, 0x152fcd68, 0x152fce00, 0x15600000)
No shared spaces configured.
}
Event: 564.135 GC heap before
{Heap before GC invocations=359 (full 4):
 def new generation   total 17280K, used 16838K [0x04a00000, 0x05cc0000, 0x09f50000)
  eden space 15360K, 100% used [0x04a00000, 0x05900000, 0x05900000)
  from space 1920K,  76% used [0x05ae0000, 0x05c51918, 0x05cc0000)
  to   space 1920K,   0% used [0x05900000, 0x05900000, 0x05ae0000)
 tenured generation   total 71044K, used 60537K [0x09f50000, 0x0e4b1000, 0x14a00000)
   the space 71044K,  85% used [0x09f50000, 0x0da6e720, 0x0da6e800, 0x0e4b1000)
 compacting perm gen  total 12288K, used 9207K [0x14a00000, 0x15600000, 0x18a00000)
   the space 12288K,  74% used [0x14a00000, 0x152fdd70, 0x152fde00, 0x15600000)
No shared spaces configured.
Event: 564.138 GC heap after
Heap after GC invocations=360 (full 4):
 def new generation   total 17280K, used 264K [0x04a00000, 0x05cc0000, 0x09f50000)
  eden space 15360K,   0% used [0x04a00000, 0x04a00000, 0x05900000)
  from space 1920K,  13% used [0x05900000, 0x05942148, 0x05ae0000)
  to   space 1920K,   0% used [0x05ae0000, 0x05ae0000, 0x05cc0000)
 tenured generation   total 71044K, used 61959K [0x09f50000, 0x0e4b1000, 0x14a00000)
   the space 71044K,  87% used [0x09f50000, 0x0dbd1fa0, 0x0dbd2000, 0x0e4b1000)
 compacting perm gen  total 12288K, used 9207K [0x14a00000, 0x15600000, 0x18a00000)
   the space 12288K,  74% used [0x14a00000, 0x152fdd70, 0x152fde00, 0x15600000)
No shared spaces configured.
}
Event: 567.765 GC heap before
{Heap before GC invocations=360 (full 4):
 def new generation   total 17280K, used 15624K [0x04a00000, 0x05cc0000, 0x09f50000)
  eden space 15360K, 100% used [0x04a00000, 0x05900000, 0x05900000)
  from space 1920K,  13% used [0x05900000, 0x05942148, 0x05ae0000)
  to   space 1920K,   0% used [0x05ae0000, 0x05ae0000, 0x05cc0000)
 tenured generation   total 71044K, used 61959K [0x09f50000, 0x0e4b1000, 0x14a00000)
   the space 71044K,  87% used [0x09f50000, 0x0dbd1fa0, 0x0dbd2000, 0x0e4b1000)
 compacting perm gen  total 12288K, used 9207K [0x14a00000, 0x15600000, 0x18a00000)
   the space 12288K,  74% used [0x14a00000, 0x152fdd70, 0x152fde00, 0x15600000)
No shared spaces configured.
Event: 567.766 GC heap after
Heap after GC invocations=361 (full 4):
 def new generation   total 17280K, used 253K [0x04a00000, 0x05cc0000, 0x09f50000)
  eden space 15360K,   0% used [0x04a00000, 0x04a00000, 0x05900000)
  from space 1920K,  13% used [0x05ae0000, 0x05b1f7d8, 0x05cc0000)
  to   space 1920K,   0% used [0x05900000, 0x05900000, 0x05ae0000)
 tenured generation   total 71044K, used 61959K [0x09f50000, 0x0e4b1000, 0x14a00000)
   the space 71044K,  87% used [0x09f50000, 0x0dbd1fa0, 0x0dbd2000, 0x0e4b1000)
 compacting perm gen  total 12288K, used 9207K [0x14a00000, 0x15600000, 0x18a00000)
   the space 12288K,  74% used [0x14a00000, 0x152fdd70, 0x152fde00, 0x15600000)
No shared spaces configured.
}
Event: 571.264 GC heap before
{Heap before GC invocations=361 (full 4):
 def new generation   total 17280K, used 15613K [0x04a00000, 0x05cc0000, 0x09f50000)
  eden space 15360K, 100% used [0x04a00000, 0x05900000, 0x05900000)
  from space 1920K,  13% used [0x05ae0000, 0x05b1f7d8, 0x05cc0000)
  to   space 1920K,   0% used [0x05900000, 0x05900000, 0x05ae0000)
 tenured generation   total 71044K, used 61959K [0x09f50000, 0x0e4b1000, 0x14a00000)
   the space 71044K,  87% used [0x09f50000, 0x0dbd1fa0, 0x0dbd2000, 0x0e4b1000)
 compacting perm gen  total 12288K, used 9207K [0x14a00000, 0x15600000, 0x18a00000)
   the space 12288K,  74% used [0x14a00000, 0x152fdd70, 0x152fde00, 0x15600000)
No shared spaces configured.
Event: 571.265 GC heap after
Heap after GC invocations=362 (full 4):
 def new generation   total 17280K, used 252K [0x04a00000, 0x05cc0000, 0x09f50000)
  eden space 15360K,   0% used [0x04a00000, 0x04a00000, 0x05900000)
  from space 1920K,  13% used [0x05900000, 0x0593f250, 0x05ae0000)
  to   space 1920K,   0% used [0x05ae0000, 0x05ae0000, 0x05cc0000)
 tenured generation   total 71044K, used 61959K [0x09f50000, 0x0e4b1000, 0x14a00000)
   the space 71044K,  87% used [0x09f50000, 0x0dbd1fa0, 0x0dbd2000, 0x0e4b1000)
 compacting perm gen  total 12288K, used 9207K [0x14a00000, 0x15600000, 0x18a00000)
   the space 12288K,  74% used [0x14a00000, 0x152fdd70, 0x152fde00, 0x15600000)
No shared spaces configured.
}
Event: 574.254 GC heap before
{Heap before GC invocations=362 (full 4):
 def new generation   total 17280K, used 15612K [0x04a00000, 0x05cc0000, 0x09f50000)
  eden space 15360K, 100% used [0x04a00000, 0x05900000, 0x05900000)
  from space 1920K,  13% used [0x05900000, 0x0593f250, 0x05ae0000)
  to   space 1920K,   0% used [0x05ae0000, 0x05ae0000, 0x05cc0000)
 tenured generation   total 71044K, used 61959K [0x09f50000, 0x0e4b1000, 0x14a00000)
   the space 71044K,  87% used [0x09f50000, 0x0dbd1fa0, 0x0dbd2000, 0x0e4b1000)
 compacting perm gen  total 12288K, used 9207K [0x14a00000, 0x15600000, 0x18a00000)
   the space 12288K,  74% used [0x14a00000, 0x152fdd70, 0x152fde00, 0x15600000)
No shared spaces configured.
Event: 574.255 GC heap after
Heap after GC invocations=363 (full 4):
 def new generation   total 17280K, used 254K [0x04a00000, 0x05cc0000, 0x09f50000)
  eden space 15360K,   0% used [0x04a00000, 0x04a00000, 0x05900000)
  from space 1920K,  13% used [0x05ae0000, 0x05b1fab0, 0x05cc0000)
  to   space 1920K,   0% used [0x05900000, 0x05900000, 0x05ae0000)
 tenured generation   total 71044K, used 61959K [0x09f50000, 0x0e4b1000, 0x14a00000)
   the space 71044K,  87% used [0x09f50000, 0x0dbd1fa0, 0x0dbd2000, 0x0e4b1000)
 compacting perm gen  total 12288K, used 9207K [0x14a00000, 0x15600000, 0x18a00000)
   the space 12288K,  74% used [0x14a00000, 0x152fdd70, 0x152fde00, 0x15600000)
No shared spaces configured.
}

