# JRE version: Java(TM) SE Runtime Environment (7.0_79-b15) (build 1.7.0_79-b15)
# Java VM: Java HotSpot(TM) Client VM (24.79-b02 mixed mode windows-x86 )
Heap
 def new generation   total 4928K, used 3460K [0x04800000, 0x04d50000, 0x09d50000)
  eden space 4416K,  76% used [0x04800000, 0x04b4b1b0, 0x04c50000)
  from space 512K,  17% used [0x04c50000, 0x04c65f40, 0x04cd0000)
  to   space 512K,   0% used [0x04cd0000, 0x04cd0000, 0x04d50000)
 tenured generation   total 10944K, used 9582K [0x09d50000, 0x0a800000, 0x14800000)
   the space 10944K,  87% used [0x09d50000, 0x0a6ab870, 0x0a6aba00, 0x0a800000)
 compacting perm gen  total 12288K, used 9028K [0x14800000, 0x15400000, 0x18800000)
   the space 12288K,  73% used [0x14800000, 0x150d11e0, 0x150d1200, 0x15400000)
GC Heap History (10 events):
Event: 17.405 GC heap before
{Heap before GC invocations=39 (full 0):
 def new generation   total 4928K, used 4489K [0x04800000, 0x04d50000, 0x09d50000)
  eden space 4416K, 100% used [0x04800000, 0x04c50000, 0x04c50000)
  from space 512K,  14% used [0x04cd0000, 0x04ce25c8, 0x04d50000)
  to   space 512K,   0% used [0x04c50000, 0x04c50000, 0x04cd0000)
 tenured generation   total 10944K, used 9553K [0x09d50000, 0x0a800000, 0x14800000)
   the space 10944K,  87% used [0x09d50000, 0x0a6a4780, 0x0a6a4800, 0x0a800000)
 compacting perm gen  total 12288K, used 9025K [0x14800000, 0x15400000, 0x18800000)
   the space 12288K,  73% used [0x14800000, 0x150d0770, 0x150d0800, 0x15400000)
No shared spaces configured.
Event: 17.406 GC heap after
Heap after GC invocations=40 (full 0):
 def new generation   total 4928K, used 88K [0x04800000, 0x04d50000, 0x09d50000)
  eden space 4416K,   0% used [0x04800000, 0x04800000, 0x04c50000)
  from space 512K,  17% used [0x04c50000, 0x04c660a8, 0x04cd0000)
  to   space 512K,   0% used [0x04cd0000, 0x04cd0000, 0x04d50000)
 tenured generation   total 10944K, used 9553K [0x09d50000, 0x0a800000, 0x14800000)
   the space 10944K,  87% used [0x09d50000, 0x0a6a4780, 0x0a6a4800, 0x0a800000)
 compacting perm gen  total 12288K, used 9025K [0x14800000, 0x15400000, 0x18800000)
   the space 12288K,  73% used [0x14800000, 0x150d0770, 0x150d0800, 0x15400000)
No shared spaces configured.
}
Event: 17.872 GC heap before
{Heap before GC invocations=40 (full 0):
 def new generation   total 4928K, used 4504K [0x04800000, 0x04d50000, 0x09d50000)
  eden space 4416K, 100% used [0x04800000, 0x04c50000, 0x04c50000)
  from space 512K,  17% used [0x04c50000, 0x04c660a8, 0x04cd0000)
  to   space 512K,   0% used [0x04cd0000, 0x04cd0000, 0x04d50000)
 tenured generation   total 10944K, used 9553K [0x09d50000, 0x0a800000, 0x14800000)
   the space 10944K,  87% used [0x09d50000, 0x0a6a4780, 0x0a6a4800, 0x0a800000)
 compacting perm gen  total 12288K, used 9025K [0x14800000, 0x15400000, 0x18800000)
   the space 12288K,  73% used [0x14800000, 0x150d0770, 0x150d0800, 0x15400000)
No shared spaces configured.
Event: 17.872 GC heap after
Heap after GC invocations=41 (full 0):
 def new generation   total 4928K, used 101K [0x04800000, 0x04d50000, 0x09d50000)
  eden space 4416K,   0% used [0x04800000, 0x04800000, 0x04c50000)
  from space 512K,  19% used [0x04cd0000, 0x04ce9670, 0x04d50000)
  to   space 512K,   0% used [0x04c50000, 0x04c50000, 0x04cd0000)
 tenured generation   total 10944K, used 9553K [0x09d50000, 0x0a800000, 0x14800000)
   the space 10944K,  87% used [0x09d50000, 0x0a6a4780, 0x0a6a4800, 0x0a800000)
 compacting perm gen  total 12288K, used 9025K [0x14800000, 0x15400000, 0x18800000)
   the space 12288K,  73% used [0x14800000, 0x150d0770, 0x150d0800, 0x15400000)
No shared spaces configured.
}
Event: 18.343 GC heap before
{Heap before GC invocations=41 (full 0):
 def new generation   total 4928K, used 4517K [0x04800000, 0x04d50000, 0x09d50000)
  eden space 4416K, 100% used [0x04800000, 0x04c50000, 0x04c50000)
  from space 512K,  19% used [0x04cd0000, 0x04ce9670, 0x04d50000)
  to   space 512K,   0% used [0x04c50000, 0x04c50000, 0x04cd0000)
 tenured generation   total 10944K, used 9553K [0x09d50000, 0x0a800000, 0x14800000)
   the space 10944K,  87% used [0x09d50000, 0x0a6a4780, 0x0a6a4800, 0x0a800000)
 compacting perm gen  total 12288K, used 9025K [0x14800000, 0x15400000, 0x18800000)
   the space 12288K,  73% used [0x14800000, 0x150d0770, 0x150d0800, 0x15400000)
No shared spaces configured.
Event: 18.344 GC heap after
Heap after GC invocations=42 (full 0):
 def new generation   total 4928K, used 100K [0x04800000, 0x04d50000, 0x09d50000)
  eden space 4416K,   0% used [0x04800000, 0x04800000, 0x04c50000)
  from space 512K,  19% used [0x04c50000, 0x04c690f8, 0x04cd0000)
  to   space 512K,   0% used [0x04cd0000, 0x04cd0000, 0x04d50000)
 tenured generation   total 10944K, used 9553K [0x09d50000, 0x0a800000, 0x14800000)
   the space 10944K,  87% used [0x09d50000, 0x0a6a4798, 0x0a6a4800, 0x0a800000)
 compacting perm gen  total 12288K, used 9025K [0x14800000, 0x15400000, 0x18800000)
   the space 12288K,  73% used [0x14800000, 0x150d0770, 0x150d0800, 0x15400000)
No shared spaces configured.
}
Event: 18.802 GC heap before
{Heap before GC invocations=42 (full 0):
 def new generation   total 4928K, used 4516K [0x04800000, 0x04d50000, 0x09d50000)
  eden space 4416K, 100% used [0x04800000, 0x04c50000, 0x04c50000)
  from space 512K,  19% used [0x04c50000, 0x04c690f8, 0x04cd0000)
  to   space 512K,   0% used [0x04cd0000, 0x04cd0000, 0x04d50000)
 tenured generation   total 10944K, used 9553K [0x09d50000, 0x0a800000, 0x14800000)
   the space 10944K,  87% used [0x09d50000, 0x0a6a4798, 0x0a6a4800, 0x0a800000)
 compacting perm gen  total 12288K, used 9025K [0x14800000, 0x15400000, 0x18800000)
   the space 12288K,  73% used [0x14800000, 0x150d0770, 0x150d0800, 0x15400000)
No shared spaces configured.
Event: 18.802 GC heap after
Heap after GC invocations=43 (full 0):
 def new generation   total 4928K, used 87K [0x04800000, 0x04d50000, 0x09d50000)
  eden space 4416K,   0% used [0x04800000, 0x04800000, 0x04c50000)
  from space 512K,  17% used [0x04cd0000, 0x04ce5d88, 0x04d50000)
  to   space 512K,   0% used [0x04c50000, 0x04c50000, 0x04cd0000)
 tenured generation   total 10944K, used 9568K [0x09d50000, 0x0a800000, 0x14800000)
   the space 10944K,  87% used [0x09d50000, 0x0a6a8008, 0x0a6a8200, 0x0a800000)
 compacting perm gen  total 12288K, used 9025K [0x14800000, 0x15400000, 0x18800000)
   the space 12288K,  73% used [0x14800000, 0x150d0770, 0x150d0800, 0x15400000)
No shared spaces configured.
}
Event: 19.311 GC heap before
{Heap before GC invocations=43 (full 0):
 def new generation   total 4928K, used 4503K [0x04800000, 0x04d50000, 0x09d50000)
  eden space 4416K, 100% used [0x04800000, 0x04c50000, 0x04c50000)
  from space 512K,  17% used [0x04cd0000, 0x04ce5d88, 0x04d50000)
  to   space 512K,   0% used [0x04c50000, 0x04c50000, 0x04cd0000)
 tenured generation   total 10944K, used 9568K [0x09d50000, 0x0a800000, 0x14800000)
   the space 10944K,  87% used [0x09d50000, 0x0a6a8008, 0x0a6a8200, 0x0a800000)
 compacting perm gen  total 12288K, used 9025K [0x14800000, 0x15400000, 0x18800000)
   the space 12288K,  73% used [0x14800000, 0x150d0770, 0x150d0800, 0x15400000)
No shared spaces configured.
Event: 19.311 GC heap after
Heap after GC invocations=44 (full 0):
 def new generation   total 4928K, used 87K [0x04800000, 0x04d50000, 0x09d50000)
  eden space 4416K,   0% used [0x04800000, 0x04800000, 0x04c50000)
  from space 512K,  17% used [0x04c50000, 0x04c65f40, 0x04cd0000)
  to   space 512K,   0% used [0x04cd0000, 0x04cd0000, 0x04d50000)
 tenured generation   total 10944K, used 9582K [0x09d50000, 0x0a800000, 0x14800000)
   the space 10944K,  87% used [0x09d50000, 0x0a6ab870, 0x0a6aba00, 0x0a800000)
 compacting perm gen  total 12288K, used 9025K [0x14800000, 0x15400000, 0x18800000)
   the space 12288K,  73% used [0x14800000, 0x150d0770, 0x150d0800, 0x15400000)
No shared spaces configured.
}

