# JRE version: Java(TM) SE Runtime Environment (7.0_79-b15) (build 1.7.0_79-b15)
# Java VM: Java HotSpot(TM) Client VM (24.79-b02 mixed mode windows-x86 )
Heap
 def new generation   total 7744K, used 1163K [0x04800000, 0x05060000, 0x09d50000)
  eden space 6912K,  13% used [0x04800000, 0x048f0890, 0x04ec0000)
  from space 832K,  24% used [0x04ec0000, 0x04ef2598, 0x04f90000)
  to   space 832K,   0% used [0x04f90000, 0x04f90000, 0x05060000)
 tenured generation   total 17056K, used 12837K [0x09d50000, 0x0adf8000, 0x14800000)
   the space 17056K,  75% used [0x09d50000, 0x0a9d9540, 0x0a9d9600, 0x0adf8000)
 compacting perm gen  total 12288K, used 9026K [0x14800000, 0x15400000, 0x18800000)
   the space 12288K,  73% used [0x14800000, 0x150d0aa0, 0x150d0c00, 0x15400000)
GC Heap History (10 events):
Event: 34.801 GC heap before
{Heap before GC invocations=42 (full 1):
 def new generation   total 7744K, used 7114K [0x04800000, 0x05060000, 0x09d50000)
  eden space 6912K, 100% used [0x04800000, 0x04ec0000, 0x04ec0000)
  from space 832K,  24% used [0x04f90000, 0x04fc2b08, 0x05060000)
  to   space 832K,   0% used [0x04ec0000, 0x04ec0000, 0x04f90000)
 tenured generation   total 17056K, used 12837K [0x09d50000, 0x0adf8000, 0x14800000)
   the space 17056K,  75% used [0x09d50000, 0x0a9d9540, 0x0a9d9600, 0x0adf8000)
 compacting perm gen  total 12288K, used 9022K [0x14800000, 0x15400000, 0x18800000)
   the space 12288K,  73% used [0x14800000, 0x150cf8c8, 0x150cfa00, 0x15400000)
No shared spaces configured.
Event: 34.802 GC heap after
Heap after GC invocations=43 (full 1):
 def new generation   total 7744K, used 202K [0x04800000, 0x05060000, 0x09d50000)
  eden space 6912K,   0% used [0x04800000, 0x04800000, 0x04ec0000)
  from space 832K,  24% used [0x04ec0000, 0x04ef2b20, 0x04f90000)
  to   space 832K,   0% used [0x04f90000, 0x04f90000, 0x05060000)
 tenured generation   total 17056K, used 12837K [0x09d50000, 0x0adf8000, 0x14800000)
   the space 17056K,  75% used [0x09d50000, 0x0a9d9540, 0x0a9d9600, 0x0adf8000)
 compacting perm gen  total 12288K, used 9022K [0x14800000, 0x15400000, 0x18800000)
   the space 12288K,  73% used [0x14800000, 0x150cf8c8, 0x150cfa00, 0x15400000)
No shared spaces configured.
}
Event: 36.575 GC heap before
{Heap before GC invocations=43 (full 1):
 def new generation   total 7744K, used 7114K [0x04800000, 0x05060000, 0x09d50000)
  eden space 6912K, 100% used [0x04800000, 0x04ec0000, 0x04ec0000)
  from space 832K,  24% used [0x04ec0000, 0x04ef2b20, 0x04f90000)
  to   space 832K,   0% used [0x04f90000, 0x04f90000, 0x05060000)
 tenured generation   total 17056K, used 12837K [0x09d50000, 0x0adf8000, 0x14800000)
   the space 17056K,  75% used [0x09d50000, 0x0a9d9540, 0x0a9d9600, 0x0adf8000)
 compacting perm gen  total 12288K, used 9022K [0x14800000, 0x15400000, 0x18800000)
   the space 12288K,  73% used [0x14800000, 0x150cf8c8, 0x150cfa00, 0x15400000)
No shared spaces configured.
Event: 36.576 GC heap after
Heap after GC invocations=44 (full 1):
 def new generation   total 7744K, used 202K [0x04800000, 0x05060000, 0x09d50000)
  eden space 6912K,   0% used [0x04800000, 0x04800000, 0x04ec0000)
  from space 832K,  24% used [0x04f90000, 0x04fc2b08, 0x05060000)
  to   space 832K,   0% used [0x04ec0000, 0x04ec0000, 0x04f90000)
 tenured generation   total 17056K, used 12837K [0x09d50000, 0x0adf8000, 0x14800000)
   the space 17056K,  75% used [0x09d50000, 0x0a9d9540, 0x0a9d9600, 0x0adf8000)
 compacting perm gen  total 12288K, used 9022K [0x14800000, 0x15400000, 0x18800000)
   the space 12288K,  73% used [0x14800000, 0x150cf8c8, 0x150cfa00, 0x15400000)
No shared spaces configured.
}
Event: 38.315 GC heap before
{Heap before GC invocations=44 (full 1):
 def new generation   total 7744K, used 7114K [0x04800000, 0x05060000, 0x09d50000)
  eden space 6912K, 100% used [0x04800000, 0x04ec0000, 0x04ec0000)
  from space 832K,  24% used [0x04f90000, 0x04fc2b08, 0x05060000)
  to   space 832K,   0% used [0x04ec0000, 0x04ec0000, 0x04f90000)
 tenured generation   total 17056K, used 12837K [0x09d50000, 0x0adf8000, 0x14800000)
   the space 17056K,  75% used [0x09d50000, 0x0a9d9540, 0x0a9d9600, 0x0adf8000)
 compacting perm gen  total 12288K, used 9022K [0x14800000, 0x15400000, 0x18800000)
   the space 12288K,  73% used [0x14800000, 0x150cf8c8, 0x150cfa00, 0x15400000)
No shared spaces configured.
Event: 38.316 GC heap after
Heap after GC invocations=45 (full 1):
 def new generation   total 7744K, used 203K [0x04800000, 0x05060000, 0x09d50000)
  eden space 6912K,   0% used [0x04800000, 0x04800000, 0x04ec0000)
  from space 832K,  24% used [0x04ec0000, 0x04ef2ce8, 0x04f90000)
  to   space 832K,   0% used [0x04f90000, 0x04f90000, 0x05060000)
 tenured generation   total 17056K, used 12837K [0x09d50000, 0x0adf8000, 0x14800000)
   the space 17056K,  75% used [0x09d50000, 0x0a9d9540, 0x0a9d9600, 0x0adf8000)
 compacting perm gen  total 12288K, used 9022K [0x14800000, 0x15400000, 0x18800000)
   the space 12288K,  73% used [0x14800000, 0x150cf8c8, 0x150cfa00, 0x15400000)
No shared spaces configured.
}
Event: 40.181 GC heap before
{Heap before GC invocations=45 (full 1):
 def new generation   total 7744K, used 7115K [0x04800000, 0x05060000, 0x09d50000)
  eden space 6912K, 100% used [0x04800000, 0x04ec0000, 0x04ec0000)
  from space 832K,  24% used [0x04ec0000, 0x04ef2ce8, 0x04f90000)
  to   space 832K,   0% used [0x04f90000, 0x04f90000, 0x05060000)
 tenured generation   total 17056K, used 12837K [0x09d50000, 0x0adf8000, 0x14800000)
   the space 17056K,  75% used [0x09d50000, 0x0a9d9540, 0x0a9d9600, 0x0adf8000)
 compacting perm gen  total 12288K, used 9022K [0x14800000, 0x15400000, 0x18800000)
   the space 12288K,  73% used [0x14800000, 0x150cf8e8, 0x150cfa00, 0x15400000)
No shared spaces configured.
Event: 40.182 GC heap after
Heap after GC invocations=46 (full 1):
 def new generation   total 7744K, used 201K [0x04800000, 0x05060000, 0x09d50000)
  eden space 6912K,   0% used [0x04800000, 0x04800000, 0x04ec0000)
  from space 832K,  24% used [0x04f90000, 0x04fc2558, 0x05060000)
  to   space 832K,   0% used [0x04ec0000, 0x04ec0000, 0x04f90000)
 tenured generation   total 17056K, used 12837K [0x09d50000, 0x0adf8000, 0x14800000)
   the space 17056K,  75% used [0x09d50000, 0x0a9d9540, 0x0a9d9600, 0x0adf8000)
 compacting perm gen  total 12288K, used 9022K [0x14800000, 0x15400000, 0x18800000)
   the space 12288K,  73% used [0x14800000, 0x150cf8e8, 0x150cfa00, 0x15400000)
No shared spaces configured.
}
Event: 41.983 GC heap before
{Heap before GC invocations=46 (full 1):
 def new generation   total 7744K, used 7113K [0x04800000, 0x05060000, 0x09d50000)
  eden space 6912K, 100% used [0x04800000, 0x04ec0000, 0x04ec0000)
  from space 832K,  24% used [0x04f90000, 0x04fc2558, 0x05060000)
  to   space 832K,   0% used [0x04ec0000, 0x04ec0000, 0x04f90000)
 tenured generation   total 17056K, used 12837K [0x09d50000, 0x0adf8000, 0x14800000)
   the space 17056K,  75% used [0x09d50000, 0x0a9d9540, 0x0a9d9600, 0x0adf8000)
 compacting perm gen  total 12288K, used 9024K [0x14800000, 0x15400000, 0x18800000)
   the space 12288K,  73% used [0x14800000, 0x150d0030, 0x150d0200, 0x15400000)
No shared spaces configured.
Event: 41.984 GC heap after
Heap after GC invocations=47 (full 1):
 def new generation   total 7744K, used 201K [0x04800000, 0x05060000, 0x09d50000)
  eden space 6912K,   0% used [0x04800000, 0x04800000, 0x04ec0000)
  from space 832K,  24% used [0x04ec0000, 0x04ef2598, 0x04f90000)
  to   space 832K,   0% used [0x04f90000, 0x04f90000, 0x05060000)
 tenured generation   total 17056K, used 12837K [0x09d50000, 0x0adf8000, 0x14800000)
   the space 17056K,  75% used [0x09d50000, 0x0a9d9540, 0x0a9d9600, 0x0adf8000)
 compacting perm gen  total 12288K, used 9024K [0x14800000, 0x15400000, 0x18800000)
   the space 12288K,  73% used [0x14800000, 0x150d0030, 0x150d0200, 0x15400000)
No shared spaces configured.
}

