# JRE version: Java(TM) SE Runtime Environment (7.0_79-b15) (build 1.7.0_79-b15)
# Java VM: Java HotSpot(TM) Client VM (24.79-b02 mixed mode windows-x86 )
Heap
 def new generation   total 10560K, used 8243K [0x04e00000, 0x05970000, 0x0a350000)
  eden space 9408K,  83% used [0x04e00000, 0x055a5f40, 0x05730000)
  from space 1152K,  35% used [0x05850000, 0x058b6f80, 0x05970000)
  to   space 1152K,   0% used [0x05730000, 0x05730000, 0x05850000)
 tenured generation   total 23320K, used 16841K [0x0a350000, 0x0ba16000, 0x14e00000)
   the space 23320K,  72% used [0x0a350000, 0x0b3c26c0, 0x0b3c2800, 0x0ba16000)
 compacting perm gen  total 12288K, used 9319K [0x14e00000, 0x15a00000, 0x18e00000)
   the space 12288K,  75% used [0x14e00000, 0x15719fd0, 0x1571a000, 0x15a00000)
GC Heap History (10 events):
Event: 35.247 GC heap before
{Heap before GC invocations=48 (full 2):
 def new generation   total 10560K, used 9704K [0x04e00000, 0x05970000, 0x0a350000)
  eden space 9408K, 100% used [0x04e00000, 0x05730000, 0x05730000)
  from space 1152K,  25% used [0x05730000, 0x0577a248, 0x05850000)
  to   space 1152K,   0% used [0x05850000, 0x05850000, 0x05970000)
 tenured generation   total 23320K, used 13991K [0x0a350000, 0x0ba16000, 0x14e00000)
   the space 23320K,  59% used [0x0a350000, 0x0b0f9c58, 0x0b0f9e00, 0x0ba16000)
 compacting perm gen  total 12288K, used 9315K [0x14e00000, 0x15a00000, 0x18e00000)
   the space 12288K,  75% used [0x14e00000, 0x15718fd0, 0x15719000, 0x15a00000)
No shared spaces configured.
Event: 35.248 GC heap after
Heap after GC invocations=49 (full 2):
 def new generation   total 10560K, used 619K [0x04e00000, 0x05970000, 0x0a350000)
  eden space 9408K,   0% used [0x04e00000, 0x04e00000, 0x05730000)
  from space 1152K,  53% used [0x05850000, 0x058eadd0, 0x05970000)
  to   space 1152K,   0% used [0x05730000, 0x05730000, 0x05850000)
 tenured generation   total 23320K, used 13991K [0x0a350000, 0x0ba16000, 0x14e00000)
   the space 23320K,  59% used [0x0a350000, 0x0b0f9c58, 0x0b0f9e00, 0x0ba16000)
 compacting perm gen  total 12288K, used 9315K [0x14e00000, 0x15a00000, 0x18e00000)
   the space 12288K,  75% used [0x14e00000, 0x15718fd0, 0x15719000, 0x15a00000)
No shared spaces configured.
}
Event: 36.364 GC heap before
{Heap before GC invocations=49 (full 2):
 def new generation   total 10560K, used 10027K [0x04e00000, 0x05970000, 0x0a350000)
  eden space 9408K, 100% used [0x04e00000, 0x05730000, 0x05730000)
  from space 1152K,  53% used [0x05850000, 0x058eadd0, 0x05970000)
  to   space 1152K,   0% used [0x05730000, 0x05730000, 0x05850000)
 tenured generation   total 23320K, used 13991K [0x0a350000, 0x0ba16000, 0x14e00000)
   the space 23320K,  59% used [0x0a350000, 0x0b0f9c58, 0x0b0f9e00, 0x0ba16000)
 compacting perm gen  total 12288K, used 9315K [0x14e00000, 0x15a00000, 0x18e00000)
   the space 12288K,  75% used [0x14e00000, 0x15718fe0, 0x15719000, 0x15a00000)
No shared spaces configured.
Event: 36.366 GC heap after
Heap after GC invocations=50 (full 2):
 def new generation   total 10560K, used 1152K [0x04e00000, 0x05970000, 0x0a350000)
  eden space 9408K,   0% used [0x04e00000, 0x04e00000, 0x05730000)
  from space 1152K, 100% used [0x05730000, 0x05850000, 0x05850000)
  to   space 1152K,   0% used [0x05850000, 0x05850000, 0x05970000)
 tenured generation   total 23320K, used 14228K [0x0a350000, 0x0ba16000, 0x14e00000)
   the space 23320K,  61% used [0x0a350000, 0x0b1352a8, 0x0b135400, 0x0ba16000)
 compacting perm gen  total 12288K, used 9315K [0x14e00000, 0x15a00000, 0x18e00000)
   the space 12288K,  75% used [0x14e00000, 0x15718fe0, 0x15719000, 0x15a00000)
No shared spaces configured.
}
Event: 37.479 GC heap before
{Heap before GC invocations=50 (full 2):
 def new generation   total 10560K, used 10560K [0x04e00000, 0x05970000, 0x0a350000)
  eden space 9408K, 100% used [0x04e00000, 0x05730000, 0x05730000)
  from space 1152K, 100% used [0x05730000, 0x05850000, 0x05850000)
  to   space 1152K,   0% used [0x05850000, 0x05850000, 0x05970000)
 tenured generation   total 23320K, used 14228K [0x0a350000, 0x0ba16000, 0x14e00000)
   the space 23320K,  61% used [0x0a350000, 0x0b1352a8, 0x0b135400, 0x0ba16000)
 compacting perm gen  total 12288K, used 9316K [0x14e00000, 0x15a00000, 0x18e00000)
   the space 12288K,  75% used [0x14e00000, 0x15719000, 0x15719000, 0x15a00000)
No shared spaces configured.
Event: 37.481 GC heap after
Heap after GC invocations=51 (full 2):
 def new generation   total 10560K, used 815K [0x04e00000, 0x05970000, 0x0a350000)
  eden space 9408K,   0% used [0x04e00000, 0x04e00000, 0x05730000)
  from space 1152K,  70% used [0x05850000, 0x0591bc00, 0x05970000)
  to   space 1152K,   0% used [0x05730000, 0x05730000, 0x05850000)
 tenured generation   total 23320K, used 15376K [0x0a350000, 0x0ba16000, 0x14e00000)
   the space 23320K,  65% used [0x0a350000, 0x0b254020, 0x0b254200, 0x0ba16000)
 compacting perm gen  total 12288K, used 9316K [0x14e00000, 0x15a00000, 0x18e00000)
   the space 12288K,  75% used [0x14e00000, 0x15719000, 0x15719000, 0x15a00000)
No shared spaces configured.
}
Event: 38.569 GC heap before
{Heap before GC invocations=51 (full 2):
 def new generation   total 10560K, used 10223K [0x04e00000, 0x05970000, 0x0a350000)
  eden space 9408K, 100% used [0x04e00000, 0x05730000, 0x05730000)
  from space 1152K,  70% used [0x05850000, 0x0591bc00, 0x05970000)
  to   space 1152K,   0% used [0x05730000, 0x05730000, 0x05850000)
 tenured generation   total 23320K, used 15376K [0x0a350000, 0x0ba16000, 0x14e00000)
   the space 23320K,  65% used [0x0a350000, 0x0b254020, 0x0b254200, 0x0ba16000)
 compacting perm gen  total 12288K, used 9316K [0x14e00000, 0x15a00000, 0x18e00000)
   the space 12288K,  75% used [0x14e00000, 0x15719020, 0x15719200, 0x15a00000)
No shared spaces configured.
Event: 38.571 GC heap after
Heap after GC invocations=52 (full 2):
 def new generation   total 10560K, used 746K [0x04e00000, 0x05970000, 0x0a350000)
  eden space 9408K,   0% used [0x04e00000, 0x04e00000, 0x05730000)
  from space 1152K,  64% used [0x05730000, 0x057eaa98, 0x05850000)
  to   space 1152K,   0% used [0x05850000, 0x05850000, 0x05970000)
 tenured generation   total 23320K, used 16136K [0x0a350000, 0x0ba16000, 0x14e00000)
   the space 23320K,  69% used [0x0a350000, 0x0b3121a0, 0x0b312200, 0x0ba16000)
 compacting perm gen  total 12288K, used 9316K [0x14e00000, 0x15a00000, 0x18e00000)
   the space 12288K,  75% used [0x14e00000, 0x15719020, 0x15719200, 0x15a00000)
No shared spaces configured.
}
Event: 40.014 GC heap before
{Heap before GC invocations=52 (full 2):
 def new generation   total 10560K, used 10154K [0x04e00000, 0x05970000, 0x0a350000)
  eden space 9408K, 100% used [0x04e00000, 0x05730000, 0x05730000)
  from space 1152K,  64% used [0x05730000, 0x057eaa98, 0x05850000)
  to   space 1152K,   0% used [0x05850000, 0x05850000, 0x05970000)
 tenured generation   total 23320K, used 16136K [0x0a350000, 0x0ba16000, 0x14e00000)
   the space 23320K,  69% used [0x0a350000, 0x0b3121a0, 0x0b312200, 0x0ba16000)
 compacting perm gen  total 12288K, used 9316K [0x14e00000, 0x15a00000, 0x18e00000)
   the space 12288K,  75% used [0x14e00000, 0x15719080, 0x15719200, 0x15a00000)
No shared spaces configured.
Event: 40.016 GC heap after
Heap after GC invocations=53 (full 2):
 def new generation   total 10560K, used 411K [0x04e00000, 0x05970000, 0x0a350000)
  eden space 9408K,   0% used [0x04e00000, 0x04e00000, 0x05730000)
  from space 1152K,  35% used [0x05850000, 0x058b6f80, 0x05970000)
  to   space 1152K,   0% used [0x05730000, 0x05730000, 0x05850000)
 tenured generation   total 23320K, used 16841K [0x0a350000, 0x0ba16000, 0x14e00000)
   the space 23320K,  72% used [0x0a350000, 0x0b3c26c0, 0x0b3c2800, 0x0ba16000)
 compacting perm gen  total 12288K, used 9316K [0x14e00000, 0x15a00000, 0x18e00000)
   the space 12288K,  75% used [0x14e00000, 0x15719080, 0x15719200, 0x15a00000)
No shared spaces configured.
}

