# JRE version: Java(TM) SE Runtime Environment (7.0_79-b15) (build 1.7.0_79-b15)
# Java VM: Java HotSpot(TM) Client VM (24.79-b02 mixed mode windows-x86 )
Heap
 def new generation   total 4928K, used 248K [0x04c00000, 0x05150000, 0x0a150000)
  eden space 4416K,   4% used [0x04c00000, 0x04c35948, 0x05050000)
  from space 512K,   6% used [0x05050000, 0x050588c0, 0x050d0000)
  to   space 512K,   0% used [0x050d0000, 0x050d0000, 0x05150000)
 tenured generation   total 10944K, used 9058K [0x0a150000, 0x0ac00000, 0x14c00000)
   the space 10944K,  82% used [0x0a150000, 0x0aa289f0, 0x0aa28a00, 0x0ac00000)
 compacting perm gen  total 12288K, used 9024K [0x14c00000, 0x15800000, 0x18c00000)
   the space 12288K,  73% used [0x14c00000, 0x154d02a8, 0x154d0400, 0x15800000)
GC Heap History (10 events):
Event: 15.016 GC heap before
{Heap before GC invocations=31 (full 0):
 def new generation   total 4928K, used 4417K [0x04c00000, 0x05150000, 0x0a150000)
  eden space 4416K, 100% used [0x04c00000, 0x05050000, 0x05050000)
  from space 512K,   0% used [0x050d0000, 0x050d07c0, 0x05150000)
  to   space 512K,   0% used [0x05050000, 0x05050000, 0x050d0000)
 tenured generation   total 10944K, used 9058K [0x0a150000, 0x0ac00000, 0x14c00000)
   the space 10944K,  82% used [0x0a150000, 0x0aa289f0, 0x0aa28a00, 0x0ac00000)
 compacting perm gen  total 12288K, used 9022K [0x14c00000, 0x15800000, 0x18c00000)
   the space 12288K,  73% used [0x14c00000, 0x154cf838, 0x154cfa00, 0x15800000)
No shared spaces configured.
Event: 15.017 GC heap after
Heap after GC invocations=32 (full 0):
 def new generation   total 4928K, used 35K [0x04c00000, 0x05150000, 0x0a150000)
  eden space 4416K,   0% used [0x04c00000, 0x04c00000, 0x05050000)
  from space 512K,   6% used [0x05050000, 0x05058c70, 0x050d0000)
  to   space 512K,   0% used [0x050d0000, 0x050d0000, 0x05150000)
 tenured generation   total 10944K, used 9058K [0x0a150000, 0x0ac00000, 0x14c00000)
   the space 10944K,  82% used [0x0a150000, 0x0aa289f0, 0x0aa28a00, 0x0ac00000)
 compacting perm gen  total 12288K, used 9022K [0x14c00000, 0x15800000, 0x18c00000)
   the space 12288K,  73% used [0x14c00000, 0x154cf838, 0x154cfa00, 0x15800000)
No shared spaces configured.
}
Event: 15.606 GC heap before
{Heap before GC invocations=32 (full 0):
 def new generation   total 4928K, used 4451K [0x04c00000, 0x05150000, 0x0a150000)
  eden space 4416K, 100% used [0x04c00000, 0x05050000, 0x05050000)
  from space 512K,   6% used [0x05050000, 0x05058c70, 0x050d0000)
  to   space 512K,   0% used [0x050d0000, 0x050d0000, 0x05150000)
 tenured generation   total 10944K, used 9058K [0x0a150000, 0x0ac00000, 0x14c00000)
   the space 10944K,  82% used [0x0a150000, 0x0aa289f0, 0x0aa28a00, 0x0ac00000)
 compacting perm gen  total 12288K, used 9022K [0x14c00000, 0x15800000, 0x18c00000)
   the space 12288K,  73% used [0x14c00000, 0x154cf838, 0x154cfa00, 0x15800000)
No shared spaces configured.
Event: 15.607 GC heap after
Heap after GC invocations=33 (full 0):
 def new generation   total 4928K, used 34K [0x04c00000, 0x05150000, 0x0a150000)
  eden space 4416K,   0% used [0x04c00000, 0x04c00000, 0x05050000)
  from space 512K,   6% used [0x050d0000, 0x050d8a38, 0x05150000)
  to   space 512K,   0% used [0x05050000, 0x05050000, 0x050d0000)
 tenured generation   total 10944K, used 9058K [0x0a150000, 0x0ac00000, 0x14c00000)
   the space 10944K,  82% used [0x0a150000, 0x0aa289f0, 0x0aa28a00, 0x0ac00000)
 compacting perm gen  total 12288K, used 9022K [0x14c00000, 0x15800000, 0x18c00000)
   the space 12288K,  73% used [0x14c00000, 0x154cf838, 0x154cfa00, 0x15800000)
No shared spaces configured.
}
Event: 16.228 GC heap before
{Heap before GC invocations=33 (full 0):
 def new generation   total 4928K, used 4450K [0x04c00000, 0x05150000, 0x0a150000)
  eden space 4416K, 100% used [0x04c00000, 0x05050000, 0x05050000)
  from space 512K,   6% used [0x050d0000, 0x050d8a38, 0x05150000)
  to   space 512K,   0% used [0x05050000, 0x05050000, 0x050d0000)
 tenured generation   total 10944K, used 9058K [0x0a150000, 0x0ac00000, 0x14c00000)
   the space 10944K,  82% used [0x0a150000, 0x0aa289f0, 0x0aa28a00, 0x0ac00000)
 compacting perm gen  total 12288K, used 9022K [0x14c00000, 0x15800000, 0x18c00000)
   the space 12288K,  73% used [0x14c00000, 0x154cf838, 0x154cfa00, 0x15800000)
No shared spaces configured.
Event: 16.230 GC heap after
Heap after GC invocations=34 (full 0):
 def new generation   total 4928K, used 36K [0x04c00000, 0x05150000, 0x0a150000)
  eden space 4416K,   0% used [0x04c00000, 0x04c00000, 0x05050000)
  from space 512K,   7% used [0x05050000, 0x050590a0, 0x050d0000)
  to   space 512K,   0% used [0x050d0000, 0x050d0000, 0x05150000)
 tenured generation   total 10944K, used 9058K [0x0a150000, 0x0ac00000, 0x14c00000)
   the space 10944K,  82% used [0x0a150000, 0x0aa289f0, 0x0aa28a00, 0x0ac00000)
 compacting perm gen  total 12288K, used 9022K [0x14c00000, 0x15800000, 0x18c00000)
   the space 12288K,  73% used [0x14c00000, 0x154cf838, 0x154cfa00, 0x15800000)
No shared spaces configured.
}
Event: 16.834 GC heap before
{Heap before GC invocations=34 (full 0):
 def new generation   total 4928K, used 4452K [0x04c00000, 0x05150000, 0x0a150000)
  eden space 4416K, 100% used [0x04c00000, 0x05050000, 0x05050000)
  from space 512K,   7% used [0x05050000, 0x050590a0, 0x050d0000)
  to   space 512K,   0% used [0x050d0000, 0x050d0000, 0x05150000)
 tenured generation   total 10944K, used 9058K [0x0a150000, 0x0ac00000, 0x14c00000)
   the space 10944K,  82% used [0x0a150000, 0x0aa289f0, 0x0aa28a00, 0x0ac00000)
 compacting perm gen  total 12288K, used 9022K [0x14c00000, 0x15800000, 0x18c00000)
   the space 12288K,  73% used [0x14c00000, 0x154cf838, 0x154cfa00, 0x15800000)
No shared spaces configured.
Event: 16.835 GC heap after
Heap after GC invocations=35 (full 0):
 def new generation   total 4928K, used 34K [0x04c00000, 0x05150000, 0x0a150000)
  eden space 4416K,   0% used [0x04c00000, 0x04c00000, 0x05050000)
  from space 512K,   6% used [0x050d0000, 0x050d8970, 0x05150000)
  to   space 512K,   0% used [0x05050000, 0x05050000, 0x050d0000)
 tenured generation   total 10944K, used 9058K [0x0a150000, 0x0ac00000, 0x14c00000)
   the space 10944K,  82% used [0x0a150000, 0x0aa289f0, 0x0aa28a00, 0x0ac00000)
 compacting perm gen  total 12288K, used 9022K [0x14c00000, 0x15800000, 0x18c00000)
   the space 12288K,  73% used [0x14c00000, 0x154cf838, 0x154cfa00, 0x15800000)
No shared spaces configured.
}
Event: 17.369 GC heap before
{Heap before GC invocations=35 (full 0):
 def new generation   total 4928K, used 4450K [0x04c00000, 0x05150000, 0x0a150000)
  eden space 4416K, 100% used [0x04c00000, 0x05050000, 0x05050000)
  from space 512K,   6% used [0x050d0000, 0x050d8970, 0x05150000)
  to   space 512K,   0% used [0x05050000, 0x05050000, 0x050d0000)
 tenured generation   total 10944K, used 9058K [0x0a150000, 0x0ac00000, 0x14c00000)
   the space 10944K,  82% used [0x0a150000, 0x0aa289f0, 0x0aa28a00, 0x0ac00000)
 compacting perm gen  total 12288K, used 9022K [0x14c00000, 0x15800000, 0x18c00000)
   the space 12288K,  73% used [0x14c00000, 0x154cf838, 0x154cfa00, 0x15800000)
No shared spaces configured.
Event: 17.370 GC heap after
Heap after GC invocations=36 (full 0):
 def new generation   total 4928K, used 34K [0x04c00000, 0x05150000, 0x0a150000)
  eden space 4416K,   0% used [0x04c00000, 0x04c00000, 0x05050000)
  from space 512K,   6% used [0x05050000, 0x050588c0, 0x050d0000)
  to   space 512K,   0% used [0x050d0000, 0x050d0000, 0x05150000)
 tenured generation   total 10944K, used 9058K [0x0a150000, 0x0ac00000, 0x14c00000)
   the space 10944K,  82% used [0x0a150000, 0x0aa289f0, 0x0aa28a00, 0x0ac00000)
 compacting perm gen  total 12288K, used 9022K [0x14c00000, 0x15800000, 0x18c00000)
   the space 12288K,  73% used [0x14c00000, 0x154cf838, 0x154cfa00, 0x15800000)
No shared spaces configured.
}

