# JRE version: Java(TM) SE Runtime Environment (7.0_79-b15) (build 1.7.0_79-b15)
# Java VM: Java HotSpot(TM) Client VM (24.79-b02 mixed mode windows-x86 )
Heap
 def new generation   total 6592K, used 4031K [0x04800000, 0x04f20000, 0x09d50000)
  eden space 5888K,  64% used [0x04800000, 0x04bb58a0, 0x04dc0000)
  from space 704K,  38% used [0x04e70000, 0x04eb3d30, 0x04f20000)
  to   space 704K,   0% used [0x04dc0000, 0x04dc0000, 0x04e70000)
 tenured generation   total 14508K, used 8704K [0x09d50000, 0x0ab7b000, 0x14800000)
   the space 14508K,  59% used [0x09d50000, 0x0a5d02c8, 0x0a5d0400, 0x0ab7b000)
 compacting perm gen  total 12288K, used 9064K [0x14800000, 0x15400000, 0x18800000)
   the space 12288K,  73% used [0x14800000, 0x150da2b0, 0x150da400, 0x15400000)
GC Heap History (10 events):
Event: 5.445 GC heap before
{Heap before GC invocations=13 (full 0):
 def new generation   total 4928K, used 2713K [0x04800000, 0x04d50000, 0x09d50000)
  eden space 4416K,  54% used [0x04800000, 0x04a57f00, 0x04c50000)
  from space 512K,  61% used [0x04cd0000, 0x04d1e890, 0x04d50000)
  to   space 512K,   0% used [0x04c50000, 0x04c50000, 0x04cd0000)
 tenured generation   total 10944K, used 7879K [0x09d50000, 0x0a800000, 0x14800000)
   the space 10944K,  72% used [0x09d50000, 0x0a501f30, 0x0a502000, 0x0a800000)
 compacting perm gen  total 12288K, used 9023K [0x14800000, 0x15400000, 0x18800000)
   the space 12288K,  73% used [0x14800000, 0x150cfe20, 0x150d0000, 0x15400000)
No shared spaces configured.
Event: 5.446 GC heap after
Heap after GC invocations=14 (full 0):
 def new generation   total 4928K, used 176K [0x04800000, 0x04d50000, 0x09d50000)
  eden space 4416K,   0% used [0x04800000, 0x04800000, 0x04c50000)
  from space 512K,  34% used [0x04c50000, 0x04c7c2a0, 0x04cd0000)
  to   space 512K,   0% used [0x04cd0000, 0x04cd0000, 0x04d50000)
 tenured generation   total 10944K, used 8016K [0x09d50000, 0x0a800000, 0x14800000)
   the space 10944K,  73% used [0x09d50000, 0x0a5242e8, 0x0a524400, 0x0a800000)
 compacting perm gen  total 12288K, used 9023K [0x14800000, 0x15400000, 0x18800000)
   the space 12288K,  73% used [0x14800000, 0x150cfe20, 0x150d0000, 0x15400000)
No shared spaces configured.
}
Event: 5.457 GC heap before
{Heap before GC invocations=14 (full 0):
 def new generation   total 4928K, used 4592K [0x04800000, 0x04d50000, 0x09d50000)
  eden space 4416K, 100% used [0x04800000, 0x04c50000, 0x04c50000)
  from space 512K,  34% used [0x04c50000, 0x04c7c2a0, 0x04cd0000)
  to   space 512K,   0% used [0x04cd0000, 0x04cd0000, 0x04d50000)
 tenured generation   total 10944K, used 8016K [0x09d50000, 0x0a800000, 0x14800000)
   the space 10944K,  73% used [0x09d50000, 0x0a5242e8, 0x0a524400, 0x0a800000)
 compacting perm gen  total 12288K, used 9023K [0x14800000, 0x15400000, 0x18800000)
   the space 12288K,  73% used [0x14800000, 0x150cfe20, 0x150d0000, 0x15400000)
No shared spaces configured.
Event: 5.485 GC heap after
Heap after GC invocations=15 (full 1):
 def new generation   total 6592K, used 0K [0x04800000, 0x04f20000, 0x09d50000)
  eden space 5888K,   0% used [0x04800000, 0x04800000, 0x04dc0000)
  from space 704K,   0% used [0x04dc0000, 0x04dc0000, 0x04e70000)
  to   space 704K,   0% used [0x04e70000, 0x04e70000, 0x04f20000)
 tenured generation   total 14508K, used 8704K [0x09d50000, 0x0ab7b000, 0x14800000)
   the space 14508K,  59% used [0x09d50000, 0x0a5d02c8, 0x0a5d0400, 0x0ab7b000)
 compacting perm gen  total 12288K, used 9023K [0x14800000, 0x15400000, 0x18800000)
   the space 12288K,  73% used [0x14800000, 0x150cfe20, 0x150d0000, 0x15400000)
No shared spaces configured.
}
Event: 5.798 GC heap before
{Heap before GC invocations=15 (full 1):
 def new generation   total 6592K, used 5888K [0x04800000, 0x04f20000, 0x09d50000)
  eden space 5888K, 100% used [0x04800000, 0x04dc0000, 0x04dc0000)
  from space 704K,   0% used [0x04dc0000, 0x04dc0000, 0x04e70000)
  to   space 704K,   0% used [0x04e70000, 0x04e70000, 0x04f20000)
 tenured generation   total 14508K, used 8704K [0x09d50000, 0x0ab7b000, 0x14800000)
   the space 14508K,  59% used [0x09d50000, 0x0a5d02c8, 0x0a5d0400, 0x0ab7b000)
 compacting perm gen  total 12288K, used 9060K [0x14800000, 0x15400000, 0x18800000)
   the space 12288K,  73% used [0x14800000, 0x150d93d0, 0x150d9400, 0x15400000)
No shared spaces configured.
Event: 5.801 GC heap after
Heap after GC invocations=16 (full 1):
 def new generation   total 6592K, used 280K [0x04800000, 0x04f20000, 0x09d50000)
  eden space 5888K,   0% used [0x04800000, 0x04800000, 0x04dc0000)
  from space 704K,  39% used [0x04e70000, 0x04eb61d8, 0x04f20000)
  to   space 704K,   0% used [0x04dc0000, 0x04dc0000, 0x04e70000)
 tenured generation   total 14508K, used 8704K [0x09d50000, 0x0ab7b000, 0x14800000)
   the space 14508K,  59% used [0x09d50000, 0x0a5d02c8, 0x0a5d0400, 0x0ab7b000)
 compacting perm gen  total 12288K, used 9060K [0x14800000, 0x15400000, 0x18800000)
   the space 12288K,  73% used [0x14800000, 0x150d93d0, 0x150d9400, 0x15400000)
No shared spaces configured.
}
Event: 6.379 GC heap before
{Heap before GC invocations=16 (full 1):
 def new generation   total 6592K, used 6167K [0x04800000, 0x04f20000, 0x09d50000)
  eden space 5888K,  99% used [0x04800000, 0x04dbfdf8, 0x04dc0000)
  from space 704K,  39% used [0x04e70000, 0x04eb61d8, 0x04f20000)
  to   space 704K,   0% used [0x04dc0000, 0x04dc0000, 0x04e70000)
 tenured generation   total 14508K, used 8704K [0x09d50000, 0x0ab7b000, 0x14800000)
   the space 14508K,  59% used [0x09d50000, 0x0a5d02c8, 0x0a5d0400, 0x0ab7b000)
 compacting perm gen  total 12288K, used 9061K [0x14800000, 0x15400000, 0x18800000)
   the space 12288K,  73% used [0x14800000, 0x150d9410, 0x150d9600, 0x15400000)
No shared spaces configured.
Event: 6.380 GC heap after
Heap after GC invocations=17 (full 1):
 def new generation   total 6592K, used 278K [0x04800000, 0x04f20000, 0x09d50000)
  eden space 5888K,   0% used [0x04800000, 0x04800000, 0x04dc0000)
  from space 704K,  39% used [0x04dc0000, 0x04e05880, 0x04e70000)
  to   space 704K,   0% used [0x04e70000, 0x04e70000, 0x04f20000)
 tenured generation   total 14508K, used 8704K [0x09d50000, 0x0ab7b000, 0x14800000)
   the space 14508K,  59% used [0x09d50000, 0x0a5d02c8, 0x0a5d0400, 0x0ab7b000)
 compacting perm gen  total 12288K, used 9061K [0x14800000, 0x15400000, 0x18800000)
   the space 12288K,  73% used [0x14800000, 0x150d9410, 0x150d9600, 0x15400000)
No shared spaces configured.
}
Event: 7.044 GC heap before
{Heap before GC invocations=17 (full 1):
 def new generation   total 6592K, used 6166K [0x04800000, 0x04f20000, 0x09d50000)
  eden space 5888K, 100% used [0x04800000, 0x04dc0000, 0x04dc0000)
  from space 704K,  39% used [0x04dc0000, 0x04e05880, 0x04e70000)
  to   space 704K,   0% used [0x04e70000, 0x04e70000, 0x04f20000)
 tenured generation   total 14508K, used 8704K [0x09d50000, 0x0ab7b000, 0x14800000)
   the space 14508K,  59% used [0x09d50000, 0x0a5d02c8, 0x0a5d0400, 0x0ab7b000)
 compacting perm gen  total 12288K, used 9062K [0x14800000, 0x15400000, 0x18800000)
   the space 12288K,  73% used [0x14800000, 0x150d9840, 0x150d9a00, 0x15400000)
No shared spaces configured.
Event: 7.045 GC heap after
Heap after GC invocations=18 (full 1):
 def new generation   total 6592K, used 271K [0x04800000, 0x04f20000, 0x09d50000)
  eden space 5888K,   0% used [0x04800000, 0x04800000, 0x04dc0000)
  from space 704K,  38% used [0x04e70000, 0x04eb3d30, 0x04f20000)
  to   space 704K,   0% used [0x04dc0000, 0x04dc0000, 0x04e70000)
 tenured generation   total 14508K, used 8704K [0x09d50000, 0x0ab7b000, 0x14800000)
   the space 14508K,  59% used [0x09d50000, 0x0a5d02c8, 0x0a5d0400, 0x0ab7b000)
 compacting perm gen  total 12288K, used 9062K [0x14800000, 0x15400000, 0x18800000)
   the space 12288K,  73% used [0x14800000, 0x150d9840, 0x150d9a00, 0x15400000)
No shared spaces configured.
}

