# JRE version: Java(TM) SE Runtime Environment (7.0_79-b15) (build 1.7.0_79-b15)
# Java VM: Java HotSpot(TM) Client VM (24.79-b02 mixed mode windows-x86 )
Heap
 def new generation   total 6400K, used 685K [0x04400000, 0x04af0000, 0x09950000)
  eden space 5696K,   5% used [0x04400000, 0x0444f2f0, 0x04990000)
  from space 704K,  52% used [0x04990000, 0x049ec290, 0x04a40000)
  to   space 704K,   0% used [0x04a40000, 0x04a40000, 0x04af0000)
 tenured generation   total 14136K, used 12330K [0x09950000, 0x0a71e000, 0x14400000)
   the space 14136K,  87% used [0x09950000, 0x0a55a8a0, 0x0a55aa00, 0x0a71e000)
 compacting perm gen  total 12288K, used 9389K [0x14400000, 0x15000000, 0x18400000)
   the space 12288K,  76% used [0x14400000, 0x14d2b558, 0x14d2b600, 0x15000000)
GC Heap History (10 events):
Event: 52.401 GC heap before
{Heap before GC invocations=97 (full 2):
 def new generation   total 6400K, used 6025K [0x04400000, 0x04af0000, 0x09950000)
  eden space 5696K, 100% used [0x04400000, 0x04990000, 0x04990000)
  from space 704K,  46% used [0x04a40000, 0x04a92510, 0x04af0000)
  to   space 704K,   0% used [0x04990000, 0x04990000, 0x04a40000)
 tenured generation   total 14136K, used 12006K [0x09950000, 0x0a71e000, 0x14400000)
   the space 14136K,  84% used [0x09950000, 0x0a509838, 0x0a509a00, 0x0a71e000)
 compacting perm gen  total 12288K, used 9150K [0x14400000, 0x15000000, 0x18400000)
   the space 12288K,  74% used [0x14400000, 0x14cefae0, 0x14cefc00, 0x15000000)
No shared spaces configured.
Event: 52.402 GC heap after
Heap after GC invocations=98 (full 2):
 def new generation   total 6400K, used 388K [0x04400000, 0x04af0000, 0x09950000)
  eden space 5696K,   0% used [0x04400000, 0x04400000, 0x04990000)
  from space 704K,  55% used [0x04990000, 0x049f13b8, 0x04a40000)
  to   space 704K,   0% used [0x04a40000, 0x04a40000, 0x04af0000)
 tenured generation   total 14136K, used 12006K [0x09950000, 0x0a71e000, 0x14400000)
   the space 14136K,  84% used [0x09950000, 0x0a509838, 0x0a509a00, 0x0a71e000)
 compacting perm gen  total 12288K, used 9150K [0x14400000, 0x15000000, 0x18400000)
   the space 12288K,  74% used [0x14400000, 0x14cefae0, 0x14cefc00, 0x15000000)
No shared spaces configured.
}
Event: 52.995 GC heap before
{Heap before GC invocations=98 (full 2):
 def new generation   total 6400K, used 6084K [0x04400000, 0x04af0000, 0x09950000)
  eden space 5696K, 100% used [0x04400000, 0x04990000, 0x04990000)
  from space 704K,  55% used [0x04990000, 0x049f13b8, 0x04a40000)
  to   space 704K,   0% used [0x04a40000, 0x04a40000, 0x04af0000)
 tenured generation   total 14136K, used 12006K [0x09950000, 0x0a71e000, 0x14400000)
   the space 14136K,  84% used [0x09950000, 0x0a509838, 0x0a509a00, 0x0a71e000)
 compacting perm gen  total 12288K, used 9150K [0x14400000, 0x15000000, 0x18400000)
   the space 12288K,  74% used [0x14400000, 0x14cefae0, 0x14cefc00, 0x15000000)
No shared spaces configured.
Event: 52.996 GC heap after
Heap after GC invocations=99 (full 2):
 def new generation   total 6400K, used 312K [0x04400000, 0x04af0000, 0x09950000)
  eden space 5696K,   0% used [0x04400000, 0x04400000, 0x04990000)
  from space 704K,  44% used [0x04a40000, 0x04a8e100, 0x04af0000)
  to   space 704K,   0% used [0x04990000, 0x04990000, 0x04a40000)
 tenured generation   total 14136K, used 12171K [0x09950000, 0x0a71e000, 0x14400000)
   the space 14136K,  86% used [0x09950000, 0x0a532c28, 0x0a532e00, 0x0a71e000)
 compacting perm gen  total 12288K, used 9150K [0x14400000, 0x15000000, 0x18400000)
   the space 12288K,  74% used [0x14400000, 0x14cefae0, 0x14cefc00, 0x15000000)
No shared spaces configured.
}
Event: 54.064 GC heap before
{Heap before GC invocations=99 (full 2):
 def new generation   total 6400K, used 6008K [0x04400000, 0x04af0000, 0x09950000)
  eden space 5696K, 100% used [0x04400000, 0x04990000, 0x04990000)
  from space 704K,  44% used [0x04a40000, 0x04a8e100, 0x04af0000)
  to   space 704K,   0% used [0x04990000, 0x04990000, 0x04a40000)
 tenured generation   total 14136K, used 12171K [0x09950000, 0x0a71e000, 0x14400000)
   the space 14136K,  86% used [0x09950000, 0x0a532c28, 0x0a532e00, 0x0a71e000)
 compacting perm gen  total 12288K, used 9382K [0x14400000, 0x15000000, 0x18400000)
   the space 12288K,  76% used [0x14400000, 0x14d29b50, 0x14d29c00, 0x15000000)
No shared spaces configured.
Event: 54.065 GC heap after
Heap after GC invocations=100 (full 2):
 def new generation   total 6400K, used 478K [0x04400000, 0x04af0000, 0x09950000)
  eden space 5696K,   0% used [0x04400000, 0x04400000, 0x04990000)
  from space 704K,  67% used [0x04990000, 0x04a07808, 0x04a40000)
  to   space 704K,   0% used [0x04a40000, 0x04a40000, 0x04af0000)
 tenured generation   total 14136K, used 12171K [0x09950000, 0x0a71e000, 0x14400000)
   the space 14136K,  86% used [0x09950000, 0x0a532c28, 0x0a532e00, 0x0a71e000)
 compacting perm gen  total 12288K, used 9382K [0x14400000, 0x15000000, 0x18400000)
   the space 12288K,  76% used [0x14400000, 0x14d29b50, 0x14d29c00, 0x15000000)
No shared spaces configured.
}
Event: 55.184 GC heap before
{Heap before GC invocations=100 (full 2):
 def new generation   total 6400K, used 6174K [0x04400000, 0x04af0000, 0x09950000)
  eden space 5696K, 100% used [0x04400000, 0x04990000, 0x04990000)
  from space 704K,  67% used [0x04990000, 0x04a07808, 0x04a40000)
  to   space 704K,   0% used [0x04a40000, 0x04a40000, 0x04af0000)
 tenured generation   total 14136K, used 12171K [0x09950000, 0x0a71e000, 0x14400000)
   the space 14136K,  86% used [0x09950000, 0x0a532c28, 0x0a532e00, 0x0a71e000)
 compacting perm gen  total 12288K, used 9382K [0x14400000, 0x15000000, 0x18400000)
   the space 12288K,  76% used [0x14400000, 0x14d29b60, 0x14d29c00, 0x15000000)
No shared spaces configured.
Event: 55.186 GC heap after
Heap after GC invocations=101 (full 2):
 def new generation   total 6400K, used 322K [0x04400000, 0x04af0000, 0x09950000)
  eden space 5696K,   0% used [0x04400000, 0x04400000, 0x04990000)
  from space 704K,  45% used [0x04a40000, 0x04a90908, 0x04af0000)
  to   space 704K,   0% used [0x04990000, 0x04990000, 0x04a40000)
 tenured generation   total 14136K, used 12330K [0x09950000, 0x0a71e000, 0x14400000)
   the space 14136K,  87% used [0x09950000, 0x0a55a8a0, 0x0a55aa00, 0x0a71e000)
 compacting perm gen  total 12288K, used 9382K [0x14400000, 0x15000000, 0x18400000)
   the space 12288K,  76% used [0x14400000, 0x14d29b60, 0x14d29c00, 0x15000000)
No shared spaces configured.
}
Event: 56.258 GC heap before
{Heap before GC invocations=101 (full 2):
 def new generation   total 6400K, used 6018K [0x04400000, 0x04af0000, 0x09950000)
  eden space 5696K, 100% used [0x04400000, 0x04990000, 0x04990000)
  from space 704K,  45% used [0x04a40000, 0x04a90908, 0x04af0000)
  to   space 704K,   0% used [0x04990000, 0x04990000, 0x04a40000)
 tenured generation   total 14136K, used 12330K [0x09950000, 0x0a71e000, 0x14400000)
   the space 14136K,  87% used [0x09950000, 0x0a55a8a0, 0x0a55aa00, 0x0a71e000)
 compacting perm gen  total 12288K, used 9385K [0x14400000, 0x15000000, 0x18400000)
   the space 12288K,  76% used [0x14400000, 0x14d2a628, 0x14d2a800, 0x15000000)
No shared spaces configured.
Event: 56.259 GC heap after
Heap after GC invocations=102 (full 2):
 def new generation   total 6400K, used 368K [0x04400000, 0x04af0000, 0x09950000)
  eden space 5696K,   0% used [0x04400000, 0x04400000, 0x04990000)
  from space 704K,  52% used [0x04990000, 0x049ec290, 0x04a40000)
  to   space 704K,   0% used [0x04a40000, 0x04a40000, 0x04af0000)
 tenured generation   total 14136K, used 12330K [0x09950000, 0x0a71e000, 0x14400000)
   the space 14136K,  87% used [0x09950000, 0x0a55a8a0, 0x0a55aa00, 0x0a71e000)
 compacting perm gen  total 12288K, used 9385K [0x14400000, 0x15000000, 0x18400000)
   the space 12288K,  76% used [0x14400000, 0x14d2a628, 0x14d2a800, 0x15000000)
No shared spaces configured.
}

