# JRE version: Java(TM) SE Runtime Environment (7.0_79-b15) (build 1.7.0_79-b15)
# Java VM: Java HotSpot(TM) Client VM (24.79-b02 mixed mode windows-x86 )
Heap
 def new generation   total 10816K, used 4124K [0x04400000, 0x04fb0000, 0x09950000)
  eden space 9664K,  36% used [0x04400000, 0x04775300, 0x04d70000)
  from space 1152K,  50% used [0x04d70000, 0x04e01e40, 0x04e90000)
  to   space 1152K,   0% used [0x04e90000, 0x04e90000, 0x04fb0000)
 tenured generation   total 23828K, used 16900K [0x09950000, 0x0b095000, 0x14400000)
   the space 23828K,  70% used [0x09950000, 0x0a9d1360, 0x0a9d1400, 0x0b095000)
 compacting perm gen  total 12288K, used 9285K [0x14400000, 0x15000000, 0x18400000)
   the space 12288K,  75% used [0x14400000, 0x14d11740, 0x14d11800, 0x15000000)
GC Heap History (10 events):
Event: 35.417 GC heap before
{Heap before GC invocations=56 (full 3):
 def new generation   total 10816K, used 10010K [0x04400000, 0x04fb0000, 0x09950000)
  eden space 9664K, 100% used [0x04400000, 0x04d70000, 0x04d70000)
  from space 1152K,  30% used [0x04e90000, 0x04ee6b50, 0x04fb0000)
  to   space 1152K,   0% used [0x04d70000, 0x04d70000, 0x04e90000)
 tenured generation   total 23828K, used 14294K [0x09950000, 0x0b095000, 0x14400000)
   the space 23828K,  59% used [0x09950000, 0x0a745a00, 0x0a745a00, 0x0b095000)
 compacting perm gen  total 12288K, used 9281K [0x14400000, 0x15000000, 0x18400000)
   the space 12288K,  75% used [0x14400000, 0x14d10790, 0x14d10800, 0x15000000)
No shared spaces configured.
Event: 35.419 GC heap after
Heap after GC invocations=57 (full 3):
 def new generation   total 10816K, used 1126K [0x04400000, 0x04fb0000, 0x09950000)
  eden space 9664K,   0% used [0x04400000, 0x04400000, 0x04d70000)
  from space 1152K,  97% used [0x04d70000, 0x04e898c0, 0x04e90000)
  to   space 1152K,   0% used [0x04e90000, 0x04e90000, 0x04fb0000)
 tenured generation   total 23828K, used 14294K [0x09950000, 0x0b095000, 0x14400000)
   the space 23828K,  59% used [0x09950000, 0x0a745a00, 0x0a745a00, 0x0b095000)
 compacting perm gen  total 12288K, used 9281K [0x14400000, 0x15000000, 0x18400000)
   the space 12288K,  75% used [0x14400000, 0x14d10790, 0x14d10800, 0x15000000)
No shared spaces configured.
}
Event: 36.553 GC heap before
{Heap before GC invocations=57 (full 3):
 def new generation   total 10816K, used 10790K [0x04400000, 0x04fb0000, 0x09950000)
  eden space 9664K, 100% used [0x04400000, 0x04d70000, 0x04d70000)
  from space 1152K,  97% used [0x04d70000, 0x04e898c0, 0x04e90000)
  to   space 1152K,   0% used [0x04e90000, 0x04e90000, 0x04fb0000)
 tenured generation   total 23828K, used 14294K [0x09950000, 0x0b095000, 0x14400000)
   the space 23828K,  59% used [0x09950000, 0x0a745a00, 0x0a745a00, 0x0b095000)
 compacting perm gen  total 12288K, used 9281K [0x14400000, 0x15000000, 0x18400000)
   the space 12288K,  75% used [0x14400000, 0x14d107a0, 0x14d10800, 0x15000000)
No shared spaces configured.
Event: 36.555 GC heap after
Heap after GC invocations=58 (full 3):
 def new generation   total 10816K, used 820K [0x04400000, 0x04fb0000, 0x09950000)
  eden space 9664K,   0% used [0x04400000, 0x04400000, 0x04d70000)
  from space 1152K,  71% used [0x04e90000, 0x04f5d1d0, 0x04fb0000)
  to   space 1152K,   0% used [0x04d70000, 0x04d70000, 0x04e90000)
 tenured generation   total 23828K, used 15378K [0x09950000, 0x0b095000, 0x14400000)
   the space 23828K,  64% used [0x09950000, 0x0a854880, 0x0a854a00, 0x0b095000)
 compacting perm gen  total 12288K, used 9281K [0x14400000, 0x15000000, 0x18400000)
   the space 12288K,  75% used [0x14400000, 0x14d107a0, 0x14d10800, 0x15000000)
No shared spaces configured.
}
Event: 37.707 GC heap before
{Heap before GC invocations=58 (full 3):
 def new generation   total 10816K, used 10484K [0x04400000, 0x04fb0000, 0x09950000)
  eden space 9664K, 100% used [0x04400000, 0x04d70000, 0x04d70000)
  from space 1152K,  71% used [0x04e90000, 0x04f5d1d0, 0x04fb0000)
  to   space 1152K,   0% used [0x04d70000, 0x04d70000, 0x04e90000)
 tenured generation   total 23828K, used 15378K [0x09950000, 0x0b095000, 0x14400000)
   the space 23828K,  64% used [0x09950000, 0x0a854880, 0x0a854a00, 0x0b095000)
 compacting perm gen  total 12288K, used 9281K [0x14400000, 0x15000000, 0x18400000)
   the space 12288K,  75% used [0x14400000, 0x14d107d0, 0x14d10800, 0x15000000)
No shared spaces configured.
Event: 37.709 GC heap after
Heap after GC invocations=59 (full 3):
 def new generation   total 10816K, used 789K [0x04400000, 0x04fb0000, 0x09950000)
  eden space 9664K,   0% used [0x04400000, 0x04400000, 0x04d70000)
  from space 1152K,  68% used [0x04d70000, 0x04e357e8, 0x04e90000)
  to   space 1152K,   0% used [0x04e90000, 0x04e90000, 0x04fb0000)
 tenured generation   total 23828K, used 16153K [0x09950000, 0x0b095000, 0x14400000)
   the space 23828K,  67% used [0x09950000, 0x0a916730, 0x0a916800, 0x0b095000)
 compacting perm gen  total 12288K, used 9281K [0x14400000, 0x15000000, 0x18400000)
   the space 12288K,  75% used [0x14400000, 0x14d107d0, 0x14d10800, 0x15000000)
No shared spaces configured.
}
Event: 39.101 GC heap before
{Heap before GC invocations=59 (full 3):
 def new generation   total 10816K, used 10453K [0x04400000, 0x04fb0000, 0x09950000)
  eden space 9664K, 100% used [0x04400000, 0x04d70000, 0x04d70000)
  from space 1152K,  68% used [0x04d70000, 0x04e357e8, 0x04e90000)
  to   space 1152K,   0% used [0x04e90000, 0x04e90000, 0x04fb0000)
 tenured generation   total 23828K, used 16153K [0x09950000, 0x0b095000, 0x14400000)
   the space 23828K,  67% used [0x09950000, 0x0a916730, 0x0a916800, 0x0b095000)
 compacting perm gen  total 12288K, used 9281K [0x14400000, 0x15000000, 0x18400000)
   the space 12288K,  75% used [0x14400000, 0x14d107e0, 0x14d10800, 0x15000000)
No shared spaces configured.
Event: 39.103 GC heap after
Heap after GC invocations=60 (full 3):
 def new generation   total 10816K, used 531K [0x04400000, 0x04fb0000, 0x09950000)
  eden space 9664K,   0% used [0x04400000, 0x04400000, 0x04d70000)
  from space 1152K,  46% used [0x04e90000, 0x04f14f88, 0x04fb0000)
  to   space 1152K,   0% used [0x04d70000, 0x04d70000, 0x04e90000)
 tenured generation   total 23828K, used 16900K [0x09950000, 0x0b095000, 0x14400000)
   the space 23828K,  70% used [0x09950000, 0x0a9d1360, 0x0a9d1400, 0x0b095000)
 compacting perm gen  total 12288K, used 9281K [0x14400000, 0x15000000, 0x18400000)
   the space 12288K,  75% used [0x14400000, 0x14d107e0, 0x14d10800, 0x15000000)
No shared spaces configured.
}
Event: 40.873 GC heap before
{Heap before GC invocations=60 (full 3):
 def new generation   total 10816K, used 10195K [0x04400000, 0x04fb0000, 0x09950000)
  eden space 9664K, 100% used [0x04400000, 0x04d70000, 0x04d70000)
  from space 1152K,  46% used [0x04e90000, 0x04f14f88, 0x04fb0000)
  to   space 1152K,   0% used [0x04d70000, 0x04d70000, 0x04e90000)
 tenured generation   total 23828K, used 16900K [0x09950000, 0x0b095000, 0x14400000)
   the space 23828K,  70% used [0x09950000, 0x0a9d1360, 0x0a9d1400, 0x0b095000)
 compacting perm gen  total 12288K, used 9282K [0x14400000, 0x15000000, 0x18400000)
   the space 12288K,  75% used [0x14400000, 0x14d10810, 0x14d10a00, 0x15000000)
No shared spaces configured.
Event: 40.874 GC heap after
Heap after GC invocations=61 (full 3):
 def new generation   total 10816K, used 583K [0x04400000, 0x04fb0000, 0x09950000)
  eden space 9664K,   0% used [0x04400000, 0x04400000, 0x04d70000)
  from space 1152K,  50% used [0x04d70000, 0x04e01e40, 0x04e90000)
  to   space 1152K,   0% used [0x04e90000, 0x04e90000, 0x04fb0000)
 tenured generation   total 23828K, used 16900K [0x09950000, 0x0b095000, 0x14400000)
   the space 23828K,  70% used [0x09950000, 0x0a9d1360, 0x0a9d1400, 0x0b095000)
 compacting perm gen  total 12288K, used 9282K [0x14400000, 0x15000000, 0x18400000)
   the space 12288K,  75% used [0x14400000, 0x14d10810, 0x14d10a00, 0x15000000)
No shared spaces configured.
}

