# JRE version: Java(TM) SE Runtime Environment (7.0_79-b15) (build 1.7.0_79-b15)
# Java VM: Java HotSpot(TM) Client VM (24.79-b02 mixed mode windows-x86 )
Heap
 def new generation   total 6656K, used 4465K [0x04200000, 0x04930000, 0x09750000)
  eden space 5952K,  71% used [0x04200000, 0x046291d0, 0x047d0000)
  from space 704K,  29% used [0x04880000, 0x048b35d8, 0x04930000)
  to   space 704K,   0% used [0x047d0000, 0x047d0000, 0x04880000)
 tenured generation   total 14588K, used 9429K [0x09750000, 0x0a58f000, 0x14200000)
   the space 14588K,  64% used [0x09750000, 0x0a085648, 0x0a085800, 0x0a58f000)
 compacting perm gen  total 12288K, used 9032K [0x14200000, 0x14e00000, 0x18200000)
   the space 12288K,  73% used [0x14200000, 0x14ad20d0, 0x14ad2200, 0x14e00000)
GC Heap History (10 events):
Event: 47.412 GC heap before
{Heap before GC invocations=96 (full 1):
 def new generation   total 6656K, used 6274K [0x04200000, 0x04930000, 0x09750000)
  eden space 5952K, 100% used [0x04200000, 0x047d0000, 0x047d0000)
  from space 704K,  45% used [0x047d0000, 0x04820990, 0x04880000)
  to   space 704K,   0% used [0x04880000, 0x04880000, 0x04930000)
 tenured generation   total 14588K, used 9255K [0x09750000, 0x0a58f000, 0x14200000)
   the space 14588K,  63% used [0x09750000, 0x0a059df0, 0x0a059e00, 0x0a58f000)
 compacting perm gen  total 12288K, used 9029K [0x14200000, 0x14e00000, 0x18200000)
   the space 12288K,  73% used [0x14200000, 0x14ad1660, 0x14ad1800, 0x14e00000)
No shared spaces configured.
Event: 47.413 GC heap after
Heap after GC invocations=97 (full 1):
 def new generation   total 6656K, used 291K [0x04200000, 0x04930000, 0x09750000)
  eden space 5952K,   0% used [0x04200000, 0x04200000, 0x047d0000)
  from space 704K,  41% used [0x04880000, 0x048c8d00, 0x04930000)
  to   space 704K,   0% used [0x047d0000, 0x047d0000, 0x04880000)
 tenured generation   total 14588K, used 9284K [0x09750000, 0x0a58f000, 0x14200000)
   the space 14588K,  63% used [0x09750000, 0x0a0610f0, 0x0a061200, 0x0a58f000)
 compacting perm gen  total 12288K, used 9029K [0x14200000, 0x14e00000, 0x18200000)
   the space 12288K,  73% used [0x14200000, 0x14ad1660, 0x14ad1800, 0x14e00000)
No shared spaces configured.
}
Event: 48.029 GC heap before
{Heap before GC invocations=97 (full 1):
 def new generation   total 6656K, used 6243K [0x04200000, 0x04930000, 0x09750000)
  eden space 5952K, 100% used [0x04200000, 0x047d0000, 0x047d0000)
  from space 704K,  41% used [0x04880000, 0x048c8d00, 0x04930000)
  to   space 704K,   0% used [0x047d0000, 0x047d0000, 0x04880000)
 tenured generation   total 14588K, used 9284K [0x09750000, 0x0a58f000, 0x14200000)
   the space 14588K,  63% used [0x09750000, 0x0a0610f0, 0x0a061200, 0x0a58f000)
 compacting perm gen  total 12288K, used 9029K [0x14200000, 0x14e00000, 0x18200000)
   the space 12288K,  73% used [0x14200000, 0x14ad1660, 0x14ad1800, 0x14e00000)
No shared spaces configured.
Event: 48.030 GC heap after
Heap after GC invocations=98 (full 1):
 def new generation   total 6656K, used 264K [0x04200000, 0x04930000, 0x09750000)
  eden space 5952K,   0% used [0x04200000, 0x04200000, 0x047d0000)
  from space 704K,  37% used [0x047d0000, 0x04812308, 0x04880000)
  to   space 704K,   0% used [0x04880000, 0x04880000, 0x04930000)
 tenured generation   total 14588K, used 9341K [0x09750000, 0x0a58f000, 0x14200000)
   the space 14588K,  64% used [0x09750000, 0x0a06f780, 0x0a06f800, 0x0a58f000)
 compacting perm gen  total 12288K, used 9029K [0x14200000, 0x14e00000, 0x18200000)
   the space 12288K,  73% used [0x14200000, 0x14ad1660, 0x14ad1800, 0x14e00000)
No shared spaces configured.
}
Event: 48.657 GC heap before
{Heap before GC invocations=98 (full 1):
 def new generation   total 6656K, used 6216K [0x04200000, 0x04930000, 0x09750000)
  eden space 5952K, 100% used [0x04200000, 0x047d0000, 0x047d0000)
  from space 704K,  37% used [0x047d0000, 0x04812308, 0x04880000)
  to   space 704K,   0% used [0x04880000, 0x04880000, 0x04930000)
 tenured generation   total 14588K, used 9341K [0x09750000, 0x0a58f000, 0x14200000)
   the space 14588K,  64% used [0x09750000, 0x0a06f780, 0x0a06f800, 0x0a58f000)
 compacting perm gen  total 12288K, used 9029K [0x14200000, 0x14e00000, 0x18200000)
   the space 12288K,  73% used [0x14200000, 0x14ad1660, 0x14ad1800, 0x14e00000)
No shared spaces configured.
Event: 48.657 GC heap after
Heap after GC invocations=99 (full 1):
 def new generation   total 6656K, used 234K [0x04200000, 0x04930000, 0x09750000)
  eden space 5952K,   0% used [0x04200000, 0x04200000, 0x047d0000)
  from space 704K,  33% used [0x04880000, 0x048baa50, 0x04930000)
  to   space 704K,   0% used [0x047d0000, 0x047d0000, 0x04880000)
 tenured generation   total 14588K, used 9370K [0x09750000, 0x0a58f000, 0x14200000)
   the space 14588K,  64% used [0x09750000, 0x0a076a60, 0x0a076c00, 0x0a58f000)
 compacting perm gen  total 12288K, used 9029K [0x14200000, 0x14e00000, 0x18200000)
   the space 12288K,  73% used [0x14200000, 0x14ad1660, 0x14ad1800, 0x14e00000)
No shared spaces configured.
}
Event: 49.282 GC heap before
{Heap before GC invocations=99 (full 1):
 def new generation   total 6656K, used 6186K [0x04200000, 0x04930000, 0x09750000)
  eden space 5952K, 100% used [0x04200000, 0x047d0000, 0x047d0000)
  from space 704K,  33% used [0x04880000, 0x048baa50, 0x04930000)
  to   space 704K,   0% used [0x047d0000, 0x047d0000, 0x04880000)
 tenured generation   total 14588K, used 9370K [0x09750000, 0x0a58f000, 0x14200000)
   the space 14588K,  64% used [0x09750000, 0x0a076a60, 0x0a076c00, 0x0a58f000)
 compacting perm gen  total 12288K, used 9029K [0x14200000, 0x14e00000, 0x18200000)
   the space 12288K,  73% used [0x14200000, 0x14ad1660, 0x14ad1800, 0x14e00000)
No shared spaces configured.
Event: 49.283 GC heap after
Heap after GC invocations=100 (full 1):
 def new generation   total 6656K, used 205K [0x04200000, 0x04930000, 0x09750000)
  eden space 5952K,   0% used [0x04200000, 0x04200000, 0x047d0000)
  from space 704K,  29% used [0x047d0000, 0x04803588, 0x04880000)
  to   space 704K,   0% used [0x04880000, 0x04880000, 0x04930000)
 tenured generation   total 14588K, used 9399K [0x09750000, 0x0a58f000, 0x14200000)
   the space 14588K,  64% used [0x09750000, 0x0a07dd60, 0x0a07de00, 0x0a58f000)
 compacting perm gen  total 12288K, used 9029K [0x14200000, 0x14e00000, 0x18200000)
   the space 12288K,  73% used [0x14200000, 0x14ad1660, 0x14ad1800, 0x14e00000)
No shared spaces configured.
}
Event: 49.918 GC heap before
{Heap before GC invocations=100 (full 1):
 def new generation   total 6656K, used 6157K [0x04200000, 0x04930000, 0x09750000)
  eden space 5952K, 100% used [0x04200000, 0x047d0000, 0x047d0000)
  from space 704K,  29% used [0x047d0000, 0x04803588, 0x04880000)
  to   space 704K,   0% used [0x04880000, 0x04880000, 0x04930000)
 tenured generation   total 14588K, used 9399K [0x09750000, 0x0a58f000, 0x14200000)
   the space 14588K,  64% used [0x09750000, 0x0a07dd60, 0x0a07de00, 0x0a58f000)
 compacting perm gen  total 12288K, used 9029K [0x14200000, 0x14e00000, 0x18200000)
   the space 12288K,  73% used [0x14200000, 0x14ad1660, 0x14ad1800, 0x14e00000)
No shared spaces configured.
Event: 49.918 GC heap after
Heap after GC invocations=101 (full 1):
 def new generation   total 6656K, used 205K [0x04200000, 0x04930000, 0x09750000)
  eden space 5952K,   0% used [0x04200000, 0x04200000, 0x047d0000)
  from space 704K,  29% used [0x04880000, 0x048b35d8, 0x04930000)
  to   space 704K,   0% used [0x047d0000, 0x047d0000, 0x04880000)
 tenured generation   total 14588K, used 9429K [0x09750000, 0x0a58f000, 0x14200000)
   the space 14588K,  64% used [0x09750000, 0x0a085648, 0x0a085800, 0x0a58f000)
 compacting perm gen  total 12288K, used 9029K [0x14200000, 0x14e00000, 0x18200000)
   the space 12288K,  73% used [0x14200000, 0x14ad1660, 0x14ad1800, 0x14e00000)
No shared spaces configured.
}

