# JRE version: Java(TM) SE Runtime Environment (7.0_79-b15) (build 1.7.0_79-b15)
# Java VM: Java HotSpot(TM) Client VM (24.79-b02 mixed mode windows-x86 )
Heap
 def new generation   total 4928K, used 1276K [0x04400000, 0x04950000, 0x09950000)
  eden space 4416K,  27% used [0x04400000, 0x0452c738, 0x04850000)
  from space 512K,  14% used [0x04850000, 0x04862b20, 0x048d0000)
  to   space 512K,   0% used [0x048d0000, 0x048d0000, 0x04950000)
 tenured generation   total 10944K, used 9766K [0x09950000, 0x0a400000, 0x14400000)
   the space 10944K,  89% used [0x09950000, 0x0a2d9a20, 0x0a2d9c00, 0x0a400000)
 compacting perm gen  total 12288K, used 9039K [0x14400000, 0x15000000, 0x18400000)
   the space 12288K,  73% used [0x14400000, 0x14cd3c20, 0x14cd3e00, 0x15000000)
GC Heap History (10 events):
Event: 11.015 GC heap before
{Heap before GC invocations=25 (full 0):
 def new generation   total 4928K, used 4471K [0x04400000, 0x04950000, 0x09950000)
  eden space 4416K, 100% used [0x04400000, 0x04850000, 0x04850000)
  from space 512K,  10% used [0x048d0000, 0x048ddc68, 0x04950000)
  to   space 512K,   0% used [0x04850000, 0x04850000, 0x048d0000)
 tenured generation   total 10944K, used 9757K [0x09950000, 0x0a400000, 0x14400000)
   the space 10944K,  89% used [0x09950000, 0x0a2d7558, 0x0a2d7600, 0x0a400000)
 compacting perm gen  total 12288K, used 9035K [0x14400000, 0x15000000, 0x18400000)
   the space 12288K,  73% used [0x14400000, 0x14cd2d80, 0x14cd2e00, 0x15000000)
No shared spaces configured.
Event: 11.015 GC heap after
Heap after GC invocations=26 (full 0):
 def new generation   total 4928K, used 70K [0x04400000, 0x04950000, 0x09950000)
  eden space 4416K,   0% used [0x04400000, 0x04400000, 0x04850000)
  from space 512K,  13% used [0x04850000, 0x04861b58, 0x048d0000)
  to   space 512K,   0% used [0x048d0000, 0x048d0000, 0x04950000)
 tenured generation   total 10944K, used 9758K [0x09950000, 0x0a400000, 0x14400000)
   the space 10944K,  89% used [0x09950000, 0x0a2d78f0, 0x0a2d7a00, 0x0a400000)
 compacting perm gen  total 12288K, used 9035K [0x14400000, 0x15000000, 0x18400000)
   the space 12288K,  73% used [0x14400000, 0x14cd2d80, 0x14cd2e00, 0x15000000)
No shared spaces configured.
}
Event: 11.482 GC heap before
{Heap before GC invocations=26 (full 0):
 def new generation   total 4928K, used 4486K [0x04400000, 0x04950000, 0x09950000)
  eden space 4416K, 100% used [0x04400000, 0x04850000, 0x04850000)
  from space 512K,  13% used [0x04850000, 0x04861b58, 0x048d0000)
  to   space 512K,   0% used [0x048d0000, 0x048d0000, 0x04950000)
 tenured generation   total 10944K, used 9758K [0x09950000, 0x0a400000, 0x14400000)
   the space 10944K,  89% used [0x09950000, 0x0a2d78f0, 0x0a2d7a00, 0x0a400000)
 compacting perm gen  total 12288K, used 9035K [0x14400000, 0x15000000, 0x18400000)
   the space 12288K,  73% used [0x14400000, 0x14cd2d80, 0x14cd2e00, 0x15000000)
No shared spaces configured.
Event: 11.483 GC heap after
Heap after GC invocations=27 (full 0):
 def new generation   total 4928K, used 62K [0x04400000, 0x04950000, 0x09950000)
  eden space 4416K,   0% used [0x04400000, 0x04400000, 0x04850000)
  from space 512K,  12% used [0x048d0000, 0x048dfb48, 0x04950000)
  to   space 512K,   0% used [0x04850000, 0x04850000, 0x048d0000)
 tenured generation   total 10944K, used 9765K [0x09950000, 0x0a400000, 0x14400000)
   the space 10944K,  89% used [0x09950000, 0x0a2d9610, 0x0a2d9800, 0x0a400000)
 compacting perm gen  total 12288K, used 9035K [0x14400000, 0x15000000, 0x18400000)
   the space 12288K,  73% used [0x14400000, 0x14cd2d80, 0x14cd2e00, 0x15000000)
No shared spaces configured.
}
Event: 11.948 GC heap before
{Heap before GC invocations=27 (full 0):
 def new generation   total 4928K, used 4478K [0x04400000, 0x04950000, 0x09950000)
  eden space 4416K, 100% used [0x04400000, 0x04850000, 0x04850000)
  from space 512K,  12% used [0x048d0000, 0x048dfb48, 0x04950000)
  to   space 512K,   0% used [0x04850000, 0x04850000, 0x048d0000)
 tenured generation   total 10944K, used 9765K [0x09950000, 0x0a400000, 0x14400000)
   the space 10944K,  89% used [0x09950000, 0x0a2d9610, 0x0a2d9800, 0x0a400000)
 compacting perm gen  total 12288K, used 9035K [0x14400000, 0x15000000, 0x18400000)
   the space 12288K,  73% used [0x14400000, 0x14cd2d80, 0x14cd2e00, 0x15000000)
No shared spaces configured.
Event: 11.949 GC heap after
Heap after GC invocations=28 (full 0):
 def new generation   total 4928K, used 61K [0x04400000, 0x04950000, 0x09950000)
  eden space 4416K,   0% used [0x04400000, 0x04400000, 0x04850000)
  from space 512K,  11% used [0x04850000, 0x0485f410, 0x048d0000)
  to   space 512K,   0% used [0x048d0000, 0x048d0000, 0x04950000)
 tenured generation   total 10944K, used 9765K [0x09950000, 0x0a400000, 0x14400000)
   the space 10944K,  89% used [0x09950000, 0x0a2d97d0, 0x0a2d9800, 0x0a400000)
 compacting perm gen  total 12288K, used 9035K [0x14400000, 0x15000000, 0x18400000)
   the space 12288K,  73% used [0x14400000, 0x14cd2d80, 0x14cd2e00, 0x15000000)
No shared spaces configured.
}
Event: 12.449 GC heap before
{Heap before GC invocations=28 (full 0):
 def new generation   total 4928K, used 4477K [0x04400000, 0x04950000, 0x09950000)
  eden space 4416K, 100% used [0x04400000, 0x04850000, 0x04850000)
  from space 512K,  11% used [0x04850000, 0x0485f410, 0x048d0000)
  to   space 512K,   0% used [0x048d0000, 0x048d0000, 0x04950000)
 tenured generation   total 10944K, used 9765K [0x09950000, 0x0a400000, 0x14400000)
   the space 10944K,  89% used [0x09950000, 0x0a2d97d0, 0x0a2d9800, 0x0a400000)
 compacting perm gen  total 12288K, used 9036K [0x14400000, 0x15000000, 0x18400000)
   the space 12288K,  73% used [0x14400000, 0x14cd31b0, 0x14cd3200, 0x15000000)
No shared spaces configured.
Event: 12.450 GC heap after
Heap after GC invocations=29 (full 0):
 def new generation   total 4928K, used 60K [0x04400000, 0x04950000, 0x09950000)
  eden space 4416K,   0% used [0x04400000, 0x04400000, 0x04850000)
  from space 512K,  11% used [0x048d0000, 0x048df338, 0x04950000)
  to   space 512K,   0% used [0x04850000, 0x04850000, 0x048d0000)
 tenured generation   total 10944K, used 9766K [0x09950000, 0x0a400000, 0x14400000)
   the space 10944K,  89% used [0x09950000, 0x0a2d9a20, 0x0a2d9c00, 0x0a400000)
 compacting perm gen  total 12288K, used 9036K [0x14400000, 0x15000000, 0x18400000)
   the space 12288K,  73% used [0x14400000, 0x14cd31b0, 0x14cd3200, 0x15000000)
No shared spaces configured.
}
Event: 12.931 GC heap before
{Heap before GC invocations=29 (full 0):
 def new generation   total 4928K, used 4476K [0x04400000, 0x04950000, 0x09950000)
  eden space 4416K, 100% used [0x04400000, 0x04850000, 0x04850000)
  from space 512K,  11% used [0x048d0000, 0x048df338, 0x04950000)
  to   space 512K,   0% used [0x04850000, 0x04850000, 0x048d0000)
 tenured generation   total 10944K, used 9766K [0x09950000, 0x0a400000, 0x14400000)
   the space 10944K,  89% used [0x09950000, 0x0a2d9a20, 0x0a2d9c00, 0x0a400000)
 compacting perm gen  total 12288K, used 9036K [0x14400000, 0x15000000, 0x18400000)
   the space 12288K,  73% used [0x14400000, 0x14cd31b0, 0x14cd3200, 0x15000000)
No shared spaces configured.
Event: 12.932 GC heap after
Heap after GC invocations=30 (full 0):
 def new generation   total 4928K, used 74K [0x04400000, 0x04950000, 0x09950000)
  eden space 4416K,   0% used [0x04400000, 0x04400000, 0x04850000)
  from space 512K,  14% used [0x04850000, 0x04862b20, 0x048d0000)
  to   space 512K,   0% used [0x048d0000, 0x048d0000, 0x04950000)
 tenured generation   total 10944K, used 9766K [0x09950000, 0x0a400000, 0x14400000)
   the space 10944K,  89% used [0x09950000, 0x0a2d9a20, 0x0a2d9c00, 0x0a400000)
 compacting perm gen  total 12288K, used 9036K [0x14400000, 0x15000000, 0x18400000)
   the space 12288K,  73% used [0x14400000, 0x14cd31b0, 0x14cd3200, 0x15000000)
No shared spaces configured.
}

