# JRE version: Java(TM) SE Runtime Environment (7.0_79-b15) (build 1.7.0_79-b15)
# Java VM: Java HotSpot(TM) Client VM (24.79-b02 mixed mode windows-x86 )
Heap
 def new generation   total 7360K, used 6283K [0x04800000, 0x04ff0000, 0x09d50000)
  eden space 6592K,  95% used [0x04800000, 0x04e21e08, 0x04e70000)
  from space 768K,   0% used [0x04e70000, 0x04e70e58, 0x04f30000)
  to   space 768K,   0% used [0x04f30000, 0x04f30000, 0x04ff0000)
 tenured generation   total 16156K, used 10607K [0x09d50000, 0x0ad17000, 0x14800000)
   the space 16156K,  65% used [0x09d50000, 0x0a7abc50, 0x0a7abe00, 0x0ad17000)
 compacting perm gen  total 12288K, used 9251K [0x14800000, 0x15400000, 0x18800000)
   the space 12288K,  75% used [0x14800000, 0x15108fa8, 0x15109000, 0x15400000)
GC Heap History (10 events):
Event: 59.712 GC heap before
{Heap before GC invocations=83 (full 1):
 def new generation   total 7360K, used 6595K [0x04800000, 0x04ff0000, 0x09d50000)
  eden space 6592K, 100% used [0x04800000, 0x04e70000, 0x04e70000)
  from space 768K,   0% used [0x04f30000, 0x04f30c60, 0x04ff0000)
  to   space 768K,   0% used [0x04e70000, 0x04e70000, 0x04f30000)
 tenured generation   total 16156K, used 10606K [0x09d50000, 0x0ad17000, 0x14800000)
   the space 16156K,  65% used [0x09d50000, 0x0a7abac0, 0x0a7abc00, 0x0ad17000)
 compacting perm gen  total 12288K, used 9248K [0x14800000, 0x15400000, 0x18800000)
   the space 12288K,  75% used [0x14800000, 0x15108078, 0x15108200, 0x15400000)
No shared spaces configured.
Event: 59.712 GC heap after
Heap after GC invocations=84 (full 1):
 def new generation   total 7360K, used 2K [0x04800000, 0x04ff0000, 0x09d50000)
  eden space 6592K,   0% used [0x04800000, 0x04800000, 0x04e70000)
  from space 768K,   0% used [0x04e70000, 0x04e70b58, 0x04f30000)
  to   space 768K,   0% used [0x04f30000, 0x04f30000, 0x04ff0000)
 tenured generation   total 16156K, used 10606K [0x09d50000, 0x0ad17000, 0x14800000)
   the space 16156K,  65% used [0x09d50000, 0x0a7abbc8, 0x0a7abc00, 0x0ad17000)
 compacting perm gen  total 12288K, used 9248K [0x14800000, 0x15400000, 0x18800000)
   the space 12288K,  75% used [0x14800000, 0x15108078, 0x15108200, 0x15400000)
No shared spaces configured.
}
Event: 61.146 GC heap before
{Heap before GC invocations=84 (full 1):
 def new generation   total 7360K, used 6594K [0x04800000, 0x04ff0000, 0x09d50000)
  eden space 6592K, 100% used [0x04800000, 0x04e70000, 0x04e70000)
  from space 768K,   0% used [0x04e70000, 0x04e70b58, 0x04f30000)
  to   space 768K,   0% used [0x04f30000, 0x04f30000, 0x04ff0000)
 tenured generation   total 16156K, used 10606K [0x09d50000, 0x0ad17000, 0x14800000)
   the space 16156K,  65% used [0x09d50000, 0x0a7abbc8, 0x0a7abc00, 0x0ad17000)
 compacting perm gen  total 12288K, used 9248K [0x14800000, 0x15400000, 0x18800000)
   the space 12288K,  75% used [0x14800000, 0x15108078, 0x15108200, 0x15400000)
No shared spaces configured.
Event: 61.147 GC heap after
Heap after GC invocations=85 (full 1):
 def new generation   total 7360K, used 2K [0x04800000, 0x04ff0000, 0x09d50000)
  eden space 6592K,   0% used [0x04800000, 0x04800000, 0x04e70000)
  from space 768K,   0% used [0x04f30000, 0x04f30a00, 0x04ff0000)
  to   space 768K,   0% used [0x04e70000, 0x04e70000, 0x04f30000)
 tenured generation   total 16156K, used 10607K [0x09d50000, 0x0ad17000, 0x14800000)
   the space 16156K,  65% used [0x09d50000, 0x0a7abc50, 0x0a7abe00, 0x0ad17000)
 compacting perm gen  total 12288K, used 9248K [0x14800000, 0x15400000, 0x18800000)
   the space 12288K,  75% used [0x14800000, 0x15108078, 0x15108200, 0x15400000)
No shared spaces configured.
}
Event: 62.436 GC heap before
{Heap before GC invocations=85 (full 1):
 def new generation   total 7360K, used 6594K [0x04800000, 0x04ff0000, 0x09d50000)
  eden space 6592K, 100% used [0x04800000, 0x04e70000, 0x04e70000)
  from space 768K,   0% used [0x04f30000, 0x04f30a00, 0x04ff0000)
  to   space 768K,   0% used [0x04e70000, 0x04e70000, 0x04f30000)
 tenured generation   total 16156K, used 10607K [0x09d50000, 0x0ad17000, 0x14800000)
   the space 16156K,  65% used [0x09d50000, 0x0a7abc50, 0x0a7abe00, 0x0ad17000)
 compacting perm gen  total 12288K, used 9248K [0x14800000, 0x15400000, 0x18800000)
   the space 12288K,  75% used [0x14800000, 0x15108078, 0x15108200, 0x15400000)
No shared spaces configured.
Event: 62.437 GC heap after
Heap after GC invocations=86 (full 1):
 def new generation   total 7360K, used 2K [0x04800000, 0x04ff0000, 0x09d50000)
  eden space 6592K,   0% used [0x04800000, 0x04800000, 0x04e70000)
  from space 768K,   0% used [0x04e70000, 0x04e70a10, 0x04f30000)
  to   space 768K,   0% used [0x04f30000, 0x04f30000, 0x04ff0000)
 tenured generation   total 16156K, used 10607K [0x09d50000, 0x0ad17000, 0x14800000)
   the space 16156K,  65% used [0x09d50000, 0x0a7abc50, 0x0a7abe00, 0x0ad17000)
 compacting perm gen  total 12288K, used 9248K [0x14800000, 0x15400000, 0x18800000)
   the space 12288K,  75% used [0x14800000, 0x15108078, 0x15108200, 0x15400000)
No shared spaces configured.
}
Event: 63.885 GC heap before
{Heap before GC invocations=86 (full 1):
 def new generation   total 7360K, used 6594K [0x04800000, 0x04ff0000, 0x09d50000)
  eden space 6592K, 100% used [0x04800000, 0x04e70000, 0x04e70000)
  from space 768K,   0% used [0x04e70000, 0x04e70a10, 0x04f30000)
  to   space 768K,   0% used [0x04f30000, 0x04f30000, 0x04ff0000)
 tenured generation   total 16156K, used 10607K [0x09d50000, 0x0ad17000, 0x14800000)
   the space 16156K,  65% used [0x09d50000, 0x0a7abc50, 0x0a7abe00, 0x0ad17000)
 compacting perm gen  total 12288K, used 9248K [0x14800000, 0x15400000, 0x18800000)
   the space 12288K,  75% used [0x14800000, 0x15108078, 0x15108200, 0x15400000)
No shared spaces configured.
Event: 63.886 GC heap after
Heap after GC invocations=87 (full 1):
 def new generation   total 7360K, used 2K [0x04800000, 0x04ff0000, 0x09d50000)
  eden space 6592K,   0% used [0x04800000, 0x04800000, 0x04e70000)
  from space 768K,   0% used [0x04f30000, 0x04f309b0, 0x04ff0000)
  to   space 768K,   0% used [0x04e70000, 0x04e70000, 0x04f30000)
 tenured generation   total 16156K, used 10607K [0x09d50000, 0x0ad17000, 0x14800000)
   the space 16156K,  65% used [0x09d50000, 0x0a7abc50, 0x0a7abe00, 0x0ad17000)
 compacting perm gen  total 12288K, used 9248K [0x14800000, 0x15400000, 0x18800000)
   the space 12288K,  75% used [0x14800000, 0x15108078, 0x15108200, 0x15400000)
No shared spaces configured.
}
Event: 65.214 GC heap before
{Heap before GC invocations=87 (full 1):
 def new generation   total 7360K, used 6594K [0x04800000, 0x04ff0000, 0x09d50000)
  eden space 6592K, 100% used [0x04800000, 0x04e70000, 0x04e70000)
  from space 768K,   0% used [0x04f30000, 0x04f309b0, 0x04ff0000)
  to   space 768K,   0% used [0x04e70000, 0x04e70000, 0x04f30000)
 tenured generation   total 16156K, used 10607K [0x09d50000, 0x0ad17000, 0x14800000)
   the space 16156K,  65% used [0x09d50000, 0x0a7abc50, 0x0a7abe00, 0x0ad17000)
 compacting perm gen  total 12288K, used 9248K [0x14800000, 0x15400000, 0x18800000)
   the space 12288K,  75% used [0x14800000, 0x15108078, 0x15108200, 0x15400000)
No shared spaces configured.
Event: 65.215 GC heap after
Heap after GC invocations=88 (full 1):
 def new generation   total 7360K, used 3K [0x04800000, 0x04ff0000, 0x09d50000)
  eden space 6592K,   0% used [0x04800000, 0x04800000, 0x04e70000)
  from space 768K,   0% used [0x04e70000, 0x04e70e58, 0x04f30000)
  to   space 768K,   0% used [0x04f30000, 0x04f30000, 0x04ff0000)
 tenured generation   total 16156K, used 10607K [0x09d50000, 0x0ad17000, 0x14800000)
   the space 16156K,  65% used [0x09d50000, 0x0a7abc50, 0x0a7abe00, 0x0ad17000)
 compacting perm gen  total 12288K, used 9248K [0x14800000, 0x15400000, 0x18800000)
   the space 12288K,  75% used [0x14800000, 0x15108078, 0x15108200, 0x15400000)
No shared spaces configured.
}

