# JRE version: Java(TM) SE Runtime Environment (7.0_79-b15) (build 1.7.0_79-b15)
# Java VM: Java HotSpot(TM) Client VM (24.79-b02 mixed mode windows-x86 )
Heap
 def new generation   total 6400K, used 1434K [0x04c00000, 0x052f0000, 0x0a150000)
  eden space 5696K,  22% used [0x04c00000, 0x04d40378, 0x05190000)
  from space 704K,  21% used [0x05240000, 0x05266530, 0x052f0000)
  to   space 704K,   0% used [0x05190000, 0x05190000, 0x05240000)
 tenured generation   total 14104K, used 9927K [0x0a150000, 0x0af16000, 0x14c00000)
   the space 14104K,  70% used [0x0a150000, 0x0ab01c68, 0x0ab01e00, 0x0af16000)
 compacting perm gen  total 12288K, used 9053K [0x14c00000, 0x15800000, 0x18c00000)
   the space 12288K,  73% used [0x14c00000, 0x154d7770, 0x154d7800, 0x15800000)
GC Heap History (10 events):
Event: 9.222 GC heap before
{Heap before GC invocations=22 (full 1):
 def new generation   total 6400K, used 5804K [0x04c00000, 0x052f0000, 0x0a150000)
  eden space 5696K, 100% used [0x04c00000, 0x05190000, 0x05190000)
  from space 704K,  15% used [0x05190000, 0x051ab1d0, 0x05240000)
  to   space 704K,   0% used [0x05240000, 0x05240000, 0x052f0000)
 tenured generation   total 14104K, used 9194K [0x0a150000, 0x0af16000, 0x14c00000)
   the space 14104K,  65% used [0x0a150000, 0x0aa4aae8, 0x0aa4ac00, 0x0af16000)
 compacting perm gen  total 12288K, used 9049K [0x14c00000, 0x15800000, 0x18c00000)
   the space 12288K,  73% used [0x14c00000, 0x154d6758, 0x154d6800, 0x15800000)
No shared spaces configured.
Event: 9.223 GC heap after
Heap after GC invocations=23 (full 1):
 def new generation   total 6400K, used 125K [0x04c00000, 0x052f0000, 0x0a150000)
  eden space 5696K,   0% used [0x04c00000, 0x04c00000, 0x05190000)
  from space 704K,  17% used [0x05240000, 0x0525f410, 0x052f0000)
  to   space 704K,   0% used [0x05190000, 0x05190000, 0x05240000)
 tenured generation   total 14104K, used 9927K [0x0a150000, 0x0af16000, 0x14c00000)
   the space 14104K,  70% used [0x0a150000, 0x0ab01c68, 0x0ab01e00, 0x0af16000)
 compacting perm gen  total 12288K, used 9049K [0x14c00000, 0x15800000, 0x18c00000)
   the space 12288K,  73% used [0x14c00000, 0x154d6758, 0x154d6800, 0x15800000)
No shared spaces configured.
}
Event: 9.827 GC heap before
{Heap before GC invocations=23 (full 1):
 def new generation   total 6400K, used 5821K [0x04c00000, 0x052f0000, 0x0a150000)
  eden space 5696K, 100% used [0x04c00000, 0x05190000, 0x05190000)
  from space 704K,  17% used [0x05240000, 0x0525f410, 0x052f0000)
  to   space 704K,   0% used [0x05190000, 0x05190000, 0x05240000)
 tenured generation   total 14104K, used 9927K [0x0a150000, 0x0af16000, 0x14c00000)
   the space 14104K,  70% used [0x0a150000, 0x0ab01c68, 0x0ab01e00, 0x0af16000)
 compacting perm gen  total 12288K, used 9049K [0x14c00000, 0x15800000, 0x18c00000)
   the space 12288K,  73% used [0x14c00000, 0x154d6758, 0x154d6800, 0x15800000)
No shared spaces configured.
Event: 9.827 GC heap after
Heap after GC invocations=24 (full 1):
 def new generation   total 6400K, used 126K [0x04c00000, 0x052f0000, 0x0a150000)
  eden space 5696K,   0% used [0x04c00000, 0x04c00000, 0x05190000)
  from space 704K,  17% used [0x05190000, 0x051af850, 0x05240000)
  to   space 704K,   0% used [0x05240000, 0x05240000, 0x052f0000)
 tenured generation   total 14104K, used 9927K [0x0a150000, 0x0af16000, 0x14c00000)
   the space 14104K,  70% used [0x0a150000, 0x0ab01c68, 0x0ab01e00, 0x0af16000)
 compacting perm gen  total 12288K, used 9049K [0x14c00000, 0x15800000, 0x18c00000)
   the space 12288K,  73% used [0x14c00000, 0x154d6758, 0x154d6800, 0x15800000)
No shared spaces configured.
}
Event: 10.443 GC heap before
{Heap before GC invocations=24 (full 1):
 def new generation   total 6400K, used 5822K [0x04c00000, 0x052f0000, 0x0a150000)
  eden space 5696K, 100% used [0x04c00000, 0x05190000, 0x05190000)
  from space 704K,  17% used [0x05190000, 0x051af850, 0x05240000)
  to   space 704K,   0% used [0x05240000, 0x05240000, 0x052f0000)
 tenured generation   total 14104K, used 9927K [0x0a150000, 0x0af16000, 0x14c00000)
   the space 14104K,  70% used [0x0a150000, 0x0ab01c68, 0x0ab01e00, 0x0af16000)
 compacting perm gen  total 12288K, used 9049K [0x14c00000, 0x15800000, 0x18c00000)
   the space 12288K,  73% used [0x14c00000, 0x154d6758, 0x154d6800, 0x15800000)
No shared spaces configured.
Event: 10.444 GC heap after
Heap after GC invocations=25 (full 1):
 def new generation   total 6400K, used 124K [0x04c00000, 0x052f0000, 0x0a150000)
  eden space 5696K,   0% used [0x04c00000, 0x04c00000, 0x05190000)
  from space 704K,  17% used [0x05240000, 0x0525f058, 0x052f0000)
  to   space 704K,   0% used [0x05190000, 0x05190000, 0x05240000)
 tenured generation   total 14104K, used 9927K [0x0a150000, 0x0af16000, 0x14c00000)
   the space 14104K,  70% used [0x0a150000, 0x0ab01c68, 0x0ab01e00, 0x0af16000)
 compacting perm gen  total 12288K, used 9049K [0x14c00000, 0x15800000, 0x18c00000)
   the space 12288K,  73% used [0x14c00000, 0x154d6758, 0x154d6800, 0x15800000)
No shared spaces configured.
}
Event: 11.088 GC heap before
{Heap before GC invocations=25 (full 1):
 def new generation   total 6400K, used 5820K [0x04c00000, 0x052f0000, 0x0a150000)
  eden space 5696K, 100% used [0x04c00000, 0x05190000, 0x05190000)
  from space 704K,  17% used [0x05240000, 0x0525f058, 0x052f0000)
  to   space 704K,   0% used [0x05190000, 0x05190000, 0x05240000)
 tenured generation   total 14104K, used 9927K [0x0a150000, 0x0af16000, 0x14c00000)
   the space 14104K,  70% used [0x0a150000, 0x0ab01c68, 0x0ab01e00, 0x0af16000)
 compacting perm gen  total 12288K, used 9049K [0x14c00000, 0x15800000, 0x18c00000)
   the space 12288K,  73% used [0x14c00000, 0x154d6768, 0x154d6800, 0x15800000)
No shared spaces configured.
Event: 11.088 GC heap after
Heap after GC invocations=26 (full 1):
 def new generation   total 6400K, used 153K [0x04c00000, 0x052f0000, 0x0a150000)
  eden space 5696K,   0% used [0x04c00000, 0x04c00000, 0x05190000)
  from space 704K,  21% used [0x05190000, 0x051b64c0, 0x05240000)
  to   space 704K,   0% used [0x05240000, 0x05240000, 0x052f0000)
 tenured generation   total 14104K, used 9927K [0x0a150000, 0x0af16000, 0x14c00000)
   the space 14104K,  70% used [0x0a150000, 0x0ab01c68, 0x0ab01e00, 0x0af16000)
 compacting perm gen  total 12288K, used 9049K [0x14c00000, 0x15800000, 0x18c00000)
   the space 12288K,  73% used [0x14c00000, 0x154d6768, 0x154d6800, 0x15800000)
No shared spaces configured.
}
Event: 11.707 GC heap before
{Heap before GC invocations=26 (full 1):
 def new generation   total 6400K, used 5849K [0x04c00000, 0x052f0000, 0x0a150000)
  eden space 5696K, 100% used [0x04c00000, 0x05190000, 0x05190000)
  from space 704K,  21% used [0x05190000, 0x051b64c0, 0x05240000)
  to   space 704K,   0% used [0x05240000, 0x05240000, 0x052f0000)
 tenured generation   total 14104K, used 9927K [0x0a150000, 0x0af16000, 0x14c00000)
   the space 14104K,  70% used [0x0a150000, 0x0ab01c68, 0x0ab01e00, 0x0af16000)
 compacting perm gen  total 12288K, used 9050K [0x14c00000, 0x15800000, 0x18c00000)
   the space 12288K,  73% used [0x14c00000, 0x154d6ba8, 0x154d6c00, 0x15800000)
No shared spaces configured.
Event: 11.707 GC heap after
Heap after GC invocations=27 (full 1):
 def new generation   total 6400K, used 153K [0x04c00000, 0x052f0000, 0x0a150000)
  eden space 5696K,   0% used [0x04c00000, 0x04c00000, 0x05190000)
  from space 704K,  21% used [0x05240000, 0x05266530, 0x052f0000)
  to   space 704K,   0% used [0x05190000, 0x05190000, 0x05240000)
 tenured generation   total 14104K, used 9927K [0x0a150000, 0x0af16000, 0x14c00000)
   the space 14104K,  70% used [0x0a150000, 0x0ab01c68, 0x0ab01e00, 0x0af16000)
 compacting perm gen  total 12288K, used 9050K [0x14c00000, 0x15800000, 0x18c00000)
   the space 12288K,  73% used [0x14c00000, 0x154d6ba8, 0x154d6c00, 0x15800000)
No shared spaces configured.
}

