# JRE version: Java(TM) SE Runtime Environment (7.0_79-b15) (build 1.7.0_79-b15)
# Java VM: Java HotSpot(TM) Client VM (24.79-b02 mixed mode windows-x86 )
Heap
 def new generation   total 4928K, used 493K [0x04a00000, 0x04f50000, 0x09f50000)
  eden space 4416K,   9% used [0x04a00000, 0x04a66b30, 0x04e50000)
  from space 512K,  16% used [0x04e50000, 0x04e64ad8, 0x04ed0000)
  to   space 512K,   0% used [0x04ed0000, 0x04ed0000, 0x04f50000)
 tenured generation   total 10944K, used 8224K [0x09f50000, 0x0aa00000, 0x14a00000)
   the space 10944K,  75% used [0x09f50000, 0x0a758190, 0x0a758200, 0x0aa00000)
 compacting perm gen  total 12288K, used 9051K [0x14a00000, 0x15600000, 0x18a00000)
   the space 12288K,  73% used [0x14a00000, 0x152d6fd8, 0x152d7000, 0x15600000)
GC Heap History (10 events):
Event: 3.105 GC heap before
{Heap before GC invocations=7 (full 0):
 def new generation   total 4928K, used 4630K [0x04a00000, 0x04f50000, 0x09f50000)
  eden space 4416K, 100% used [0x04a00000, 0x04e50000, 0x04e50000)
  from space 512K,  41% used [0x04ed0000, 0x04f05ab8, 0x04f50000)
  to   space 512K,   0% used [0x04e50000, 0x04e50000, 0x04ed0000)
 tenured generation   total 10944K, used 5691K [0x09f50000, 0x0aa00000, 0x14a00000)
   the space 10944K,  52% used [0x09f50000, 0x0a4decf0, 0x0a4dee00, 0x0aa00000)
 compacting perm gen  total 12288K, used 9033K [0x14a00000, 0x15600000, 0x18a00000)
   the space 12288K,  73% used [0x14a00000, 0x152d2520, 0x152d2600, 0x15600000)
No shared spaces configured.
Event: 3.108 GC heap after
Heap after GC invocations=8 (full 0):
 def new generation   total 4928K, used 501K [0x04a00000, 0x04f50000, 0x09f50000)
  eden space 4416K,   0% used [0x04a00000, 0x04a00000, 0x04e50000)
  from space 512K,  97% used [0x04e50000, 0x04ecd4f0, 0x04ed0000)
  to   space 512K,   0% used [0x04ed0000, 0x04ed0000, 0x04f50000)
 tenured generation   total 10944K, used 5691K [0x09f50000, 0x0aa00000, 0x14a00000)
   the space 10944K,  52% used [0x09f50000, 0x0a4decf0, 0x0a4dee00, 0x0aa00000)
 compacting perm gen  total 12288K, used 9033K [0x14a00000, 0x15600000, 0x18a00000)
   the space 12288K,  73% used [0x14a00000, 0x152d2520, 0x152d2600, 0x15600000)
No shared spaces configured.
}
Event: 3.222 GC heap before
{Heap before GC invocations=8 (full 0):
 def new generation   total 4928K, used 3487K [0x04a00000, 0x04f50000, 0x09f50000)
  eden space 4416K,  67% used [0x04a00000, 0x04cea9f0, 0x04e50000)
  from space 512K,  97% used [0x04e50000, 0x04ecd4f0, 0x04ed0000)
  to   space 512K,   0% used [0x04ed0000, 0x04ed0000, 0x04f50000)
 tenured generation   total 10944K, used 5691K [0x09f50000, 0x0aa00000, 0x14a00000)
   the space 10944K,  52% used [0x09f50000, 0x0a4decf0, 0x0a4dee00, 0x0aa00000)
 compacting perm gen  total 12288K, used 9048K [0x14a00000, 0x15600000, 0x18a00000)
   the space 12288K,  73% used [0x14a00000, 0x152d6128, 0x152d6200, 0x15600000)
No shared spaces configured.
Event: 3.225 GC heap after
Heap after GC invocations=9 (full 0):
 def new generation   total 4928K, used 92K [0x04a00000, 0x04f50000, 0x09f50000)
  eden space 4416K,   0% used [0x04a00000, 0x04a00000, 0x04e50000)
  from space 512K,  18% used [0x04ed0000, 0x04ee72c8, 0x04f50000)
  to   space 512K,   0% used [0x04e50000, 0x04e50000, 0x04ed0000)
 tenured generation   total 10944K, used 6176K [0x09f50000, 0x0aa00000, 0x14a00000)
   the space 10944K,  56% used [0x09f50000, 0x0a558180, 0x0a558200, 0x0aa00000)
 compacting perm gen  total 12288K, used 9048K [0x14a00000, 0x15600000, 0x18a00000)
   the space 12288K,  73% used [0x14a00000, 0x152d6128, 0x152d6200, 0x15600000)
No shared spaces configured.
}
Event: 3.508 GC heap before
{Heap before GC invocations=9 (full 0):
 def new generation   total 4928K, used 4508K [0x04a00000, 0x04f50000, 0x09f50000)
  eden space 4416K, 100% used [0x04a00000, 0x04e50000, 0x04e50000)
  from space 512K,  18% used [0x04ed0000, 0x04ee72c8, 0x04f50000)
  to   space 512K,   0% used [0x04e50000, 0x04e50000, 0x04ed0000)
 tenured generation   total 10944K, used 6176K [0x09f50000, 0x0aa00000, 0x14a00000)
   the space 10944K,  56% used [0x09f50000, 0x0a558180, 0x0a558200, 0x0aa00000)
 compacting perm gen  total 12288K, used 9048K [0x14a00000, 0x15600000, 0x18a00000)
   the space 12288K,  73% used [0x14a00000, 0x152d6128, 0x152d6200, 0x15600000)
No shared spaces configured.
Event: 3.510 GC heap after
Heap after GC invocations=10 (full 0):
 def new generation   total 4928K, used 82K [0x04a00000, 0x04f50000, 0x09f50000)
  eden space 4416K,   0% used [0x04a00000, 0x04a00000, 0x04e50000)
  from space 512K,  16% used [0x04e50000, 0x04e64b40, 0x04ed0000)
  to   space 512K,   0% used [0x04ed0000, 0x04ed0000, 0x04f50000)
 tenured generation   total 10944K, used 8224K [0x09f50000, 0x0aa00000, 0x14a00000)
   the space 10944K,  75% used [0x09f50000, 0x0a758190, 0x0a758200, 0x0aa00000)
 compacting perm gen  total 12288K, used 9048K [0x14a00000, 0x15600000, 0x18a00000)
   the space 12288K,  73% used [0x14a00000, 0x152d6128, 0x152d6200, 0x15600000)
No shared spaces configured.
}
Event: 4.060 GC heap before
{Heap before GC invocations=10 (full 0):
 def new generation   total 4928K, used 4498K [0x04a00000, 0x04f50000, 0x09f50000)
  eden space 4416K, 100% used [0x04a00000, 0x04e50000, 0x04e50000)
  from space 512K,  16% used [0x04e50000, 0x04e64b40, 0x04ed0000)
  to   space 512K,   0% used [0x04ed0000, 0x04ed0000, 0x04f50000)
 tenured generation   total 10944K, used 8224K [0x09f50000, 0x0aa00000, 0x14a00000)
   the space 10944K,  75% used [0x09f50000, 0x0a758190, 0x0a758200, 0x0aa00000)
 compacting perm gen  total 12288K, used 9049K [0x14a00000, 0x15600000, 0x18a00000)
   the space 12288K,  73% used [0x14a00000, 0x152d6568, 0x152d6600, 0x15600000)
No shared spaces configured.
Event: 4.061 GC heap after
Heap after GC invocations=11 (full 0):
 def new generation   total 4928K, used 83K [0x04a00000, 0x04f50000, 0x09f50000)
  eden space 4416K,   0% used [0x04a00000, 0x04a00000, 0x04e50000)
  from space 512K,  16% used [0x04ed0000, 0x04ee4d88, 0x04f50000)
  to   space 512K,   0% used [0x04e50000, 0x04e50000, 0x04ed0000)
 tenured generation   total 10944K, used 8224K [0x09f50000, 0x0aa00000, 0x14a00000)
   the space 10944K,  75% used [0x09f50000, 0x0a758190, 0x0a758200, 0x0aa00000)
 compacting perm gen  total 12288K, used 9049K [0x14a00000, 0x15600000, 0x18a00000)
   the space 12288K,  73% used [0x14a00000, 0x152d6568, 0x152d6600, 0x15600000)
No shared spaces configured.
}
Event: 4.680 GC heap before
{Heap before GC invocations=11 (full 0):
 def new generation   total 4928K, used 4499K [0x04a00000, 0x04f50000, 0x09f50000)
  eden space 4416K, 100% used [0x04a00000, 0x04e50000, 0x04e50000)
  from space 512K,  16% used [0x04ed0000, 0x04ee4d88, 0x04f50000)
  to   space 512K,   0% used [0x04e50000, 0x04e50000, 0x04ed0000)
 tenured generation   total 10944K, used 8224K [0x09f50000, 0x0aa00000, 0x14a00000)
   the space 10944K,  75% used [0x09f50000, 0x0a758190, 0x0a758200, 0x0aa00000)
 compacting perm gen  total 12288K, used 9051K [0x14a00000, 0x15600000, 0x18a00000)
   the space 12288K,  73% used [0x14a00000, 0x152d6fd8, 0x152d7000, 0x15600000)
No shared spaces configured.
Event: 4.681 GC heap after
Heap after GC invocations=12 (full 0):
 def new generation   total 4928K, used 82K [0x04a00000, 0x04f50000, 0x09f50000)
  eden space 4416K,   0% used [0x04a00000, 0x04a00000, 0x04e50000)
  from space 512K,  16% used [0x04e50000, 0x04e64ad8, 0x04ed0000)
  to   space 512K,   0% used [0x04ed0000, 0x04ed0000, 0x04f50000)
 tenured generation   total 10944K, used 8224K [0x09f50000, 0x0aa00000, 0x14a00000)
   the space 10944K,  75% used [0x09f50000, 0x0a758190, 0x0a758200, 0x0aa00000)
 compacting perm gen  total 12288K, used 9051K [0x14a00000, 0x15600000, 0x18a00000)
   the space 12288K,  73% used [0x14a00000, 0x152d6fd8, 0x152d7000, 0x15600000)
No shared spaces configured.
}

