# JRE version: Java(TM) SE Runtime Environment (7.0_79-b15) (build 1.7.0_79-b15)
# Java VM: Java HotSpot(TM) Client VM (24.79-b02 mixed mode windows-x86 )
Heap
 def new generation   total 10048K, used 433K [0x04a00000, 0x054e0000, 0x09f50000)
  eden space 8960K,   4% used [0x04a00000, 0x04a6ade0, 0x052c0000)
  from space 1088K,   0% used [0x053d0000, 0x053d17b0, 0x054e0000)
  to   space 1088K,   0% used [0x052c0000, 0x052c0000, 0x053d0000)
 tenured generation   total 38620K, used 28791K [0x09f50000, 0x0c507000, 0x14a00000)
   the space 38620K,  74% used [0x09f50000, 0x0bb6dc20, 0x0bb6de00, 0x0c507000)
 compacting perm gen  total 12288K, used 9056K [0x14a00000, 0x15600000, 0x18a00000)
   the space 12288K,  73% used [0x14a00000, 0x152d8158, 0x152d8200, 0x15600000)
GC Heap History (10 events):
Event: 18.082 GC heap before
{Heap before GC invocations=37 (full 2):
 def new generation   total 6336K, used 5918K [0x04a00000, 0x050e0000, 0x09f50000)
  eden space 5632K, 100% used [0x04a00000, 0x04f80000, 0x04f80000)
  from space 704K,  40% used [0x05030000, 0x05077a48, 0x050e0000)
  to   space 704K,   0% used [0x04f80000, 0x04f80000, 0x05030000)
 tenured generation   total 22232K, used 16393K [0x09f50000, 0x0b506000, 0x14a00000)
   the space 22232K,  73% used [0x09f50000, 0x0af52560, 0x0af52600, 0x0b506000)
 compacting perm gen  total 12288K, used 9053K [0x14a00000, 0x15600000, 0x18a00000)
   the space 12288K,  73% used [0x14a00000, 0x152d7678, 0x152d7800, 0x15600000)
No shared spaces configured.
Event: 18.083 GC heap after
Heap after GC invocations=38 (full 2):
 def new generation   total 6336K, used 368K [0x04a00000, 0x050e0000, 0x09f50000)
  eden space 5632K,   0% used [0x04a00000, 0x04a00000, 0x04f80000)
  from space 704K,  52% used [0x04f80000, 0x04fdc048, 0x05030000)
  to   space 704K,   0% used [0x05030000, 0x05030000, 0x050e0000)
 tenured generation   total 22232K, used 16393K [0x09f50000, 0x0b506000, 0x14a00000)
   the space 22232K,  73% used [0x09f50000, 0x0af52560, 0x0af52600, 0x0b506000)
 compacting perm gen  total 12288K, used 9053K [0x14a00000, 0x15600000, 0x18a00000)
   the space 12288K,  73% used [0x14a00000, 0x152d7678, 0x152d7800, 0x15600000)
No shared spaces configured.
}
Event: 18.703 GC heap before
{Heap before GC invocations=38 (full 2):
 def new generation   total 6336K, used 6000K [0x04a00000, 0x050e0000, 0x09f50000)
  eden space 5632K, 100% used [0x04a00000, 0x04f80000, 0x04f80000)
  from space 704K,  52% used [0x04f80000, 0x04fdc048, 0x05030000)
  to   space 704K,   0% used [0x05030000, 0x05030000, 0x050e0000)
 tenured generation   total 22232K, used 16393K [0x09f50000, 0x0b506000, 0x14a00000)
   the space 22232K,  73% used [0x09f50000, 0x0af52560, 0x0af52600, 0x0b506000)
 compacting perm gen  total 12288K, used 9053K [0x14a00000, 0x15600000, 0x18a00000)
   the space 12288K,  73% used [0x14a00000, 0x152d76a8, 0x152d7800, 0x15600000)
No shared spaces configured.
Event: 18.704 GC heap after
Heap after GC invocations=39 (full 2):
 def new generation   total 6336K, used 319K [0x04a00000, 0x050e0000, 0x09f50000)
  eden space 5632K,   0% used [0x04a00000, 0x04a00000, 0x04f80000)
  from space 704K,  45% used [0x05030000, 0x0507fc68, 0x050e0000)
  to   space 704K,   0% used [0x04f80000, 0x04f80000, 0x05030000)
 tenured generation   total 22232K, used 16448K [0x09f50000, 0x0b506000, 0x14a00000)
   the space 22232K,  73% used [0x09f50000, 0x0af60198, 0x0af60200, 0x0b506000)
 compacting perm gen  total 12288K, used 9053K [0x14a00000, 0x15600000, 0x18a00000)
   the space 12288K,  73% used [0x14a00000, 0x152d76a8, 0x152d7800, 0x15600000)
No shared spaces configured.
}
Event: 18.959 GC heap before
{Heap before GC invocations=39 (full 2):
 def new generation   total 6336K, used 5951K [0x04a00000, 0x050e0000, 0x09f50000)
  eden space 5632K, 100% used [0x04a00000, 0x04f80000, 0x04f80000)
  from space 704K,  45% used [0x05030000, 0x0507fc68, 0x050e0000)
  to   space 704K,   0% used [0x04f80000, 0x04f80000, 0x05030000)
 tenured generation   total 22232K, used 16448K [0x09f50000, 0x0b506000, 0x14a00000)
   the space 22232K,  73% used [0x09f50000, 0x0af60198, 0x0af60200, 0x0b506000)
 compacting perm gen  total 12288K, used 9053K [0x14a00000, 0x15600000, 0x18a00000)
   the space 12288K,  73% used [0x14a00000, 0x152d76e8, 0x152d7800, 0x15600000)
No shared spaces configured.
Event: 18.960 GC heap after
Heap after GC invocations=40 (full 2):
 def new generation   total 6336K, used 372K [0x04a00000, 0x050e0000, 0x09f50000)
  eden space 5632K,   0% used [0x04a00000, 0x04a00000, 0x04f80000)
  from space 704K,  52% used [0x04f80000, 0x04fdd2d0, 0x05030000)
  to   space 704K,   0% used [0x05030000, 0x05030000, 0x050e0000)
 tenured generation   total 22232K, used 16448K [0x09f50000, 0x0b506000, 0x14a00000)
   the space 22232K,  73% used [0x09f50000, 0x0af60198, 0x0af60200, 0x0b506000)
 compacting perm gen  total 12288K, used 9053K [0x14a00000, 0x15600000, 0x18a00000)
   the space 12288K,  73% used [0x14a00000, 0x152d76e8, 0x152d7800, 0x15600000)
No shared spaces configured.
}
Event: 19.429 GC heap before
{Heap before GC invocations=40 (full 2):
 def new generation   total 6336K, used 5336K [0x04a00000, 0x050e0000, 0x09f50000)
  eden space 5632K,  88% used [0x04a00000, 0x04ed8f70, 0x04f80000)
  from space 704K,  52% used [0x04f80000, 0x04fdd2d0, 0x05030000)
  to   space 704K,   0% used [0x05030000, 0x05030000, 0x050e0000)
 tenured generation   total 22232K, used 16448K [0x09f50000, 0x0b506000, 0x14a00000)
   the space 22232K,  73% used [0x09f50000, 0x0af60198, 0x0af60200, 0x0b506000)
 compacting perm gen  total 12288K, used 9053K [0x14a00000, 0x15600000, 0x18a00000)
   the space 12288K,  73% used [0x14a00000, 0x152d76e8, 0x152d7800, 0x15600000)
No shared spaces configured.
Event: 19.456 GC heap after
Heap after GC invocations=41 (full 3):
 def new generation   total 10048K, used 0K [0x04a00000, 0x054e0000, 0x09f50000)
  eden space 8960K,   0% used [0x04a00000, 0x04a00000, 0x052c0000)
  from space 1088K,   0% used [0x052c0000, 0x052c0000, 0x053d0000)
  to   space 1088K,   0% used [0x053d0000, 0x053d0000, 0x054e0000)
 tenured generation   total 22232K, used 12407K [0x09f50000, 0x0b506000, 0x14a00000)
   the space 22232K,  55% used [0x09f50000, 0x0ab6dc10, 0x0ab6de00, 0x0b506000)
 compacting perm gen  total 12288K, used 9053K [0x14a00000, 0x15600000, 0x18a00000)
   the space 12288K,  73% used [0x14a00000, 0x152d76e8, 0x152d7800, 0x15600000)
No shared spaces configured.
}
Event: 20.508 GC heap before
{Heap before GC invocations=41 (full 3):
 def new generation   total 10048K, used 8960K [0x04a00000, 0x054e0000, 0x09f50000)
  eden space 8960K, 100% used [0x04a00000, 0x052c0000, 0x052c0000)
  from space 1088K,   0% used [0x052c0000, 0x052c0000, 0x053d0000)
  to   space 1088K,   0% used [0x053d0000, 0x053d0000, 0x054e0000)
 tenured generation   total 38620K, used 28791K [0x09f50000, 0x0c507000, 0x14a00000)
   the space 38620K,  74% used [0x09f50000, 0x0bb6dc20, 0x0bb6de00, 0x0c507000)
 compacting perm gen  total 12288K, used 9053K [0x14a00000, 0x15600000, 0x18a00000)
   the space 12288K,  73% used [0x14a00000, 0x152d76e8, 0x152d7800, 0x15600000)
No shared spaces configured.
Event: 20.510 GC heap after
Heap after GC invocations=42 (full 3):
 def new generation   total 10048K, used 5K [0x04a00000, 0x054e0000, 0x09f50000)
  eden space 8960K,   0% used [0x04a00000, 0x04a00000, 0x052c0000)
  from space 1088K,   0% used [0x053d0000, 0x053d17b0, 0x054e0000)
  to   space 1088K,   0% used [0x052c0000, 0x052c0000, 0x053d0000)
 tenured generation   total 38620K, used 28791K [0x09f50000, 0x0c507000, 0x14a00000)
   the space 38620K,  74% used [0x09f50000, 0x0bb6dc20, 0x0bb6de00, 0x0c507000)
 compacting perm gen  total 12288K, used 9053K [0x14a00000, 0x15600000, 0x18a00000)
   the space 12288K,  73% used [0x14a00000, 0x152d76e8, 0x152d7800, 0x15600000)
No shared spaces configured.
}

