# JRE version: Java(TM) SE Runtime Environment (7.0_79-b15) (build 1.7.0_79-b15)
# Java VM: Java HotSpot(TM) Client VM (24.79-b02 mixed mode windows-x86 )
Heap
 def new generation   total 9792K, used 8778K [0x04a00000, 0x05490000, 0x09f50000)
  eden space 8768K,  94% used [0x04a00000, 0x05216208, 0x05290000)
  from space 1024K,  48% used [0x05390000, 0x0540c768, 0x05490000)
  to   space 1024K,   0% used [0x05290000, 0x05290000, 0x05390000)
 tenured generation   total 21556K, used 10570K [0x09f50000, 0x0b45d000, 0x14a00000)
   the space 21556K,  49% used [0x09f50000, 0x0a9a2bf0, 0x0a9a2c00, 0x0b45d000)
 compacting perm gen  total 12288K, used 9251K [0x14a00000, 0x15600000, 0x18a00000)
   the space 12288K,  75% used [0x14a00000, 0x15308ee8, 0x15309000, 0x15600000)
GC Heap History (10 events):
Event: 56.752 GC heap before
{Heap before GC invocations=83 (full 3):
 def new generation   total 9792K, used 9226K [0x04a00000, 0x05490000, 0x09f50000)
  eden space 8768K, 100% used [0x04a00000, 0x05290000, 0x05290000)
  from space 1024K,  44% used [0x05290000, 0x05302bf0, 0x05390000)
  to   space 1024K,   0% used [0x05390000, 0x05390000, 0x05490000)
 tenured generation   total 21556K, used 10424K [0x09f50000, 0x0b45d000, 0x14a00000)
   the space 21556K,  48% used [0x09f50000, 0x0a97e220, 0x0a97e400, 0x0b45d000)
 compacting perm gen  total 12288K, used 9247K [0x14a00000, 0x15600000, 0x18a00000)
   the space 12288K,  75% used [0x14a00000, 0x15307fb8, 0x15308000, 0x15600000)
No shared spaces configured.
Event: 56.753 GC heap after
Heap after GC invocations=84 (full 3):
 def new generation   total 9792K, used 645K [0x04a00000, 0x05490000, 0x09f50000)
  eden space 8768K,   0% used [0x04a00000, 0x04a00000, 0x05290000)
  from space 1024K,  63% used [0x05390000, 0x05431510, 0x05490000)
  to   space 1024K,   0% used [0x05290000, 0x05290000, 0x05390000)
 tenured generation   total 21556K, used 10424K [0x09f50000, 0x0b45d000, 0x14a00000)
   the space 21556K,  48% used [0x09f50000, 0x0a97e220, 0x0a97e400, 0x0b45d000)
 compacting perm gen  total 12288K, used 9247K [0x14a00000, 0x15600000, 0x18a00000)
   the space 12288K,  75% used [0x14a00000, 0x15307fb8, 0x15308000, 0x15600000)
No shared spaces configured.
}
Event: 58.374 GC heap before
{Heap before GC invocations=84 (full 3):
 def new generation   total 9792K, used 9413K [0x04a00000, 0x05490000, 0x09f50000)
  eden space 8768K, 100% used [0x04a00000, 0x05290000, 0x05290000)
  from space 1024K,  63% used [0x05390000, 0x05431510, 0x05490000)
  to   space 1024K,   0% used [0x05290000, 0x05290000, 0x05390000)
 tenured generation   total 21556K, used 10424K [0x09f50000, 0x0b45d000, 0x14a00000)
   the space 21556K,  48% used [0x09f50000, 0x0a97e220, 0x0a97e400, 0x0b45d000)
 compacting perm gen  total 12288K, used 9247K [0x14a00000, 0x15600000, 0x18a00000)
   the space 12288K,  75% used [0x14a00000, 0x15307fb8, 0x15308000, 0x15600000)
No shared spaces configured.
Event: 58.375 GC heap after
Heap after GC invocations=85 (full 3):
 def new generation   total 9792K, used 497K [0x04a00000, 0x05490000, 0x09f50000)
  eden space 8768K,   0% used [0x04a00000, 0x04a00000, 0x05290000)
  from space 1024K,  48% used [0x05290000, 0x0530c6c0, 0x05390000)
  to   space 1024K,   0% used [0x05390000, 0x05390000, 0x05490000)
 tenured generation   total 21556K, used 10570K [0x09f50000, 0x0b45d000, 0x14a00000)
   the space 21556K,  49% used [0x09f50000, 0x0a9a2bf0, 0x0a9a2c00, 0x0b45d000)
 compacting perm gen  total 12288K, used 9247K [0x14a00000, 0x15600000, 0x18a00000)
   the space 12288K,  75% used [0x14a00000, 0x15307fb8, 0x15308000, 0x15600000)
No shared spaces configured.
}
Event: 60.079 GC heap before
{Heap before GC invocations=85 (full 3):
 def new generation   total 9792K, used 9265K [0x04a00000, 0x05490000, 0x09f50000)
  eden space 8768K, 100% used [0x04a00000, 0x05290000, 0x05290000)
  from space 1024K,  48% used [0x05290000, 0x0530c6c0, 0x05390000)
  to   space 1024K,   0% used [0x05390000, 0x05390000, 0x05490000)
 tenured generation   total 21556K, used 10570K [0x09f50000, 0x0b45d000, 0x14a00000)
   the space 21556K,  49% used [0x09f50000, 0x0a9a2bf0, 0x0a9a2c00, 0x0b45d000)
 compacting perm gen  total 12288K, used 9247K [0x14a00000, 0x15600000, 0x18a00000)
   the space 12288K,  75% used [0x14a00000, 0x15307fb8, 0x15308000, 0x15600000)
No shared spaces configured.
Event: 60.080 GC heap after
Heap after GC invocations=86 (full 3):
 def new generation   total 9792K, used 498K [0x04a00000, 0x05490000, 0x09f50000)
  eden space 8768K,   0% used [0x04a00000, 0x04a00000, 0x05290000)
  from space 1024K,  48% used [0x05390000, 0x0540c838, 0x05490000)
  to   space 1024K,   0% used [0x05290000, 0x05290000, 0x05390000)
 tenured generation   total 21556K, used 10570K [0x09f50000, 0x0b45d000, 0x14a00000)
   the space 21556K,  49% used [0x09f50000, 0x0a9a2bf0, 0x0a9a2c00, 0x0b45d000)
 compacting perm gen  total 12288K, used 9247K [0x14a00000, 0x15600000, 0x18a00000)
   the space 12288K,  75% used [0x14a00000, 0x15307fb8, 0x15308000, 0x15600000)
No shared spaces configured.
}
Event: 61.826 GC heap before
{Heap before GC invocations=86 (full 3):
 def new generation   total 9792K, used 9266K [0x04a00000, 0x05490000, 0x09f50000)
  eden space 8768K, 100% used [0x04a00000, 0x05290000, 0x05290000)
  from space 1024K,  48% used [0x05390000, 0x0540c838, 0x05490000)
  to   space 1024K,   0% used [0x05290000, 0x05290000, 0x05390000)
 tenured generation   total 21556K, used 10570K [0x09f50000, 0x0b45d000, 0x14a00000)
   the space 21556K,  49% used [0x09f50000, 0x0a9a2bf0, 0x0a9a2c00, 0x0b45d000)
 compacting perm gen  total 12288K, used 9247K [0x14a00000, 0x15600000, 0x18a00000)
   the space 12288K,  75% used [0x14a00000, 0x15307fb8, 0x15308000, 0x15600000)
No shared spaces configured.
Event: 61.827 GC heap after
Heap after GC invocations=87 (full 3):
 def new generation   total 9792K, used 497K [0x04a00000, 0x05490000, 0x09f50000)
  eden space 8768K,   0% used [0x04a00000, 0x04a00000, 0x05290000)
  from space 1024K,  48% used [0x05290000, 0x0530c658, 0x05390000)
  to   space 1024K,   0% used [0x05390000, 0x05390000, 0x05490000)
 tenured generation   total 21556K, used 10570K [0x09f50000, 0x0b45d000, 0x14a00000)
   the space 21556K,  49% used [0x09f50000, 0x0a9a2bf0, 0x0a9a2c00, 0x0b45d000)
 compacting perm gen  total 12288K, used 9247K [0x14a00000, 0x15600000, 0x18a00000)
   the space 12288K,  75% used [0x14a00000, 0x15307fb8, 0x15308000, 0x15600000)
No shared spaces configured.
}
Event: 63.625 GC heap before
{Heap before GC invocations=87 (full 3):
 def new generation   total 9792K, used 9265K [0x04a00000, 0x05490000, 0x09f50000)
  eden space 8768K, 100% used [0x04a00000, 0x05290000, 0x05290000)
  from space 1024K,  48% used [0x05290000, 0x0530c658, 0x05390000)
  to   space 1024K,   0% used [0x05390000, 0x05390000, 0x05490000)
 tenured generation   total 21556K, used 10570K [0x09f50000, 0x0b45d000, 0x14a00000)
   the space 21556K,  49% used [0x09f50000, 0x0a9a2bf0, 0x0a9a2c00, 0x0b45d000)
 compacting perm gen  total 12288K, used 9247K [0x14a00000, 0x15600000, 0x18a00000)
   the space 12288K,  75% used [0x14a00000, 0x15307fb8, 0x15308000, 0x15600000)
No shared spaces configured.
Event: 63.626 GC heap after
Heap after GC invocations=88 (full 3):
 def new generation   total 9792K, used 497K [0x04a00000, 0x05490000, 0x09f50000)
  eden space 8768K,   0% used [0x04a00000, 0x04a00000, 0x05290000)
  from space 1024K,  48% used [0x05390000, 0x0540c768, 0x05490000)
  to   space 1024K,   0% used [0x05290000, 0x05290000, 0x05390000)
 tenured generation   total 21556K, used 10570K [0x09f50000, 0x0b45d000, 0x14a00000)
   the space 21556K,  49% used [0x09f50000, 0x0a9a2bf0, 0x0a9a2c00, 0x0b45d000)
 compacting perm gen  total 12288K, used 9247K [0x14a00000, 0x15600000, 0x18a00000)
   the space 12288K,  75% used [0x14a00000, 0x15307fb8, 0x15308000, 0x15600000)
No shared spaces configured.
}

