# JRE version: Java(TM) SE Runtime Environment (7.0_79-b15) (build 1.7.0_79-b15)
# Java VM: Java HotSpot(TM) Client VM (24.79-b02 mixed mode windows-x86 )
Heap
 def new generation   total 6976K, used 3896K [0x04800000, 0x04f90000, 0x09d50000)
  eden space 6208K,  58% used [0x04800000, 0x04b8a7b0, 0x04e10000)
  from space 768K,  35% used [0x04ed0000, 0x04f13898, 0x04f90000)
  to   space 768K,   0% used [0x04e10000, 0x04e10000, 0x04ed0000)
 tenured generation   total 15404K, used 10678K [0x09d50000, 0x0ac5b000, 0x14800000)
   the space 15404K,  69% used [0x09d50000, 0x0a7bdbb8, 0x0a7bdc00, 0x0ac5b000)
 compacting perm gen  total 12288K, used 9251K [0x14800000, 0x15400000, 0x18800000)
   the space 12288K,  75% used [0x14800000, 0x15108ff0, 0x15109000, 0x15400000)
GC Heap History (10 events):
Event: 51.465 GC heap before
{Heap before GC invocations=90 (full 1):
 def new generation   total 6976K, used 6481K [0x04800000, 0x04f90000, 0x09d50000)
  eden space 6208K, 100% used [0x04800000, 0x04e10000, 0x04e10000)
  from space 768K,  35% used [0x04e10000, 0x04e545c0, 0x04ed0000)
  to   space 768K,   0% used [0x04ed0000, 0x04ed0000, 0x04f90000)
 tenured generation   total 15404K, used 10409K [0x09d50000, 0x0ac5b000, 0x14800000)
   the space 15404K,  67% used [0x09d50000, 0x0a77a7c8, 0x0a77a800, 0x0ac5b000)
 compacting perm gen  total 12288K, used 9248K [0x14800000, 0x15400000, 0x18800000)
   the space 12288K,  75% used [0x14800000, 0x151080c0, 0x15108200, 0x15400000)
No shared spaces configured.
Event: 51.466 GC heap after
Heap after GC invocations=91 (full 1):
 def new generation   total 6976K, used 540K [0x04800000, 0x04f90000, 0x09d50000)
  eden space 6208K,   0% used [0x04800000, 0x04800000, 0x04e10000)
  from space 768K,  70% used [0x04ed0000, 0x04f57210, 0x04f90000)
  to   space 768K,   0% used [0x04e10000, 0x04e10000, 0x04ed0000)
 tenured generation   total 15404K, used 10409K [0x09d50000, 0x0ac5b000, 0x14800000)
   the space 15404K,  67% used [0x09d50000, 0x0a77a7c8, 0x0a77a800, 0x0ac5b000)
 compacting perm gen  total 12288K, used 9248K [0x14800000, 0x15400000, 0x18800000)
   the space 12288K,  75% used [0x14800000, 0x151080c0, 0x15108200, 0x15400000)
No shared spaces configured.
}
Event: 52.770 GC heap before
{Heap before GC invocations=91 (full 1):
 def new generation   total 6976K, used 6748K [0x04800000, 0x04f90000, 0x09d50000)
  eden space 6208K, 100% used [0x04800000, 0x04e10000, 0x04e10000)
  from space 768K,  70% used [0x04ed0000, 0x04f57210, 0x04f90000)
  to   space 768K,   0% used [0x04e10000, 0x04e10000, 0x04ed0000)
 tenured generation   total 15404K, used 10409K [0x09d50000, 0x0ac5b000, 0x14800000)
   the space 15404K,  67% used [0x09d50000, 0x0a77a7c8, 0x0a77a800, 0x0ac5b000)
 compacting perm gen  total 12288K, used 9248K [0x14800000, 0x15400000, 0x18800000)
   the space 12288K,  75% used [0x14800000, 0x151080c0, 0x15108200, 0x15400000)
No shared spaces configured.
Event: 52.771 GC heap after
Heap after GC invocations=92 (full 1):
 def new generation   total 6976K, used 271K [0x04800000, 0x04f90000, 0x09d50000)
  eden space 6208K,   0% used [0x04800000, 0x04800000, 0x04e10000)
  from space 768K,  35% used [0x04e10000, 0x04e53cb0, 0x04ed0000)
  to   space 768K,   0% used [0x04ed0000, 0x04ed0000, 0x04f90000)
 tenured generation   total 15404K, used 10678K [0x09d50000, 0x0ac5b000, 0x14800000)
   the space 15404K,  69% used [0x09d50000, 0x0a7bdbb8, 0x0a7bdc00, 0x0ac5b000)
 compacting perm gen  total 12288K, used 9248K [0x14800000, 0x15400000, 0x18800000)
   the space 12288K,  75% used [0x14800000, 0x151080c0, 0x15108200, 0x15400000)
No shared spaces configured.
}
Event: 54.028 GC heap before
{Heap before GC invocations=92 (full 1):
 def new generation   total 6976K, used 6479K [0x04800000, 0x04f90000, 0x09d50000)
  eden space 6208K, 100% used [0x04800000, 0x04e10000, 0x04e10000)
  from space 768K,  35% used [0x04e10000, 0x04e53cb0, 0x04ed0000)
  to   space 768K,   0% used [0x04ed0000, 0x04ed0000, 0x04f90000)
 tenured generation   total 15404K, used 10678K [0x09d50000, 0x0ac5b000, 0x14800000)
   the space 15404K,  69% used [0x09d50000, 0x0a7bdbb8, 0x0a7bdc00, 0x0ac5b000)
 compacting perm gen  total 12288K, used 9248K [0x14800000, 0x15400000, 0x18800000)
   the space 12288K,  75% used [0x14800000, 0x151080c0, 0x15108200, 0x15400000)
No shared spaces configured.
Event: 54.028 GC heap after
Heap after GC invocations=93 (full 1):
 def new generation   total 6976K, used 271K [0x04800000, 0x04f90000, 0x09d50000)
  eden space 6208K,   0% used [0x04800000, 0x04800000, 0x04e10000)
  from space 768K,  35% used [0x04ed0000, 0x04f13cc8, 0x04f90000)
  to   space 768K,   0% used [0x04e10000, 0x04e10000, 0x04ed0000)
 tenured generation   total 15404K, used 10678K [0x09d50000, 0x0ac5b000, 0x14800000)
   the space 15404K,  69% used [0x09d50000, 0x0a7bdbb8, 0x0a7bdc00, 0x0ac5b000)
 compacting perm gen  total 12288K, used 9248K [0x14800000, 0x15400000, 0x18800000)
   the space 12288K,  75% used [0x14800000, 0x151080c0, 0x15108200, 0x15400000)
No shared spaces configured.
}
Event: 55.281 GC heap before
{Heap before GC invocations=93 (full 1):
 def new generation   total 6976K, used 6479K [0x04800000, 0x04f90000, 0x09d50000)
  eden space 6208K, 100% used [0x04800000, 0x04e10000, 0x04e10000)
  from space 768K,  35% used [0x04ed0000, 0x04f13cc8, 0x04f90000)
  to   space 768K,   0% used [0x04e10000, 0x04e10000, 0x04ed0000)
 tenured generation   total 15404K, used 10678K [0x09d50000, 0x0ac5b000, 0x14800000)
   the space 15404K,  69% used [0x09d50000, 0x0a7bdbb8, 0x0a7bdc00, 0x0ac5b000)
 compacting perm gen  total 12288K, used 9248K [0x14800000, 0x15400000, 0x18800000)
   the space 12288K,  75% used [0x14800000, 0x151080c0, 0x15108200, 0x15400000)
No shared spaces configured.
Event: 55.281 GC heap after
Heap after GC invocations=94 (full 1):
 def new generation   total 6976K, used 271K [0x04800000, 0x04f90000, 0x09d50000)
  eden space 6208K,   0% used [0x04800000, 0x04800000, 0x04e10000)
  from space 768K,  35% used [0x04e10000, 0x04e53dc0, 0x04ed0000)
  to   space 768K,   0% used [0x04ed0000, 0x04ed0000, 0x04f90000)
 tenured generation   total 15404K, used 10678K [0x09d50000, 0x0ac5b000, 0x14800000)
   the space 15404K,  69% used [0x09d50000, 0x0a7bdbb8, 0x0a7bdc00, 0x0ac5b000)
 compacting perm gen  total 12288K, used 9248K [0x14800000, 0x15400000, 0x18800000)
   the space 12288K,  75% used [0x14800000, 0x151080c0, 0x15108200, 0x15400000)
No shared spaces configured.
}
Event: 56.525 GC heap before
{Heap before GC invocations=94 (full 1):
 def new generation   total 6976K, used 6479K [0x04800000, 0x04f90000, 0x09d50000)
  eden space 6208K, 100% used [0x04800000, 0x04e10000, 0x04e10000)
  from space 768K,  35% used [0x04e10000, 0x04e53dc0, 0x04ed0000)
  to   space 768K,   0% used [0x04ed0000, 0x04ed0000, 0x04f90000)
 tenured generation   total 15404K, used 10678K [0x09d50000, 0x0ac5b000, 0x14800000)
   the space 15404K,  69% used [0x09d50000, 0x0a7bdbb8, 0x0a7bdc00, 0x0ac5b000)
 compacting perm gen  total 12288K, used 9248K [0x14800000, 0x15400000, 0x18800000)
   the space 12288K,  75% used [0x14800000, 0x151080c0, 0x15108200, 0x15400000)
No shared spaces configured.
Event: 56.526 GC heap after
Heap after GC invocations=95 (full 1):
 def new generation   total 6976K, used 270K [0x04800000, 0x04f90000, 0x09d50000)
  eden space 6208K,   0% used [0x04800000, 0x04800000, 0x04e10000)
  from space 768K,  35% used [0x04ed0000, 0x04f13898, 0x04f90000)
  to   space 768K,   0% used [0x04e10000, 0x04e10000, 0x04ed0000)
 tenured generation   total 15404K, used 10678K [0x09d50000, 0x0ac5b000, 0x14800000)
   the space 15404K,  69% used [0x09d50000, 0x0a7bdbb8, 0x0a7bdc00, 0x0ac5b000)
 compacting perm gen  total 12288K, used 9248K [0x14800000, 0x15400000, 0x18800000)
   the space 12288K,  75% used [0x14800000, 0x151080c0, 0x15108200, 0x15400000)
No shared spaces configured.
}

