# JRE version: Java(TM) SE Runtime Environment (7.0_79-b15) (build 1.7.0_79-b15)
# Java VM: Java HotSpot(TM) Client VM (24.79-b02 mixed mode windows-x86 )
Heap
 def new generation   total 6016K, used 4629K [0x04c00000, 0x05280000, 0x0a150000)
  eden space 5376K,  81% used [0x04c00000, 0x0504a728, 0x05140000)
  from space 640K,  36% used [0x05140000, 0x0517b078, 0x051e0000)
  to   space 640K,   0% used [0x051e0000, 0x051e0000, 0x05280000)
 tenured generation   total 13248K, used 7946K [0x0a150000, 0x0ae40000, 0x14c00000)
   the space 13248K,  59% used [0x0a150000, 0x0a912a70, 0x0a912c00, 0x0ae40000)
 compacting perm gen  total 12288K, used 9003K [0x14c00000, 0x15800000, 0x18c00000)
   the space 12288K,  73% used [0x14c00000, 0x154cac78, 0x154cae00, 0x15800000)
GC Heap History (10 events):
Event: 12.352 GC heap before
{Heap before GC invocations=27 (full 0):
 def new generation   total 4928K, used 4719K [0x04c00000, 0x05150000, 0x0a150000)
  eden space 4416K,  99% used [0x04c00000, 0x0504ed10, 0x05050000)
  from space 512K,  60% used [0x050d0000, 0x0511d2c8, 0x05150000)
  to   space 512K,   0% used [0x05050000, 0x05050000, 0x050d0000)
 tenured generation   total 10944K, used 10546K [0x0a150000, 0x0ac00000, 0x14c00000)
   the space 10944K,  96% used [0x0a150000, 0x0ab9ca70, 0x0ab9cc00, 0x0ac00000)
 compacting perm gen  total 12288K, used 9000K [0x14c00000, 0x15800000, 0x18c00000)
   the space 12288K,  73% used [0x14c00000, 0x154ca1b8, 0x154ca200, 0x15800000)
No shared spaces configured.
Event: 12.353 GC heap after
Heap after GC invocations=28 (full 0):
 def new generation   total 4928K, used 342K [0x04c00000, 0x05150000, 0x0a150000)
  eden space 4416K,   0% used [0x04c00000, 0x04c00000, 0x05050000)
  from space 512K,  66% used [0x05050000, 0x050a5af8, 0x050d0000)
  to   space 512K,   0% used [0x050d0000, 0x050d0000, 0x05150000)
 tenured generation   total 10944K, used 10652K [0x0a150000, 0x0ac00000, 0x14c00000)
   the space 10944K,  97% used [0x0a150000, 0x0abb7320, 0x0abb7400, 0x0ac00000)
 compacting perm gen  total 12288K, used 9000K [0x14c00000, 0x15800000, 0x18c00000)
   the space 12288K,  73% used [0x14c00000, 0x154ca1b8, 0x154ca200, 0x15800000)
No shared spaces configured.
}
Event: 12.849 GC heap before
{Heap before GC invocations=28 (full 0):
 def new generation   total 4928K, used 4758K [0x04c00000, 0x05150000, 0x0a150000)
  eden space 4416K, 100% used [0x04c00000, 0x05050000, 0x05050000)
  from space 512K,  66% used [0x05050000, 0x050a5af8, 0x050d0000)
  to   space 512K,   0% used [0x050d0000, 0x050d0000, 0x05150000)
 tenured generation   total 10944K, used 10652K [0x0a150000, 0x0ac00000, 0x14c00000)
   the space 10944K,  97% used [0x0a150000, 0x0abb7320, 0x0abb7400, 0x0ac00000)
 compacting perm gen  total 12288K, used 9000K [0x14c00000, 0x15800000, 0x18c00000)
   the space 12288K,  73% used [0x14c00000, 0x154ca1c8, 0x154ca200, 0x15800000)
No shared spaces configured.
Event: 12.850 GC heap after
Heap after GC invocations=29 (full 0):
 def new generation   total 4928K, used 309K [0x04c00000, 0x05150000, 0x0a150000)
  eden space 4416K,   0% used [0x04c00000, 0x04c00000, 0x05050000)
  from space 512K,  60% used [0x050d0000, 0x0511d7e8, 0x05150000)
  to   space 512K,   0% used [0x05050000, 0x05050000, 0x050d0000)
 tenured generation   total 10944K, used 10771K [0x0a150000, 0x0ac00000, 0x14c00000)
   the space 10944K,  98% used [0x0a150000, 0x0abd4dc8, 0x0abd4e00, 0x0ac00000)
 compacting perm gen  total 12288K, used 9000K [0x14c00000, 0x15800000, 0x18c00000)
   the space 12288K,  73% used [0x14c00000, 0x154ca1c8, 0x154ca200, 0x15800000)
No shared spaces configured.
}
Event: 13.156 GC heap before
{Heap before GC invocations=29 (full 0):
 def new generation   total 4928K, used 4725K [0x04c00000, 0x05150000, 0x0a150000)
  eden space 4416K, 100% used [0x04c00000, 0x05050000, 0x05050000)
  from space 512K,  60% used [0x050d0000, 0x0511d7e8, 0x05150000)
  to   space 512K,   0% used [0x05050000, 0x05050000, 0x050d0000)
 tenured generation   total 10944K, used 10771K [0x0a150000, 0x0ac00000, 0x14c00000)
   the space 10944K,  98% used [0x0a150000, 0x0abd4dc8, 0x0abd4e00, 0x0ac00000)
 compacting perm gen  total 12288K, used 9000K [0x14c00000, 0x15800000, 0x18c00000)
   the space 12288K,  73% used [0x14c00000, 0x154ca1c8, 0x154ca200, 0x15800000)
No shared spaces configured.
Event: 13.184 GC heap after
Heap after GC invocations=30 (full 1):
 def new generation   total 6016K, used 0K [0x04c00000, 0x05280000, 0x0a150000)
  eden space 5376K,   0% used [0x04c00000, 0x04c00000, 0x05140000)
  from space 640K,   0% used [0x05140000, 0x05140000, 0x051e0000)
  to   space 640K,   0% used [0x051e0000, 0x051e0000, 0x05280000)
 tenured generation   total 13248K, used 7946K [0x0a150000, 0x0ae40000, 0x14c00000)
   the space 13248K,  59% used [0x0a150000, 0x0a912a70, 0x0a912c00, 0x0ae40000)
 compacting perm gen  total 12288K, used 9000K [0x14c00000, 0x15800000, 0x18c00000)
   the space 12288K,  73% used [0x14c00000, 0x154ca1c8, 0x154ca200, 0x15800000)
No shared spaces configured.
}
Event: 13.789 GC heap before
{Heap before GC invocations=30 (full 1):
 def new generation   total 6016K, used 5368K [0x04c00000, 0x05280000, 0x0a150000)
  eden space 5376K,  99% used [0x04c00000, 0x0513e2f0, 0x05140000)
  from space 640K,   0% used [0x05140000, 0x05140000, 0x051e0000)
  to   space 640K,   0% used [0x051e0000, 0x051e0000, 0x05280000)
 tenured generation   total 13248K, used 7946K [0x0a150000, 0x0ae40000, 0x14c00000)
   the space 13248K,  59% used [0x0a150000, 0x0a912a70, 0x0a912c00, 0x0ae40000)
 compacting perm gen  total 12288K, used 9000K [0x14c00000, 0x15800000, 0x18c00000)
   the space 12288K,  73% used [0x14c00000, 0x154ca1d8, 0x154ca200, 0x15800000)
No shared spaces configured.
Event: 13.790 GC heap after
Heap after GC invocations=31 (full 1):
 def new generation   total 6016K, used 131K [0x04c00000, 0x05280000, 0x0a150000)
  eden space 5376K,   0% used [0x04c00000, 0x04c00000, 0x05140000)
  from space 640K,  20% used [0x051e0000, 0x05200d50, 0x05280000)
  to   space 640K,   0% used [0x05140000, 0x05140000, 0x051e0000)
 tenured generation   total 13248K, used 7946K [0x0a150000, 0x0ae40000, 0x14c00000)
   the space 13248K,  59% used [0x0a150000, 0x0a912a70, 0x0a912c00, 0x0ae40000)
 compacting perm gen  total 12288K, used 9000K [0x14c00000, 0x15800000, 0x18c00000)
   the space 12288K,  73% used [0x14c00000, 0x154ca1d8, 0x154ca200, 0x15800000)
No shared spaces configured.
}
Event: 14.408 GC heap before
{Heap before GC invocations=31 (full 1):
 def new generation   total 6016K, used 5507K [0x04c00000, 0x05280000, 0x0a150000)
  eden space 5376K, 100% used [0x04c00000, 0x05140000, 0x05140000)
  from space 640K,  20% used [0x051e0000, 0x05200d50, 0x05280000)
  to   space 640K,   0% used [0x05140000, 0x05140000, 0x051e0000)
 tenured generation   total 13248K, used 7946K [0x0a150000, 0x0ae40000, 0x14c00000)
   the space 13248K,  59% used [0x0a150000, 0x0a912a70, 0x0a912c00, 0x0ae40000)
 compacting perm gen  total 12288K, used 9000K [0x14c00000, 0x15800000, 0x18c00000)
   the space 12288K,  73% used [0x14c00000, 0x154ca1f8, 0x154ca200, 0x15800000)
No shared spaces configured.
Event: 14.408 GC heap after
Heap after GC invocations=32 (full 1):
 def new generation   total 6016K, used 236K [0x04c00000, 0x05280000, 0x0a150000)
  eden space 5376K,   0% used [0x04c00000, 0x04c00000, 0x05140000)
  from space 640K,  36% used [0x05140000, 0x0517b078, 0x051e0000)
  to   space 640K,   0% used [0x051e0000, 0x051e0000, 0x05280000)
 tenured generation   total 13248K, used 7946K [0x0a150000, 0x0ae40000, 0x14c00000)
   the space 13248K,  59% used [0x0a150000, 0x0a912a70, 0x0a912c00, 0x0ae40000)
 compacting perm gen  total 12288K, used 9000K [0x14c00000, 0x15800000, 0x18c00000)
   the space 12288K,  73% used [0x14c00000, 0x154ca1f8, 0x154ca200, 0x15800000)
No shared spaces configured.
}

