# JRE version: Java(TM) SE Runtime Environment (7.0_79-b15) (build 1.7.0_79-b15)
# Java VM: Java HotSpot(TM) Client VM (24.79-b02 mixed mode windows-x86 )
Heap
 def new generation   total 11072K, used 8308K [0x04400000, 0x05000000, 0x09950000)
  eden space 9856K,  73% used [0x04400000, 0x04b1cd90, 0x04da0000)
  from space 1216K,  84% used [0x04da0000, 0x04ea0608, 0x04ed0000)
  to   space 1216K,   0% used [0x04ed0000, 0x04ed0000, 0x05000000)
 tenured generation   total 24540K, used 20843K [0x09950000, 0x0b147000, 0x14400000)
   the space 24540K,  84% used [0x09950000, 0x0adaad00, 0x0adaae00, 0x0b147000)
 compacting perm gen  total 12288K, used 9164K [0x14400000, 0x15000000, 0x18400000)
   the space 12288K,  74% used [0x14400000, 0x14cf31d8, 0x14cf3200, 0x15000000)
GC Heap History (10 events):
Event: 68.441 GC heap before
{Heap before GC invocations=70 (full 2):
 def new generation   total 11072K, used 9947K [0x04400000, 0x05000000, 0x09950000)
  eden space 9856K, 100% used [0x04400000, 0x04da0000, 0x04da0000)
  from space 1216K,   7% used [0x04ed0000, 0x04ee6ce8, 0x05000000)
  to   space 1216K,   0% used [0x04da0000, 0x04da0000, 0x04ed0000)
 tenured generation   total 24540K, used 20227K [0x09950000, 0x0b147000, 0x14400000)
   the space 24540K,  82% used [0x09950000, 0x0ad10de0, 0x0ad10e00, 0x0b147000)
 compacting perm gen  total 12288K, used 9160K [0x14400000, 0x15000000, 0x18400000)
   the space 12288K,  74% used [0x14400000, 0x14cf2218, 0x14cf2400, 0x15000000)
No shared spaces configured.
Event: 68.442 GC heap after
Heap after GC invocations=71 (full 2):
 def new generation   total 11072K, used 98K [0x04400000, 0x05000000, 0x09950000)
  eden space 9856K,   0% used [0x04400000, 0x04400000, 0x04da0000)
  from space 1216K,   8% used [0x04da0000, 0x04db8930, 0x04ed0000)
  to   space 1216K,   0% used [0x04ed0000, 0x04ed0000, 0x05000000)
 tenured generation   total 24540K, used 20227K [0x09950000, 0x0b147000, 0x14400000)
   the space 24540K,  82% used [0x09950000, 0x0ad10de0, 0x0ad10e00, 0x0b147000)
 compacting perm gen  total 12288K, used 9160K [0x14400000, 0x15000000, 0x18400000)
   the space 12288K,  74% used [0x14400000, 0x14cf2218, 0x14cf2400, 0x15000000)
No shared spaces configured.
}
Event: 70.389 GC heap before
{Heap before GC invocations=71 (full 2):
 def new generation   total 11072K, used 9954K [0x04400000, 0x05000000, 0x09950000)
  eden space 9856K, 100% used [0x04400000, 0x04da0000, 0x04da0000)
  from space 1216K,   8% used [0x04da0000, 0x04db8930, 0x04ed0000)
  to   space 1216K,   0% used [0x04ed0000, 0x04ed0000, 0x05000000)
 tenured generation   total 24540K, used 20227K [0x09950000, 0x0b147000, 0x14400000)
   the space 24540K,  82% used [0x09950000, 0x0ad10de0, 0x0ad10e00, 0x0b147000)
 compacting perm gen  total 12288K, used 9160K [0x14400000, 0x15000000, 0x18400000)
   the space 12288K,  74% used [0x14400000, 0x14cf2298, 0x14cf2400, 0x15000000)
No shared spaces configured.
Event: 70.391 GC heap after
Heap after GC invocations=72 (full 2):
 def new generation   total 11072K, used 368K [0x04400000, 0x05000000, 0x09950000)
  eden space 9856K,   0% used [0x04400000, 0x04400000, 0x04da0000)
  from space 1216K,  30% used [0x04ed0000, 0x04f2c268, 0x05000000)
  to   space 1216K,   0% used [0x04da0000, 0x04da0000, 0x04ed0000)
 tenured generation   total 24540K, used 20227K [0x09950000, 0x0b147000, 0x14400000)
   the space 24540K,  82% used [0x09950000, 0x0ad10de0, 0x0ad10e00, 0x0b147000)
 compacting perm gen  total 12288K, used 9160K [0x14400000, 0x15000000, 0x18400000)
   the space 12288K,  74% used [0x14400000, 0x14cf2298, 0x14cf2400, 0x15000000)
No shared spaces configured.
}
Event: 71.276 GC heap before
{Heap before GC invocations=72 (full 2):
 def new generation   total 11072K, used 10224K [0x04400000, 0x05000000, 0x09950000)
  eden space 9856K, 100% used [0x04400000, 0x04da0000, 0x04da0000)
  from space 1216K,  30% used [0x04ed0000, 0x04f2c268, 0x05000000)
  to   space 1216K,   0% used [0x04da0000, 0x04da0000, 0x04ed0000)
 tenured generation   total 24540K, used 20227K [0x09950000, 0x0b147000, 0x14400000)
   the space 24540K,  82% used [0x09950000, 0x0ad10de0, 0x0ad10e00, 0x0b147000)
 compacting perm gen  total 12288K, used 9161K [0x14400000, 0x15000000, 0x18400000)
   the space 12288K,  74% used [0x14400000, 0x14cf2738, 0x14cf2800, 0x15000000)
No shared spaces configured.
Event: 71.280 GC heap after
Heap after GC invocations=73 (full 2):
 def new generation   total 11072K, used 1136K [0x04400000, 0x05000000, 0x09950000)
  eden space 9856K,   0% used [0x04400000, 0x04400000, 0x04da0000)
  from space 1216K,  93% used [0x04da0000, 0x04ebc0d0, 0x04ed0000)
  to   space 1216K,   0% used [0x04ed0000, 0x04ed0000, 0x05000000)
 tenured generation   total 24540K, used 20227K [0x09950000, 0x0b147000, 0x14400000)
   the space 24540K,  82% used [0x09950000, 0x0ad10de0, 0x0ad10e00, 0x0b147000)
 compacting perm gen  total 12288K, used 9161K [0x14400000, 0x15000000, 0x18400000)
   the space 12288K,  74% used [0x14400000, 0x14cf2738, 0x14cf2800, 0x15000000)
No shared spaces configured.
}
Event: 72.686 GC heap before
{Heap before GC invocations=73 (full 2):
 def new generation   total 11072K, used 10992K [0x04400000, 0x05000000, 0x09950000)
  eden space 9856K, 100% used [0x04400000, 0x04da0000, 0x04da0000)
  from space 1216K,  93% used [0x04da0000, 0x04ebc0d0, 0x04ed0000)
  to   space 1216K,   0% used [0x04ed0000, 0x04ed0000, 0x05000000)
 tenured generation   total 24540K, used 20227K [0x09950000, 0x0b147000, 0x14400000)
   the space 24540K,  82% used [0x09950000, 0x0ad10de0, 0x0ad10e00, 0x0b147000)
 compacting perm gen  total 12288K, used 9161K [0x14400000, 0x15000000, 0x18400000)
   the space 12288K,  74% used [0x14400000, 0x14cf2758, 0x14cf2800, 0x15000000)
No shared spaces configured.
Event: 72.689 GC heap after
Heap after GC invocations=74 (full 2):
 def new generation   total 11072K, used 605K [0x04400000, 0x05000000, 0x09950000)
  eden space 9856K,   0% used [0x04400000, 0x04400000, 0x04da0000)
  from space 1216K,  49% used [0x04ed0000, 0x04f67488, 0x05000000)
  to   space 1216K,   0% used [0x04da0000, 0x04da0000, 0x04ed0000)
 tenured generation   total 24540K, used 20843K [0x09950000, 0x0b147000, 0x14400000)
   the space 24540K,  84% used [0x09950000, 0x0adaad00, 0x0adaae00, 0x0b147000)
 compacting perm gen  total 12288K, used 9161K [0x14400000, 0x15000000, 0x18400000)
   the space 12288K,  74% used [0x14400000, 0x14cf2758, 0x14cf2800, 0x15000000)
No shared spaces configured.
}
Event: 74.174 GC heap before
{Heap before GC invocations=74 (full 2):
 def new generation   total 11072K, used 10461K [0x04400000, 0x05000000, 0x09950000)
  eden space 9856K, 100% used [0x04400000, 0x04da0000, 0x04da0000)
  from space 1216K,  49% used [0x04ed0000, 0x04f67488, 0x05000000)
  to   space 1216K,   0% used [0x04da0000, 0x04da0000, 0x04ed0000)
 tenured generation   total 24540K, used 20843K [0x09950000, 0x0b147000, 0x14400000)
   the space 24540K,  84% used [0x09950000, 0x0adaad00, 0x0adaae00, 0x0b147000)
 compacting perm gen  total 12288K, used 9161K [0x14400000, 0x15000000, 0x18400000)
   the space 12288K,  74% used [0x14400000, 0x14cf2768, 0x14cf2800, 0x15000000)
No shared spaces configured.
Event: 74.177 GC heap after
Heap after GC invocations=75 (full 2):
 def new generation   total 11072K, used 1025K [0x04400000, 0x05000000, 0x09950000)
  eden space 9856K,   0% used [0x04400000, 0x04400000, 0x04da0000)
  from space 1216K,  84% used [0x04da0000, 0x04ea0608, 0x04ed0000)
  to   space 1216K,   0% used [0x04ed0000, 0x04ed0000, 0x05000000)
 tenured generation   total 24540K, used 20843K [0x09950000, 0x0b147000, 0x14400000)
   the space 24540K,  84% used [0x09950000, 0x0adaad00, 0x0adaae00, 0x0b147000)
 compacting perm gen  total 12288K, used 9161K [0x14400000, 0x15000000, 0x18400000)
   the space 12288K,  74% used [0x14400000, 0x14cf2768, 0x14cf2800, 0x15000000)
No shared spaces configured.
}

