# JRE version: Java(TM) SE Runtime Environment (7.0_79-b15) (build 1.7.0_79-b15)
# Java VM: Java HotSpot(TM) Client VM (24.79-b02 mixed mode windows-x86 )
Heap
 def new generation   total 5760K, used 882K [0x04a00000, 0x05040000, 0x09f50000)
  eden space 5120K,   6% used [0x04a00000, 0x04a4cfe8, 0x04f00000)
  from space 640K,  89% used [0x04fa0000, 0x0502fa30, 0x05040000)
  to   space 640K,   0% used [0x04f00000, 0x04f00000, 0x04fa0000)
 tenured generation   total 12716K, used 7629K [0x09f50000, 0x0abbb000, 0x14a00000)
   the space 12716K,  59% used [0x09f50000, 0x0a6c3580, 0x0a6c3600, 0x0abbb000)
 compacting perm gen  total 12288K, used 9021K [0x14a00000, 0x15600000, 0x18a00000)
   the space 12288K,  73% used [0x14a00000, 0x152cf548, 0x152cf600, 0x15600000)
GC Heap History (10 events):
Event: 7.139 GC heap before
{Heap before GC invocations=17 (full 0):
 def new generation   total 4928K, used 4555K [0x04a00000, 0x04f50000, 0x09f50000)
  eden space 4416K, 100% used [0x04a00000, 0x04e50000, 0x04e50000)
  from space 512K,  27% used [0x04ed0000, 0x04ef2d00, 0x04f50000)
  to   space 512K,   0% used [0x04e50000, 0x04e50000, 0x04ed0000)
 tenured generation   total 10944K, used 8637K [0x09f50000, 0x0aa00000, 0x14a00000)
   the space 10944K,  78% used [0x09f50000, 0x0a7bf6d0, 0x0a7bf800, 0x0aa00000)
 compacting perm gen  total 12288K, used 9017K [0x14a00000, 0x15600000, 0x18a00000)
   the space 12288K,  73% used [0x14a00000, 0x152ce548, 0x152ce600, 0x15600000)
No shared spaces configured.
Event: 7.140 GC heap after
Heap after GC invocations=18 (full 0):
 def new generation   total 4928K, used 137K [0x04a00000, 0x04f50000, 0x09f50000)
  eden space 4416K,   0% used [0x04a00000, 0x04a00000, 0x04e50000)
  from space 512K,  26% used [0x04e50000, 0x04e725d0, 0x04ed0000)
  to   space 512K,   0% used [0x04ed0000, 0x04ed0000, 0x04f50000)
 tenured generation   total 10944K, used 8637K [0x09f50000, 0x0aa00000, 0x14a00000)
   the space 10944K,  78% used [0x09f50000, 0x0a7bf6d0, 0x0a7bf800, 0x0aa00000)
 compacting perm gen  total 12288K, used 9017K [0x14a00000, 0x15600000, 0x18a00000)
   the space 12288K,  73% used [0x14a00000, 0x152ce548, 0x152ce600, 0x15600000)
No shared spaces configured.
}
Event: 7.423 GC heap before
{Heap before GC invocations=18 (full 0):
 def new generation   total 4928K, used 4552K [0x04a00000, 0x04f50000, 0x09f50000)
  eden space 4416K,  99% used [0x04a00000, 0x04e4fd08, 0x04e50000)
  from space 512K,  26% used [0x04e50000, 0x04e725d0, 0x04ed0000)
  to   space 512K,   0% used [0x04ed0000, 0x04ed0000, 0x04f50000)
 tenured generation   total 10944K, used 8637K [0x09f50000, 0x0aa00000, 0x14a00000)
   the space 10944K,  78% used [0x09f50000, 0x0a7bf6d0, 0x0a7bf800, 0x0aa00000)
 compacting perm gen  total 12288K, used 9017K [0x14a00000, 0x15600000, 0x18a00000)
   the space 12288K,  73% used [0x14a00000, 0x152ce5f8, 0x152ce600, 0x15600000)
No shared spaces configured.
Event: 7.425 GC heap after
Heap after GC invocations=19 (full 0):
 def new generation   total 4928K, used 466K [0x04a00000, 0x04f50000, 0x09f50000)
  eden space 4416K,   0% used [0x04a00000, 0x04a00000, 0x04e50000)
  from space 512K,  91% used [0x04ed0000, 0x04f44b28, 0x04f50000)
  to   space 512K,   0% used [0x04e50000, 0x04e50000, 0x04ed0000)
 tenured generation   total 10944K, used 9370K [0x09f50000, 0x0aa00000, 0x14a00000)
   the space 10944K,  85% used [0x09f50000, 0x0a876850, 0x0a876a00, 0x0aa00000)
 compacting perm gen  total 12288K, used 9017K [0x14a00000, 0x15600000, 0x18a00000)
   the space 12288K,  73% used [0x14a00000, 0x152ce5f8, 0x152ce600, 0x15600000)
No shared spaces configured.
}
Event: 7.684 GC heap before
{Heap before GC invocations=19 (full 0):
 def new generation   total 4928K, used 4875K [0x04a00000, 0x04f50000, 0x09f50000)
  eden space 4416K,  99% used [0x04a00000, 0x04e4e218, 0x04e50000)
  from space 512K,  91% used [0x04ed0000, 0x04f44b28, 0x04f50000)
  to   space 512K,   0% used [0x04e50000, 0x04e50000, 0x04ed0000)
 tenured generation   total 10944K, used 9370K [0x09f50000, 0x0aa00000, 0x14a00000)
   the space 10944K,  85% used [0x09f50000, 0x0a876850, 0x0a876a00, 0x0aa00000)
 compacting perm gen  total 12288K, used 9017K [0x14a00000, 0x15600000, 0x18a00000)
   the space 12288K,  73% used [0x14a00000, 0x152ce658, 0x152ce800, 0x15600000)
No shared spaces configured.
Event: 7.687 GC heap after
Heap after GC invocations=20 (full 0):
 def new generation   total 4928K, used 465K [0x04a00000, 0x04f50000, 0x09f50000)
  eden space 4416K,   0% used [0x04a00000, 0x04a00000, 0x04e50000)
  from space 512K,  90% used [0x04e50000, 0x04ec4458, 0x04ed0000)
  to   space 512K,   0% used [0x04ed0000, 0x04ed0000, 0x04f50000)
 tenured generation   total 10944K, used 10546K [0x09f50000, 0x0aa00000, 0x14a00000)
   the space 10944K,  96% used [0x09f50000, 0x0a99c8c0, 0x0a99ca00, 0x0aa00000)
 compacting perm gen  total 12288K, used 9017K [0x14a00000, 0x15600000, 0x18a00000)
   the space 12288K,  73% used [0x14a00000, 0x152ce658, 0x152ce800, 0x15600000)
No shared spaces configured.
}
Event: 8.072 GC heap before
{Heap before GC invocations=20 (full 0):
 def new generation   total 4928K, used 4881K [0x04a00000, 0x04f50000, 0x09f50000)
  eden space 4416K, 100% used [0x04a00000, 0x04e50000, 0x04e50000)
  from space 512K,  90% used [0x04e50000, 0x04ec4458, 0x04ed0000)
  to   space 512K,   0% used [0x04ed0000, 0x04ed0000, 0x04f50000)
 tenured generation   total 10944K, used 10546K [0x09f50000, 0x0aa00000, 0x14a00000)
   the space 10944K,  96% used [0x09f50000, 0x0a99c8c0, 0x0a99ca00, 0x0aa00000)
 compacting perm gen  total 12288K, used 9017K [0x14a00000, 0x15600000, 0x18a00000)
   the space 12288K,  73% used [0x14a00000, 0x152ce698, 0x152ce800, 0x15600000)
No shared spaces configured.
Event: 8.102 GC heap after
Heap after GC invocations=21 (full 1):
 def new generation   total 5760K, used 0K [0x04a00000, 0x05040000, 0x09f50000)
  eden space 5120K,   0% used [0x04a00000, 0x04a00000, 0x04f00000)
  from space 640K,   0% used [0x04f00000, 0x04f00000, 0x04fa0000)
  to   space 640K,   0% used [0x04fa0000, 0x04fa0000, 0x05040000)
 tenured generation   total 12716K, used 7629K [0x09f50000, 0x0abbb000, 0x14a00000)
   the space 12716K,  59% used [0x09f50000, 0x0a6c3580, 0x0a6c3600, 0x0abbb000)
 compacting perm gen  total 12288K, used 9017K [0x14a00000, 0x15600000, 0x18a00000)
   the space 12288K,  73% used [0x14a00000, 0x152ce698, 0x152ce800, 0x15600000)
No shared spaces configured.
}
Event: 8.618 GC heap before
{Heap before GC invocations=21 (full 1):
 def new generation   total 5760K, used 5119K [0x04a00000, 0x05040000, 0x09f50000)
  eden space 5120K,  99% used [0x04a00000, 0x04efffe0, 0x04f00000)
  from space 640K,   0% used [0x04f00000, 0x04f00000, 0x04fa0000)
  to   space 640K,   0% used [0x04fa0000, 0x04fa0000, 0x05040000)
 tenured generation   total 12716K, used 7629K [0x09f50000, 0x0abbb000, 0x14a00000)
   the space 12716K,  59% used [0x09f50000, 0x0a6c3580, 0x0a6c3600, 0x0abbb000)
 compacting perm gen  total 12288K, used 9018K [0x14a00000, 0x15600000, 0x18a00000)
   the space 12288K,  73% used [0x14a00000, 0x152cead8, 0x152cec00, 0x15600000)
No shared spaces configured.
Event: 8.619 GC heap after
Heap after GC invocations=22 (full 1):
 def new generation   total 5760K, used 574K [0x04a00000, 0x05040000, 0x09f50000)
  eden space 5120K,   0% used [0x04a00000, 0x04a00000, 0x04f00000)
  from space 640K,  89% used [0x04fa0000, 0x0502fa30, 0x05040000)
  to   space 640K,   0% used [0x04f00000, 0x04f00000, 0x04fa0000)
 tenured generation   total 12716K, used 7629K [0x09f50000, 0x0abbb000, 0x14a00000)
   the space 12716K,  59% used [0x09f50000, 0x0a6c3580, 0x0a6c3600, 0x0abbb000)
 compacting perm gen  total 12288K, used 9018K [0x14a00000, 0x15600000, 0x18a00000)
   the space 12288K,  73% used [0x14a00000, 0x152cead8, 0x152cec00, 0x15600000)
No shared spaces configured.
}

