# JRE version: Java(TM) SE Runtime Environment (7.0_79-b15) (build 1.7.0_79-b15)
# Java VM: Java HotSpot(TM) Client VM (24.79-b02 mixed mode windows-x86 )
Heap
 def new generation   total 6400K, used 5603K [0x04600000, 0x04cf0000, 0x09b50000)
  eden space 5696K,  93% used [0x04600000, 0x04b391f0, 0x04b90000)
  from space 704K,  36% used [0x04c40000, 0x04c7fa68, 0x04cf0000)
  to   space 704K,   0% used [0x04b90000, 0x04b90000, 0x04c40000)
 tenured generation   total 14128K, used 8475K [0x09b50000, 0x0a91c000, 0x14600000)
   the space 14128K,  59% used [0x09b50000, 0x0a396f08, 0x0a397000, 0x0a91c000)
 compacting perm gen  total 12288K, used 9046K [0x14600000, 0x15200000, 0x18600000)
   the space 12288K,  73% used [0x14600000, 0x14ed5870, 0x14ed5a00, 0x15200000)
GC Heap History (10 events):
Event: 6.080 GC heap before
{Heap before GC invocations=14 (full 1):
 def new generation   total 6400K, used 5696K [0x04600000, 0x04cf0000, 0x09b50000)
  eden space 5696K, 100% used [0x04600000, 0x04b90000, 0x04b90000)
  from space 704K,   0% used [0x04b90000, 0x04b90000, 0x04c40000)
  to   space 704K,   0% used [0x04c40000, 0x04c40000, 0x04cf0000)
 tenured generation   total 14128K, used 8475K [0x09b50000, 0x0a91c000, 0x14600000)
   the space 14128K,  59% used [0x09b50000, 0x0a396f08, 0x0a397000, 0x0a91c000)
 compacting perm gen  total 12288K, used 9025K [0x14600000, 0x15200000, 0x18600000)
   the space 12288K,  73% used [0x14600000, 0x14ed0450, 0x14ed0600, 0x15200000)
No shared spaces configured.
Event: 6.081 GC heap after
Heap after GC invocations=15 (full 1):
 def new generation   total 6400K, used 27K [0x04600000, 0x04cf0000, 0x09b50000)
  eden space 5696K,   0% used [0x04600000, 0x04600000, 0x04b90000)
  from space 704K,   3% used [0x04c40000, 0x04c46dd8, 0x04cf0000)
  to   space 704K,   0% used [0x04b90000, 0x04b90000, 0x04c40000)
 tenured generation   total 14128K, used 8475K [0x09b50000, 0x0a91c000, 0x14600000)
   the space 14128K,  59% used [0x09b50000, 0x0a396f08, 0x0a397000, 0x0a91c000)
 compacting perm gen  total 12288K, used 9025K [0x14600000, 0x15200000, 0x18600000)
   the space 12288K,  73% used [0x14600000, 0x14ed0450, 0x14ed0600, 0x15200000)
No shared spaces configured.
}
Event: 6.448 GC heap before
{Heap before GC invocations=15 (full 1):
 def new generation   total 6400K, used 5723K [0x04600000, 0x04cf0000, 0x09b50000)
  eden space 5696K, 100% used [0x04600000, 0x04b90000, 0x04b90000)
  from space 704K,   3% used [0x04c40000, 0x04c46dd8, 0x04cf0000)
  to   space 704K,   0% used [0x04b90000, 0x04b90000, 0x04c40000)
 tenured generation   total 14128K, used 8475K [0x09b50000, 0x0a91c000, 0x14600000)
   the space 14128K,  59% used [0x09b50000, 0x0a396f08, 0x0a397000, 0x0a91c000)
 compacting perm gen  total 12288K, used 9043K [0x14600000, 0x15200000, 0x18600000)
   the space 12288K,  73% used [0x14600000, 0x14ed4df0, 0x14ed4e00, 0x15200000)
No shared spaces configured.
Event: 6.449 GC heap after
Heap after GC invocations=16 (full 1):
 def new generation   total 6400K, used 265K [0x04600000, 0x04cf0000, 0x09b50000)
  eden space 5696K,   0% used [0x04600000, 0x04600000, 0x04b90000)
  from space 704K,  37% used [0x04b90000, 0x04bd2428, 0x04c40000)
  to   space 704K,   0% used [0x04c40000, 0x04c40000, 0x04cf0000)
 tenured generation   total 14128K, used 8475K [0x09b50000, 0x0a91c000, 0x14600000)
   the space 14128K,  59% used [0x09b50000, 0x0a396f08, 0x0a397000, 0x0a91c000)
 compacting perm gen  total 12288K, used 9043K [0x14600000, 0x15200000, 0x18600000)
   the space 12288K,  73% used [0x14600000, 0x14ed4df0, 0x14ed4e00, 0x15200000)
No shared spaces configured.
}
Event: 7.080 GC heap before
{Heap before GC invocations=16 (full 1):
 def new generation   total 6400K, used 5961K [0x04600000, 0x04cf0000, 0x09b50000)
  eden space 5696K, 100% used [0x04600000, 0x04b90000, 0x04b90000)
  from space 704K,  37% used [0x04b90000, 0x04bd2428, 0x04c40000)
  to   space 704K,   0% used [0x04c40000, 0x04c40000, 0x04cf0000)
 tenured generation   total 14128K, used 8475K [0x09b50000, 0x0a91c000, 0x14600000)
   the space 14128K,  59% used [0x09b50000, 0x0a396f08, 0x0a397000, 0x0a91c000)
 compacting perm gen  total 12288K, used 9043K [0x14600000, 0x15200000, 0x18600000)
   the space 12288K,  73% used [0x14600000, 0x14ed4df0, 0x14ed4e00, 0x15200000)
No shared spaces configured.
Event: 7.081 GC heap after
Heap after GC invocations=17 (full 1):
 def new generation   total 6400K, used 255K [0x04600000, 0x04cf0000, 0x09b50000)
  eden space 5696K,   0% used [0x04600000, 0x04600000, 0x04b90000)
  from space 704K,  36% used [0x04c40000, 0x04c7fcc0, 0x04cf0000)
  to   space 704K,   0% used [0x04b90000, 0x04b90000, 0x04c40000)
 tenured generation   total 14128K, used 8475K [0x09b50000, 0x0a91c000, 0x14600000)
   the space 14128K,  59% used [0x09b50000, 0x0a396f08, 0x0a397000, 0x0a91c000)
 compacting perm gen  total 12288K, used 9043K [0x14600000, 0x15200000, 0x18600000)
   the space 12288K,  73% used [0x14600000, 0x14ed4df0, 0x14ed4e00, 0x15200000)
No shared spaces configured.
}
Event: 7.693 GC heap before
{Heap before GC invocations=17 (full 1):
 def new generation   total 6400K, used 5951K [0x04600000, 0x04cf0000, 0x09b50000)
  eden space 5696K, 100% used [0x04600000, 0x04b90000, 0x04b90000)
  from space 704K,  36% used [0x04c40000, 0x04c7fcc0, 0x04cf0000)
  to   space 704K,   0% used [0x04b90000, 0x04b90000, 0x04c40000)
 tenured generation   total 14128K, used 8475K [0x09b50000, 0x0a91c000, 0x14600000)
   the space 14128K,  59% used [0x09b50000, 0x0a396f08, 0x0a397000, 0x0a91c000)
 compacting perm gen  total 12288K, used 9043K [0x14600000, 0x15200000, 0x18600000)
   the space 12288K,  73% used [0x14600000, 0x14ed4e00, 0x14ed4e00, 0x15200000)
No shared spaces configured.
Event: 7.694 GC heap after
Heap after GC invocations=18 (full 1):
 def new generation   total 6400K, used 255K [0x04600000, 0x04cf0000, 0x09b50000)
  eden space 5696K,   0% used [0x04600000, 0x04600000, 0x04b90000)
  from space 704K,  36% used [0x04b90000, 0x04bcfd88, 0x04c40000)
  to   space 704K,   0% used [0x04c40000, 0x04c40000, 0x04cf0000)
 tenured generation   total 14128K, used 8475K [0x09b50000, 0x0a91c000, 0x14600000)
   the space 14128K,  59% used [0x09b50000, 0x0a396f08, 0x0a397000, 0x0a91c000)
 compacting perm gen  total 12288K, used 9043K [0x14600000, 0x15200000, 0x18600000)
   the space 12288K,  73% used [0x14600000, 0x14ed4e00, 0x14ed4e00, 0x15200000)
No shared spaces configured.
}
Event: 8.319 GC heap before
{Heap before GC invocations=18 (full 1):
 def new generation   total 6400K, used 5951K [0x04600000, 0x04cf0000, 0x09b50000)
  eden space 5696K, 100% used [0x04600000, 0x04b90000, 0x04b90000)
  from space 704K,  36% used [0x04b90000, 0x04bcfd88, 0x04c40000)
  to   space 704K,   0% used [0x04c40000, 0x04c40000, 0x04cf0000)
 tenured generation   total 14128K, used 8475K [0x09b50000, 0x0a91c000, 0x14600000)
   the space 14128K,  59% used [0x09b50000, 0x0a396f08, 0x0a397000, 0x0a91c000)
 compacting perm gen  total 12288K, used 9043K [0x14600000, 0x15200000, 0x18600000)
   the space 12288K,  73% used [0x14600000, 0x14ed4e00, 0x14ed4e00, 0x15200000)
No shared spaces configured.
Event: 8.320 GC heap after
Heap after GC invocations=19 (full 1):
 def new generation   total 6400K, used 254K [0x04600000, 0x04cf0000, 0x09b50000)
  eden space 5696K,   0% used [0x04600000, 0x04600000, 0x04b90000)
  from space 704K,  36% used [0x04c40000, 0x04c7fa68, 0x04cf0000)
  to   space 704K,   0% used [0x04b90000, 0x04b90000, 0x04c40000)
 tenured generation   total 14128K, used 8475K [0x09b50000, 0x0a91c000, 0x14600000)
   the space 14128K,  59% used [0x09b50000, 0x0a396f08, 0x0a397000, 0x0a91c000)
 compacting perm gen  total 12288K, used 9043K [0x14600000, 0x15200000, 0x18600000)
   the space 12288K,  73% used [0x14600000, 0x14ed4e00, 0x14ed4e00, 0x15200000)
No shared spaces configured.
}

