# JRE version: Java(TM) SE Runtime Environment (7.0_79-b15) (build 1.7.0_79-b15)
# Java VM: Java HotSpot(TM) Client VM (24.79-b02 mixed mode windows-x86 )
Heap
 def new generation   total 5760K, used 1888K [0x04a00000, 0x05030000, 0x09f50000)
  eden space 5184K,  36% used [0x04a00000, 0x04bd7ba8, 0x04f10000)
  from space 576K,   0% used [0x04f10000, 0x04f10798, 0x04fa0000)
  to   space 576K,   0% used [0x04fa0000, 0x04fa0000, 0x05030000)
 tenured generation   total 12644K, used 10051K [0x09f50000, 0x0aba9000, 0x14a00000)
   the space 12644K,  79% used [0x09f50000, 0x0a920ce8, 0x0a920e00, 0x0aba9000)
 compacting perm gen  total 12288K, used 9250K [0x14a00000, 0x15600000, 0x18a00000)
   the space 12288K,  75% used [0x14a00000, 0x15308b50, 0x15308c00, 0x15600000)
GC Heap History (10 events):
Event: 160.470 GC heap before
{Heap before GC invocations=166 (full 1):
 def new generation   total 5760K, used 5185K [0x04a00000, 0x05030000, 0x09f50000)
  eden space 5184K, 100% used [0x04a00000, 0x04f10000, 0x04f10000)
  from space 576K,   0% used [0x04fa0000, 0x04fa05e0, 0x05030000)
  to   space 576K,   0% used [0x04f10000, 0x04f10000, 0x04fa0000)
 tenured generation   total 12644K, used 10051K [0x09f50000, 0x0aba9000, 0x14a00000)
   the space 12644K,  79% used [0x09f50000, 0x0a920ce8, 0x0a920e00, 0x0aba9000)
 compacting perm gen  total 12288K, used 9247K [0x14a00000, 0x15600000, 0x18a00000)
   the space 12288K,  75% used [0x14a00000, 0x15307c20, 0x15307e00, 0x15600000)
No shared spaces configured.
Event: 160.471 GC heap after
Heap after GC invocations=167 (full 1):
 def new generation   total 5760K, used 1K [0x04a00000, 0x05030000, 0x09f50000)
  eden space 5184K,   0% used [0x04a00000, 0x04a00000, 0x04f10000)
  from space 576K,   0% used [0x04f10000, 0x04f105d0, 0x04fa0000)
  to   space 576K,   0% used [0x04fa0000, 0x04fa0000, 0x05030000)
 tenured generation   total 12644K, used 10051K [0x09f50000, 0x0aba9000, 0x14a00000)
   the space 12644K,  79% used [0x09f50000, 0x0a920ce8, 0x0a920e00, 0x0aba9000)
 compacting perm gen  total 12288K, used 9247K [0x14a00000, 0x15600000, 0x18a00000)
   the space 12288K,  75% used [0x14a00000, 0x15307c20, 0x15307e00, 0x15600000)
No shared spaces configured.
}
Event: 161.546 GC heap before
{Heap before GC invocations=167 (full 1):
 def new generation   total 5760K, used 5185K [0x04a00000, 0x05030000, 0x09f50000)
  eden space 5184K, 100% used [0x04a00000, 0x04f10000, 0x04f10000)
  from space 576K,   0% used [0x04f10000, 0x04f105d0, 0x04fa0000)
  to   space 576K,   0% used [0x04fa0000, 0x04fa0000, 0x05030000)
 tenured generation   total 12644K, used 10051K [0x09f50000, 0x0aba9000, 0x14a00000)
   the space 12644K,  79% used [0x09f50000, 0x0a920ce8, 0x0a920e00, 0x0aba9000)
 compacting perm gen  total 12288K, used 9247K [0x14a00000, 0x15600000, 0x18a00000)
   the space 12288K,  75% used [0x14a00000, 0x15307c20, 0x15307e00, 0x15600000)
No shared spaces configured.
Event: 161.546 GC heap after
Heap after GC invocations=168 (full 1):
 def new generation   total 5760K, used 1K [0x04a00000, 0x05030000, 0x09f50000)
  eden space 5184K,   0% used [0x04a00000, 0x04a00000, 0x04f10000)
  from space 576K,   0% used [0x04fa0000, 0x04fa05d0, 0x05030000)
  to   space 576K,   0% used [0x04f10000, 0x04f10000, 0x04fa0000)
 tenured generation   total 12644K, used 10051K [0x09f50000, 0x0aba9000, 0x14a00000)
   the space 12644K,  79% used [0x09f50000, 0x0a920ce8, 0x0a920e00, 0x0aba9000)
 compacting perm gen  total 12288K, used 9247K [0x14a00000, 0x15600000, 0x18a00000)
   the space 12288K,  75% used [0x14a00000, 0x15307c20, 0x15307e00, 0x15600000)
No shared spaces configured.
}
Event: 162.567 GC heap before
{Heap before GC invocations=168 (full 1):
 def new generation   total 5760K, used 5185K [0x04a00000, 0x05030000, 0x09f50000)
  eden space 5184K, 100% used [0x04a00000, 0x04f10000, 0x04f10000)
  from space 576K,   0% used [0x04fa0000, 0x04fa05d0, 0x05030000)
  to   space 576K,   0% used [0x04f10000, 0x04f10000, 0x04fa0000)
 tenured generation   total 12644K, used 10051K [0x09f50000, 0x0aba9000, 0x14a00000)
   the space 12644K,  79% used [0x09f50000, 0x0a920ce8, 0x0a920e00, 0x0aba9000)
 compacting perm gen  total 12288K, used 9247K [0x14a00000, 0x15600000, 0x18a00000)
   the space 12288K,  75% used [0x14a00000, 0x15307c20, 0x15307e00, 0x15600000)
No shared spaces configured.
Event: 162.567 GC heap after
Heap after GC invocations=169 (full 1):
 def new generation   total 5760K, used 1K [0x04a00000, 0x05030000, 0x09f50000)
  eden space 5184K,   0% used [0x04a00000, 0x04a00000, 0x04f10000)
  from space 576K,   0% used [0x04f10000, 0x04f10630, 0x04fa0000)
  to   space 576K,   0% used [0x04fa0000, 0x04fa0000, 0x05030000)
 tenured generation   total 12644K, used 10051K [0x09f50000, 0x0aba9000, 0x14a00000)
   the space 12644K,  79% used [0x09f50000, 0x0a920ce8, 0x0a920e00, 0x0aba9000)
 compacting perm gen  total 12288K, used 9247K [0x14a00000, 0x15600000, 0x18a00000)
   the space 12288K,  75% used [0x14a00000, 0x15307c20, 0x15307e00, 0x15600000)
No shared spaces configured.
}
Event: 163.612 GC heap before
{Heap before GC invocations=169 (full 1):
 def new generation   total 5760K, used 5185K [0x04a00000, 0x05030000, 0x09f50000)
  eden space 5184K, 100% used [0x04a00000, 0x04f10000, 0x04f10000)
  from space 576K,   0% used [0x04f10000, 0x04f10630, 0x04fa0000)
  to   space 576K,   0% used [0x04fa0000, 0x04fa0000, 0x05030000)
 tenured generation   total 12644K, used 10051K [0x09f50000, 0x0aba9000, 0x14a00000)
   the space 12644K,  79% used [0x09f50000, 0x0a920ce8, 0x0a920e00, 0x0aba9000)
 compacting perm gen  total 12288K, used 9247K [0x14a00000, 0x15600000, 0x18a00000)
   the space 12288K,  75% used [0x14a00000, 0x15307c20, 0x15307e00, 0x15600000)
No shared spaces configured.
Event: 163.612 GC heap after
Heap after GC invocations=170 (full 1):
 def new generation   total 5760K, used 2K [0x04a00000, 0x05030000, 0x09f50000)
  eden space 5184K,   0% used [0x04a00000, 0x04a00000, 0x04f10000)
  from space 576K,   0% used [0x04fa0000, 0x04fa0910, 0x05030000)
  to   space 576K,   0% used [0x04f10000, 0x04f10000, 0x04fa0000)
 tenured generation   total 12644K, used 10051K [0x09f50000, 0x0aba9000, 0x14a00000)
   the space 12644K,  79% used [0x09f50000, 0x0a920ce8, 0x0a920e00, 0x0aba9000)
 compacting perm gen  total 12288K, used 9247K [0x14a00000, 0x15600000, 0x18a00000)
   the space 12288K,  75% used [0x14a00000, 0x15307c20, 0x15307e00, 0x15600000)
No shared spaces configured.
}
Event: 164.731 GC heap before
{Heap before GC invocations=170 (full 1):
 def new generation   total 5760K, used 5186K [0x04a00000, 0x05030000, 0x09f50000)
  eden space 5184K, 100% used [0x04a00000, 0x04f10000, 0x04f10000)
  from space 576K,   0% used [0x04fa0000, 0x04fa0910, 0x05030000)
  to   space 576K,   0% used [0x04f10000, 0x04f10000, 0x04fa0000)
 tenured generation   total 12644K, used 10051K [0x09f50000, 0x0aba9000, 0x14a00000)
   the space 12644K,  79% used [0x09f50000, 0x0a920ce8, 0x0a920e00, 0x0aba9000)
 compacting perm gen  total 12288K, used 9247K [0x14a00000, 0x15600000, 0x18a00000)
   the space 12288K,  75% used [0x14a00000, 0x15307c20, 0x15307e00, 0x15600000)
No shared spaces configured.
Event: 164.731 GC heap after
Heap after GC invocations=171 (full 1):
 def new generation   total 5760K, used 1K [0x04a00000, 0x05030000, 0x09f50000)
  eden space 5184K,   0% used [0x04a00000, 0x04a00000, 0x04f10000)
  from space 576K,   0% used [0x04f10000, 0x04f10798, 0x04fa0000)
  to   space 576K,   0% used [0x04fa0000, 0x04fa0000, 0x05030000)
 tenured generation   total 12644K, used 10051K [0x09f50000, 0x0aba9000, 0x14a00000)
   the space 12644K,  79% used [0x09f50000, 0x0a920ce8, 0x0a920e00, 0x0aba9000)
 compacting perm gen  total 12288K, used 9247K [0x14a00000, 0x15600000, 0x18a00000)
   the space 12288K,  75% used [0x14a00000, 0x15307c20, 0x15307e00, 0x15600000)
No shared spaces configured.
}

