# JRE version: Java(TM) SE Runtime Environment (7.0_79-b15) (build 1.7.0_79-b15)
# Java VM: Java HotSpot(TM) Client VM (24.79-b02 mixed mode windows-x86 )
Heap
 def new generation   total 6656K, used 1079K [0x05200000, 0x05930000, 0x0a750000)
  eden space 5952K,  13% used [0x05200000, 0x052c8860, 0x057d0000)
  from space 704K,  39% used [0x057d0000, 0x05815778, 0x05880000)
  to   space 704K,   0% used [0x05880000, 0x05880000, 0x05930000)
 tenured generation   total 14604K, used 9351K [0x0a750000, 0x0b593000, 0x15200000)
   the space 14604K,  64% used [0x0a750000, 0x0b071ec8, 0x0b072000, 0x0b593000)
 compacting perm gen  total 12288K, used 9251K [0x15200000, 0x15e00000, 0x19200000)
   the space 12288K,  75% used [0x15200000, 0x15b08f68, 0x15b09000, 0x15e00000)
GC Heap History (10 events):
Event: 58.239 GC heap before
{Heap before GC invocations=91 (full 2):
 def new generation   total 6656K, used 6109K [0x05200000, 0x05930000, 0x0a750000)
  eden space 5952K, 100% used [0x05200000, 0x057d0000, 0x057d0000)
  from space 704K,  22% used [0x05880000, 0x058a7478, 0x05930000)
  to   space 704K,   0% used [0x057d0000, 0x057d0000, 0x05880000)
 tenured generation   total 14604K, used 9195K [0x0a750000, 0x0b593000, 0x15200000)
   the space 14604K,  62% used [0x0a750000, 0x0b04ace8, 0x0b04ae00, 0x0b593000)
 compacting perm gen  total 12288K, used 9244K [0x15200000, 0x15e00000, 0x19200000)
   the space 12288K,  75% used [0x15200000, 0x15b07390, 0x15b07400, 0x15e00000)
No shared spaces configured.
Event: 58.239 GC heap after
Heap after GC invocations=92 (full 2):
 def new generation   total 6656K, used 1K [0x05200000, 0x05930000, 0x0a750000)
  eden space 5952K,   0% used [0x05200000, 0x05200000, 0x057d0000)
  from space 704K,   0% used [0x057d0000, 0x057d06b0, 0x05880000)
  to   space 704K,   0% used [0x05880000, 0x05880000, 0x05930000)
 tenured generation   total 14604K, used 9351K [0x0a750000, 0x0b593000, 0x15200000)
   the space 14604K,  64% used [0x0a750000, 0x0b071e70, 0x0b072000, 0x0b593000)
 compacting perm gen  total 12288K, used 9244K [0x15200000, 0x15e00000, 0x19200000)
   the space 12288K,  75% used [0x15200000, 0x15b07390, 0x15b07400, 0x15e00000)
No shared spaces configured.
}
Event: 59.422 GC heap before
{Heap before GC invocations=92 (full 2):
 def new generation   total 6656K, used 5953K [0x05200000, 0x05930000, 0x0a750000)
  eden space 5952K, 100% used [0x05200000, 0x057d0000, 0x057d0000)
  from space 704K,   0% used [0x057d0000, 0x057d06b0, 0x05880000)
  to   space 704K,   0% used [0x05880000, 0x05880000, 0x05930000)
 tenured generation   total 14604K, used 9351K [0x0a750000, 0x0b593000, 0x15200000)
   the space 14604K,  64% used [0x0a750000, 0x0b071e70, 0x0b072000, 0x0b593000)
 compacting perm gen  total 12288K, used 9245K [0x15200000, 0x15e00000, 0x19200000)
   the space 12288K,  75% used [0x15200000, 0x15b07410, 0x15b07600, 0x15e00000)
No shared spaces configured.
Event: 59.423 GC heap after
Heap after GC invocations=93 (full 2):
 def new generation   total 6656K, used 1K [0x05200000, 0x05930000, 0x0a750000)
  eden space 5952K,   0% used [0x05200000, 0x05200000, 0x057d0000)
  from space 704K,   0% used [0x05880000, 0x05880640, 0x05930000)
  to   space 704K,   0% used [0x057d0000, 0x057d0000, 0x05880000)
 tenured generation   total 14604K, used 9351K [0x0a750000, 0x0b593000, 0x15200000)
   the space 14604K,  64% used [0x0a750000, 0x0b071ec8, 0x0b072000, 0x0b593000)
 compacting perm gen  total 12288K, used 9245K [0x15200000, 0x15e00000, 0x19200000)
   the space 12288K,  75% used [0x15200000, 0x15b07410, 0x15b07600, 0x15e00000)
No shared spaces configured.
}
Event: 60.608 GC heap before
{Heap before GC invocations=93 (full 2):
 def new generation   total 6656K, used 5953K [0x05200000, 0x05930000, 0x0a750000)
  eden space 5952K, 100% used [0x05200000, 0x057d0000, 0x057d0000)
  from space 704K,   0% used [0x05880000, 0x05880640, 0x05930000)
  to   space 704K,   0% used [0x057d0000, 0x057d0000, 0x05880000)
 tenured generation   total 14604K, used 9351K [0x0a750000, 0x0b593000, 0x15200000)
   the space 14604K,  64% used [0x0a750000, 0x0b071ec8, 0x0b072000, 0x0b593000)
 compacting perm gen  total 12288K, used 9245K [0x15200000, 0x15e00000, 0x19200000)
   the space 12288K,  75% used [0x15200000, 0x15b07410, 0x15b07600, 0x15e00000)
No shared spaces configured.
Event: 60.608 GC heap after
Heap after GC invocations=94 (full 2):
 def new generation   total 6656K, used 1K [0x05200000, 0x05930000, 0x0a750000)
  eden space 5952K,   0% used [0x05200000, 0x05200000, 0x057d0000)
  from space 704K,   0% used [0x057d0000, 0x057d0640, 0x05880000)
  to   space 704K,   0% used [0x05880000, 0x05880000, 0x05930000)
 tenured generation   total 14604K, used 9351K [0x0a750000, 0x0b593000, 0x15200000)
   the space 14604K,  64% used [0x0a750000, 0x0b071ec8, 0x0b072000, 0x0b593000)
 compacting perm gen  total 12288K, used 9245K [0x15200000, 0x15e00000, 0x19200000)
   the space 12288K,  75% used [0x15200000, 0x15b07410, 0x15b07600, 0x15e00000)
No shared spaces configured.
}
Event: 61.840 GC heap before
{Heap before GC invocations=94 (full 2):
 def new generation   total 6656K, used 5953K [0x05200000, 0x05930000, 0x0a750000)
  eden space 5952K, 100% used [0x05200000, 0x057d0000, 0x057d0000)
  from space 704K,   0% used [0x057d0000, 0x057d0640, 0x05880000)
  to   space 704K,   0% used [0x05880000, 0x05880000, 0x05930000)
 tenured generation   total 14604K, used 9351K [0x0a750000, 0x0b593000, 0x15200000)
   the space 14604K,  64% used [0x0a750000, 0x0b071ec8, 0x0b072000, 0x0b593000)
 compacting perm gen  total 12288K, used 9245K [0x15200000, 0x15e00000, 0x19200000)
   the space 12288K,  75% used [0x15200000, 0x15b07440, 0x15b07600, 0x15e00000)
No shared spaces configured.
Event: 61.840 GC heap after
Heap after GC invocations=95 (full 2):
 def new generation   total 6656K, used 1K [0x05200000, 0x05930000, 0x0a750000)
  eden space 5952K,   0% used [0x05200000, 0x05200000, 0x057d0000)
  from space 704K,   0% used [0x05880000, 0x05880428, 0x05930000)
  to   space 704K,   0% used [0x057d0000, 0x057d0000, 0x05880000)
 tenured generation   total 14604K, used 9351K [0x0a750000, 0x0b593000, 0x15200000)
   the space 14604K,  64% used [0x0a750000, 0x0b071ec8, 0x0b072000, 0x0b593000)
 compacting perm gen  total 12288K, used 9245K [0x15200000, 0x15e00000, 0x19200000)
   the space 12288K,  75% used [0x15200000, 0x15b07440, 0x15b07600, 0x15e00000)
No shared spaces configured.
}
Event: 62.956 GC heap before
{Heap before GC invocations=95 (full 2):
 def new generation   total 6656K, used 5953K [0x05200000, 0x05930000, 0x0a750000)
  eden space 5952K, 100% used [0x05200000, 0x057d0000, 0x057d0000)
  from space 704K,   0% used [0x05880000, 0x05880428, 0x05930000)
  to   space 704K,   0% used [0x057d0000, 0x057d0000, 0x05880000)
 tenured generation   total 14604K, used 9351K [0x0a750000, 0x0b593000, 0x15200000)
   the space 14604K,  64% used [0x0a750000, 0x0b071ec8, 0x0b072000, 0x0b593000)
 compacting perm gen  total 12288K, used 9248K [0x15200000, 0x15e00000, 0x19200000)
   the space 12288K,  75% used [0x15200000, 0x15b08038, 0x15b08200, 0x15e00000)
No shared spaces configured.
Event: 62.957 GC heap after
Heap after GC invocations=96 (full 2):
 def new generation   total 6656K, used 277K [0x05200000, 0x05930000, 0x0a750000)
  eden space 5952K,   0% used [0x05200000, 0x05200000, 0x057d0000)
  from space 704K,  39% used [0x057d0000, 0x05815778, 0x05880000)
  to   space 704K,   0% used [0x05880000, 0x05880000, 0x05930000)
 tenured generation   total 14604K, used 9351K [0x0a750000, 0x0b593000, 0x15200000)
   the space 14604K,  64% used [0x0a750000, 0x0b071ec8, 0x0b072000, 0x0b593000)
 compacting perm gen  total 12288K, used 9248K [0x15200000, 0x15e00000, 0x19200000)
   the space 12288K,  75% used [0x15200000, 0x15b08038, 0x15b08200, 0x15e00000)
No shared spaces configured.
}

