# JRE version: Java(TM) SE Runtime Environment (7.0_79-b15) (build 1.7.0_79-b15)
# Java VM: Java HotSpot(TM) Client VM (24.79-b02 mixed mode windows-x86 )
Heap
 def new generation   total 4928K, used 1007K [0x04200000, 0x04750000, 0x09750000)
  eden space 4416K,  21% used [0x04200000, 0x042f01f8, 0x04650000)
  from space 512K,   9% used [0x046d0000, 0x046dbce8, 0x04750000)
  to   space 512K,   0% used [0x04650000, 0x04650000, 0x046d0000)
 tenured generation   total 10944K, used 2554K [0x09750000, 0x0a200000, 0x14200000)
   the space 10944K,  23% used [0x09750000, 0x099cea80, 0x099cec00, 0x0a200000)
 compacting perm gen  total 12288K, used 4787K [0x14200000, 0x14e00000, 0x18200000)
   the space 12288K,  38% used [0x14200000, 0x146acdf0, 0x146ace00, 0x14e00000)
GC Heap History (10 events):
Event: 0.562 GC heap before
{Heap before GC invocations=2 (full 0):
 def new generation   total 4928K, used 4928K [0x04200000, 0x04750000, 0x09750000)
  eden space 4416K, 100% used [0x04200000, 0x04650000, 0x04650000)
  from space 512K, 100% used [0x04650000, 0x046d0000, 0x046d0000)
  to   space 512K,   0% used [0x046d0000, 0x046d0000, 0x04750000)
 tenured generation   total 10944K, used 1716K [0x09750000, 0x0a200000, 0x14200000)
   the space 10944K,  15% used [0x09750000, 0x098fd208, 0x098fd400, 0x0a200000)
 compacting perm gen  total 12288K, used 4567K [0x14200000, 0x14e00000, 0x18200000)
   the space 12288K,  37% used [0x14200000, 0x14675c10, 0x14675e00, 0x14e00000)
No shared spaces configured.
Event: 0.566 GC heap after
Heap after GC invocations=3 (full 0):
 def new generation   total 4928K, used 331K [0x04200000, 0x04750000, 0x09750000)
  eden space 4416K,   0% used [0x04200000, 0x04200000, 0x04650000)
  from space 512K,  64% used [0x046d0000, 0x04722ea8, 0x04750000)
  to   space 512K,   0% used [0x04650000, 0x04650000, 0x046d0000)
 tenured generation   total 10944K, used 2226K [0x09750000, 0x0a200000, 0x14200000)
   the space 10944K,  20% used [0x09750000, 0x0997cad0, 0x0997cc00, 0x0a200000)
 compacting perm gen  total 12288K, used 4567K [0x14200000, 0x14e00000, 0x18200000)
   the space 12288K,  37% used [0x14200000, 0x14675c10, 0x14675e00, 0x14e00000)
No shared spaces configured.
}
Event: 1.777 GC heap before
{Heap before GC invocations=3 (full 0):
 def new generation   total 4928K, used 4747K [0x04200000, 0x04750000, 0x09750000)
  eden space 4416K, 100% used [0x04200000, 0x04650000, 0x04650000)
  from space 512K,  64% used [0x046d0000, 0x04722ea8, 0x04750000)
  to   space 512K,   0% used [0x04650000, 0x04650000, 0x046d0000)
 tenured generation   total 10944K, used 2226K [0x09750000, 0x0a200000, 0x14200000)
   the space 10944K,  20% used [0x09750000, 0x0997cad0, 0x0997cc00, 0x0a200000)
 compacting perm gen  total 12288K, used 4775K [0x14200000, 0x14e00000, 0x18200000)
   the space 12288K,  38% used [0x14200000, 0x146a9c38, 0x146a9e00, 0x14e00000)
No shared spaces configured.
Event: 1.779 GC heap after
Heap after GC invocations=4 (full 0):
 def new generation   total 4928K, used 42K [0x04200000, 0x04750000, 0x09750000)
  eden space 4416K,   0% used [0x04200000, 0x04200000, 0x04650000)
  from space 512K,   8% used [0x04650000, 0x0465aab0, 0x046d0000)
  to   space 512K,   0% used [0x046d0000, 0x046d0000, 0x04750000)
 tenured generation   total 10944K, used 2554K [0x09750000, 0x0a200000, 0x14200000)
   the space 10944K,  23% used [0x09750000, 0x099cea80, 0x099cec00, 0x0a200000)
 compacting perm gen  total 12288K, used 4775K [0x14200000, 0x14e00000, 0x18200000)
   the space 12288K,  38% used [0x14200000, 0x146a9c38, 0x146a9e00, 0x14e00000)
No shared spaces configured.
}
Event: 2.928 GC heap before
{Heap before GC invocations=4 (full 0):
 def new generation   total 4928K, used 4458K [0x04200000, 0x04750000, 0x09750000)
  eden space 4416K, 100% used [0x04200000, 0x04650000, 0x04650000)
  from space 512K,   8% used [0x04650000, 0x0465aab0, 0x046d0000)
  to   space 512K,   0% used [0x046d0000, 0x046d0000, 0x04750000)
 tenured generation   total 10944K, used 2554K [0x09750000, 0x0a200000, 0x14200000)
   the space 10944K,  23% used [0x09750000, 0x099cea80, 0x099cec00, 0x0a200000)
 compacting perm gen  total 12288K, used 4784K [0x14200000, 0x14e00000, 0x18200000)
   the space 12288K,  38% used [0x14200000, 0x146ac310, 0x146ac400, 0x14e00000)
No shared spaces configured.
Event: 2.929 GC heap after
Heap after GC invocations=5 (full 0):
 def new generation   total 4928K, used 47K [0x04200000, 0x04750000, 0x09750000)
  eden space 4416K,   0% used [0x04200000, 0x04200000, 0x04650000)
  from space 512K,   9% used [0x046d0000, 0x046dbdb0, 0x04750000)
  to   space 512K,   0% used [0x04650000, 0x04650000, 0x046d0000)
 tenured generation   total 10944K, used 2554K [0x09750000, 0x0a200000, 0x14200000)
   the space 10944K,  23% used [0x09750000, 0x099cea80, 0x099cec00, 0x0a200000)
 compacting perm gen  total 12288K, used 4784K [0x14200000, 0x14e00000, 0x18200000)
   the space 12288K,  38% used [0x14200000, 0x146ac310, 0x146ac400, 0x14e00000)
No shared spaces configured.
}
Event: 5.363 GC heap before
{Heap before GC invocations=5 (full 0):
 def new generation   total 4928K, used 4463K [0x04200000, 0x04750000, 0x09750000)
  eden space 4416K, 100% used [0x04200000, 0x04650000, 0x04650000)
  from space 512K,   9% used [0x046d0000, 0x046dbdb0, 0x04750000)
  to   space 512K,   0% used [0x04650000, 0x04650000, 0x046d0000)
 tenured generation   total 10944K, used 2554K [0x09750000, 0x0a200000, 0x14200000)
   the space 10944K,  23% used [0x09750000, 0x099cea80, 0x099cec00, 0x0a200000)
 compacting perm gen  total 12288K, used 4784K [0x14200000, 0x14e00000, 0x18200000)
   the space 12288K,  38% used [0x14200000, 0x146ac370, 0x146ac400, 0x14e00000)
No shared spaces configured.
Event: 5.363 GC heap after
Heap after GC invocations=6 (full 0):
 def new generation   total 4928K, used 47K [0x04200000, 0x04750000, 0x09750000)
  eden space 4416K,   0% used [0x04200000, 0x04200000, 0x04650000)
  from space 512K,   9% used [0x04650000, 0x0465bf50, 0x046d0000)
  to   space 512K,   0% used [0x046d0000, 0x046d0000, 0x04750000)
 tenured generation   total 10944K, used 2554K [0x09750000, 0x0a200000, 0x14200000)
   the space 10944K,  23% used [0x09750000, 0x099cea80, 0x099cec00, 0x0a200000)
 compacting perm gen  total 12288K, used 4784K [0x14200000, 0x14e00000, 0x18200000)
   the space 12288K,  38% used [0x14200000, 0x146ac370, 0x146ac400, 0x14e00000)
No shared spaces configured.
}
Event: 7.042 GC heap before
{Heap before GC invocations=6 (full 0):
 def new generation   total 4928K, used 4463K [0x04200000, 0x04750000, 0x09750000)
  eden space 4416K, 100% used [0x04200000, 0x04650000, 0x04650000)
  from space 512K,   9% used [0x04650000, 0x0465bf50, 0x046d0000)
  to   space 512K,   0% used [0x046d0000, 0x046d0000, 0x04750000)
 tenured generation   total 10944K, used 2554K [0x09750000, 0x0a200000, 0x14200000)
   the space 10944K,  23% used [0x09750000, 0x099cea80, 0x099cec00, 0x0a200000)
 compacting perm gen  total 12288K, used 4784K [0x14200000, 0x14e00000, 0x18200000)
   the space 12288K,  38% used [0x14200000, 0x146ac380, 0x146ac400, 0x14e00000)
No shared spaces configured.
Event: 7.043 GC heap after
Heap after GC invocations=7 (full 0):
 def new generation   total 4928K, used 47K [0x04200000, 0x04750000, 0x09750000)
  eden space 4416K,   0% used [0x04200000, 0x04200000, 0x04650000)
  from space 512K,   9% used [0x046d0000, 0x046dbce8, 0x04750000)
  to   space 512K,   0% used [0x04650000, 0x04650000, 0x046d0000)
 tenured generation   total 10944K, used 2554K [0x09750000, 0x0a200000, 0x14200000)
   the space 10944K,  23% used [0x09750000, 0x099cea80, 0x099cec00, 0x0a200000)
 compacting perm gen  total 12288K, used 4784K [0x14200000, 0x14e00000, 0x18200000)
   the space 12288K,  38% used [0x14200000, 0x146ac380, 0x146ac400, 0x14e00000)
No shared spaces configured.
}

