# JRE version: Java(TM) SE Runtime Environment (7.0_79-b15) (build 1.7.0_79-b15)
# Java VM: Java HotSpot(TM) Client VM (24.79-b02 mixed mode windows-x86 )
Heap
 def new generation   total 10240K, used 7671K [0x04400000, 0x04f10000, 0x09950000)
  eden space 9152K,  79% used [0x04400000, 0x04b12ca0, 0x04cf0000)
  from space 1088K,  39% used [0x04e00000, 0x04e6b1e0, 0x04f10000)
  to   space 1088K,   0% used [0x04cf0000, 0x04cf0000, 0x04e00000)
 tenured generation   total 22604K, used 19600K [0x09950000, 0x0af63000, 0x14400000)
   the space 22604K,  86% used [0x09950000, 0x0ac74090, 0x0ac74200, 0x0af63000)
 compacting perm gen  total 12288K, used 9341K [0x14400000, 0x15000000, 0x18400000)
   the space 12288K,  76% used [0x14400000, 0x14d1f518, 0x14d1f600, 0x15000000)
GC Heap History (10 events):
Event: 80.673 GC heap before
{Heap before GC invocations=87 (full 2):
 def new generation   total 10240K, used 9561K [0x04400000, 0x04f10000, 0x09950000)
  eden space 9152K, 100% used [0x04400000, 0x04cf0000, 0x04cf0000)
  from space 1088K,  37% used [0x04cf0000, 0x04d56658, 0x04e00000)
  to   space 1088K,   0% used [0x04e00000, 0x04e00000, 0x04f10000)
 tenured generation   total 22604K, used 19600K [0x09950000, 0x0af63000, 0x14400000)
   the space 22604K,  86% used [0x09950000, 0x0ac74090, 0x0ac74200, 0x0af63000)
 compacting perm gen  total 12288K, used 9322K [0x14400000, 0x15000000, 0x18400000)
   the space 12288K,  75% used [0x14400000, 0x14d1abe0, 0x14d1ac00, 0x15000000)
No shared spaces configured.
Event: 80.674 GC heap after
Heap after GC invocations=88 (full 2):
 def new generation   total 10240K, used 428K [0x04400000, 0x04f10000, 0x09950000)
  eden space 9152K,   0% used [0x04400000, 0x04400000, 0x04cf0000)
  from space 1088K,  39% used [0x04e00000, 0x04e6b300, 0x04f10000)
  to   space 1088K,   0% used [0x04cf0000, 0x04cf0000, 0x04e00000)
 tenured generation   total 22604K, used 19600K [0x09950000, 0x0af63000, 0x14400000)
   the space 22604K,  86% used [0x09950000, 0x0ac74090, 0x0ac74200, 0x0af63000)
 compacting perm gen  total 12288K, used 9322K [0x14400000, 0x15000000, 0x18400000)
   the space 12288K,  75% used [0x14400000, 0x14d1abe0, 0x14d1ac00, 0x15000000)
No shared spaces configured.
}
Event: 82.968 GC heap before
{Heap before GC invocations=88 (full 2):
 def new generation   total 10240K, used 9580K [0x04400000, 0x04f10000, 0x09950000)
  eden space 9152K, 100% used [0x04400000, 0x04cf0000, 0x04cf0000)
  from space 1088K,  39% used [0x04e00000, 0x04e6b300, 0x04f10000)
  to   space 1088K,   0% used [0x04cf0000, 0x04cf0000, 0x04e00000)
 tenured generation   total 22604K, used 19600K [0x09950000, 0x0af63000, 0x14400000)
   the space 22604K,  86% used [0x09950000, 0x0ac74090, 0x0ac74200, 0x0af63000)
 compacting perm gen  total 12288K, used 9322K [0x14400000, 0x15000000, 0x18400000)
   the space 12288K,  75% used [0x14400000, 0x14d1abe0, 0x14d1ac00, 0x15000000)
No shared spaces configured.
Event: 82.969 GC heap after
Heap after GC invocations=89 (full 2):
 def new generation   total 10240K, used 428K [0x04400000, 0x04f10000, 0x09950000)
  eden space 9152K,   0% used [0x04400000, 0x04400000, 0x04cf0000)
  from space 1088K,  39% used [0x04cf0000, 0x04d5b170, 0x04e00000)
  to   space 1088K,   0% used [0x04e00000, 0x04e00000, 0x04f10000)
 tenured generation   total 22604K, used 19600K [0x09950000, 0x0af63000, 0x14400000)
   the space 22604K,  86% used [0x09950000, 0x0ac74090, 0x0ac74200, 0x0af63000)
 compacting perm gen  total 12288K, used 9322K [0x14400000, 0x15000000, 0x18400000)
   the space 12288K,  75% used [0x14400000, 0x14d1abe0, 0x14d1ac00, 0x15000000)
No shared spaces configured.
}
Event: 85.386 GC heap before
{Heap before GC invocations=89 (full 2):
 def new generation   total 10240K, used 9580K [0x04400000, 0x04f10000, 0x09950000)
  eden space 9152K, 100% used [0x04400000, 0x04cf0000, 0x04cf0000)
  from space 1088K,  39% used [0x04cf0000, 0x04d5b170, 0x04e00000)
  to   space 1088K,   0% used [0x04e00000, 0x04e00000, 0x04f10000)
 tenured generation   total 22604K, used 19600K [0x09950000, 0x0af63000, 0x14400000)
   the space 22604K,  86% used [0x09950000, 0x0ac74090, 0x0ac74200, 0x0af63000)
 compacting perm gen  total 12288K, used 9337K [0x14400000, 0x15000000, 0x18400000)
   the space 12288K,  75% used [0x14400000, 0x14d1e5e8, 0x14d1e600, 0x15000000)
No shared spaces configured.
Event: 85.387 GC heap after
Heap after GC invocations=90 (full 2):
 def new generation   total 10240K, used 428K [0x04400000, 0x04f10000, 0x09950000)
  eden space 9152K,   0% used [0x04400000, 0x04400000, 0x04cf0000)
  from space 1088K,  39% used [0x04e00000, 0x04e6b038, 0x04f10000)
  to   space 1088K,   0% used [0x04cf0000, 0x04cf0000, 0x04e00000)
 tenured generation   total 22604K, used 19600K [0x09950000, 0x0af63000, 0x14400000)
   the space 22604K,  86% used [0x09950000, 0x0ac74090, 0x0ac74200, 0x0af63000)
 compacting perm gen  total 12288K, used 9337K [0x14400000, 0x15000000, 0x18400000)
   the space 12288K,  75% used [0x14400000, 0x14d1e5e8, 0x14d1e600, 0x15000000)
No shared spaces configured.
}
Event: 87.741 GC heap before
{Heap before GC invocations=90 (full 2):
 def new generation   total 10240K, used 9580K [0x04400000, 0x04f10000, 0x09950000)
  eden space 9152K, 100% used [0x04400000, 0x04cf0000, 0x04cf0000)
  from space 1088K,  39% used [0x04e00000, 0x04e6b038, 0x04f10000)
  to   space 1088K,   0% used [0x04cf0000, 0x04cf0000, 0x04e00000)
 tenured generation   total 22604K, used 19600K [0x09950000, 0x0af63000, 0x14400000)
   the space 22604K,  86% used [0x09950000, 0x0ac74090, 0x0ac74200, 0x0af63000)
 compacting perm gen  total 12288K, used 9337K [0x14400000, 0x15000000, 0x18400000)
   the space 12288K,  75% used [0x14400000, 0x14d1e5e8, 0x14d1e600, 0x15000000)
No shared spaces configured.
Event: 87.742 GC heap after
Heap after GC invocations=91 (full 2):
 def new generation   total 10240K, used 428K [0x04400000, 0x04f10000, 0x09950000)
  eden space 9152K,   0% used [0x04400000, 0x04400000, 0x04cf0000)
  from space 1088K,  39% used [0x04cf0000, 0x04d5b278, 0x04e00000)
  to   space 1088K,   0% used [0x04e00000, 0x04e00000, 0x04f10000)
 tenured generation   total 22604K, used 19600K [0x09950000, 0x0af63000, 0x14400000)
   the space 22604K,  86% used [0x09950000, 0x0ac74090, 0x0ac74200, 0x0af63000)
 compacting perm gen  total 12288K, used 9337K [0x14400000, 0x15000000, 0x18400000)
   the space 12288K,  75% used [0x14400000, 0x14d1e5e8, 0x14d1e600, 0x15000000)
No shared spaces configured.
}
Event: 90.088 GC heap before
{Heap before GC invocations=91 (full 2):
 def new generation   total 10240K, used 9580K [0x04400000, 0x04f10000, 0x09950000)
  eden space 9152K, 100% used [0x04400000, 0x04cf0000, 0x04cf0000)
  from space 1088K,  39% used [0x04cf0000, 0x04d5b278, 0x04e00000)
  to   space 1088K,   0% used [0x04e00000, 0x04e00000, 0x04f10000)
 tenured generation   total 22604K, used 19600K [0x09950000, 0x0af63000, 0x14400000)
   the space 22604K,  86% used [0x09950000, 0x0ac74090, 0x0ac74200, 0x0af63000)
 compacting perm gen  total 12288K, used 9337K [0x14400000, 0x15000000, 0x18400000)
   the space 12288K,  75% used [0x14400000, 0x14d1e5e8, 0x14d1e600, 0x15000000)
No shared spaces configured.
Event: 90.089 GC heap after
Heap after GC invocations=92 (full 2):
 def new generation   total 10240K, used 428K [0x04400000, 0x04f10000, 0x09950000)
  eden space 9152K,   0% used [0x04400000, 0x04400000, 0x04cf0000)
  from space 1088K,  39% used [0x04e00000, 0x04e6b1e0, 0x04f10000)
  to   space 1088K,   0% used [0x04cf0000, 0x04cf0000, 0x04e00000)
 tenured generation   total 22604K, used 19600K [0x09950000, 0x0af63000, 0x14400000)
   the space 22604K,  86% used [0x09950000, 0x0ac74090, 0x0ac74200, 0x0af63000)
 compacting perm gen  total 12288K, used 9337K [0x14400000, 0x15000000, 0x18400000)
   the space 12288K,  75% used [0x14400000, 0x14d1e5e8, 0x14d1e600, 0x15000000)
No shared spaces configured.
}

