# JRE version: Java(TM) SE Runtime Environment (7.0_79-b15) (build 1.7.0_79-b15)
# Java VM: Java HotSpot(TM) Client VM (24.79-b02 mixed mode windows-x86 )
Heap
 def new generation   total 4928K, used 3699K [0x04400000, 0x04950000, 0x09950000)
  eden space 4416K,  82% used [0x04400000, 0x0478feb8, 0x04850000)
  from space 512K,  10% used [0x04850000, 0x0485cd98, 0x048d0000)
  to   space 512K,   0% used [0x048d0000, 0x048d0000, 0x04950000)
 tenured generation   total 10944K, used 2545K [0x09950000, 0x0a400000, 0x14400000)
   the space 10944K,  23% used [0x09950000, 0x09bcc7e0, 0x09bcc800, 0x0a400000)
 compacting perm gen  total 12288K, used 4787K [0x14400000, 0x15000000, 0x18400000)
   the space 12288K,  38% used [0x14400000, 0x148acce8, 0x148ace00, 0x15000000)
GC Heap History (10 events):
Event: 8.334 GC heap before
{Heap before GC invocations=9 (full 0):
 def new generation   total 4928K, used 4466K [0x04400000, 0x04950000, 0x09950000)
  eden space 4416K, 100% used [0x04400000, 0x04850000, 0x04850000)
  from space 512K,   9% used [0x048d0000, 0x048dca78, 0x04950000)
  to   space 512K,   0% used [0x04850000, 0x04850000, 0x048d0000)
 tenured generation   total 10944K, used 2545K [0x09950000, 0x0a400000, 0x14400000)
   the space 10944K,  23% used [0x09950000, 0x09bcc7e0, 0x09bcc800, 0x0a400000)
 compacting perm gen  total 12288K, used 4784K [0x14400000, 0x15000000, 0x18400000)
   the space 12288K,  38% used [0x14400000, 0x148ac218, 0x148ac400, 0x15000000)
No shared spaces configured.
Event: 8.334 GC heap after
Heap after GC invocations=10 (full 0):
 def new generation   total 4928K, used 50K [0x04400000, 0x04950000, 0x09950000)
  eden space 4416K,   0% used [0x04400000, 0x04400000, 0x04850000)
  from space 512K,   9% used [0x04850000, 0x0485cb08, 0x048d0000)
  to   space 512K,   0% used [0x048d0000, 0x048d0000, 0x04950000)
 tenured generation   total 10944K, used 2545K [0x09950000, 0x0a400000, 0x14400000)
   the space 10944K,  23% used [0x09950000, 0x09bcc7e0, 0x09bcc800, 0x0a400000)
 compacting perm gen  total 12288K, used 4784K [0x14400000, 0x15000000, 0x18400000)
   the space 12288K,  38% used [0x14400000, 0x148ac218, 0x148ac400, 0x15000000)
No shared spaces configured.
}
Event: 9.416 GC heap before
{Heap before GC invocations=10 (full 0):
 def new generation   total 4928K, used 4466K [0x04400000, 0x04950000, 0x09950000)
  eden space 4416K, 100% used [0x04400000, 0x04850000, 0x04850000)
  from space 512K,   9% used [0x04850000, 0x0485cb08, 0x048d0000)
  to   space 512K,   0% used [0x048d0000, 0x048d0000, 0x04950000)
 tenured generation   total 10944K, used 2545K [0x09950000, 0x0a400000, 0x14400000)
   the space 10944K,  23% used [0x09950000, 0x09bcc7e0, 0x09bcc800, 0x0a400000)
 compacting perm gen  total 12288K, used 4784K [0x14400000, 0x15000000, 0x18400000)
   the space 12288K,  38% used [0x14400000, 0x148ac218, 0x148ac400, 0x15000000)
No shared spaces configured.
Event: 9.416 GC heap after
Heap after GC invocations=11 (full 0):
 def new generation   total 4928K, used 50K [0x04400000, 0x04950000, 0x09950000)
  eden space 4416K,   0% used [0x04400000, 0x04400000, 0x04850000)
  from space 512K,   9% used [0x048d0000, 0x048dcb18, 0x04950000)
  to   space 512K,   0% used [0x04850000, 0x04850000, 0x048d0000)
 tenured generation   total 10944K, used 2545K [0x09950000, 0x0a400000, 0x14400000)
   the space 10944K,  23% used [0x09950000, 0x09bcc7e0, 0x09bcc800, 0x0a400000)
 compacting perm gen  total 12288K, used 4784K [0x14400000, 0x15000000, 0x18400000)
   the space 12288K,  38% used [0x14400000, 0x148ac218, 0x148ac400, 0x15000000)
No shared spaces configured.
}
Event: 10.507 GC heap before
{Heap before GC invocations=11 (full 0):
 def new generation   total 4928K, used 4466K [0x04400000, 0x04950000, 0x09950000)
  eden space 4416K,  99% used [0x04400000, 0x0484ffe8, 0x04850000)
  from space 512K,   9% used [0x048d0000, 0x048dcb18, 0x04950000)
  to   space 512K,   0% used [0x04850000, 0x04850000, 0x048d0000)
 tenured generation   total 10944K, used 2545K [0x09950000, 0x0a400000, 0x14400000)
   the space 10944K,  23% used [0x09950000, 0x09bcc7e0, 0x09bcc800, 0x0a400000)
 compacting perm gen  total 12288K, used 4784K [0x14400000, 0x15000000, 0x18400000)
   the space 12288K,  38% used [0x14400000, 0x148ac218, 0x148ac400, 0x15000000)
No shared spaces configured.
Event: 10.508 GC heap after
Heap after GC invocations=12 (full 0):
 def new generation   total 4928K, used 49K [0x04400000, 0x04950000, 0x09950000)
  eden space 4416K,   0% used [0x04400000, 0x04400000, 0x04850000)
  from space 512K,   9% used [0x04850000, 0x0485c788, 0x048d0000)
  to   space 512K,   0% used [0x048d0000, 0x048d0000, 0x04950000)
 tenured generation   total 10944K, used 2545K [0x09950000, 0x0a400000, 0x14400000)
   the space 10944K,  23% used [0x09950000, 0x09bcc7e0, 0x09bcc800, 0x0a400000)
 compacting perm gen  total 12288K, used 4784K [0x14400000, 0x15000000, 0x18400000)
   the space 12288K,  38% used [0x14400000, 0x148ac218, 0x148ac400, 0x15000000)
No shared spaces configured.
}
Event: 11.630 GC heap before
{Heap before GC invocations=12 (full 0):
 def new generation   total 4928K, used 4465K [0x04400000, 0x04950000, 0x09950000)
  eden space 4416K, 100% used [0x04400000, 0x04850000, 0x04850000)
  from space 512K,   9% used [0x04850000, 0x0485c788, 0x048d0000)
  to   space 512K,   0% used [0x048d0000, 0x048d0000, 0x04950000)
 tenured generation   total 10944K, used 2545K [0x09950000, 0x0a400000, 0x14400000)
   the space 10944K,  23% used [0x09950000, 0x09bcc7e0, 0x09bcc800, 0x0a400000)
 compacting perm gen  total 12288K, used 4784K [0x14400000, 0x15000000, 0x18400000)
   the space 12288K,  38% used [0x14400000, 0x148ac228, 0x148ac400, 0x15000000)
No shared spaces configured.
Event: 11.630 GC heap after
Heap after GC invocations=13 (full 0):
 def new generation   total 4928K, used 51K [0x04400000, 0x04950000, 0x09950000)
  eden space 4416K,   0% used [0x04400000, 0x04400000, 0x04850000)
  from space 512K,   9% used [0x048d0000, 0x048dcc10, 0x04950000)
  to   space 512K,   0% used [0x04850000, 0x04850000, 0x048d0000)
 tenured generation   total 10944K, used 2545K [0x09950000, 0x0a400000, 0x14400000)
   the space 10944K,  23% used [0x09950000, 0x09bcc7e0, 0x09bcc800, 0x0a400000)
 compacting perm gen  total 12288K, used 4784K [0x14400000, 0x15000000, 0x18400000)
   the space 12288K,  38% used [0x14400000, 0x148ac228, 0x148ac400, 0x15000000)
No shared spaces configured.
}
Event: 13.662 GC heap before
{Heap before GC invocations=13 (full 0):
 def new generation   total 4928K, used 4467K [0x04400000, 0x04950000, 0x09950000)
  eden space 4416K, 100% used [0x04400000, 0x04850000, 0x04850000)
  from space 512K,   9% used [0x048d0000, 0x048dcc10, 0x04950000)
  to   space 512K,   0% used [0x04850000, 0x04850000, 0x048d0000)
 tenured generation   total 10944K, used 2545K [0x09950000, 0x0a400000, 0x14400000)
   the space 10944K,  23% used [0x09950000, 0x09bcc7e0, 0x09bcc800, 0x0a400000)
 compacting perm gen  total 12288K, used 4784K [0x14400000, 0x15000000, 0x18400000)
   the space 12288K,  38% used [0x14400000, 0x148ac278, 0x148ac400, 0x15000000)
No shared spaces configured.
Event: 13.663 GC heap after
Heap after GC invocations=14 (full 0):
 def new generation   total 4928K, used 51K [0x04400000, 0x04950000, 0x09950000)
  eden space 4416K,   0% used [0x04400000, 0x04400000, 0x04850000)
  from space 512K,  10% used [0x04850000, 0x0485cd98, 0x048d0000)
  to   space 512K,   0% used [0x048d0000, 0x048d0000, 0x04950000)
 tenured generation   total 10944K, used 2545K [0x09950000, 0x0a400000, 0x14400000)
   the space 10944K,  23% used [0x09950000, 0x09bcc7e0, 0x09bcc800, 0x0a400000)
 compacting perm gen  total 12288K, used 4784K [0x14400000, 0x15000000, 0x18400000)
   the space 12288K,  38% used [0x14400000, 0x148ac278, 0x148ac400, 0x15000000)
No shared spaces configured.
}

