# JRE version: Java(TM) SE Runtime Environment (7.0_79-b15) (build 1.7.0_79-b15)
# Java VM: Java HotSpot(TM) Client VM (24.79-b02 mixed mode windows-x86 )
Heap
 def new generation   total 4928K, used 4805K [0x04400000, 0x04950000, 0x09950000)
  eden space 4416K,  97% used [0x04400000, 0x04831730, 0x04850000)
  from space 512K, 100% used [0x04850000, 0x048d0000, 0x048d0000)
  to   space 512K,   0% used [0x048d0000, 0x048d0000, 0x04950000)
 tenured generation   total 10944K, used 1648K [0x09950000, 0x0a400000, 0x14400000)
   the space 10944K,  15% used [0x09950000, 0x09aec238, 0x09aec400, 0x0a400000)
 compacting perm gen  total 12288K, used 4774K [0x14400000, 0x15000000, 0x18400000)
   the space 12288K,  38% used [0x14400000, 0x148a9950, 0x148a9a00, 0x15000000)
GC Heap History (4 events):
Event: 1.671 GC heap before
{Heap before GC invocations=0 (full 0):
 def new generation   total 4928K, used 4416K [0x04400000, 0x04950000, 0x09950000)
  eden space 4416K, 100% used [0x04400000, 0x04850000, 0x04850000)
  from space 512K,   0% used [0x04850000, 0x04850000, 0x048d0000)
  to   space 512K,   0% used [0x048d0000, 0x048d0000, 0x04950000)
 tenured generation   total 10944K, used 0K [0x09950000, 0x0a400000, 0x14400000)
   the space 10944K,   0% used [0x09950000, 0x09950000, 0x09950200, 0x0a400000)
 compacting perm gen  total 12288K, used 4548K [0x14400000, 0x15000000, 0x18400000)
   the space 12288K,  37% used [0x14400000, 0x14871268, 0x14871400, 0x15000000)
No shared spaces configured.
Event: 1.679 GC heap after
Heap after GC invocations=1 (full 0):
 def new generation   total 4928K, used 512K [0x04400000, 0x04950000, 0x09950000)
  eden space 4416K,   0% used [0x04400000, 0x04400000, 0x04850000)
  from space 512K, 100% used [0x048d0000, 0x04950000, 0x04950000)
  to   space 512K,   0% used [0x04850000, 0x04850000, 0x048d0000)
 tenured generation   total 10944K, used 955K [0x09950000, 0x0a400000, 0x14400000)
   the space 10944K,   8% used [0x09950000, 0x09a3eeb8, 0x09a3f000, 0x0a400000)
 compacting perm gen  total 12288K, used 4548K [0x14400000, 0x15000000, 0x18400000)
   the space 12288K,  37% used [0x14400000, 0x14871268, 0x14871400, 0x15000000)
No shared spaces configured.
}
Event: 3.366 GC heap before
{Heap before GC invocations=1 (full 0):
 def new generation   total 4928K, used 4928K [0x04400000, 0x04950000, 0x09950000)
  eden space 4416K, 100% used [0x04400000, 0x04850000, 0x04850000)
  from space 512K, 100% used [0x048d0000, 0x04950000, 0x04950000)
  to   space 512K,   0% used [0x04850000, 0x04850000, 0x048d0000)
 tenured generation   total 10944K, used 955K [0x09950000, 0x0a400000, 0x14400000)
   the space 10944K,   8% used [0x09950000, 0x09a3eeb8, 0x09a3f000, 0x0a400000)
 compacting perm gen  total 12288K, used 4565K [0x14400000, 0x15000000, 0x18400000)
   the space 12288K,  37% used [0x14400000, 0x148756b0, 0x14875800, 0x15000000)
No shared spaces configured.
Event: 3.372 GC heap after
Heap after GC invocations=2 (full 0):
 def new generation   total 4928K, used 512K [0x04400000, 0x04950000, 0x09950000)
  eden space 4416K,   0% used [0x04400000, 0x04400000, 0x04850000)
  from space 512K, 100% used [0x04850000, 0x048d0000, 0x048d0000)
  to   space 512K,   0% used [0x048d0000, 0x048d0000, 0x04950000)
 tenured generation   total 10944K, used 1648K [0x09950000, 0x0a400000, 0x14400000)
   the space 10944K,  15% used [0x09950000, 0x09aec238, 0x09aec400, 0x0a400000)
 compacting perm gen  total 12288K, used 4565K [0x14400000, 0x15000000, 0x18400000)
   the space 12288K,  37% used [0x14400000, 0x148756b0, 0x14875800, 0x15000000)
No shared spaces configured.
}

