# JRE version: Java(TM) SE Runtime Environment (7.0_79-b15) (build 1.7.0_79-b15)
# Java VM: Java HotSpot(TM) Client VM (24.79-b02 mixed mode windows-x86 )
Heap
 def new generation   total 6272K, used 1461K [0x04800000, 0x04ec0000, 0x09d50000)
  eden space 5632K,  22% used [0x04800000, 0x04942090, 0x04d80000)
  from space 640K,  27% used [0x04d80000, 0x04dab748, 0x04e20000)
  to   space 640K,   0% used [0x04e20000, 0x04e20000, 0x04ec0000)
 tenured generation   total 13752K, used 10626K [0x09d50000, 0x0aabe000, 0x14800000)
   the space 13752K,  77% used [0x09d50000, 0x0a7b0998, 0x0a7b0a00, 0x0aabe000)
 compacting perm gen  total 12288K, used 9090K [0x14800000, 0x15400000, 0x18800000)
   the space 12288K,  73% used [0x14800000, 0x150e0888, 0x150e0a00, 0x15400000)
GC Heap History (10 events):
Event: 21.648 GC heap before
{Heap before GC invocations=33 (full 1):
 def new generation   total 6272K, used 5794K [0x04800000, 0x04ec0000, 0x09d50000)
  eden space 5632K, 100% used [0x04800000, 0x04d80000, 0x04d80000)
  from space 640K,  25% used [0x04e20000, 0x04e48a60, 0x04ec0000)
  to   space 640K,   0% used [0x04d80000, 0x04d80000, 0x04e20000)
 tenured generation   total 13752K, used 10581K [0x09d50000, 0x0aabe000, 0x14800000)
   the space 13752K,  76% used [0x09d50000, 0x0a7a5588, 0x0a7a5600, 0x0aabe000)
 compacting perm gen  total 12288K, used 9087K [0x14800000, 0x15400000, 0x18800000)
   the space 12288K,  73% used [0x14800000, 0x150dfdf8, 0x150dfe00, 0x15400000)
No shared spaces configured.
Event: 21.649 GC heap after
Heap after GC invocations=34 (full 1):
 def new generation   total 6272K, used 162K [0x04800000, 0x04ec0000, 0x09d50000)
  eden space 5632K,   0% used [0x04800000, 0x04800000, 0x04d80000)
  from space 640K,  25% used [0x04d80000, 0x04da8b38, 0x04e20000)
  to   space 640K,   0% used [0x04e20000, 0x04e20000, 0x04ec0000)
 tenured generation   total 13752K, used 10595K [0x09d50000, 0x0aabe000, 0x14800000)
   the space 13752K,  77% used [0x09d50000, 0x0a7a8cf0, 0x0a7a8e00, 0x0aabe000)
 compacting perm gen  total 12288K, used 9087K [0x14800000, 0x15400000, 0x18800000)
   the space 12288K,  73% used [0x14800000, 0x150dfdf8, 0x150dfe00, 0x15400000)
No shared spaces configured.
}
Event: 22.518 GC heap before
{Heap before GC invocations=34 (full 1):
 def new generation   total 6272K, used 5794K [0x04800000, 0x04ec0000, 0x09d50000)
  eden space 5632K, 100% used [0x04800000, 0x04d80000, 0x04d80000)
  from space 640K,  25% used [0x04d80000, 0x04da8b38, 0x04e20000)
  to   space 640K,   0% used [0x04e20000, 0x04e20000, 0x04ec0000)
 tenured generation   total 13752K, used 10595K [0x09d50000, 0x0aabe000, 0x14800000)
   the space 13752K,  77% used [0x09d50000, 0x0a7a8cf0, 0x0a7a8e00, 0x0aabe000)
 compacting perm gen  total 12288K, used 9087K [0x14800000, 0x15400000, 0x18800000)
   the space 12288K,  73% used [0x14800000, 0x150dfe18, 0x150e0000, 0x15400000)
No shared spaces configured.
Event: 22.518 GC heap after
Heap after GC invocations=35 (full 1):
 def new generation   total 6272K, used 164K [0x04800000, 0x04ec0000, 0x09d50000)
  eden space 5632K,   0% used [0x04800000, 0x04800000, 0x04d80000)
  from space 640K,  25% used [0x04e20000, 0x04e490b8, 0x04ec0000)
  to   space 640K,   0% used [0x04d80000, 0x04d80000, 0x04e20000)
 tenured generation   total 13752K, used 10609K [0x09d50000, 0x0aabe000, 0x14800000)
   the space 13752K,  77% used [0x09d50000, 0x0a7ac458, 0x0a7ac600, 0x0aabe000)
 compacting perm gen  total 12288K, used 9087K [0x14800000, 0x15400000, 0x18800000)
   the space 12288K,  73% used [0x14800000, 0x150dfe18, 0x150e0000, 0x15400000)
No shared spaces configured.
}
Event: 23.316 GC heap before
{Heap before GC invocations=35 (full 1):
 def new generation   total 6272K, used 5796K [0x04800000, 0x04ec0000, 0x09d50000)
  eden space 5632K, 100% used [0x04800000, 0x04d80000, 0x04d80000)
  from space 640K,  25% used [0x04e20000, 0x04e490b8, 0x04ec0000)
  to   space 640K,   0% used [0x04d80000, 0x04d80000, 0x04e20000)
 tenured generation   total 13752K, used 10609K [0x09d50000, 0x0aabe000, 0x14800000)
   the space 13752K,  77% used [0x09d50000, 0x0a7ac458, 0x0a7ac600, 0x0aabe000)
 compacting perm gen  total 12288K, used 9087K [0x14800000, 0x15400000, 0x18800000)
   the space 12288K,  73% used [0x14800000, 0x150dfe18, 0x150e0000, 0x15400000)
No shared spaces configured.
Event: 23.317 GC heap after
Heap after GC invocations=36 (full 1):
 def new generation   total 6272K, used 190K [0x04800000, 0x04ec0000, 0x09d50000)
  eden space 5632K,   0% used [0x04800000, 0x04800000, 0x04d80000)
  from space 640K,  29% used [0x04d80000, 0x04dafbc0, 0x04e20000)
  to   space 640K,   0% used [0x04e20000, 0x04e20000, 0x04ec0000)
 tenured generation   total 13752K, used 10612K [0x09d50000, 0x0aabe000, 0x14800000)
   the space 13752K,  77% used [0x09d50000, 0x0a7ad030, 0x0a7ad200, 0x0aabe000)
 compacting perm gen  total 12288K, used 9087K [0x14800000, 0x15400000, 0x18800000)
   the space 12288K,  73% used [0x14800000, 0x150dfe18, 0x150e0000, 0x15400000)
No shared spaces configured.
}
Event: 24.050 GC heap before
{Heap before GC invocations=36 (full 1):
 def new generation   total 6272K, used 5822K [0x04800000, 0x04ec0000, 0x09d50000)
  eden space 5632K, 100% used [0x04800000, 0x04d80000, 0x04d80000)
  from space 640K,  29% used [0x04d80000, 0x04dafbc0, 0x04e20000)
  to   space 640K,   0% used [0x04e20000, 0x04e20000, 0x04ec0000)
 tenured generation   total 13752K, used 10612K [0x09d50000, 0x0aabe000, 0x14800000)
   the space 13752K,  77% used [0x09d50000, 0x0a7ad030, 0x0a7ad200, 0x0aabe000)
 compacting perm gen  total 12288K, used 9087K [0x14800000, 0x15400000, 0x18800000)
   the space 12288K,  73% used [0x14800000, 0x150dfe18, 0x150e0000, 0x15400000)
No shared spaces configured.
Event: 24.051 GC heap after
Heap after GC invocations=37 (full 1):
 def new generation   total 6272K, used 173K [0x04800000, 0x04ec0000, 0x09d50000)
  eden space 5632K,   0% used [0x04800000, 0x04800000, 0x04d80000)
  from space 640K,  27% used [0x04e20000, 0x04e4b6c0, 0x04ec0000)
  to   space 640K,   0% used [0x04d80000, 0x04d80000, 0x04e20000)
 tenured generation   total 13752K, used 10612K [0x09d50000, 0x0aabe000, 0x14800000)
   the space 13752K,  77% used [0x09d50000, 0x0a7ad048, 0x0a7ad200, 0x0aabe000)
 compacting perm gen  total 12288K, used 9087K [0x14800000, 0x15400000, 0x18800000)
   the space 12288K,  73% used [0x14800000, 0x150dfe18, 0x150e0000, 0x15400000)
No shared spaces configured.
}
Event: 25.105 GC heap before
{Heap before GC invocations=37 (full 1):
 def new generation   total 6272K, used 5805K [0x04800000, 0x04ec0000, 0x09d50000)
  eden space 5632K, 100% used [0x04800000, 0x04d80000, 0x04d80000)
  from space 640K,  27% used [0x04e20000, 0x04e4b6c0, 0x04ec0000)
  to   space 640K,   0% used [0x04d80000, 0x04d80000, 0x04e20000)
 tenured generation   total 13752K, used 10612K [0x09d50000, 0x0aabe000, 0x14800000)
   the space 13752K,  77% used [0x09d50000, 0x0a7ad048, 0x0a7ad200, 0x0aabe000)
 compacting perm gen  total 12288K, used 9087K [0x14800000, 0x15400000, 0x18800000)
   the space 12288K,  73% used [0x14800000, 0x150dfe18, 0x150e0000, 0x15400000)
No shared spaces configured.
Event: 25.105 GC heap after
Heap after GC invocations=38 (full 1):
 def new generation   total 6272K, used 173K [0x04800000, 0x04ec0000, 0x09d50000)
  eden space 5632K,   0% used [0x04800000, 0x04800000, 0x04d80000)
  from space 640K,  27% used [0x04d80000, 0x04dab748, 0x04e20000)
  to   space 640K,   0% used [0x04e20000, 0x04e20000, 0x04ec0000)
 tenured generation   total 13752K, used 10626K [0x09d50000, 0x0aabe000, 0x14800000)
   the space 13752K,  77% used [0x09d50000, 0x0a7b0998, 0x0a7b0a00, 0x0aabe000)
 compacting perm gen  total 12288K, used 9087K [0x14800000, 0x15400000, 0x18800000)
   the space 12288K,  73% used [0x14800000, 0x150dfe18, 0x150e0000, 0x15400000)
No shared spaces configured.
}

