# JRE version: Java(TM) SE Runtime Environment (7.0_79-b15) (build 1.7.0_79-b15)
# Java VM: Java HotSpot(TM) Client VM (24.79-b02 mixed mode windows-x86 )
Heap
 def new generation   total 8448K, used 6702K [0x04400000, 0x04d20000, 0x09950000)
  eden space 7552K,  84% used [0x04400000, 0x04a36940, 0x04b60000)
  from space 896K,  37% used [0x04c40000, 0x04c95060, 0x04d20000)
  to   space 896K,   0% used [0x04b60000, 0x04b60000, 0x04c40000)
 tenured generation   total 18612K, used 13670K [0x09950000, 0x0ab7d000, 0x14400000)
   the space 18612K,  73% used [0x09950000, 0x0a6a9ab0, 0x0a6a9c00, 0x0ab7d000)
 compacting perm gen  total 12288K, used 9291K [0x14400000, 0x15000000, 0x18400000)
   the space 12288K,  75% used [0x14400000, 0x14d12c50, 0x14d12e00, 0x15000000)
GC Heap History (10 events):
Event: 38.842 GC heap before
{Heap before GC invocations=64 (full 2):
 def new generation   total 8448K, used 7928K [0x04400000, 0x04d20000, 0x09950000)
  eden space 7552K, 100% used [0x04400000, 0x04b60000, 0x04b60000)
  from space 896K,  41% used [0x04b60000, 0x04bbe0b0, 0x04c40000)
  to   space 896K,   0% used [0x04c40000, 0x04c40000, 0x04d20000)
 tenured generation   total 18612K, used 13670K [0x09950000, 0x0ab7d000, 0x14400000)
   the space 18612K,  73% used [0x09950000, 0x0a6a9ab0, 0x0a6a9c00, 0x0ab7d000)
 compacting perm gen  total 12288K, used 9287K [0x14400000, 0x15000000, 0x18400000)
   the space 12288K,  75% used [0x14400000, 0x14d11ce0, 0x14d11e00, 0x15000000)
No shared spaces configured.
Event: 38.844 GC heap after
Heap after GC invocations=65 (full 2):
 def new generation   total 8448K, used 368K [0x04400000, 0x04d20000, 0x09950000)
  eden space 7552K,   0% used [0x04400000, 0x04400000, 0x04b60000)
  from space 896K,  41% used [0x04c40000, 0x04c9c3e0, 0x04d20000)
  to   space 896K,   0% used [0x04b60000, 0x04b60000, 0x04c40000)
 tenured generation   total 18612K, used 13670K [0x09950000, 0x0ab7d000, 0x14400000)
   the space 18612K,  73% used [0x09950000, 0x0a6a9ab0, 0x0a6a9c00, 0x0ab7d000)
 compacting perm gen  total 12288K, used 9287K [0x14400000, 0x15000000, 0x18400000)
   the space 12288K,  75% used [0x14400000, 0x14d11ce0, 0x14d11e00, 0x15000000)
No shared spaces configured.
}
Event: 41.294 GC heap before
{Heap before GC invocations=65 (full 2):
 def new generation   total 8448K, used 7920K [0x04400000, 0x04d20000, 0x09950000)
  eden space 7552K, 100% used [0x04400000, 0x04b60000, 0x04b60000)
  from space 896K,  41% used [0x04c40000, 0x04c9c3e0, 0x04d20000)
  to   space 896K,   0% used [0x04b60000, 0x04b60000, 0x04c40000)
 tenured generation   total 18612K, used 13670K [0x09950000, 0x0ab7d000, 0x14400000)
   the space 18612K,  73% used [0x09950000, 0x0a6a9ab0, 0x0a6a9c00, 0x0ab7d000)
 compacting perm gen  total 12288K, used 9287K [0x14400000, 0x15000000, 0x18400000)
   the space 12288K,  75% used [0x14400000, 0x14d11ce0, 0x14d11e00, 0x15000000)
No shared spaces configured.
Event: 41.295 GC heap after
Heap after GC invocations=66 (full 2):
 def new generation   total 8448K, used 340K [0x04400000, 0x04d20000, 0x09950000)
  eden space 7552K,   0% used [0x04400000, 0x04400000, 0x04b60000)
  from space 896K,  38% used [0x04b60000, 0x04bb5398, 0x04c40000)
  to   space 896K,   0% used [0x04c40000, 0x04c40000, 0x04d20000)
 tenured generation   total 18612K, used 13670K [0x09950000, 0x0ab7d000, 0x14400000)
   the space 18612K,  73% used [0x09950000, 0x0a6a9ab0, 0x0a6a9c00, 0x0ab7d000)
 compacting perm gen  total 12288K, used 9287K [0x14400000, 0x15000000, 0x18400000)
   the space 12288K,  75% used [0x14400000, 0x14d11ce0, 0x14d11e00, 0x15000000)
No shared spaces configured.
}
Event: 43.501 GC heap before
{Heap before GC invocations=66 (full 2):
 def new generation   total 8448K, used 7892K [0x04400000, 0x04d20000, 0x09950000)
  eden space 7552K, 100% used [0x04400000, 0x04b60000, 0x04b60000)
  from space 896K,  38% used [0x04b60000, 0x04bb5398, 0x04c40000)
  to   space 896K,   0% used [0x04c40000, 0x04c40000, 0x04d20000)
 tenured generation   total 18612K, used 13670K [0x09950000, 0x0ab7d000, 0x14400000)
   the space 18612K,  73% used [0x09950000, 0x0a6a9ab0, 0x0a6a9c00, 0x0ab7d000)
 compacting perm gen  total 12288K, used 9287K [0x14400000, 0x15000000, 0x18400000)
   the space 12288K,  75% used [0x14400000, 0x14d11ce0, 0x14d11e00, 0x15000000)
No shared spaces configured.
Event: 43.502 GC heap after
Heap after GC invocations=67 (full 2):
 def new generation   total 8448K, used 341K [0x04400000, 0x04d20000, 0x09950000)
  eden space 7552K,   0% used [0x04400000, 0x04400000, 0x04b60000)
  from space 896K,  38% used [0x04c40000, 0x04c95438, 0x04d20000)
  to   space 896K,   0% used [0x04b60000, 0x04b60000, 0x04c40000)
 tenured generation   total 18612K, used 13670K [0x09950000, 0x0ab7d000, 0x14400000)
   the space 18612K,  73% used [0x09950000, 0x0a6a9ab0, 0x0a6a9c00, 0x0ab7d000)
 compacting perm gen  total 12288K, used 9287K [0x14400000, 0x15000000, 0x18400000)
   the space 12288K,  75% used [0x14400000, 0x14d11ce0, 0x14d11e00, 0x15000000)
No shared spaces configured.
}
Event: 45.824 GC heap before
{Heap before GC invocations=67 (full 2):
 def new generation   total 8448K, used 7893K [0x04400000, 0x04d20000, 0x09950000)
  eden space 7552K, 100% used [0x04400000, 0x04b60000, 0x04b60000)
  from space 896K,  38% used [0x04c40000, 0x04c95438, 0x04d20000)
  to   space 896K,   0% used [0x04b60000, 0x04b60000, 0x04c40000)
 tenured generation   total 18612K, used 13670K [0x09950000, 0x0ab7d000, 0x14400000)
   the space 18612K,  73% used [0x09950000, 0x0a6a9ab0, 0x0a6a9c00, 0x0ab7d000)
 compacting perm gen  total 12288K, used 9287K [0x14400000, 0x15000000, 0x18400000)
   the space 12288K,  75% used [0x14400000, 0x14d11ce0, 0x14d11e00, 0x15000000)
No shared spaces configured.
Event: 45.825 GC heap after
Heap after GC invocations=68 (full 2):
 def new generation   total 8448K, used 340K [0x04400000, 0x04d20000, 0x09950000)
  eden space 7552K,   0% used [0x04400000, 0x04400000, 0x04b60000)
  from space 896K,  38% used [0x04b60000, 0x04bb53c8, 0x04c40000)
  to   space 896K,   0% used [0x04c40000, 0x04c40000, 0x04d20000)
 tenured generation   total 18612K, used 13670K [0x09950000, 0x0ab7d000, 0x14400000)
   the space 18612K,  73% used [0x09950000, 0x0a6a9ab0, 0x0a6a9c00, 0x0ab7d000)
 compacting perm gen  total 12288K, used 9287K [0x14400000, 0x15000000, 0x18400000)
   the space 12288K,  75% used [0x14400000, 0x14d11ce0, 0x14d11e00, 0x15000000)
No shared spaces configured.
}
Event: 48.093 GC heap before
{Heap before GC invocations=68 (full 2):
 def new generation   total 8448K, used 7892K [0x04400000, 0x04d20000, 0x09950000)
  eden space 7552K, 100% used [0x04400000, 0x04b60000, 0x04b60000)
  from space 896K,  38% used [0x04b60000, 0x04bb53c8, 0x04c40000)
  to   space 896K,   0% used [0x04c40000, 0x04c40000, 0x04d20000)
 tenured generation   total 18612K, used 13670K [0x09950000, 0x0ab7d000, 0x14400000)
   the space 18612K,  73% used [0x09950000, 0x0a6a9ab0, 0x0a6a9c00, 0x0ab7d000)
 compacting perm gen  total 12288K, used 9287K [0x14400000, 0x15000000, 0x18400000)
   the space 12288K,  75% used [0x14400000, 0x14d11cf0, 0x14d11e00, 0x15000000)
No shared spaces configured.
Event: 48.095 GC heap after
Heap after GC invocations=69 (full 2):
 def new generation   total 8448K, used 340K [0x04400000, 0x04d20000, 0x09950000)
  eden space 7552K,   0% used [0x04400000, 0x04400000, 0x04b60000)
  from space 896K,  37% used [0x04c40000, 0x04c95060, 0x04d20000)
  to   space 896K,   0% used [0x04b60000, 0x04b60000, 0x04c40000)
 tenured generation   total 18612K, used 13670K [0x09950000, 0x0ab7d000, 0x14400000)
   the space 18612K,  73% used [0x09950000, 0x0a6a9ab0, 0x0a6a9c00, 0x0ab7d000)
 compacting perm gen  total 12288K, used 9287K [0x14400000, 0x15000000, 0x18400000)
   the space 12288K,  75% used [0x14400000, 0x14d11cf0, 0x14d11e00, 0x15000000)
No shared spaces configured.
}

