# JRE version: Java(TM) SE Runtime Environment (7.0_79-b15) (build 1.7.0_79-b15)
# Java VM: Java HotSpot(TM) Client VM (24.79-b02 mixed mode windows-x86 )
Heap
 def new generation   total 4928K, used 3526K [0x04600000, 0x04b50000, 0x09b50000)
  eden space 4416K,  79% used [0x04600000, 0x049714e0, 0x04a50000)
  from space 512K,   0% used [0x04ad0000, 0x04ad0658, 0x04b50000)
  to   space 512K,   0% used [0x04a50000, 0x04a50000, 0x04ad0000)
 tenured generation   total 10944K, used 8547K [0x09b50000, 0x0a600000, 0x14600000)
   the space 10944K,  78% used [0x09b50000, 0x0a3a8fe8, 0x0a3a9000, 0x0a600000)
 compacting perm gen  total 12288K, used 8991K [0x14600000, 0x15200000, 0x18600000)
   the space 12288K,  73% used [0x14600000, 0x14ec7d40, 0x14ec7e00, 0x15200000)
GC Heap History (10 events):
Event: 19.160 GC heap before
{Heap before GC invocations=44 (full 0):
 def new generation   total 4928K, used 4419K [0x04600000, 0x04b50000, 0x09b50000)
  eden space 4416K, 100% used [0x04600000, 0x04a50000, 0x04a50000)
  from space 512K,   0% used [0x04a50000, 0x04a50cf0, 0x04ad0000)
  to   space 512K,   0% used [0x04ad0000, 0x04ad0000, 0x04b50000)
 tenured generation   total 10944K, used 8547K [0x09b50000, 0x0a600000, 0x14600000)
   the space 10944K,  78% used [0x09b50000, 0x0a3a8fe8, 0x0a3a9000, 0x0a600000)
 compacting perm gen  total 12288K, used 8987K [0x14600000, 0x15200000, 0x18600000)
   the space 12288K,  73% used [0x14600000, 0x14ec6ea0, 0x14ec7000, 0x15200000)
No shared spaces configured.
Event: 19.160 GC heap after
Heap after GC invocations=45 (full 0):
 def new generation   total 4928K, used 2K [0x04600000, 0x04b50000, 0x09b50000)
  eden space 4416K,   0% used [0x04600000, 0x04600000, 0x04a50000)
  from space 512K,   0% used [0x04ad0000, 0x04ad0818, 0x04b50000)
  to   space 512K,   0% used [0x04a50000, 0x04a50000, 0x04ad0000)
 tenured generation   total 10944K, used 8547K [0x09b50000, 0x0a600000, 0x14600000)
   the space 10944K,  78% used [0x09b50000, 0x0a3a8fe8, 0x0a3a9000, 0x0a600000)
 compacting perm gen  total 12288K, used 8987K [0x14600000, 0x15200000, 0x18600000)
   the space 12288K,  73% used [0x14600000, 0x14ec6ea0, 0x14ec7000, 0x15200000)
No shared spaces configured.
}
Event: 19.622 GC heap before
{Heap before GC invocations=45 (full 0):
 def new generation   total 4928K, used 4418K [0x04600000, 0x04b50000, 0x09b50000)
  eden space 4416K, 100% used [0x04600000, 0x04a50000, 0x04a50000)
  from space 512K,   0% used [0x04ad0000, 0x04ad0818, 0x04b50000)
  to   space 512K,   0% used [0x04a50000, 0x04a50000, 0x04ad0000)
 tenured generation   total 10944K, used 8547K [0x09b50000, 0x0a600000, 0x14600000)
   the space 10944K,  78% used [0x09b50000, 0x0a3a8fe8, 0x0a3a9000, 0x0a600000)
 compacting perm gen  total 12288K, used 8987K [0x14600000, 0x15200000, 0x18600000)
   the space 12288K,  73% used [0x14600000, 0x14ec6ea0, 0x14ec7000, 0x15200000)
No shared spaces configured.
Event: 19.623 GC heap after
Heap after GC invocations=46 (full 0):
 def new generation   total 4928K, used 2K [0x04600000, 0x04b50000, 0x09b50000)
  eden space 4416K,   0% used [0x04600000, 0x04600000, 0x04a50000)
  from space 512K,   0% used [0x04a50000, 0x04a50820, 0x04ad0000)
  to   space 512K,   0% used [0x04ad0000, 0x04ad0000, 0x04b50000)
 tenured generation   total 10944K, used 8547K [0x09b50000, 0x0a600000, 0x14600000)
   the space 10944K,  78% used [0x09b50000, 0x0a3a8fe8, 0x0a3a9000, 0x0a600000)
 compacting perm gen  total 12288K, used 8987K [0x14600000, 0x15200000, 0x18600000)
   the space 12288K,  73% used [0x14600000, 0x14ec6ea0, 0x14ec7000, 0x15200000)
No shared spaces configured.
}
Event: 20.087 GC heap before
{Heap before GC invocations=46 (full 0):
 def new generation   total 4928K, used 4418K [0x04600000, 0x04b50000, 0x09b50000)
  eden space 4416K, 100% used [0x04600000, 0x04a50000, 0x04a50000)
  from space 512K,   0% used [0x04a50000, 0x04a50820, 0x04ad0000)
  to   space 512K,   0% used [0x04ad0000, 0x04ad0000, 0x04b50000)
 tenured generation   total 10944K, used 8547K [0x09b50000, 0x0a600000, 0x14600000)
   the space 10944K,  78% used [0x09b50000, 0x0a3a8fe8, 0x0a3a9000, 0x0a600000)
 compacting perm gen  total 12288K, used 8988K [0x14600000, 0x15200000, 0x18600000)
   the space 12288K,  73% used [0x14600000, 0x14ec72d0, 0x14ec7400, 0x15200000)
No shared spaces configured.
Event: 20.088 GC heap after
Heap after GC invocations=47 (full 0):
 def new generation   total 4928K, used 1K [0x04600000, 0x04b50000, 0x09b50000)
  eden space 4416K,   0% used [0x04600000, 0x04600000, 0x04a50000)
  from space 512K,   0% used [0x04ad0000, 0x04ad07c0, 0x04b50000)
  to   space 512K,   0% used [0x04a50000, 0x04a50000, 0x04ad0000)
 tenured generation   total 10944K, used 8547K [0x09b50000, 0x0a600000, 0x14600000)
   the space 10944K,  78% used [0x09b50000, 0x0a3a8fe8, 0x0a3a9000, 0x0a600000)
 compacting perm gen  total 12288K, used 8988K [0x14600000, 0x15200000, 0x18600000)
   the space 12288K,  73% used [0x14600000, 0x14ec72d0, 0x14ec7400, 0x15200000)
No shared spaces configured.
}
Event: 20.553 GC heap before
{Heap before GC invocations=47 (full 0):
 def new generation   total 4928K, used 4417K [0x04600000, 0x04b50000, 0x09b50000)
  eden space 4416K, 100% used [0x04600000, 0x04a50000, 0x04a50000)
  from space 512K,   0% used [0x04ad0000, 0x04ad07c0, 0x04b50000)
  to   space 512K,   0% used [0x04a50000, 0x04a50000, 0x04ad0000)
 tenured generation   total 10944K, used 8547K [0x09b50000, 0x0a600000, 0x14600000)
   the space 10944K,  78% used [0x09b50000, 0x0a3a8fe8, 0x0a3a9000, 0x0a600000)
 compacting perm gen  total 12288K, used 8988K [0x14600000, 0x15200000, 0x18600000)
   the space 12288K,  73% used [0x14600000, 0x14ec72d0, 0x14ec7400, 0x15200000)
No shared spaces configured.
Event: 20.554 GC heap after
Heap after GC invocations=48 (full 0):
 def new generation   total 4928K, used 3K [0x04600000, 0x04b50000, 0x09b50000)
  eden space 4416K,   0% used [0x04600000, 0x04600000, 0x04a50000)
  from space 512K,   0% used [0x04a50000, 0x04a50e88, 0x04ad0000)
  to   space 512K,   0% used [0x04ad0000, 0x04ad0000, 0x04b50000)
 tenured generation   total 10944K, used 8547K [0x09b50000, 0x0a600000, 0x14600000)
   the space 10944K,  78% used [0x09b50000, 0x0a3a8fe8, 0x0a3a9000, 0x0a600000)
 compacting perm gen  total 12288K, used 8988K [0x14600000, 0x15200000, 0x18600000)
   the space 12288K,  73% used [0x14600000, 0x14ec72d0, 0x14ec7400, 0x15200000)
No shared spaces configured.
}
Event: 21.011 GC heap before
{Heap before GC invocations=48 (full 0):
 def new generation   total 4928K, used 4419K [0x04600000, 0x04b50000, 0x09b50000)
  eden space 4416K, 100% used [0x04600000, 0x04a50000, 0x04a50000)
  from space 512K,   0% used [0x04a50000, 0x04a50e88, 0x04ad0000)
  to   space 512K,   0% used [0x04ad0000, 0x04ad0000, 0x04b50000)
 tenured generation   total 10944K, used 8547K [0x09b50000, 0x0a600000, 0x14600000)
   the space 10944K,  78% used [0x09b50000, 0x0a3a8fe8, 0x0a3a9000, 0x0a600000)
 compacting perm gen  total 12288K, used 8988K [0x14600000, 0x15200000, 0x18600000)
   the space 12288K,  73% used [0x14600000, 0x14ec72d0, 0x14ec7400, 0x15200000)
No shared spaces configured.
Event: 21.011 GC heap after
Heap after GC invocations=49 (full 0):
 def new generation   total 4928K, used 1K [0x04600000, 0x04b50000, 0x09b50000)
  eden space 4416K,   0% used [0x04600000, 0x04600000, 0x04a50000)
  from space 512K,   0% used [0x04ad0000, 0x04ad0658, 0x04b50000)
  to   space 512K,   0% used [0x04a50000, 0x04a50000, 0x04ad0000)
 tenured generation   total 10944K, used 8547K [0x09b50000, 0x0a600000, 0x14600000)
   the space 10944K,  78% used [0x09b50000, 0x0a3a8fe8, 0x0a3a9000, 0x0a600000)
 compacting perm gen  total 12288K, used 8988K [0x14600000, 0x15200000, 0x18600000)
   the space 12288K,  73% used [0x14600000, 0x14ec72d0, 0x14ec7400, 0x15200000)
No shared spaces configured.
}

