# JRE version: Java(TM) SE Runtime Environment (7.0_79-b15) (build 1.7.0_79-b15)
# Java VM: Java HotSpot(TM) Client VM (24.79-b02 mixed mode windows-x86 )
Heap
 def new generation   total 6336K, used 2056K [0x04800000, 0x04ed0000, 0x09d50000)
  eden space 5696K,  35% used [0x04800000, 0x049f9fd0, 0x04d90000)
  from space 640K,   5% used [0x04e30000, 0x04e381d0, 0x04ed0000)
  to   space 640K,   0% used [0x04d90000, 0x04d90000, 0x04e30000)
 tenured generation   total 13836K, used 8299K [0x09d50000, 0x0aad3000, 0x14800000)
   the space 13836K,  59% used [0x09d50000, 0x0a56afc8, 0x0a56b000, 0x0aad3000)
 compacting perm gen  total 12288K, used 9298K [0x14800000, 0x15400000, 0x18800000)
   the space 12288K,  75% used [0x14800000, 0x15114b78, 0x15114c00, 0x15400000)
GC Heap History (10 events):
Event: 16.059 GC heap before
{Heap before GC invocations=23 (full 0):
 def new generation   total 4928K, used 4580K [0x04800000, 0x04d50000, 0x09d50000)
  eden space 4416K, 100% used [0x04800000, 0x04c50000, 0x04c50000)
  from space 512K,  32% used [0x04cd0000, 0x04cf9188, 0x04d50000)
  to   space 512K,   0% used [0x04c50000, 0x04c50000, 0x04cd0000)
 tenured generation   total 10944K, used 10029K [0x09d50000, 0x0a800000, 0x14800000)
   the space 10944K,  91% used [0x09d50000, 0x0a71b530, 0x0a71b600, 0x0a800000)
 compacting perm gen  total 12288K, used 9294K [0x14800000, 0x15400000, 0x18800000)
   the space 12288K,  75% used [0x14800000, 0x15113a40, 0x15113c00, 0x15400000)
No shared spaces configured.
Event: 16.060 GC heap after
Heap after GC invocations=24 (full 0):
 def new generation   total 4928K, used 512K [0x04800000, 0x04d50000, 0x09d50000)
  eden space 4416K,   0% used [0x04800000, 0x04800000, 0x04c50000)
  from space 512K, 100% used [0x04c50000, 0x04cd0000, 0x04cd0000)
  to   space 512K,   0% used [0x04cd0000, 0x04cd0000, 0x04d50000)
 tenured generation   total 10944K, used 10049K [0x09d50000, 0x0a800000, 0x14800000)
   the space 10944K,  91% used [0x09d50000, 0x0a7206f0, 0x0a720800, 0x0a800000)
 compacting perm gen  total 12288K, used 9294K [0x14800000, 0x15400000, 0x18800000)
   the space 12288K,  75% used [0x14800000, 0x15113a40, 0x15113c00, 0x15400000)
No shared spaces configured.
}
Event: 16.745 GC heap before
{Heap before GC invocations=24 (full 0):
 def new generation   total 4928K, used 4925K [0x04800000, 0x04d50000, 0x09d50000)
  eden space 4416K,  99% used [0x04800000, 0x04c4f500, 0x04c50000)
  from space 512K, 100% used [0x04c50000, 0x04cd0000, 0x04cd0000)
  to   space 512K,   0% used [0x04cd0000, 0x04cd0000, 0x04d50000)
 tenured generation   total 10944K, used 10049K [0x09d50000, 0x0a800000, 0x14800000)
   the space 10944K,  91% used [0x09d50000, 0x0a7206f0, 0x0a720800, 0x0a800000)
 compacting perm gen  total 12288K, used 9294K [0x14800000, 0x15400000, 0x18800000)
   the space 12288K,  75% used [0x14800000, 0x15113bc8, 0x15113c00, 0x15400000)
No shared spaces configured.
Event: 16.747 GC heap after
Heap after GC invocations=25 (full 0):
 def new generation   total 4928K, used 406K [0x04800000, 0x04d50000, 0x09d50000)
  eden space 4416K,   0% used [0x04800000, 0x04800000, 0x04c50000)
  from space 512K,  79% used [0x04cd0000, 0x04d35810, 0x04d50000)
  to   space 512K,   0% used [0x04c50000, 0x04c50000, 0x04cd0000)
 tenured generation   total 10944K, used 10525K [0x09d50000, 0x0a800000, 0x14800000)
   the space 10944K,  96% used [0x09d50000, 0x0a7974c0, 0x0a797600, 0x0a800000)
 compacting perm gen  total 12288K, used 9294K [0x14800000, 0x15400000, 0x18800000)
   the space 12288K,  75% used [0x14800000, 0x15113bc8, 0x15113c00, 0x15400000)
No shared spaces configured.
}
Event: 17.402 GC heap before
{Heap before GC invocations=25 (full 0):
 def new generation   total 4928K, used 4822K [0x04800000, 0x04d50000, 0x09d50000)
  eden space 4416K, 100% used [0x04800000, 0x04c50000, 0x04c50000)
  from space 512K,  79% used [0x04cd0000, 0x04d35810, 0x04d50000)
  to   space 512K,   0% used [0x04c50000, 0x04c50000, 0x04cd0000)
 tenured generation   total 10944K, used 10525K [0x09d50000, 0x0a800000, 0x14800000)
   the space 10944K,  96% used [0x09d50000, 0x0a7974c0, 0x0a797600, 0x0a800000)
 compacting perm gen  total 12288K, used 9294K [0x14800000, 0x15400000, 0x18800000)
   the space 12288K,  75% used [0x14800000, 0x15113bd8, 0x15113c00, 0x15400000)
No shared spaces configured.
Event: 17.404 GC heap after
Heap after GC invocations=26 (full 0):
 def new generation   total 4928K, used 392K [0x04800000, 0x04d50000, 0x09d50000)
  eden space 4416K,   0% used [0x04800000, 0x04800000, 0x04c50000)
  from space 512K,  76% used [0x04c50000, 0x04cb20a0, 0x04cd0000)
  to   space 512K,   0% used [0x04cd0000, 0x04cd0000, 0x04d50000)
 tenured generation   total 10944K, used 10899K [0x09d50000, 0x0a800000, 0x14800000)
   the space 10944K,  99% used [0x09d50000, 0x0a7f4fb0, 0x0a7f5000, 0x0a800000)
 compacting perm gen  total 12288K, used 9294K [0x14800000, 0x15400000, 0x18800000)
   the space 12288K,  75% used [0x14800000, 0x15113bd8, 0x15113c00, 0x15400000)
No shared spaces configured.
}
Event: 18.058 GC heap before
{Heap before GC invocations=26 (full 0):
 def new generation   total 4928K, used 4808K [0x04800000, 0x04d50000, 0x09d50000)
  eden space 4416K, 100% used [0x04800000, 0x04c50000, 0x04c50000)
  from space 512K,  76% used [0x04c50000, 0x04cb20a0, 0x04cd0000)
  to   space 512K,   0% used [0x04cd0000, 0x04cd0000, 0x04d50000)
 tenured generation   total 10944K, used 10899K [0x09d50000, 0x0a800000, 0x14800000)
   the space 10944K,  99% used [0x09d50000, 0x0a7f4fb0, 0x0a7f5000, 0x0a800000)
 compacting perm gen  total 12288K, used 9294K [0x14800000, 0x15400000, 0x18800000)
   the space 12288K,  75% used [0x14800000, 0x15113be8, 0x15113c00, 0x15400000)
No shared spaces configured.
Event: 18.087 GC heap after
Heap after GC invocations=27 (full 1):
 def new generation   total 6336K, used 0K [0x04800000, 0x04ed0000, 0x09d50000)
  eden space 5696K,   0% used [0x04800000, 0x04800000, 0x04d90000)
  from space 640K,   0% used [0x04d90000, 0x04d90000, 0x04e30000)
  to   space 640K,   0% used [0x04e30000, 0x04e30000, 0x04ed0000)
 tenured generation   total 13836K, used 8299K [0x09d50000, 0x0aad3000, 0x14800000)
   the space 13836K,  59% used [0x09d50000, 0x0a56afc8, 0x0a56b000, 0x0aad3000)
 compacting perm gen  total 12288K, used 9294K [0x14800000, 0x15400000, 0x18800000)
   the space 12288K,  75% used [0x14800000, 0x15113be8, 0x15113c00, 0x15400000)
No shared spaces configured.
}
Event: 19.932 GC heap before
{Heap before GC invocations=27 (full 1):
 def new generation   total 6336K, used 5696K [0x04800000, 0x04ed0000, 0x09d50000)
  eden space 5696K, 100% used [0x04800000, 0x04d90000, 0x04d90000)
  from space 640K,   0% used [0x04d90000, 0x04d90000, 0x04e30000)
  to   space 640K,   0% used [0x04e30000, 0x04e30000, 0x04ed0000)
 tenured generation   total 13836K, used 8299K [0x09d50000, 0x0aad3000, 0x14800000)
   the space 13836K,  59% used [0x09d50000, 0x0a56afc8, 0x0a56b000, 0x0aad3000)
 compacting perm gen  total 12288K, used 9295K [0x14800000, 0x15400000, 0x18800000)
   the space 12288K,  75% used [0x14800000, 0x15113c48, 0x15113e00, 0x15400000)
No shared spaces configured.
Event: 19.933 GC heap after
Heap after GC invocations=28 (full 1):
 def new generation   total 6336K, used 32K [0x04800000, 0x04ed0000, 0x09d50000)
  eden space 5696K,   0% used [0x04800000, 0x04800000, 0x04d90000)
  from space 640K,   5% used [0x04e30000, 0x04e381d0, 0x04ed0000)
  to   space 640K,   0% used [0x04d90000, 0x04d90000, 0x04e30000)
 tenured generation   total 13836K, used 8299K [0x09d50000, 0x0aad3000, 0x14800000)
   the space 13836K,  59% used [0x09d50000, 0x0a56afc8, 0x0a56b000, 0x0aad3000)
 compacting perm gen  total 12288K, used 9295K [0x14800000, 0x15400000, 0x18800000)
   the space 12288K,  75% used [0x14800000, 0x15113c48, 0x15113e00, 0x15400000)
No shared spaces configured.
}

