# JRE version: Java(TM) SE Runtime Environment (7.0_79-b15) (build 1.7.0_79-b15)
# Java VM: Java HotSpot(TM) Client VM (24.79-b02 mixed mode windows-x86 )
Heap
 def new generation   total 4928K, used 3470K [0x04600000, 0x04b50000, 0x09b50000)
  eden space 4416K,  77% used [0x04600000, 0x04958e88, 0x04a50000)
  from space 512K,   8% used [0x04a50000, 0x04a5ac58, 0x04ad0000)
  to   space 512K,   0% used [0x04ad0000, 0x04ad0000, 0x04b50000)
 tenured generation   total 10944K, used 5832K [0x09b50000, 0x0a600000, 0x14600000)
   the space 10944K,  53% used [0x09b50000, 0x0a102320, 0x0a102400, 0x0a600000)
 compacting perm gen  total 12288K, used 8960K [0x14600000, 0x15200000, 0x18600000)
   the space 12288K,  72% used [0x14600000, 0x14ec03c0, 0x14ec0400, 0x15200000)
GC Heap History (10 events):
Event: 0.591 GC heap before
{Heap before GC invocations=1 (full 0):
 def new generation   total 4928K, used 4928K [0x04600000, 0x04b50000, 0x09b50000)
  eden space 4416K, 100% used [0x04600000, 0x04a50000, 0x04a50000)
  from space 512K, 100% used [0x04ad0000, 0x04b50000, 0x04b50000)
  to   space 512K,   0% used [0x04a50000, 0x04a50000, 0x04ad0000)
 tenured generation   total 10944K, used 1078K [0x09b50000, 0x0a600000, 0x14600000)
   the space 10944K,   9% used [0x09b50000, 0x09c5d9d8, 0x09c5da00, 0x0a600000)
 compacting perm gen  total 12288K, used 7224K [0x14600000, 0x15200000, 0x18600000)
   the space 12288K,  58% used [0x14600000, 0x14d0e120, 0x14d0e200, 0x15200000)
No shared spaces configured.
Event: 0.600 GC heap after
Heap after GC invocations=2 (full 0):
 def new generation   total 4928K, used 512K [0x04600000, 0x04b50000, 0x09b50000)
  eden space 4416K,   0% used [0x04600000, 0x04600000, 0x04a50000)
  from space 512K, 100% used [0x04a50000, 0x04ad0000, 0x04ad0000)
  to   space 512K,   0% used [0x04ad0000, 0x04ad0000, 0x04b50000)
 tenured generation   total 10944K, used 2201K [0x09b50000, 0x0a600000, 0x14600000)
   the space 10944K,  20% used [0x09b50000, 0x09d76580, 0x09d76600, 0x0a600000)
 compacting perm gen  total 12288K, used 7224K [0x14600000, 0x15200000, 0x18600000)
   the space 12288K,  58% used [0x14600000, 0x14d0e120, 0x14d0e200, 0x15200000)
No shared spaces configured.
}
Event: 0.861 GC heap before
{Heap before GC invocations=2 (full 0):
 def new generation   total 4928K, used 4928K [0x04600000, 0x04b50000, 0x09b50000)
  eden space 4416K, 100% used [0x04600000, 0x04a50000, 0x04a50000)
  from space 512K, 100% used [0x04a50000, 0x04ad0000, 0x04ad0000)
  to   space 512K,   0% used [0x04ad0000, 0x04ad0000, 0x04b50000)
 tenured generation   total 10944K, used 2201K [0x09b50000, 0x0a600000, 0x14600000)
   the space 10944K,  20% used [0x09b50000, 0x09d76580, 0x09d76600, 0x0a600000)
 compacting perm gen  total 12288K, used 8866K [0x14600000, 0x15200000, 0x18600000)
   the space 12288K,  72% used [0x14600000, 0x14ea8a28, 0x14ea8c00, 0x15200000)
No shared spaces configured.
Event: 0.872 GC heap after
Heap after GC invocations=3 (full 0):
 def new generation   total 4928K, used 512K [0x04600000, 0x04b50000, 0x09b50000)
  eden space 4416K,   0% used [0x04600000, 0x04600000, 0x04a50000)
  from space 512K, 100% used [0x04ad0000, 0x04b50000, 0x04b50000)
  to   space 512K,   0% used [0x04a50000, 0x04a50000, 0x04ad0000)
 tenured generation   total 10944K, used 3206K [0x09b50000, 0x0a600000, 0x14600000)
   the space 10944K,  29% used [0x09b50000, 0x09e71980, 0x09e71a00, 0x0a600000)
 compacting perm gen  total 12288K, used 8866K [0x14600000, 0x15200000, 0x18600000)
   the space 12288K,  72% used [0x14600000, 0x14ea8a28, 0x14ea8c00, 0x15200000)
No shared spaces configured.
}
Event: 1.345 GC heap before
{Heap before GC invocations=3 (full 0):
 def new generation   total 4928K, used 4928K [0x04600000, 0x04b50000, 0x09b50000)
  eden space 4416K, 100% used [0x04600000, 0x04a50000, 0x04a50000)
  from space 512K, 100% used [0x04ad0000, 0x04b50000, 0x04b50000)
  to   space 512K,   0% used [0x04a50000, 0x04a50000, 0x04ad0000)
 tenured generation   total 10944K, used 3206K [0x09b50000, 0x0a600000, 0x14600000)
   the space 10944K,  29% used [0x09b50000, 0x09e71980, 0x09e71a00, 0x0a600000)
 compacting perm gen  total 12288K, used 8880K [0x14600000, 0x15200000, 0x18600000)
   the space 12288K,  72% used [0x14600000, 0x14eac038, 0x14eac200, 0x15200000)
No shared spaces configured.
Event: 1.350 GC heap after
Heap after GC invocations=4 (full 0):
 def new generation   total 4928K, used 401K [0x04600000, 0x04b50000, 0x09b50000)
  eden space 4416K,   0% used [0x04600000, 0x04600000, 0x04a50000)
  from space 512K,  78% used [0x04a50000, 0x04ab4478, 0x04ad0000)
  to   space 512K,   0% used [0x04ad0000, 0x04ad0000, 0x04b50000)
 tenured generation   total 10944K, used 3901K [0x09b50000, 0x0a600000, 0x14600000)
   the space 10944K,  35% used [0x09b50000, 0x09f1f448, 0x09f1f600, 0x0a600000)
 compacting perm gen  total 12288K, used 8880K [0x14600000, 0x15200000, 0x18600000)
   the space 12288K,  72% used [0x14600000, 0x14eac038, 0x14eac200, 0x15200000)
No shared spaces configured.
}
Event: 1.852 GC heap before
{Heap before GC invocations=4 (full 0):
 def new generation   total 4928K, used 4817K [0x04600000, 0x04b50000, 0x09b50000)
  eden space 4416K, 100% used [0x04600000, 0x04a50000, 0x04a50000)
  from space 512K,  78% used [0x04a50000, 0x04ab4478, 0x04ad0000)
  to   space 512K,   0% used [0x04ad0000, 0x04ad0000, 0x04b50000)
 tenured generation   total 10944K, used 3901K [0x09b50000, 0x0a600000, 0x14600000)
   the space 10944K,  35% used [0x09b50000, 0x09f1f448, 0x09f1f600, 0x0a600000)
 compacting perm gen  total 12288K, used 8894K [0x14600000, 0x15200000, 0x18600000)
   the space 12288K,  72% used [0x14600000, 0x14eafbe0, 0x14eafc00, 0x15200000)
No shared spaces configured.
Event: 1.854 GC heap after
Heap after GC invocations=5 (full 0):
 def new generation   total 4928K, used 5K [0x04600000, 0x04b50000, 0x09b50000)
  eden space 4416K,   0% used [0x04600000, 0x04600000, 0x04a50000)
  from space 512K,   1% used [0x04ad0000, 0x04ad1510, 0x04b50000)
  to   space 512K,   0% used [0x04a50000, 0x04a50000, 0x04ad0000)
 tenured generation   total 10944K, used 4808K [0x09b50000, 0x0a600000, 0x14600000)
   the space 10944K,  43% used [0x09b50000, 0x0a002310, 0x0a002400, 0x0a600000)
 compacting perm gen  total 12288K, used 8894K [0x14600000, 0x15200000, 0x18600000)
   the space 12288K,  72% used [0x14600000, 0x14eafbe0, 0x14eafc00, 0x15200000)
No shared spaces configured.
}
Event: 2.280 GC heap before
{Heap before GC invocations=5 (full 0):
 def new generation   total 4928K, used 4419K [0x04600000, 0x04b50000, 0x09b50000)
  eden space 4416K,  99% used [0x04600000, 0x04a4fa60, 0x04a50000)
  from space 512K,   1% used [0x04ad0000, 0x04ad1510, 0x04b50000)
  to   space 512K,   0% used [0x04a50000, 0x04a50000, 0x04ad0000)
 tenured generation   total 10944K, used 4808K [0x09b50000, 0x0a600000, 0x14600000)
   the space 10944K,  43% used [0x09b50000, 0x0a002310, 0x0a002400, 0x0a600000)
 compacting perm gen  total 12288K, used 8958K [0x14600000, 0x15200000, 0x18600000)
   the space 12288K,  72% used [0x14600000, 0x14ebf8e0, 0x14ebfa00, 0x15200000)
No shared spaces configured.
Event: 2.281 GC heap after
Heap after GC invocations=6 (full 0):
 def new generation   total 4928K, used 43K [0x04600000, 0x04b50000, 0x09b50000)
  eden space 4416K,   0% used [0x04600000, 0x04600000, 0x04a50000)
  from space 512K,   8% used [0x04a50000, 0x04a5ac58, 0x04ad0000)
  to   space 512K,   0% used [0x04ad0000, 0x04ad0000, 0x04b50000)
 tenured generation   total 10944K, used 5832K [0x09b50000, 0x0a600000, 0x14600000)
   the space 10944K,  53% used [0x09b50000, 0x0a102320, 0x0a102400, 0x0a600000)
 compacting perm gen  total 12288K, used 8958K [0x14600000, 0x15200000, 0x18600000)
   the space 12288K,  72% used [0x14600000, 0x14ebf8e0, 0x14ebfa00, 0x15200000)
No shared spaces configured.
}

