# JRE version: Java(TM) SE Runtime Environment (7.0_79-b15) (build 1.7.0_79-b15)
# Java VM: Java HotSpot(TM) Client VM (24.79-b02 mixed mode windows-x86 )
Heap
 def new generation   total 5824K, used 4973K [0x04a00000, 0x05050000, 0x09f50000)
  eden space 5184K,  94% used [0x04a00000, 0x04ecbe98, 0x04f10000)
  from space 640K,   9% used [0x04fb0000, 0x04fbf6c0, 0x05050000)
  to   space 640K,   0% used [0x04f10000, 0x04f10000, 0x04fb0000)
 tenured generation   total 12804K, used 11146K [0x09f50000, 0x0abd1000, 0x14a00000)
   the space 12804K,  87% used [0x09f50000, 0x0aa32bc0, 0x0aa32c00, 0x0abd1000)
 compacting perm gen  total 12288K, used 9279K [0x14a00000, 0x15600000, 0x18a00000)
   the space 12288K,  75% used [0x14a00000, 0x1530ff78, 0x15310000, 0x15600000)
GC Heap History (10 events):
Event: 10.308 GC heap before
{Heap before GC invocations=25 (full 1):
 def new generation   total 5824K, used 5641K [0x04a00000, 0x05050000, 0x09f50000)
  eden space 5184K,  99% used [0x04a00000, 0x04f0d150, 0x04f10000)
  from space 640K,  73% used [0x04f10000, 0x04f85650, 0x04fb0000)
  to   space 640K,   0% used [0x04fb0000, 0x04fb0000, 0x05050000)
 tenured generation   total 12804K, used 8933K [0x09f50000, 0x0abd1000, 0x14a00000)
   the space 12804K,  69% used [0x09f50000, 0x0a8096c0, 0x0a809800, 0x0abd1000)
 compacting perm gen  total 12288K, used 9028K [0x14a00000, 0x15600000, 0x18a00000)
   the space 12288K,  73% used [0x14a00000, 0x152d11f0, 0x152d1200, 0x15600000)
No shared spaces configured.
Event: 10.310 GC heap after
Heap after GC invocations=26 (full 1):
 def new generation   total 5824K, used 640K [0x04a00000, 0x05050000, 0x09f50000)
  eden space 5184K,   0% used [0x04a00000, 0x04a00000, 0x04f10000)
  from space 640K, 100% used [0x04fb0000, 0x05050000, 0x05050000)
  to   space 640K,   0% used [0x04f10000, 0x04f10000, 0x04fb0000)
 tenured generation   total 12804K, used 9628K [0x09f50000, 0x0abd1000, 0x14a00000)
   the space 12804K,  75% used [0x09f50000, 0x0a8b7018, 0x0a8b7200, 0x0abd1000)
 compacting perm gen  total 12288K, used 9028K [0x14a00000, 0x15600000, 0x18a00000)
   the space 12288K,  73% used [0x14a00000, 0x152d11f0, 0x152d1200, 0x15600000)
No shared spaces configured.
}
Event: 10.781 GC heap before
{Heap before GC invocations=26 (full 1):
 def new generation   total 5824K, used 5822K [0x04a00000, 0x05050000, 0x09f50000)
  eden space 5184K,  99% used [0x04a00000, 0x04f0f998, 0x04f10000)
  from space 640K, 100% used [0x04fb0000, 0x05050000, 0x05050000)
  to   space 640K,   0% used [0x04f10000, 0x04f10000, 0x04fb0000)
 tenured generation   total 12804K, used 9628K [0x09f50000, 0x0abd1000, 0x14a00000)
   the space 12804K,  75% used [0x09f50000, 0x0a8b7018, 0x0a8b7200, 0x0abd1000)
 compacting perm gen  total 12288K, used 9028K [0x14a00000, 0x15600000, 0x18a00000)
   the space 12288K,  73% used [0x14a00000, 0x152d11f0, 0x152d1200, 0x15600000)
No shared spaces configured.
Event: 10.782 GC heap after
Heap after GC invocations=27 (full 1):
 def new generation   total 5824K, used 582K [0x04a00000, 0x05050000, 0x09f50000)
  eden space 5184K,   0% used [0x04a00000, 0x04a00000, 0x04f10000)
  from space 640K,  90% used [0x04f10000, 0x04fa18d8, 0x04fb0000)
  to   space 640K,   0% used [0x04fb0000, 0x04fb0000, 0x05050000)
 tenured generation   total 12804K, used 10244K [0x09f50000, 0x0abd1000, 0x14a00000)
   the space 12804K,  80% used [0x09f50000, 0x0a951078, 0x0a951200, 0x0abd1000)
 compacting perm gen  total 12288K, used 9028K [0x14a00000, 0x15600000, 0x18a00000)
   the space 12288K,  73% used [0x14a00000, 0x152d11f0, 0x152d1200, 0x15600000)
No shared spaces configured.
}
Event: 11.533 GC heap before
{Heap before GC invocations=27 (full 1):
 def new generation   total 5824K, used 5766K [0x04a00000, 0x05050000, 0x09f50000)
  eden space 5184K, 100% used [0x04a00000, 0x04f10000, 0x04f10000)
  from space 640K,  90% used [0x04f10000, 0x04fa18d8, 0x04fb0000)
  to   space 640K,   0% used [0x04fb0000, 0x04fb0000, 0x05050000)
 tenured generation   total 12804K, used 10244K [0x09f50000, 0x0abd1000, 0x14a00000)
   the space 12804K,  80% used [0x09f50000, 0x0a951078, 0x0a951200, 0x0abd1000)
 compacting perm gen  total 12288K, used 9273K [0x14a00000, 0x15600000, 0x18a00000)
   the space 12288K,  75% used [0x14a00000, 0x1530e4a0, 0x1530e600, 0x15600000)
No shared spaces configured.
Event: 11.535 GC heap after
Heap after GC invocations=28 (full 1):
 def new generation   total 5824K, used 377K [0x04a00000, 0x05050000, 0x09f50000)
  eden space 5184K,   0% used [0x04a00000, 0x04a00000, 0x04f10000)
  from space 640K,  59% used [0x04fb0000, 0x0500e770, 0x05050000)
  to   space 640K,   0% used [0x04f10000, 0x04f10000, 0x04fb0000)
 tenured generation   total 12804K, used 10786K [0x09f50000, 0x0abd1000, 0x14a00000)
   the space 12804K,  84% used [0x09f50000, 0x0a9d89c8, 0x0a9d8a00, 0x0abd1000)
 compacting perm gen  total 12288K, used 9273K [0x14a00000, 0x15600000, 0x18a00000)
   the space 12288K,  75% used [0x14a00000, 0x1530e4a0, 0x1530e600, 0x15600000)
No shared spaces configured.
}
Event: 12.590 GC heap before
{Heap before GC invocations=28 (full 1):
 def new generation   total 5824K, used 5561K [0x04a00000, 0x05050000, 0x09f50000)
  eden space 5184K, 100% used [0x04a00000, 0x04f10000, 0x04f10000)
  from space 640K,  59% used [0x04fb0000, 0x0500e770, 0x05050000)
  to   space 640K,   0% used [0x04f10000, 0x04f10000, 0x04fb0000)
 tenured generation   total 12804K, used 10786K [0x09f50000, 0x0abd1000, 0x14a00000)
   the space 12804K,  84% used [0x09f50000, 0x0a9d89c8, 0x0a9d8a00, 0x0abd1000)
 compacting perm gen  total 12288K, used 9273K [0x14a00000, 0x15600000, 0x18a00000)
   the space 12288K,  75% used [0x14a00000, 0x1530e4b0, 0x1530e600, 0x15600000)
No shared spaces configured.
Event: 12.591 GC heap after
Heap after GC invocations=29 (full 1):
 def new generation   total 5824K, used 1K [0x04a00000, 0x05050000, 0x09f50000)
  eden space 5184K,   0% used [0x04a00000, 0x04a00000, 0x04f10000)
  from space 640K,   0% used [0x04f10000, 0x04f107d8, 0x04fb0000)
  to   space 640K,   0% used [0x04fb0000, 0x04fb0000, 0x05050000)
 tenured generation   total 12804K, used 11146K [0x09f50000, 0x0abd1000, 0x14a00000)
   the space 12804K,  87% used [0x09f50000, 0x0aa32bc0, 0x0aa32c00, 0x0abd1000)
 compacting perm gen  total 12288K, used 9273K [0x14a00000, 0x15600000, 0x18a00000)
   the space 12288K,  75% used [0x14a00000, 0x1530e4b0, 0x1530e600, 0x15600000)
No shared spaces configured.
}
Event: 13.535 GC heap before
{Heap before GC invocations=29 (full 1):
 def new generation   total 5824K, used 5185K [0x04a00000, 0x05050000, 0x09f50000)
  eden space 5184K, 100% used [0x04a00000, 0x04f10000, 0x04f10000)
  from space 640K,   0% used [0x04f10000, 0x04f107d8, 0x04fb0000)
  to   space 640K,   0% used [0x04fb0000, 0x04fb0000, 0x05050000)
 tenured generation   total 12804K, used 11146K [0x09f50000, 0x0abd1000, 0x14a00000)
   the space 12804K,  87% used [0x09f50000, 0x0aa32bc0, 0x0aa32c00, 0x0abd1000)
 compacting perm gen  total 12288K, used 9276K [0x14a00000, 0x15600000, 0x18a00000)
   the space 12288K,  75% used [0x14a00000, 0x1530f048, 0x1530f200, 0x15600000)
No shared spaces configured.
Event: 13.536 GC heap after
Heap after GC invocations=30 (full 1):
 def new generation   total 5824K, used 61K [0x04a00000, 0x05050000, 0x09f50000)
  eden space 5184K,   0% used [0x04a00000, 0x04a00000, 0x04f10000)
  from space 640K,   9% used [0x04fb0000, 0x04fbf6c0, 0x05050000)
  to   space 640K,   0% used [0x04f10000, 0x04f10000, 0x04fb0000)
 tenured generation   total 12804K, used 11146K [0x09f50000, 0x0abd1000, 0x14a00000)
   the space 12804K,  87% used [0x09f50000, 0x0aa32bc0, 0x0aa32c00, 0x0abd1000)
 compacting perm gen  total 12288K, used 9276K [0x14a00000, 0x15600000, 0x18a00000)
   the space 12288K,  75% used [0x14a00000, 0x1530f048, 0x1530f200, 0x15600000)
No shared spaces configured.
}

