# JRE version: Java(TM) SE Runtime Environment (7.0_79-b15) (build 1.7.0_79-b15)
# Java VM: Java HotSpot(TM) Client VM (24.79-b02 mixed mode windows-x86 )
Heap
 def new generation   total 6528K, used 5004K [0x04a00000, 0x05110000, 0x09f50000)
  eden space 5824K,  85% used [0x04a00000, 0x04ee1948, 0x04fb0000)
  from space 704K,   0% used [0x05060000, 0x05061770, 0x05110000)
  to   space 704K,   0% used [0x04fb0000, 0x04fb0000, 0x05060000)
 tenured generation   total 14396K, used 8636K [0x09f50000, 0x0ad5f000, 0x14a00000)
   the space 14396K,  59% used [0x09f50000, 0x0a7bf318, 0x0a7bf400, 0x0ad5f000)
 compacting perm gen  total 12288K, used 9066K [0x14a00000, 0x15600000, 0x18a00000)
   the space 12288K,  73% used [0x14a00000, 0x152daa10, 0x152dac00, 0x15600000)
GC Heap History (10 events):
Event: 4.872 GC heap before
{Heap before GC invocations=12 (full 0):
 def new generation   total 4928K, used 4588K [0x04a00000, 0x04f50000, 0x09f50000)
  eden space 4416K, 100% used [0x04a00000, 0x04e50000, 0x04e50000)
  from space 512K,  33% used [0x04e50000, 0x04e7b228, 0x04ed0000)
  to   space 512K,   0% used [0x04ed0000, 0x04ed0000, 0x04f50000)
 tenured generation   total 10944K, used 8250K [0x09f50000, 0x0aa00000, 0x14a00000)
   the space 10944K,  75% used [0x09f50000, 0x0a75e888, 0x0a75ea00, 0x0aa00000)
 compacting perm gen  total 12288K, used 9060K [0x14a00000, 0x15600000, 0x18a00000)
   the space 12288K,  73% used [0x14a00000, 0x152d9170, 0x152d9200, 0x15600000)
No shared spaces configured.
Event: 4.873 GC heap after
Heap after GC invocations=13 (full 0):
 def new generation   total 4928K, used 172K [0x04a00000, 0x04f50000, 0x09f50000)
  eden space 4416K,   0% used [0x04a00000, 0x04a00000, 0x04e50000)
  from space 512K,  33% used [0x04ed0000, 0x04efb170, 0x04f50000)
  to   space 512K,   0% used [0x04e50000, 0x04e50000, 0x04ed0000)
 tenured generation   total 10944K, used 8250K [0x09f50000, 0x0aa00000, 0x14a00000)
   the space 10944K,  75% used [0x09f50000, 0x0a75e888, 0x0a75ea00, 0x0aa00000)
 compacting perm gen  total 12288K, used 9060K [0x14a00000, 0x15600000, 0x18a00000)
   the space 12288K,  73% used [0x14a00000, 0x152d9170, 0x152d9200, 0x15600000)
No shared spaces configured.
}
Event: 5.184 GC heap before
{Heap before GC invocations=13 (full 0):
 def new generation   total 4928K, used 4588K [0x04a00000, 0x04f50000, 0x09f50000)
  eden space 4416K, 100% used [0x04a00000, 0x04e50000, 0x04e50000)
  from space 512K,  33% used [0x04ed0000, 0x04efb170, 0x04f50000)
  to   space 512K,   0% used [0x04e50000, 0x04e50000, 0x04ed0000)
 tenured generation   total 10944K, used 8250K [0x09f50000, 0x0aa00000, 0x14a00000)
   the space 10944K,  75% used [0x09f50000, 0x0a75e888, 0x0a75ea00, 0x0aa00000)
 compacting perm gen  total 12288K, used 9060K [0x14a00000, 0x15600000, 0x18a00000)
   the space 12288K,  73% used [0x14a00000, 0x152d9170, 0x152d9200, 0x15600000)
No shared spaces configured.
Event: 5.185 GC heap after
Heap after GC invocations=14 (full 0):
 def new generation   total 4928K, used 175K [0x04a00000, 0x04f50000, 0x09f50000)
  eden space 4416K,   0% used [0x04a00000, 0x04a00000, 0x04e50000)
  from space 512K,  34% used [0x04e50000, 0x04e7be88, 0x04ed0000)
  to   space 512K,   0% used [0x04ed0000, 0x04ed0000, 0x04f50000)
 tenured generation   total 10944K, used 8250K [0x09f50000, 0x0aa00000, 0x14a00000)
   the space 10944K,  75% used [0x09f50000, 0x0a75e888, 0x0a75ea00, 0x0aa00000)
 compacting perm gen  total 12288K, used 9060K [0x14a00000, 0x15600000, 0x18a00000)
   the space 12288K,  73% used [0x14a00000, 0x152d9170, 0x152d9200, 0x15600000)
No shared spaces configured.
}
Event: 5.495 GC heap before
{Heap before GC invocations=14 (full 0):
 def new generation   total 4928K, used 4278K [0x04a00000, 0x04f50000, 0x09f50000)
  eden space 4416K,  92% used [0x04a00000, 0x04e01b88, 0x04e50000)
  from space 512K,  34% used [0x04e50000, 0x04e7be88, 0x04ed0000)
  to   space 512K,   0% used [0x04ed0000, 0x04ed0000, 0x04f50000)
 tenured generation   total 10944K, used 8250K [0x09f50000, 0x0aa00000, 0x14a00000)
   the space 10944K,  75% used [0x09f50000, 0x0a75e888, 0x0a75ea00, 0x0aa00000)
 compacting perm gen  total 12288K, used 9060K [0x14a00000, 0x15600000, 0x18a00000)
   the space 12288K,  73% used [0x14a00000, 0x152d91a0, 0x152d9200, 0x15600000)
No shared spaces configured.
Event: 5.495 GC heap after
Heap after GC invocations=15 (full 0):
 def new generation   total 4928K, used 174K [0x04a00000, 0x04f50000, 0x09f50000)
  eden space 4416K,   0% used [0x04a00000, 0x04a00000, 0x04e50000)
  from space 512K,  34% used [0x04ed0000, 0x04efb950, 0x04f50000)
  to   space 512K,   0% used [0x04e50000, 0x04e50000, 0x04ed0000)
 tenured generation   total 10944K, used 8250K [0x09f50000, 0x0aa00000, 0x14a00000)
   the space 10944K,  75% used [0x09f50000, 0x0a75e888, 0x0a75ea00, 0x0aa00000)
 compacting perm gen  total 12288K, used 9060K [0x14a00000, 0x15600000, 0x18a00000)
   the space 12288K,  73% used [0x14a00000, 0x152d91a0, 0x152d9200, 0x15600000)
No shared spaces configured.
}
Event: 5.510 GC heap before
{Heap before GC invocations=15 (full 0):
 def new generation   total 4928K, used 4590K [0x04a00000, 0x04f50000, 0x09f50000)
  eden space 4416K, 100% used [0x04a00000, 0x04e50000, 0x04e50000)
  from space 512K,  34% used [0x04ed0000, 0x04efb950, 0x04f50000)
  to   space 512K,   0% used [0x04e50000, 0x04e50000, 0x04ed0000)
 tenured generation   total 10944K, used 8250K [0x09f50000, 0x0aa00000, 0x14a00000)
   the space 10944K,  75% used [0x09f50000, 0x0a75e888, 0x0a75ea00, 0x0aa00000)
 compacting perm gen  total 12288K, used 9060K [0x14a00000, 0x15600000, 0x18a00000)
   the space 12288K,  73% used [0x14a00000, 0x152d91b0, 0x152d9200, 0x15600000)
No shared spaces configured.
Event: 5.542 GC heap after
Heap after GC invocations=16 (full 1):
 def new generation   total 6528K, used 0K [0x04a00000, 0x05110000, 0x09f50000)
  eden space 5824K,   0% used [0x04a00000, 0x04a00000, 0x04fb0000)
  from space 704K,   0% used [0x04fb0000, 0x04fb0000, 0x05060000)
  to   space 704K,   0% used [0x05060000, 0x05060000, 0x05110000)
 tenured generation   total 14396K, used 8636K [0x09f50000, 0x0ad5f000, 0x14a00000)
   the space 14396K,  59% used [0x09f50000, 0x0a7bf318, 0x0a7bf400, 0x0ad5f000)
 compacting perm gen  total 12288K, used 9060K [0x14a00000, 0x15600000, 0x18a00000)
   the space 12288K,  73% used [0x14a00000, 0x152d91b0, 0x152d9200, 0x15600000)
No shared spaces configured.
}
Event: 5.981 GC heap before
{Heap before GC invocations=16 (full 1):
 def new generation   total 6528K, used 5824K [0x04a00000, 0x05110000, 0x09f50000)
  eden space 5824K, 100% used [0x04a00000, 0x04fb0000, 0x04fb0000)
  from space 704K,   0% used [0x04fb0000, 0x04fb0000, 0x05060000)
  to   space 704K,   0% used [0x05060000, 0x05060000, 0x05110000)
 tenured generation   total 14396K, used 8636K [0x09f50000, 0x0ad5f000, 0x14a00000)
   the space 14396K,  59% used [0x09f50000, 0x0a7bf318, 0x0a7bf400, 0x0ad5f000)
 compacting perm gen  total 12288K, used 9060K [0x14a00000, 0x15600000, 0x18a00000)
   the space 12288K,  73% used [0x14a00000, 0x152d91b0, 0x152d9200, 0x15600000)
No shared spaces configured.
Event: 5.981 GC heap after
Heap after GC invocations=17 (full 1):
 def new generation   total 6528K, used 5K [0x04a00000, 0x05110000, 0x09f50000)
  eden space 5824K,   0% used [0x04a00000, 0x04a00000, 0x04fb0000)
  from space 704K,   0% used [0x05060000, 0x05061770, 0x05110000)
  to   space 704K,   0% used [0x04fb0000, 0x04fb0000, 0x05060000)
 tenured generation   total 14396K, used 8636K [0x09f50000, 0x0ad5f000, 0x14a00000)
   the space 14396K,  59% used [0x09f50000, 0x0a7bf318, 0x0a7bf400, 0x0ad5f000)
 compacting perm gen  total 12288K, used 9060K [0x14a00000, 0x15600000, 0x18a00000)
   the space 12288K,  73% used [0x14a00000, 0x152d91b0, 0x152d9200, 0x15600000)
No shared spaces configured.
}

