# JRE version: Java(TM) SE Runtime Environment (7.0_79-b15) (build 1.7.0_79-b15)
# Java VM: Java HotSpot(TM) Client VM (24.79-b02 mixed mode windows-x86 )
Heap
 def new generation   total 9856K, used 263K [0x04600000, 0x050b0000, 0x09b50000)
  eden space 8768K,   2% used [0x04600000, 0x0463d700, 0x04e90000)
  from space 1088K,   1% used [0x04e90000, 0x04e945a8, 0x04fa0000)
  to   space 1088K,   0% used [0x04fa0000, 0x04fa0000, 0x050b0000)
 tenured generation   total 38180K, used 28664K [0x09b50000, 0x0c099000, 0x14600000)
   the space 38180K,  75% used [0x09b50000, 0x0b74e018, 0x0b74e200, 0x0c099000)
 compacting perm gen  total 12288K, used 9118K [0x14600000, 0x15200000, 0x18600000)
   the space 12288K,  74% used [0x14600000, 0x14ee7828, 0x14ee7a00, 0x15200000)
GC Heap History (10 events):
Event: 29.707 GC heap before
{Heap before GC invocations=48 (full 3):
 def new generation   total 9856K, used 8783K [0x04600000, 0x050b0000, 0x09b50000)
  eden space 8768K, 100% used [0x04600000, 0x04e90000, 0x04e90000)
  from space 1088K,   1% used [0x04e90000, 0x04e93f38, 0x04fa0000)
  to   space 1088K,   0% used [0x04fa0000, 0x04fa0000, 0x050b0000)
 tenured generation   total 38180K, used 28664K [0x09b50000, 0x0c099000, 0x14600000)
   the space 38180K,  75% used [0x09b50000, 0x0b74e018, 0x0b74e200, 0x0c099000)
 compacting perm gen  total 12288K, used 9115K [0x14600000, 0x15200000, 0x18600000)
   the space 12288K,  74% used [0x14600000, 0x14ee6da8, 0x14ee6e00, 0x15200000)
No shared spaces configured.
Event: 29.707 GC heap after
Heap after GC invocations=49 (full 3):
 def new generation   total 9856K, used 17K [0x04600000, 0x050b0000, 0x09b50000)
  eden space 8768K,   0% used [0x04600000, 0x04600000, 0x04e90000)
  from space 1088K,   1% used [0x04fa0000, 0x04fa4708, 0x050b0000)
  to   space 1088K,   0% used [0x04e90000, 0x04e90000, 0x04fa0000)
 tenured generation   total 38180K, used 28664K [0x09b50000, 0x0c099000, 0x14600000)
   the space 38180K,  75% used [0x09b50000, 0x0b74e018, 0x0b74e200, 0x0c099000)
 compacting perm gen  total 12288K, used 9115K [0x14600000, 0x15200000, 0x18600000)
   the space 12288K,  74% used [0x14600000, 0x14ee6da8, 0x14ee6e00, 0x15200000)
No shared spaces configured.
}
Event: 30.649 GC heap before
{Heap before GC invocations=49 (full 3):
 def new generation   total 9856K, used 8785K [0x04600000, 0x050b0000, 0x09b50000)
  eden space 8768K, 100% used [0x04600000, 0x04e90000, 0x04e90000)
  from space 1088K,   1% used [0x04fa0000, 0x04fa4708, 0x050b0000)
  to   space 1088K,   0% used [0x04e90000, 0x04e90000, 0x04fa0000)
 tenured generation   total 38180K, used 28664K [0x09b50000, 0x0c099000, 0x14600000)
   the space 38180K,  75% used [0x09b50000, 0x0b74e018, 0x0b74e200, 0x0c099000)
 compacting perm gen  total 12288K, used 9115K [0x14600000, 0x15200000, 0x18600000)
   the space 12288K,  74% used [0x14600000, 0x14ee6da8, 0x14ee6e00, 0x15200000)
No shared spaces configured.
Event: 30.649 GC heap after
Heap after GC invocations=50 (full 3):
 def new generation   total 9856K, used 17K [0x04600000, 0x050b0000, 0x09b50000)
  eden space 8768K,   0% used [0x04600000, 0x04600000, 0x04e90000)
  from space 1088K,   1% used [0x04e90000, 0x04e94550, 0x04fa0000)
  to   space 1088K,   0% used [0x04fa0000, 0x04fa0000, 0x050b0000)
 tenured generation   total 38180K, used 28664K [0x09b50000, 0x0c099000, 0x14600000)
   the space 38180K,  75% used [0x09b50000, 0x0b74e018, 0x0b74e200, 0x0c099000)
 compacting perm gen  total 12288K, used 9115K [0x14600000, 0x15200000, 0x18600000)
   the space 12288K,  74% used [0x14600000, 0x14ee6da8, 0x14ee6e00, 0x15200000)
No shared spaces configured.
}
Event: 31.665 GC heap before
{Heap before GC invocations=50 (full 3):
 def new generation   total 9856K, used 8785K [0x04600000, 0x050b0000, 0x09b50000)
  eden space 8768K, 100% used [0x04600000, 0x04e90000, 0x04e90000)
  from space 1088K,   1% used [0x04e90000, 0x04e94550, 0x04fa0000)
  to   space 1088K,   0% used [0x04fa0000, 0x04fa0000, 0x050b0000)
 tenured generation   total 38180K, used 28664K [0x09b50000, 0x0c099000, 0x14600000)
   the space 38180K,  75% used [0x09b50000, 0x0b74e018, 0x0b74e200, 0x0c099000)
 compacting perm gen  total 12288K, used 9115K [0x14600000, 0x15200000, 0x18600000)
   the space 12288K,  74% used [0x14600000, 0x14ee6db8, 0x14ee6e00, 0x15200000)
No shared spaces configured.
Event: 31.666 GC heap after
Heap after GC invocations=51 (full 3):
 def new generation   total 9856K, used 18K [0x04600000, 0x050b0000, 0x09b50000)
  eden space 8768K,   0% used [0x04600000, 0x04600000, 0x04e90000)
  from space 1088K,   1% used [0x04fa0000, 0x04fa4970, 0x050b0000)
  to   space 1088K,   0% used [0x04e90000, 0x04e90000, 0x04fa0000)
 tenured generation   total 38180K, used 28664K [0x09b50000, 0x0c099000, 0x14600000)
   the space 38180K,  75% used [0x09b50000, 0x0b74e018, 0x0b74e200, 0x0c099000)
 compacting perm gen  total 12288K, used 9115K [0x14600000, 0x15200000, 0x18600000)
   the space 12288K,  74% used [0x14600000, 0x14ee6db8, 0x14ee6e00, 0x15200000)
No shared spaces configured.
}
Event: 32.597 GC heap before
{Heap before GC invocations=51 (full 3):
 def new generation   total 9856K, used 8786K [0x04600000, 0x050b0000, 0x09b50000)
  eden space 8768K, 100% used [0x04600000, 0x04e90000, 0x04e90000)
  from space 1088K,   1% used [0x04fa0000, 0x04fa4970, 0x050b0000)
  to   space 1088K,   0% used [0x04e90000, 0x04e90000, 0x04fa0000)
 tenured generation   total 38180K, used 28664K [0x09b50000, 0x0c099000, 0x14600000)
   the space 38180K,  75% used [0x09b50000, 0x0b74e018, 0x0b74e200, 0x0c099000)
 compacting perm gen  total 12288K, used 9115K [0x14600000, 0x15200000, 0x18600000)
   the space 12288K,  74% used [0x14600000, 0x14ee6db8, 0x14ee6e00, 0x15200000)
No shared spaces configured.
Event: 32.598 GC heap after
Heap after GC invocations=52 (full 3):
 def new generation   total 9856K, used 17K [0x04600000, 0x050b0000, 0x09b50000)
  eden space 8768K,   0% used [0x04600000, 0x04600000, 0x04e90000)
  from space 1088K,   1% used [0x04e90000, 0x04e947f8, 0x04fa0000)
  to   space 1088K,   0% used [0x04fa0000, 0x04fa0000, 0x050b0000)
 tenured generation   total 38180K, used 28664K [0x09b50000, 0x0c099000, 0x14600000)
   the space 38180K,  75% used [0x09b50000, 0x0b74e018, 0x0b74e200, 0x0c099000)
 compacting perm gen  total 12288K, used 9115K [0x14600000, 0x15200000, 0x18600000)
   the space 12288K,  74% used [0x14600000, 0x14ee6db8, 0x14ee6e00, 0x15200000)
No shared spaces configured.
}
Event: 33.586 GC heap before
{Heap before GC invocations=52 (full 3):
 def new generation   total 9856K, used 8785K [0x04600000, 0x050b0000, 0x09b50000)
  eden space 8768K, 100% used [0x04600000, 0x04e90000, 0x04e90000)
  from space 1088K,   1% used [0x04e90000, 0x04e947f8, 0x04fa0000)
  to   space 1088K,   0% used [0x04fa0000, 0x04fa0000, 0x050b0000)
 tenured generation   total 38180K, used 28664K [0x09b50000, 0x0c099000, 0x14600000)
   the space 38180K,  75% used [0x09b50000, 0x0b74e018, 0x0b74e200, 0x0c099000)
 compacting perm gen  total 12288K, used 9115K [0x14600000, 0x15200000, 0x18600000)
   the space 12288K,  74% used [0x14600000, 0x14ee6db8, 0x14ee6e00, 0x15200000)
No shared spaces configured.
Event: 33.587 GC heap after
Heap after GC invocations=53 (full 3):
 def new generation   total 9856K, used 17K [0x04600000, 0x050b0000, 0x09b50000)
  eden space 8768K,   0% used [0x04600000, 0x04600000, 0x04e90000)
  from space 1088K,   1% used [0x04fa0000, 0x04fa4430, 0x050b0000)
  to   space 1088K,   0% used [0x04e90000, 0x04e90000, 0x04fa0000)
 tenured generation   total 38180K, used 28664K [0x09b50000, 0x0c099000, 0x14600000)
   the space 38180K,  75% used [0x09b50000, 0x0b74e018, 0x0b74e200, 0x0c099000)
 compacting perm gen  total 12288K, used 9115K [0x14600000, 0x15200000, 0x18600000)
   the space 12288K,  74% used [0x14600000, 0x14ee6db8, 0x14ee6e00, 0x15200000)
No shared spaces configured.
}

