# JRE version: Java(TM) SE Runtime Environment (7.0_79-b15) (build 1.7.0_79-b15)
# Java VM: Java HotSpot(TM) Client VM (24.79-b02 mixed mode windows-x86 )
Heap
 def new generation   total 6400K, used 5249K [0x04c00000, 0x052f0000, 0x0a150000)
  eden space 5696K,  92% used [0x04c00000, 0x0511efb0, 0x05190000)
  from space 704K,   0% used [0x05190000, 0x05191518, 0x05240000)
  to   space 704K,   0% used [0x05240000, 0x05240000, 0x052f0000)
 tenured generation   total 14176K, used 8504K [0x0a150000, 0x0af28000, 0x14c00000)
   the space 14176K,  59% used [0x0a150000, 0x0a99e298, 0x0a99e400, 0x0af28000)
 compacting perm gen  total 12288K, used 9103K [0x14c00000, 0x15800000, 0x18c00000)
   the space 12288K,  74% used [0x14c00000, 0x154e3f60, 0x154e4000, 0x15800000)
GC Heap History (10 events):
Event: 5.401 GC heap before
{Heap before GC invocations=14 (full 0):
 def new generation   total 4928K, used 4662K [0x04c00000, 0x05150000, 0x0a150000)
  eden space 4416K, 100% used [0x04c00000, 0x05050000, 0x05050000)
  from space 512K,  48% used [0x05050000, 0x0508dae0, 0x050d0000)
  to   space 512K,   0% used [0x050d0000, 0x050d0000, 0x05150000)
 tenured generation   total 10944K, used 8186K [0x0a150000, 0x0ac00000, 0x14c00000)
   the space 10944K,  74% used [0x0a150000, 0x0a94ea20, 0x0a94ec00, 0x0ac00000)
 compacting perm gen  total 12288K, used 9101K [0x14c00000, 0x15800000, 0x18c00000)
   the space 12288K,  74% used [0x14c00000, 0x154e34f0, 0x154e3600, 0x15800000)
No shared spaces configured.
Event: 5.433 GC heap after
Heap after GC invocations=15 (full 1):
 def new generation   total 6400K, used 0K [0x04c00000, 0x052f0000, 0x0a150000)
  eden space 5696K,   0% used [0x04c00000, 0x04c00000, 0x05190000)
  from space 704K,   0% used [0x05190000, 0x05190000, 0x05240000)
  to   space 704K,   0% used [0x05240000, 0x05240000, 0x052f0000)
 tenured generation   total 14176K, used 8504K [0x0a150000, 0x0af28000, 0x14c00000)
   the space 14176K,  59% used [0x0a150000, 0x0a99e298, 0x0a99e400, 0x0af28000)
 compacting perm gen  total 12288K, used 9101K [0x14c00000, 0x15800000, 0x18c00000)
   the space 12288K,  74% used [0x14c00000, 0x154e34f0, 0x154e3600, 0x15800000)
No shared spaces configured.
}
Event: 6.055 GC heap before
{Heap before GC invocations=15 (full 1):
 def new generation   total 6400K, used 5696K [0x04c00000, 0x052f0000, 0x0a150000)
  eden space 5696K, 100% used [0x04c00000, 0x05190000, 0x05190000)
  from space 704K,   0% used [0x05190000, 0x05190000, 0x05240000)
  to   space 704K,   0% used [0x05240000, 0x05240000, 0x052f0000)
 tenured generation   total 14176K, used 8504K [0x0a150000, 0x0af28000, 0x14c00000)
   the space 14176K,  59% used [0x0a150000, 0x0a99e298, 0x0a99e400, 0x0af28000)
 compacting perm gen  total 12288K, used 9101K [0x14c00000, 0x15800000, 0x18c00000)
   the space 12288K,  74% used [0x14c00000, 0x154e34f0, 0x154e3600, 0x15800000)
No shared spaces configured.
Event: 6.056 GC heap after
Heap after GC invocations=16 (full 1):
 def new generation   total 6400K, used 4K [0x04c00000, 0x052f0000, 0x0a150000)
  eden space 5696K,   0% used [0x04c00000, 0x04c00000, 0x05190000)
  from space 704K,   0% used [0x05240000, 0x052410b0, 0x052f0000)
  to   space 704K,   0% used [0x05190000, 0x05190000, 0x05240000)
 tenured generation   total 14176K, used 8504K [0x0a150000, 0x0af28000, 0x14c00000)
   the space 14176K,  59% used [0x0a150000, 0x0a99e298, 0x0a99e400, 0x0af28000)
 compacting perm gen  total 12288K, used 9101K [0x14c00000, 0x15800000, 0x18c00000)
   the space 12288K,  74% used [0x14c00000, 0x154e34f0, 0x154e3600, 0x15800000)
No shared spaces configured.
}
Event: 6.694 GC heap before
{Heap before GC invocations=16 (full 1):
 def new generation   total 6400K, used 5700K [0x04c00000, 0x052f0000, 0x0a150000)
  eden space 5696K, 100% used [0x04c00000, 0x05190000, 0x05190000)
  from space 704K,   0% used [0x05240000, 0x052410b0, 0x052f0000)
  to   space 704K,   0% used [0x05190000, 0x05190000, 0x05240000)
 tenured generation   total 14176K, used 8504K [0x0a150000, 0x0af28000, 0x14c00000)
   the space 14176K,  59% used [0x0a150000, 0x0a99e298, 0x0a99e400, 0x0af28000)
 compacting perm gen  total 12288K, used 9101K [0x14c00000, 0x15800000, 0x18c00000)
   the space 12288K,  74% used [0x14c00000, 0x154e34f0, 0x154e3600, 0x15800000)
No shared spaces configured.
Event: 6.694 GC heap after
Heap after GC invocations=17 (full 1):
 def new generation   total 6400K, used 4K [0x04c00000, 0x052f0000, 0x0a150000)
  eden space 5696K,   0% used [0x04c00000, 0x04c00000, 0x05190000)
  from space 704K,   0% used [0x05190000, 0x051910b0, 0x05240000)
  to   space 704K,   0% used [0x05240000, 0x05240000, 0x052f0000)
 tenured generation   total 14176K, used 8504K [0x0a150000, 0x0af28000, 0x14c00000)
   the space 14176K,  59% used [0x0a150000, 0x0a99e298, 0x0a99e400, 0x0af28000)
 compacting perm gen  total 12288K, used 9101K [0x14c00000, 0x15800000, 0x18c00000)
   the space 12288K,  74% used [0x14c00000, 0x154e34f0, 0x154e3600, 0x15800000)
No shared spaces configured.
}
Event: 7.316 GC heap before
{Heap before GC invocations=17 (full 1):
 def new generation   total 6400K, used 5700K [0x04c00000, 0x052f0000, 0x0a150000)
  eden space 5696K, 100% used [0x04c00000, 0x05190000, 0x05190000)
  from space 704K,   0% used [0x05190000, 0x051910b0, 0x05240000)
  to   space 704K,   0% used [0x05240000, 0x05240000, 0x052f0000)
 tenured generation   total 14176K, used 8504K [0x0a150000, 0x0af28000, 0x14c00000)
   the space 14176K,  59% used [0x0a150000, 0x0a99e298, 0x0a99e400, 0x0af28000)
 compacting perm gen  total 12288K, used 9101K [0x14c00000, 0x15800000, 0x18c00000)
   the space 12288K,  74% used [0x14c00000, 0x154e34f0, 0x154e3600, 0x15800000)
No shared spaces configured.
Event: 7.317 GC heap after
Heap after GC invocations=18 (full 1):
 def new generation   total 6400K, used 3K [0x04c00000, 0x052f0000, 0x0a150000)
  eden space 5696K,   0% used [0x04c00000, 0x04c00000, 0x05190000)
  from space 704K,   0% used [0x05240000, 0x05240c80, 0x052f0000)
  to   space 704K,   0% used [0x05190000, 0x05190000, 0x05240000)
 tenured generation   total 14176K, used 8504K [0x0a150000, 0x0af28000, 0x14c00000)
   the space 14176K,  59% used [0x0a150000, 0x0a99e298, 0x0a99e400, 0x0af28000)
 compacting perm gen  total 12288K, used 9101K [0x14c00000, 0x15800000, 0x18c00000)
   the space 12288K,  74% used [0x14c00000, 0x154e34f0, 0x154e3600, 0x15800000)
No shared spaces configured.
}
Event: 7.961 GC heap before
{Heap before GC invocations=18 (full 1):
 def new generation   total 6400K, used 5699K [0x04c00000, 0x052f0000, 0x0a150000)
  eden space 5696K, 100% used [0x04c00000, 0x05190000, 0x05190000)
  from space 704K,   0% used [0x05240000, 0x05240c80, 0x052f0000)
  to   space 704K,   0% used [0x05190000, 0x05190000, 0x05240000)
 tenured generation   total 14176K, used 8504K [0x0a150000, 0x0af28000, 0x14c00000)
   the space 14176K,  59% used [0x0a150000, 0x0a99e298, 0x0a99e400, 0x0af28000)
 compacting perm gen  total 12288K, used 9101K [0x14c00000, 0x15800000, 0x18c00000)
   the space 12288K,  74% used [0x14c00000, 0x154e34f0, 0x154e3600, 0x15800000)
No shared spaces configured.
Event: 7.961 GC heap after
Heap after GC invocations=19 (full 1):
 def new generation   total 6400K, used 5K [0x04c00000, 0x052f0000, 0x0a150000)
  eden space 5696K,   0% used [0x04c00000, 0x04c00000, 0x05190000)
  from space 704K,   0% used [0x05190000, 0x05191518, 0x05240000)
  to   space 704K,   0% used [0x05240000, 0x05240000, 0x052f0000)
 tenured generation   total 14176K, used 8504K [0x0a150000, 0x0af28000, 0x14c00000)
   the space 14176K,  59% used [0x0a150000, 0x0a99e298, 0x0a99e400, 0x0af28000)
 compacting perm gen  total 12288K, used 9101K [0x14c00000, 0x15800000, 0x18c00000)
   the space 12288K,  74% used [0x14c00000, 0x154e34f0, 0x154e3600, 0x15800000)
No shared spaces configured.
}

