# JRE version: Java(TM) SE Runtime Environment (7.0_79-b15) (build 1.7.0_79-b15)
# Java VM: Java HotSpot(TM) Client VM (24.79-b02 mixed mode windows-x86 )
Heap
 def new generation   total 6976K, used 6392K [0x05000000, 0x05790000, 0x0a550000)
  eden space 6208K,  94% used [0x05000000, 0x055bf430, 0x05610000)
  from space 768K,  66% used [0x056d0000, 0x0574ed40, 0x05790000)
  to   space 768K,   0% used [0x05610000, 0x05610000, 0x056d0000)
 tenured generation   total 15444K, used 9353K [0x0a550000, 0x0b465000, 0x15000000)
   the space 15444K,  60% used [0x0a550000, 0x0ae72620, 0x0ae72800, 0x0b465000)
 compacting perm gen  total 12288K, used 9004K [0x15000000, 0x15c00000, 0x19000000)
   the space 12288K,  73% used [0x15000000, 0x158cb098, 0x158cb200, 0x15c00000)
GC Heap History (10 events):
Event: 23.796 GC heap before
{Heap before GC invocations=52 (full 1):
 def new generation   total 6976K, used 6208K [0x05000000, 0x05790000, 0x0a550000)
  eden space 6208K, 100% used [0x05000000, 0x05610000, 0x05610000)
  from space 768K,   0% used [0x05610000, 0x05610000, 0x056d0000)
  to   space 768K,   0% used [0x056d0000, 0x056d0000, 0x05790000)
 tenured generation   total 15444K, used 9264K [0x0a550000, 0x0b465000, 0x15000000)
   the space 15444K,  59% used [0x0a550000, 0x0ae5c270, 0x0ae5c400, 0x0b465000)
 compacting perm gen  total 12288K, used 8989K [0x15000000, 0x15c00000, 0x19000000)
   the space 12288K,  73% used [0x15000000, 0x158c7638, 0x158c7800, 0x15c00000)
No shared spaces configured.
Event: 23.796 GC heap after
Heap after GC invocations=53 (full 1):
 def new generation   total 6976K, used 96K [0x05000000, 0x05790000, 0x0a550000)
  eden space 6208K,   0% used [0x05000000, 0x05000000, 0x05610000)
  from space 768K,  12% used [0x056d0000, 0x056e80b0, 0x05790000)
  to   space 768K,   0% used [0x05610000, 0x05610000, 0x056d0000)
 tenured generation   total 15444K, used 9264K [0x0a550000, 0x0b465000, 0x15000000)
   the space 15444K,  59% used [0x0a550000, 0x0ae5c270, 0x0ae5c400, 0x0b465000)
 compacting perm gen  total 12288K, used 8989K [0x15000000, 0x15c00000, 0x19000000)
   the space 12288K,  73% used [0x15000000, 0x158c7638, 0x158c7800, 0x15c00000)
No shared spaces configured.
}
Event: 24.485 GC heap before
{Heap before GC invocations=53 (full 1):
 def new generation   total 6976K, used 6304K [0x05000000, 0x05790000, 0x0a550000)
  eden space 6208K, 100% used [0x05000000, 0x05610000, 0x05610000)
  from space 768K,  12% used [0x056d0000, 0x056e80b0, 0x05790000)
  to   space 768K,   0% used [0x05610000, 0x05610000, 0x056d0000)
 tenured generation   total 15444K, used 9264K [0x0a550000, 0x0b465000, 0x15000000)
   the space 15444K,  59% used [0x0a550000, 0x0ae5c270, 0x0ae5c400, 0x0b465000)
 compacting perm gen  total 12288K, used 8989K [0x15000000, 0x15c00000, 0x19000000)
   the space 12288K,  73% used [0x15000000, 0x158c7638, 0x158c7800, 0x15c00000)
No shared spaces configured.
Event: 24.486 GC heap after
Heap after GC invocations=54 (full 1):
 def new generation   total 6976K, used 151K [0x05000000, 0x05790000, 0x0a550000)
  eden space 6208K,   0% used [0x05000000, 0x05000000, 0x05610000)
  from space 768K,  19% used [0x05610000, 0x05635f88, 0x056d0000)
  to   space 768K,   0% used [0x056d0000, 0x056d0000, 0x05790000)
 tenured generation   total 15444K, used 9264K [0x0a550000, 0x0b465000, 0x15000000)
   the space 15444K,  59% used [0x0a550000, 0x0ae5c270, 0x0ae5c400, 0x0b465000)
 compacting perm gen  total 12288K, used 8989K [0x15000000, 0x15c00000, 0x19000000)
   the space 12288K,  73% used [0x15000000, 0x158c7638, 0x158c7800, 0x15c00000)
No shared spaces configured.
}
Event: 25.151 GC heap before
{Heap before GC invocations=54 (full 1):
 def new generation   total 6976K, used 6359K [0x05000000, 0x05790000, 0x0a550000)
  eden space 6208K, 100% used [0x05000000, 0x05610000, 0x05610000)
  from space 768K,  19% used [0x05610000, 0x05635f88, 0x056d0000)
  to   space 768K,   0% used [0x056d0000, 0x056d0000, 0x05790000)
 tenured generation   total 15444K, used 9264K [0x0a550000, 0x0b465000, 0x15000000)
   the space 15444K,  59% used [0x0a550000, 0x0ae5c270, 0x0ae5c400, 0x0b465000)
 compacting perm gen  total 12288K, used 8989K [0x15000000, 0x15c00000, 0x19000000)
   the space 12288K,  73% used [0x15000000, 0x158c7648, 0x158c7800, 0x15c00000)
No shared spaces configured.
Event: 25.151 GC heap after
Heap after GC invocations=55 (full 1):
 def new generation   total 6976K, used 179K [0x05000000, 0x05790000, 0x0a550000)
  eden space 6208K,   0% used [0x05000000, 0x05000000, 0x05610000)
  from space 768K,  23% used [0x056d0000, 0x056fcdd0, 0x05790000)
  to   space 768K,   0% used [0x05610000, 0x05610000, 0x056d0000)
 tenured generation   total 15444K, used 9264K [0x0a550000, 0x0b465000, 0x15000000)
   the space 15444K,  59% used [0x0a550000, 0x0ae5c270, 0x0ae5c400, 0x0b465000)
 compacting perm gen  total 12288K, used 8989K [0x15000000, 0x15c00000, 0x19000000)
   the space 12288K,  73% used [0x15000000, 0x158c7648, 0x158c7800, 0x15c00000)
No shared spaces configured.
}
Event: 25.830 GC heap before
{Heap before GC invocations=55 (full 1):
 def new generation   total 6976K, used 6387K [0x05000000, 0x05790000, 0x0a550000)
  eden space 6208K, 100% used [0x05000000, 0x05610000, 0x05610000)
  from space 768K,  23% used [0x056d0000, 0x056fcdd0, 0x05790000)
  to   space 768K,   0% used [0x05610000, 0x05610000, 0x056d0000)
 tenured generation   total 15444K, used 9264K [0x0a550000, 0x0b465000, 0x15000000)
   the space 15444K,  59% used [0x0a550000, 0x0ae5c270, 0x0ae5c400, 0x0b465000)
 compacting perm gen  total 12288K, used 8989K [0x15000000, 0x15c00000, 0x19000000)
   the space 12288K,  73% used [0x15000000, 0x158c7658, 0x158c7800, 0x15c00000)
No shared spaces configured.
Event: 25.830 GC heap after
Heap after GC invocations=56 (full 1):
 def new generation   total 6976K, used 442K [0x05000000, 0x05790000, 0x0a550000)
  eden space 6208K,   0% used [0x05000000, 0x05000000, 0x05610000)
  from space 768K,  57% used [0x05610000, 0x0567e808, 0x056d0000)
  to   space 768K,   0% used [0x056d0000, 0x056d0000, 0x05790000)
 tenured generation   total 15444K, used 9264K [0x0a550000, 0x0b465000, 0x15000000)
   the space 15444K,  59% used [0x0a550000, 0x0ae5c270, 0x0ae5c400, 0x0b465000)
 compacting perm gen  total 12288K, used 8989K [0x15000000, 0x15c00000, 0x19000000)
   the space 12288K,  73% used [0x15000000, 0x158c7658, 0x158c7800, 0x15c00000)
No shared spaces configured.
}
Event: 26.505 GC heap before
{Heap before GC invocations=56 (full 1):
 def new generation   total 6976K, used 6650K [0x05000000, 0x05790000, 0x0a550000)
  eden space 6208K, 100% used [0x05000000, 0x05610000, 0x05610000)
  from space 768K,  57% used [0x05610000, 0x0567e808, 0x056d0000)
  to   space 768K,   0% used [0x056d0000, 0x056d0000, 0x05790000)
 tenured generation   total 15444K, used 9264K [0x0a550000, 0x0b465000, 0x15000000)
   the space 15444K,  59% used [0x0a550000, 0x0ae5c270, 0x0ae5c400, 0x0b465000)
 compacting perm gen  total 12288K, used 9001K [0x15000000, 0x15c00000, 0x19000000)
   the space 12288K,  73% used [0x15000000, 0x158ca628, 0x158ca800, 0x15c00000)
No shared spaces configured.
Event: 26.506 GC heap after
Heap after GC invocations=57 (full 1):
 def new generation   total 6976K, used 507K [0x05000000, 0x05790000, 0x0a550000)
  eden space 6208K,   0% used [0x05000000, 0x05000000, 0x05610000)
  from space 768K,  66% used [0x056d0000, 0x0574ed40, 0x05790000)
  to   space 768K,   0% used [0x05610000, 0x05610000, 0x056d0000)
 tenured generation   total 15444K, used 9353K [0x0a550000, 0x0b465000, 0x15000000)
   the space 15444K,  60% used [0x0a550000, 0x0ae72620, 0x0ae72800, 0x0b465000)
 compacting perm gen  total 12288K, used 9001K [0x15000000, 0x15c00000, 0x19000000)
   the space 12288K,  73% used [0x15000000, 0x158ca628, 0x158ca800, 0x15c00000)
No shared spaces configured.
}

