# JRE version: Java(TM) SE Runtime Environment (7.0_79-b15) (build 1.7.0_79-b15)
# Java VM: Java HotSpot(TM) Client VM (24.79-b02 mixed mode windows-x86 )
Heap
 def new generation   total 4928K, used 499K [0x04e00000, 0x05350000, 0x0a350000)
  eden space 4416K,   3% used [0x04e00000, 0x04e24e78, 0x05250000)
  from space 512K,  68% used [0x05250000, 0x052a80d0, 0x052d0000)
  to   space 512K,   0% used [0x052d0000, 0x052d0000, 0x05350000)
 tenured generation   total 10944K, used 3500K [0x0a350000, 0x0ae00000, 0x14e00000)
   the space 10944K,  31% used [0x0a350000, 0x0a6bb0b0, 0x0a6bb200, 0x0ae00000)
 compacting perm gen  total 12288K, used 4704K [0x14e00000, 0x15a00000, 0x18e00000)
   the space 12288K,  38% used [0x14e00000, 0x15298078, 0x15298200, 0x15a00000)
GC Heap History (4 events):
Event: 1.928 GC heap before
{Heap before GC invocations=0 (full 0):
 def new generation   total 4928K, used 4210K [0x04e00000, 0x05350000, 0x0a350000)
  eden space 4416K,  95% used [0x04e00000, 0x0521ca48, 0x05250000)
  from space 512K,   0% used [0x05250000, 0x05250000, 0x052d0000)
  to   space 512K,   0% used [0x052d0000, 0x052d0000, 0x05350000)
 tenured generation   total 10944K, used 0K [0x0a350000, 0x0ae00000, 0x14e00000)
   the space 10944K,   0% used [0x0a350000, 0x0a350000, 0x0a350200, 0x0ae00000)
 compacting perm gen  total 12288K, used 4701K [0x14e00000, 0x15a00000, 0x18e00000)
   the space 12288K,  38% used [0x14e00000, 0x152975f8, 0x15297600, 0x15a00000)
No shared spaces configured.
Event: 1.935 GC heap after
Heap after GC invocations=1 (full 0):
 def new generation   total 4928K, used 512K [0x04e00000, 0x05350000, 0x0a350000)
  eden space 4416K,   0% used [0x04e00000, 0x04e00000, 0x05250000)
  from space 512K, 100% used [0x052d0000, 0x05350000, 0x05350000)
  to   space 512K,   0% used [0x05250000, 0x05250000, 0x052d0000)
 tenured generation   total 10944K, used 2684K [0x0a350000, 0x0ae00000, 0x14e00000)
   the space 10944K,  24% used [0x0a350000, 0x0a5ef068, 0x0a5ef200, 0x0ae00000)
 compacting perm gen  total 12288K, used 4701K [0x14e00000, 0x15a00000, 0x18e00000)
   the space 12288K,  38% used [0x14e00000, 0x152975f8, 0x15297600, 0x15a00000)
No shared spaces configured.
}
Event: 3.254 GC heap before
{Heap before GC invocations=1 (full 0):
 def new generation   total 4928K, used 4928K [0x04e00000, 0x05350000, 0x0a350000)
  eden space 4416K, 100% used [0x04e00000, 0x05250000, 0x05250000)
  from space 512K, 100% used [0x052d0000, 0x05350000, 0x05350000)
  to   space 512K,   0% used [0x05250000, 0x05250000, 0x052d0000)
 tenured generation   total 10944K, used 2684K [0x0a350000, 0x0ae00000, 0x14e00000)
   the space 10944K,  24% used [0x0a350000, 0x0a5ef068, 0x0a5ef200, 0x0ae00000)
 compacting perm gen  total 12288K, used 4701K [0x14e00000, 0x15a00000, 0x18e00000)
   the space 12288K,  38% used [0x14e00000, 0x15297608, 0x15297800, 0x15a00000)
No shared spaces configured.
Event: 3.259 GC heap after
Heap after GC invocations=2 (full 0):
 def new generation   total 4928K, used 352K [0x04e00000, 0x05350000, 0x0a350000)
  eden space 4416K,   0% used [0x04e00000, 0x04e00000, 0x05250000)
  from space 512K,  68% used [0x05250000, 0x052a80d0, 0x052d0000)
  to   space 512K,   0% used [0x052d0000, 0x052d0000, 0x05350000)
 tenured generation   total 10944K, used 3500K [0x0a350000, 0x0ae00000, 0x14e00000)
   the space 10944K,  31% used [0x0a350000, 0x0a6bb0b0, 0x0a6bb200, 0x0ae00000)
 compacting perm gen  total 12288K, used 4701K [0x14e00000, 0x15a00000, 0x18e00000)
   the space 12288K,  38% used [0x14e00000, 0x15297608, 0x15297800, 0x15a00000)
No shared spaces configured.
}

