# JRE version: Java(TM) SE Runtime Environment (7.0_79-b15) (build 1.7.0_79-b15)
# Java VM: Java HotSpot(TM) Client VM (24.79-b02 mixed mode windows-x86 )
Heap
 def new generation   total 6784K, used 5433K [0x04800000, 0x04f50000, 0x09d50000)
  eden space 6080K,  89% used [0x04800000, 0x04d4ddf0, 0x04df0000)
  from space 704K,   0% used [0x04df0000, 0x04df0688, 0x04ea0000)
  to   space 704K,   0% used [0x04ea0000, 0x04ea0000, 0x04f50000)
 tenured generation   total 14872K, used 10772K [0x09d50000, 0x0abd6000, 0x14800000)
   the space 14872K,  72% used [0x09d50000, 0x0a7d53f0, 0x0a7d5400, 0x0abd6000)
 compacting perm gen  total 12288K, used 9280K [0x14800000, 0x15400000, 0x18800000)
   the space 12288K,  75% used [0x14800000, 0x151101a0, 0x15110200, 0x15400000)
GC Heap History (10 events):
Event: 201.662 GC heap before
{Heap before GC invocations=208 (full 1):
 def new generation   total 6784K, used 6081K [0x04800000, 0x04f50000, 0x09d50000)
  eden space 6080K, 100% used [0x04800000, 0x04df0000, 0x04df0000)
  from space 704K,   0% used [0x04ea0000, 0x04ea04b0, 0x04f50000)
  to   space 704K,   0% used [0x04df0000, 0x04df0000, 0x04ea0000)
 tenured generation   total 14872K, used 10772K [0x09d50000, 0x0abd6000, 0x14800000)
   the space 14872K,  72% used [0x09d50000, 0x0a7d53f0, 0x0a7d5400, 0x0abd6000)
 compacting perm gen  total 12288K, used 9276K [0x14800000, 0x15400000, 0x18800000)
   the space 12288K,  75% used [0x14800000, 0x1510f270, 0x1510f400, 0x15400000)
No shared spaces configured.
Event: 201.662 GC heap after
Heap after GC invocations=209 (full 1):
 def new generation   total 6784K, used 1K [0x04800000, 0x04f50000, 0x09d50000)
  eden space 6080K,   0% used [0x04800000, 0x04800000, 0x04df0000)
  from space 704K,   0% used [0x04df0000, 0x04df04a8, 0x04ea0000)
  to   space 704K,   0% used [0x04ea0000, 0x04ea0000, 0x04f50000)
 tenured generation   total 14872K, used 10772K [0x09d50000, 0x0abd6000, 0x14800000)
   the space 14872K,  72% used [0x09d50000, 0x0a7d53f0, 0x0a7d5400, 0x0abd6000)
 compacting perm gen  total 12288K, used 9276K [0x14800000, 0x15400000, 0x18800000)
   the space 12288K,  75% used [0x14800000, 0x1510f270, 0x1510f400, 0x15400000)
No shared spaces configured.
}
Event: 203.071 GC heap before
{Heap before GC invocations=209 (full 1):
 def new generation   total 6784K, used 6081K [0x04800000, 0x04f50000, 0x09d50000)
  eden space 6080K, 100% used [0x04800000, 0x04df0000, 0x04df0000)
  from space 704K,   0% used [0x04df0000, 0x04df04a8, 0x04ea0000)
  to   space 704K,   0% used [0x04ea0000, 0x04ea0000, 0x04f50000)
 tenured generation   total 14872K, used 10772K [0x09d50000, 0x0abd6000, 0x14800000)
   the space 14872K,  72% used [0x09d50000, 0x0a7d53f0, 0x0a7d5400, 0x0abd6000)
 compacting perm gen  total 12288K, used 9276K [0x14800000, 0x15400000, 0x18800000)
   the space 12288K,  75% used [0x14800000, 0x1510f270, 0x1510f400, 0x15400000)
No shared spaces configured.
Event: 203.071 GC heap after
Heap after GC invocations=210 (full 1):
 def new generation   total 6784K, used 1K [0x04800000, 0x04f50000, 0x09d50000)
  eden space 6080K,   0% used [0x04800000, 0x04800000, 0x04df0000)
  from space 704K,   0% used [0x04ea0000, 0x04ea0438, 0x04f50000)
  to   space 704K,   0% used [0x04df0000, 0x04df0000, 0x04ea0000)
 tenured generation   total 14872K, used 10772K [0x09d50000, 0x0abd6000, 0x14800000)
   the space 14872K,  72% used [0x09d50000, 0x0a7d53f0, 0x0a7d5400, 0x0abd6000)
 compacting perm gen  total 12288K, used 9276K [0x14800000, 0x15400000, 0x18800000)
   the space 12288K,  75% used [0x14800000, 0x1510f270, 0x1510f400, 0x15400000)
No shared spaces configured.
}
Event: 204.557 GC heap before
{Heap before GC invocations=210 (full 1):
 def new generation   total 6784K, used 6081K [0x04800000, 0x04f50000, 0x09d50000)
  eden space 6080K, 100% used [0x04800000, 0x04df0000, 0x04df0000)
  from space 704K,   0% used [0x04ea0000, 0x04ea0438, 0x04f50000)
  to   space 704K,   0% used [0x04df0000, 0x04df0000, 0x04ea0000)
 tenured generation   total 14872K, used 10772K [0x09d50000, 0x0abd6000, 0x14800000)
   the space 14872K,  72% used [0x09d50000, 0x0a7d53f0, 0x0a7d5400, 0x0abd6000)
 compacting perm gen  total 12288K, used 9276K [0x14800000, 0x15400000, 0x18800000)
   the space 12288K,  75% used [0x14800000, 0x1510f270, 0x1510f400, 0x15400000)
No shared spaces configured.
Event: 204.557 GC heap after
Heap after GC invocations=211 (full 1):
 def new generation   total 6784K, used 1K [0x04800000, 0x04f50000, 0x09d50000)
  eden space 6080K,   0% used [0x04800000, 0x04800000, 0x04df0000)
  from space 704K,   0% used [0x04df0000, 0x04df04b0, 0x04ea0000)
  to   space 704K,   0% used [0x04ea0000, 0x04ea0000, 0x04f50000)
 tenured generation   total 14872K, used 10772K [0x09d50000, 0x0abd6000, 0x14800000)
   the space 14872K,  72% used [0x09d50000, 0x0a7d53f0, 0x0a7d5400, 0x0abd6000)
 compacting perm gen  total 12288K, used 9276K [0x14800000, 0x15400000, 0x18800000)
   the space 12288K,  75% used [0x14800000, 0x1510f270, 0x1510f400, 0x15400000)
No shared spaces configured.
}
Event: 206.054 GC heap before
{Heap before GC invocations=211 (full 1):
 def new generation   total 6784K, used 6081K [0x04800000, 0x04f50000, 0x09d50000)
  eden space 6080K, 100% used [0x04800000, 0x04df0000, 0x04df0000)
  from space 704K,   0% used [0x04df0000, 0x04df04b0, 0x04ea0000)
  to   space 704K,   0% used [0x04ea0000, 0x04ea0000, 0x04f50000)
 tenured generation   total 14872K, used 10772K [0x09d50000, 0x0abd6000, 0x14800000)
   the space 14872K,  72% used [0x09d50000, 0x0a7d53f0, 0x0a7d5400, 0x0abd6000)
 compacting perm gen  total 12288K, used 9276K [0x14800000, 0x15400000, 0x18800000)
   the space 12288K,  75% used [0x14800000, 0x1510f270, 0x1510f400, 0x15400000)
No shared spaces configured.
Event: 206.055 GC heap after
Heap after GC invocations=212 (full 1):
 def new generation   total 6784K, used 1K [0x04800000, 0x04f50000, 0x09d50000)
  eden space 6080K,   0% used [0x04800000, 0x04800000, 0x04df0000)
  from space 704K,   0% used [0x04ea0000, 0x04ea04b0, 0x04f50000)
  to   space 704K,   0% used [0x04df0000, 0x04df0000, 0x04ea0000)
 tenured generation   total 14872K, used 10772K [0x09d50000, 0x0abd6000, 0x14800000)
   the space 14872K,  72% used [0x09d50000, 0x0a7d53f0, 0x0a7d5400, 0x0abd6000)
 compacting perm gen  total 12288K, used 9276K [0x14800000, 0x15400000, 0x18800000)
   the space 12288K,  75% used [0x14800000, 0x1510f270, 0x1510f400, 0x15400000)
No shared spaces configured.
}
Event: 207.905 GC heap before
{Heap before GC invocations=212 (full 1):
 def new generation   total 6784K, used 6081K [0x04800000, 0x04f50000, 0x09d50000)
  eden space 6080K, 100% used [0x04800000, 0x04df0000, 0x04df0000)
  from space 704K,   0% used [0x04ea0000, 0x04ea04b0, 0x04f50000)
  to   space 704K,   0% used [0x04df0000, 0x04df0000, 0x04ea0000)
 tenured generation   total 14872K, used 10772K [0x09d50000, 0x0abd6000, 0x14800000)
   the space 14872K,  72% used [0x09d50000, 0x0a7d53f0, 0x0a7d5400, 0x0abd6000)
 compacting perm gen  total 12288K, used 9276K [0x14800000, 0x15400000, 0x18800000)
   the space 12288K,  75% used [0x14800000, 0x1510f270, 0x1510f400, 0x15400000)
No shared spaces configured.
Event: 207.905 GC heap after
Heap after GC invocations=213 (full 1):
 def new generation   total 6784K, used 1K [0x04800000, 0x04f50000, 0x09d50000)
  eden space 6080K,   0% used [0x04800000, 0x04800000, 0x04df0000)
  from space 704K,   0% used [0x04df0000, 0x04df0688, 0x04ea0000)
  to   space 704K,   0% used [0x04ea0000, 0x04ea0000, 0x04f50000)
 tenured generation   total 14872K, used 10772K [0x09d50000, 0x0abd6000, 0x14800000)
   the space 14872K,  72% used [0x09d50000, 0x0a7d53f0, 0x0a7d5400, 0x0abd6000)
 compacting perm gen  total 12288K, used 9276K [0x14800000, 0x15400000, 0x18800000)
   the space 12288K,  75% used [0x14800000, 0x1510f270, 0x1510f400, 0x15400000)
No shared spaces configured.
}

