# JRE version: Java(TM) SE Runtime Environment (7.0_79-b15) (build 1.7.0_79-b15)
# Java VM: Java HotSpot(TM) Client VM (24.79-b02 mixed mode windows-x86 )
Heap
 def new generation   total 9344K, used 6687K [0x04600000, 0x05020000, 0x09b50000)
  eden space 8320K,  80% used [0x04600000, 0x04c87cf0, 0x04e20000)
  from space 1024K,   0% used [0x04e20000, 0x04e20000, 0x04f20000)
  to   space 1024K,   0% used [0x04f20000, 0x04f20000, 0x05020000)
 tenured generation   total 20620K, used 12371K [0x09b50000, 0x0af73000, 0x14600000)
   the space 20620K,  59% used [0x09b50000, 0x0a764e70, 0x0a765000, 0x0af73000)
 compacting perm gen  total 12288K, used 9027K [0x14600000, 0x15200000, 0x18600000)
   the space 12288K,  73% used [0x14600000, 0x14ed0e28, 0x14ed1000, 0x15200000)
GC Heap History (10 events):
Event: 10.256 GC heap before
{Heap before GC invocations=23 (full 1):
 def new generation   total 5760K, used 5497K [0x04600000, 0x04c40000, 0x09b50000)
  eden space 5120K, 100% used [0x04600000, 0x04b00000, 0x04b00000)
  from space 640K,  59% used [0x04ba0000, 0x04bfe698, 0x04c40000)
  to   space 640K,   0% used [0x04b00000, 0x04b00000, 0x04ba0000)
 tenured generation   total 12752K, used 10151K [0x09b50000, 0x0a7c4000, 0x14600000)
   the space 12752K,  79% used [0x09b50000, 0x0a539e08, 0x0a53a000, 0x0a7c4000)
 compacting perm gen  total 12288K, used 9009K [0x14600000, 0x15200000, 0x18600000)
   the space 12288K,  73% used [0x14600000, 0x14ecc7b8, 0x14ecc800, 0x15200000)
No shared spaces configured.
Event: 10.257 GC heap after
Heap after GC invocations=24 (full 1):
 def new generation   total 5760K, used 506K [0x04600000, 0x04c40000, 0x09b50000)
  eden space 5120K,   0% used [0x04600000, 0x04600000, 0x04b00000)
  from space 640K,  79% used [0x04b00000, 0x04b7e910, 0x04ba0000)
  to   space 640K,   0% used [0x04ba0000, 0x04ba0000, 0x04c40000)
 tenured generation   total 12752K, used 11230K [0x09b50000, 0x0a7c4000, 0x14600000)
   the space 12752K,  88% used [0x09b50000, 0x0a647a50, 0x0a647c00, 0x0a7c4000)
 compacting perm gen  total 12288K, used 9009K [0x14600000, 0x15200000, 0x18600000)
   the space 12288K,  73% used [0x14600000, 0x14ecc7b8, 0x14ecc800, 0x15200000)
No shared spaces configured.
}
Event: 10.834 GC heap before
{Heap before GC invocations=24 (full 1):
 def new generation   total 5760K, used 5626K [0x04600000, 0x04c40000, 0x09b50000)
  eden space 5120K, 100% used [0x04600000, 0x04b00000, 0x04b00000)
  from space 640K,  79% used [0x04b00000, 0x04b7e910, 0x04ba0000)
  to   space 640K,   0% used [0x04ba0000, 0x04ba0000, 0x04c40000)
 tenured generation   total 12752K, used 11230K [0x09b50000, 0x0a7c4000, 0x14600000)
   the space 12752K,  88% used [0x09b50000, 0x0a647a50, 0x0a647c00, 0x0a7c4000)
 compacting perm gen  total 12288K, used 9009K [0x14600000, 0x15200000, 0x18600000)
   the space 12288K,  73% used [0x14600000, 0x14ecc7c8, 0x14ecc800, 0x15200000)
No shared spaces configured.
Event: 10.835 GC heap after
Heap after GC invocations=25 (full 1):
 def new generation   total 5760K, used 542K [0x04600000, 0x04c40000, 0x09b50000)
  eden space 5120K,   0% used [0x04600000, 0x04600000, 0x04b00000)
  from space 640K,  84% used [0x04ba0000, 0x04c27848, 0x04c40000)
  to   space 640K,   0% used [0x04b00000, 0x04b00000, 0x04ba0000)
 tenured generation   total 12752K, used 11721K [0x09b50000, 0x0a7c4000, 0x14600000)
   the space 12752K,  91% used [0x09b50000, 0x0a6c2710, 0x0a6c2800, 0x0a7c4000)
 compacting perm gen  total 12288K, used 9009K [0x14600000, 0x15200000, 0x18600000)
   the space 12288K,  73% used [0x14600000, 0x14ecc7c8, 0x14ecc800, 0x15200000)
No shared spaces configured.
}
Event: 11.604 GC heap before
{Heap before GC invocations=25 (full 1):
 def new generation   total 5760K, used 5662K [0x04600000, 0x04c40000, 0x09b50000)
  eden space 5120K, 100% used [0x04600000, 0x04b00000, 0x04b00000)
  from space 640K,  84% used [0x04ba0000, 0x04c27848, 0x04c40000)
  to   space 640K,   0% used [0x04b00000, 0x04b00000, 0x04ba0000)
 tenured generation   total 12752K, used 11721K [0x09b50000, 0x0a7c4000, 0x14600000)
   the space 12752K,  91% used [0x09b50000, 0x0a6c2710, 0x0a6c2800, 0x0a7c4000)
 compacting perm gen  total 12288K, used 9009K [0x14600000, 0x15200000, 0x18600000)
   the space 12288K,  73% used [0x14600000, 0x14ecc7c8, 0x14ecc800, 0x15200000)
No shared spaces configured.
Event: 11.605 GC heap after
Heap after GC invocations=26 (full 1):
 def new generation   total 5760K, used 401K [0x04600000, 0x04c40000, 0x09b50000)
  eden space 5120K,   0% used [0x04600000, 0x04600000, 0x04b00000)
  from space 640K,  62% used [0x04b00000, 0x04b64540, 0x04ba0000)
  to   space 640K,   0% used [0x04ba0000, 0x04ba0000, 0x04c40000)
 tenured generation   total 12752K, used 12241K [0x09b50000, 0x0a7c4000, 0x14600000)
   the space 12752K,  95% used [0x09b50000, 0x0a7444d8, 0x0a744600, 0x0a7c4000)
 compacting perm gen  total 12288K, used 9009K [0x14600000, 0x15200000, 0x18600000)
   the space 12288K,  73% used [0x14600000, 0x14ecc7c8, 0x14ecc800, 0x15200000)
No shared spaces configured.
}
Event: 12.479 GC heap before
{Heap before GC invocations=26 (full 1):
 def new generation   total 5760K, used 5521K [0x04600000, 0x04c40000, 0x09b50000)
  eden space 5120K, 100% used [0x04600000, 0x04b00000, 0x04b00000)
  from space 640K,  62% used [0x04b00000, 0x04b64540, 0x04ba0000)
  to   space 640K,   0% used [0x04ba0000, 0x04ba0000, 0x04c40000)
 tenured generation   total 12752K, used 12241K [0x09b50000, 0x0a7c4000, 0x14600000)
   the space 12752K,  95% used [0x09b50000, 0x0a7444d8, 0x0a744600, 0x0a7c4000)
 compacting perm gen  total 12288K, used 9010K [0x14600000, 0x15200000, 0x18600000)
   the space 12288K,  73% used [0x14600000, 0x14ecc858, 0x14ecca00, 0x15200000)
No shared spaces configured.
Event: 12.481 GC heap after
Heap after GC invocations=27 (full 1):
 def new generation   total 5760K, used 368K [0x04600000, 0x04c40000, 0x09b50000)
  eden space 5120K,   0% used [0x04600000, 0x04600000, 0x04b00000)
  from space 640K,  57% used [0x04ba0000, 0x04bfc0c8, 0x04c40000)
  to   space 640K,   0% used [0x04b00000, 0x04b00000, 0x04ba0000)
 tenured generation   total 12752K, used 12618K [0x09b50000, 0x0a7c4000, 0x14600000)
   the space 12752K,  98% used [0x09b50000, 0x0a7a29c8, 0x0a7a2a00, 0x0a7c4000)
 compacting perm gen  total 12288K, used 9010K [0x14600000, 0x15200000, 0x18600000)
   the space 12288K,  73% used [0x14600000, 0x14ecc858, 0x14ecca00, 0x15200000)
No shared spaces configured.
}
Event: 13.907 GC heap before
{Heap before GC invocations=27 (full 1):
 def new generation   total 5760K, used 5488K [0x04600000, 0x04c40000, 0x09b50000)
  eden space 5120K, 100% used [0x04600000, 0x04b00000, 0x04b00000)
  from space 640K,  57% used [0x04ba0000, 0x04bfc0c8, 0x04c40000)
  to   space 640K,   0% used [0x04b00000, 0x04b00000, 0x04ba0000)
 tenured generation   total 12752K, used 12618K [0x09b50000, 0x0a7c4000, 0x14600000)
   the space 12752K,  98% used [0x09b50000, 0x0a7a29c8, 0x0a7a2a00, 0x0a7c4000)
 compacting perm gen  total 12288K, used 9011K [0x14600000, 0x15200000, 0x18600000)
   the space 12288K,  73% used [0x14600000, 0x14ecccd8, 0x14ecce00, 0x15200000)
No shared spaces configured.
Event: 13.944 GC heap after
Heap after GC invocations=28 (full 2):
 def new generation   total 9344K, used 0K [0x04600000, 0x05020000, 0x09b50000)
  eden space 8320K,   0% used [0x04600000, 0x04600000, 0x04e20000)
  from space 1024K,   0% used [0x04e20000, 0x04e20000, 0x04f20000)
  to   space 1024K,   0% used [0x04f20000, 0x04f20000, 0x05020000)
 tenured generation   total 20620K, used 12371K [0x09b50000, 0x0af73000, 0x14600000)
   the space 20620K,  59% used [0x09b50000, 0x0a764e70, 0x0a765000, 0x0af73000)
 compacting perm gen  total 12288K, used 9011K [0x14600000, 0x15200000, 0x18600000)
   the space 12288K,  73% used [0x14600000, 0x14ecccd8, 0x14ecce00, 0x15200000)
No shared spaces configured.
}

