# JRE version: Java(TM) SE Runtime Environment (7.0_79-b15) (build 1.7.0_79-b15)
# Java VM: Java HotSpot(TM) Client VM (24.79-b02 mixed mode windows-x86 )
Heap
 def new generation   total 4928K, used 162K [0x04c00000, 0x05150000, 0x0a150000)
  eden space 4416K,   2% used [0x04c00000, 0x04c1c908, 0x05050000)
  from space 512K,   9% used [0x050d0000, 0x050dc248, 0x05150000)
  to   space 512K,   0% used [0x05050000, 0x05050000, 0x050d0000)
 tenured generation   total 10944K, used 8512K [0x0a150000, 0x0ac00000, 0x14c00000)
   the space 10944K,  77% used [0x0a150000, 0x0a9a0300, 0x0a9a0400, 0x0ac00000)
 compacting perm gen  total 12288K, used 8991K [0x14c00000, 0x15800000, 0x18c00000)
   the space 12288K,  73% used [0x14c00000, 0x154c7e18, 0x154c8000, 0x15800000)
GC Heap History (10 events):
Event: 4.738 GC heap before
{Heap before GC invocations=14 (full 0):
 def new generation   total 4928K, used 4451K [0x04c00000, 0x05150000, 0x0a150000)
  eden space 4416K, 100% used [0x04c00000, 0x05050000, 0x05050000)
  from space 512K,   6% used [0x05050000, 0x05058c58, 0x050d0000)
  to   space 512K,   0% used [0x050d0000, 0x050d0000, 0x05150000)
 tenured generation   total 10944K, used 8512K [0x0a150000, 0x0ac00000, 0x14c00000)
   the space 10944K,  77% used [0x0a150000, 0x0a9a0300, 0x0a9a0400, 0x0ac00000)
 compacting perm gen  total 12288K, used 8988K [0x14c00000, 0x15800000, 0x18c00000)
   the space 12288K,  73% used [0x14c00000, 0x154c7398, 0x154c7400, 0x15800000)
No shared spaces configured.
Event: 4.739 GC heap after
Heap after GC invocations=15 (full 0):
 def new generation   total 4928K, used 35K [0x04c00000, 0x05150000, 0x0a150000)
  eden space 4416K,   0% used [0x04c00000, 0x04c00000, 0x05050000)
  from space 512K,   6% used [0x050d0000, 0x050d8ce0, 0x05150000)
  to   space 512K,   0% used [0x05050000, 0x05050000, 0x050d0000)
 tenured generation   total 10944K, used 8512K [0x0a150000, 0x0ac00000, 0x14c00000)
   the space 10944K,  77% used [0x0a150000, 0x0a9a0300, 0x0a9a0400, 0x0ac00000)
 compacting perm gen  total 12288K, used 8988K [0x14c00000, 0x15800000, 0x18c00000)
   the space 12288K,  73% used [0x14c00000, 0x154c7398, 0x154c7400, 0x15800000)
No shared spaces configured.
}
Event: 5.224 GC heap before
{Heap before GC invocations=15 (full 0):
 def new generation   total 4928K, used 4451K [0x04c00000, 0x05150000, 0x0a150000)
  eden space 4416K, 100% used [0x04c00000, 0x05050000, 0x05050000)
  from space 512K,   6% used [0x050d0000, 0x050d8ce0, 0x05150000)
  to   space 512K,   0% used [0x05050000, 0x05050000, 0x050d0000)
 tenured generation   total 10944K, used 8512K [0x0a150000, 0x0ac00000, 0x14c00000)
   the space 10944K,  77% used [0x0a150000, 0x0a9a0300, 0x0a9a0400, 0x0ac00000)
 compacting perm gen  total 12288K, used 8988K [0x14c00000, 0x15800000, 0x18c00000)
   the space 12288K,  73% used [0x14c00000, 0x154c73a8, 0x154c7400, 0x15800000)
No shared spaces configured.
Event: 5.224 GC heap after
Heap after GC invocations=16 (full 0):
 def new generation   total 4928K, used 34K [0x04c00000, 0x05150000, 0x0a150000)
  eden space 4416K,   0% used [0x04c00000, 0x04c00000, 0x05050000)
  from space 512K,   6% used [0x05050000, 0x05058b00, 0x050d0000)
  to   space 512K,   0% used [0x050d0000, 0x050d0000, 0x05150000)
 tenured generation   total 10944K, used 8512K [0x0a150000, 0x0ac00000, 0x14c00000)
   the space 10944K,  77% used [0x0a150000, 0x0a9a0300, 0x0a9a0400, 0x0ac00000)
 compacting perm gen  total 12288K, used 8988K [0x14c00000, 0x15800000, 0x18c00000)
   the space 12288K,  73% used [0x14c00000, 0x154c73a8, 0x154c7400, 0x15800000)
No shared spaces configured.
}
Event: 5.736 GC heap before
{Heap before GC invocations=16 (full 0):
 def new generation   total 4928K, used 4450K [0x04c00000, 0x05150000, 0x0a150000)
  eden space 4416K, 100% used [0x04c00000, 0x05050000, 0x05050000)
  from space 512K,   6% used [0x05050000, 0x05058b00, 0x050d0000)
  to   space 512K,   0% used [0x050d0000, 0x050d0000, 0x05150000)
 tenured generation   total 10944K, used 8512K [0x0a150000, 0x0ac00000, 0x14c00000)
   the space 10944K,  77% used [0x0a150000, 0x0a9a0300, 0x0a9a0400, 0x0ac00000)
 compacting perm gen  total 12288K, used 8988K [0x14c00000, 0x15800000, 0x18c00000)
   the space 12288K,  73% used [0x14c00000, 0x154c73a8, 0x154c7400, 0x15800000)
No shared spaces configured.
Event: 5.737 GC heap after
Heap after GC invocations=17 (full 0):
 def new generation   total 4928K, used 43K [0x04c00000, 0x05150000, 0x0a150000)
  eden space 4416K,   0% used [0x04c00000, 0x04c00000, 0x05050000)
  from space 512K,   8% used [0x050d0000, 0x050dad58, 0x05150000)
  to   space 512K,   0% used [0x05050000, 0x05050000, 0x050d0000)
 tenured generation   total 10944K, used 8512K [0x0a150000, 0x0ac00000, 0x14c00000)
   the space 10944K,  77% used [0x0a150000, 0x0a9a0300, 0x0a9a0400, 0x0ac00000)
 compacting perm gen  total 12288K, used 8988K [0x14c00000, 0x15800000, 0x18c00000)
   the space 12288K,  73% used [0x14c00000, 0x154c73a8, 0x154c7400, 0x15800000)
No shared spaces configured.
}
Event: 6.216 GC heap before
{Heap before GC invocations=17 (full 0):
 def new generation   total 4928K, used 4459K [0x04c00000, 0x05150000, 0x0a150000)
  eden space 4416K, 100% used [0x04c00000, 0x05050000, 0x05050000)
  from space 512K,   8% used [0x050d0000, 0x050dad58, 0x05150000)
  to   space 512K,   0% used [0x05050000, 0x05050000, 0x050d0000)
 tenured generation   total 10944K, used 8512K [0x0a150000, 0x0ac00000, 0x14c00000)
   the space 10944K,  77% used [0x0a150000, 0x0a9a0300, 0x0a9a0400, 0x0ac00000)
 compacting perm gen  total 12288K, used 8988K [0x14c00000, 0x15800000, 0x18c00000)
   the space 12288K,  73% used [0x14c00000, 0x154c73a8, 0x154c7400, 0x15800000)
No shared spaces configured.
Event: 6.216 GC heap after
Heap after GC invocations=18 (full 0):
 def new generation   total 4928K, used 46K [0x04c00000, 0x05150000, 0x0a150000)
  eden space 4416K,   0% used [0x04c00000, 0x04c00000, 0x05050000)
  from space 512K,   9% used [0x05050000, 0x0505bb40, 0x050d0000)
  to   space 512K,   0% used [0x050d0000, 0x050d0000, 0x05150000)
 tenured generation   total 10944K, used 8512K [0x0a150000, 0x0ac00000, 0x14c00000)
   the space 10944K,  77% used [0x0a150000, 0x0a9a0300, 0x0a9a0400, 0x0ac00000)
 compacting perm gen  total 12288K, used 8988K [0x14c00000, 0x15800000, 0x18c00000)
   the space 12288K,  73% used [0x14c00000, 0x154c73a8, 0x154c7400, 0x15800000)
No shared spaces configured.
}
Event: 6.696 GC heap before
{Heap before GC invocations=18 (full 0):
 def new generation   total 4928K, used 4462K [0x04c00000, 0x05150000, 0x0a150000)
  eden space 4416K, 100% used [0x04c00000, 0x05050000, 0x05050000)
  from space 512K,   9% used [0x05050000, 0x0505bb40, 0x050d0000)
  to   space 512K,   0% used [0x050d0000, 0x050d0000, 0x05150000)
 tenured generation   total 10944K, used 8512K [0x0a150000, 0x0ac00000, 0x14c00000)
   the space 10944K,  77% used [0x0a150000, 0x0a9a0300, 0x0a9a0400, 0x0ac00000)
 compacting perm gen  total 12288K, used 8988K [0x14c00000, 0x15800000, 0x18c00000)
   the space 12288K,  73% used [0x14c00000, 0x154c73a8, 0x154c7400, 0x15800000)
No shared spaces configured.
Event: 6.696 GC heap after
Heap after GC invocations=19 (full 0):
 def new generation   total 4928K, used 48K [0x04c00000, 0x05150000, 0x0a150000)
  eden space 4416K,   0% used [0x04c00000, 0x04c00000, 0x05050000)
  from space 512K,   9% used [0x050d0000, 0x050dc248, 0x05150000)
  to   space 512K,   0% used [0x05050000, 0x05050000, 0x050d0000)
 tenured generation   total 10944K, used 8512K [0x0a150000, 0x0ac00000, 0x14c00000)
   the space 10944K,  77% used [0x0a150000, 0x0a9a0300, 0x0a9a0400, 0x0ac00000)
 compacting perm gen  total 12288K, used 8988K [0x14c00000, 0x15800000, 0x18c00000)
   the space 12288K,  73% used [0x14c00000, 0x154c73a8, 0x154c7400, 0x15800000)
No shared spaces configured.
}

