# JRE version: Java(TM) SE Runtime Environment (7.0_79-b15) (build 1.7.0_79-b15)
# Java VM: Java HotSpot(TM) Client VM (24.79-b02 mixed mode windows-x86 )
Heap
 def new generation   total 9600K, used 4935K [0x04400000, 0x04e60000, 0x09950000)
  eden space 8576K,  56% used [0x04400000, 0x048c0a60, 0x04c60000)
  from space 1024K,   6% used [0x04d60000, 0x04d71550, 0x04e60000)
  to   space 1024K,   0% used [0x04c60000, 0x04c60000, 0x04d60000)
 tenured generation   total 21144K, used 12684K [0x09950000, 0x0adf6000, 0x14400000)
   the space 21144K,  59% used [0x09950000, 0x0a5b3038, 0x0a5b3200, 0x0adf6000)
 compacting perm gen  total 12288K, used 9370K [0x14400000, 0x15000000, 0x18400000)
   the space 12288K,  76% used [0x14400000, 0x14d26a90, 0x14d26c00, 0x15000000)
GC Heap History (10 events):
Event: 26.812 GC heap before
{Heap before GC invocations=65 (full 1):
 def new generation   total 5824K, used 5416K [0x04400000, 0x04a50000, 0x09950000)
  eden space 5184K, 100% used [0x04400000, 0x04910000, 0x04910000)
  from space 640K,  36% used [0x049b0000, 0x049ea398, 0x04a50000)
  to   space 640K,   0% used [0x04910000, 0x04910000, 0x049b0000)
 tenured generation   total 12816K, used 12394K [0x09950000, 0x0a5d4000, 0x14400000)
   the space 12816K,  96% used [0x09950000, 0x0a56a8b8, 0x0a56aa00, 0x0a5d4000)
 compacting perm gen  total 12288K, used 9132K [0x14400000, 0x15000000, 0x18400000)
   the space 12288K,  74% used [0x14400000, 0x14ceb288, 0x14ceb400, 0x15000000)
No shared spaces configured.
Event: 26.813 GC heap after
Heap after GC invocations=66 (full 1):
 def new generation   total 5824K, used 419K [0x04400000, 0x04a50000, 0x09950000)
  eden space 5184K,   0% used [0x04400000, 0x04400000, 0x04910000)
  from space 640K,  65% used [0x04910000, 0x04978d00, 0x049b0000)
  to   space 640K,   0% used [0x049b0000, 0x049b0000, 0x04a50000)
 tenured generation   total 12816K, used 12394K [0x09950000, 0x0a5d4000, 0x14400000)
   the space 12816K,  96% used [0x09950000, 0x0a56a8b8, 0x0a56aa00, 0x0a5d4000)
 compacting perm gen  total 12288K, used 9132K [0x14400000, 0x15000000, 0x18400000)
   the space 12288K,  74% used [0x14400000, 0x14ceb288, 0x14ceb400, 0x15000000)
No shared spaces configured.
}
Event: 27.362 GC heap before
{Heap before GC invocations=66 (full 1):
 def new generation   total 5824K, used 5603K [0x04400000, 0x04a50000, 0x09950000)
  eden space 5184K, 100% used [0x04400000, 0x04910000, 0x04910000)
  from space 640K,  65% used [0x04910000, 0x04978d00, 0x049b0000)
  to   space 640K,   0% used [0x049b0000, 0x049b0000, 0x04a50000)
 tenured generation   total 12816K, used 12394K [0x09950000, 0x0a5d4000, 0x14400000)
   the space 12816K,  96% used [0x09950000, 0x0a56a8b8, 0x0a56aa00, 0x0a5d4000)
 compacting perm gen  total 12288K, used 9132K [0x14400000, 0x15000000, 0x18400000)
   the space 12288K,  74% used [0x14400000, 0x14ceb298, 0x14ceb400, 0x15000000)
No shared spaces configured.
Event: 27.363 GC heap after
Heap after GC invocations=67 (full 1):
 def new generation   total 5824K, used 406K [0x04400000, 0x04a50000, 0x09950000)
  eden space 5184K,   0% used [0x04400000, 0x04400000, 0x04910000)
  from space 640K,  63% used [0x049b0000, 0x04a15b80, 0x04a50000)
  to   space 640K,   0% used [0x04910000, 0x04910000, 0x049b0000)
 tenured generation   total 12816K, used 12602K [0x09950000, 0x0a5d4000, 0x14400000)
   the space 12816K,  98% used [0x09950000, 0x0a59e870, 0x0a59ea00, 0x0a5d4000)
 compacting perm gen  total 12288K, used 9132K [0x14400000, 0x15000000, 0x18400000)
   the space 12288K,  74% used [0x14400000, 0x14ceb298, 0x14ceb400, 0x15000000)
No shared spaces configured.
}
Event: 28.161 GC heap before
{Heap before GC invocations=67 (full 1):
 def new generation   total 5824K, used 5590K [0x04400000, 0x04a50000, 0x09950000)
  eden space 5184K, 100% used [0x04400000, 0x04910000, 0x04910000)
  from space 640K,  63% used [0x049b0000, 0x04a15b80, 0x04a50000)
  to   space 640K,   0% used [0x04910000, 0x04910000, 0x049b0000)
 tenured generation   total 12816K, used 12602K [0x09950000, 0x0a5d4000, 0x14400000)
   the space 12816K,  98% used [0x09950000, 0x0a59e870, 0x0a59ea00, 0x0a5d4000)
 compacting perm gen  total 12288K, used 9364K [0x14400000, 0x15000000, 0x18400000)
   the space 12288K,  76% used [0x14400000, 0x14d253a8, 0x14d25400, 0x15000000)
No shared spaces configured.
Event: 28.163 GC heap after
Heap after GC invocations=68 (full 1):
 def new generation   total 5824K, used 450K [0x04400000, 0x04a50000, 0x09950000)
  eden space 5184K,   0% used [0x04400000, 0x04400000, 0x04910000)
  from space 640K,  70% used [0x04910000, 0x04980b88, 0x049b0000)
  to   space 640K,   0% used [0x049b0000, 0x049b0000, 0x04a50000)
 tenured generation   total 12816K, used 12800K [0x09950000, 0x0a5d4000, 0x14400000)
   the space 12816K,  99% used [0x09950000, 0x0a5d0380, 0x0a5d0400, 0x0a5d4000)
 compacting perm gen  total 12288K, used 9364K [0x14400000, 0x15000000, 0x18400000)
   the space 12288K,  76% used [0x14400000, 0x14d253a8, 0x14d25400, 0x15000000)
No shared spaces configured.
}
Event: 29.188 GC heap before
{Heap before GC invocations=68 (full 1):
 def new generation   total 5824K, used 5634K [0x04400000, 0x04a50000, 0x09950000)
  eden space 5184K, 100% used [0x04400000, 0x04910000, 0x04910000)
  from space 640K,  70% used [0x04910000, 0x04980b88, 0x049b0000)
  to   space 640K,   0% used [0x049b0000, 0x049b0000, 0x04a50000)
 tenured generation   total 12816K, used 12800K [0x09950000, 0x0a5d4000, 0x14400000)
   the space 12816K,  99% used [0x09950000, 0x0a5d0380, 0x0a5d0400, 0x0a5d4000)
 compacting perm gen  total 12288K, used 9364K [0x14400000, 0x15000000, 0x18400000)
   the space 12288K,  76% used [0x14400000, 0x14d253c8, 0x14d25400, 0x15000000)
No shared spaces configured.
Event: 29.224 GC heap after
Heap after GC invocations=69 (full 2):
 def new generation   total 9600K, used 0K [0x04400000, 0x04e60000, 0x09950000)
  eden space 8576K,   0% used [0x04400000, 0x04400000, 0x04c60000)
  from space 1024K,   0% used [0x04c60000, 0x04c60000, 0x04d60000)
  to   space 1024K,   0% used [0x04d60000, 0x04d60000, 0x04e60000)
 tenured generation   total 21144K, used 12684K [0x09950000, 0x0adf6000, 0x14400000)
   the space 21144K,  59% used [0x09950000, 0x0a5b3038, 0x0a5b3200, 0x0adf6000)
 compacting perm gen  total 12288K, used 9364K [0x14400000, 0x15000000, 0x18400000)
   the space 12288K,  76% used [0x14400000, 0x14d253c8, 0x14d25400, 0x15000000)
No shared spaces configured.
}
Event: 30.840 GC heap before
{Heap before GC invocations=69 (full 2):
 def new generation   total 9600K, used 8576K [0x04400000, 0x04e60000, 0x09950000)
  eden space 8576K, 100% used [0x04400000, 0x04c60000, 0x04c60000)
  from space 1024K,   0% used [0x04c60000, 0x04c60000, 0x04d60000)
  to   space 1024K,   0% used [0x04d60000, 0x04d60000, 0x04e60000)
 tenured generation   total 21144K, used 12684K [0x09950000, 0x0adf6000, 0x14400000)
   the space 21144K,  59% used [0x09950000, 0x0a5b3038, 0x0a5b3200, 0x0adf6000)
 compacting perm gen  total 12288K, used 9366K [0x14400000, 0x15000000, 0x18400000)
   the space 12288K,  76% used [0x14400000, 0x14d25b60, 0x14d25c00, 0x15000000)
No shared spaces configured.
Event: 30.841 GC heap after
Heap after GC invocations=70 (full 2):
 def new generation   total 9600K, used 69K [0x04400000, 0x04e60000, 0x09950000)
  eden space 8576K,   0% used [0x04400000, 0x04400000, 0x04c60000)
  from space 1024K,   6% used [0x04d60000, 0x04d71550, 0x04e60000)
  to   space 1024K,   0% used [0x04c60000, 0x04c60000, 0x04d60000)
 tenured generation   total 21144K, used 12684K [0x09950000, 0x0adf6000, 0x14400000)
   the space 21144K,  59% used [0x09950000, 0x0a5b3038, 0x0a5b3200, 0x0adf6000)
 compacting perm gen  total 12288K, used 9366K [0x14400000, 0x15000000, 0x18400000)
   the space 12288K,  76% used [0x14400000, 0x14d25b60, 0x14d25c00, 0x15000000)
No shared spaces configured.
}

