# JRE version: Java(TM) SE Runtime Environment (7.0_79-b15) (build 1.7.0_79-b15)
# Java VM: Java HotSpot(TM) Client VM (24.79-b02 mixed mode windows-x86 )
Heap
 def new generation   total 5760K, used 5155K [0x04000000, 0x04630000, 0x09550000)
  eden space 5184K,  96% used [0x04000000, 0x044e0a18, 0x04510000)
  from space 576K,  28% used [0x045a0000, 0x045c8588, 0x04630000)
  to   space 576K,   0% used [0x04510000, 0x04510000, 0x045a0000)
 tenured generation   total 12560K, used 11190K [0x09550000, 0x0a194000, 0x14000000)
   the space 12560K,  89% used [0x09550000, 0x0a03da20, 0x0a03dc00, 0x0a194000)
 compacting perm gen  total 12288K, used 9341K [0x14000000, 0x14c00000, 0x18000000)
   the space 12288K,  76% used [0x14000000, 0x1491f708, 0x1491f800, 0x14c00000)
GC Heap History (10 events):
Event: 44.826 GC heap before
{Heap before GC invocations=90 (full 1):
 def new generation   total 5760K, used 5431K [0x04000000, 0x04630000, 0x09550000)
  eden space 5184K, 100% used [0x04000000, 0x04510000, 0x04510000)
  from space 576K,  43% used [0x04510000, 0x0454df90, 0x045a0000)
  to   space 576K,   0% used [0x045a0000, 0x045a0000, 0x04630000)
 tenured generation   total 12560K, used 10815K [0x09550000, 0x0a194000, 0x14000000)
   the space 12560K,  86% used [0x09550000, 0x09fdfce8, 0x09fdfe00, 0x0a194000)
 compacting perm gen  total 12288K, used 9337K [0x14000000, 0x14c00000, 0x18000000)
   the space 12288K,  75% used [0x14000000, 0x1491e7c8, 0x1491e800, 0x14c00000)
No shared spaces configured.
Event: 44.827 GC heap after
Heap after GC invocations=91 (full 1):
 def new generation   total 5760K, used 247K [0x04000000, 0x04630000, 0x09550000)
  eden space 5184K,   0% used [0x04000000, 0x04000000, 0x04510000)
  from space 576K,  42% used [0x045a0000, 0x045ddde0, 0x04630000)
  to   space 576K,   0% used [0x04510000, 0x04510000, 0x045a0000)
 tenured generation   total 12560K, used 10815K [0x09550000, 0x0a194000, 0x14000000)
   the space 12560K,  86% used [0x09550000, 0x09fdfce8, 0x09fdfe00, 0x0a194000)
 compacting perm gen  total 12288K, used 9337K [0x14000000, 0x14c00000, 0x18000000)
   the space 12288K,  75% used [0x14000000, 0x1491e7c8, 0x1491e800, 0x14c00000)
No shared spaces configured.
}
Event: 45.472 GC heap before
{Heap before GC invocations=91 (full 1):
 def new generation   total 5760K, used 5431K [0x04000000, 0x04630000, 0x09550000)
  eden space 5184K, 100% used [0x04000000, 0x04510000, 0x04510000)
  from space 576K,  42% used [0x045a0000, 0x045ddde0, 0x04630000)
  to   space 576K,   0% used [0x04510000, 0x04510000, 0x045a0000)
 tenured generation   total 12560K, used 10815K [0x09550000, 0x0a194000, 0x14000000)
   the space 12560K,  86% used [0x09550000, 0x09fdfce8, 0x09fdfe00, 0x0a194000)
 compacting perm gen  total 12288K, used 9337K [0x14000000, 0x14c00000, 0x18000000)
   the space 12288K,  75% used [0x14000000, 0x1491e7c8, 0x1491e800, 0x14c00000)
No shared spaces configured.
Event: 45.472 GC heap after
Heap after GC invocations=92 (full 1):
 def new generation   total 5760K, used 247K [0x04000000, 0x04630000, 0x09550000)
  eden space 5184K,   0% used [0x04000000, 0x04000000, 0x04510000)
  from space 576K,  42% used [0x04510000, 0x0454ddd0, 0x045a0000)
  to   space 576K,   0% used [0x045a0000, 0x045a0000, 0x04630000)
 tenured generation   total 12560K, used 10815K [0x09550000, 0x0a194000, 0x14000000)
   the space 12560K,  86% used [0x09550000, 0x09fdfce8, 0x09fdfe00, 0x0a194000)
 compacting perm gen  total 12288K, used 9337K [0x14000000, 0x14c00000, 0x18000000)
   the space 12288K,  75% used [0x14000000, 0x1491e7c8, 0x1491e800, 0x14c00000)
No shared spaces configured.
}
Event: 46.088 GC heap before
{Heap before GC invocations=92 (full 1):
 def new generation   total 5760K, used 5431K [0x04000000, 0x04630000, 0x09550000)
  eden space 5184K, 100% used [0x04000000, 0x04510000, 0x04510000)
  from space 576K,  42% used [0x04510000, 0x0454ddd0, 0x045a0000)
  to   space 576K,   0% used [0x045a0000, 0x045a0000, 0x04630000)
 tenured generation   total 12560K, used 10815K [0x09550000, 0x0a194000, 0x14000000)
   the space 12560K,  86% used [0x09550000, 0x09fdfce8, 0x09fdfe00, 0x0a194000)
 compacting perm gen  total 12288K, used 9337K [0x14000000, 0x14c00000, 0x18000000)
   the space 12288K,  75% used [0x14000000, 0x1491e7c8, 0x1491e800, 0x14c00000)
No shared spaces configured.
Event: 46.088 GC heap after
Heap after GC invocations=93 (full 1):
 def new generation   total 5760K, used 379K [0x04000000, 0x04630000, 0x09550000)
  eden space 5184K,   0% used [0x04000000, 0x04000000, 0x04510000)
  from space 576K,  65% used [0x045a0000, 0x045fefb0, 0x04630000)
  to   space 576K,   0% used [0x04510000, 0x04510000, 0x045a0000)
 tenured generation   total 12560K, used 10815K [0x09550000, 0x0a194000, 0x14000000)
   the space 12560K,  86% used [0x09550000, 0x09fdfce8, 0x09fdfe00, 0x0a194000)
 compacting perm gen  total 12288K, used 9337K [0x14000000, 0x14c00000, 0x18000000)
   the space 12288K,  75% used [0x14000000, 0x1491e7c8, 0x1491e800, 0x14c00000)
No shared spaces configured.
}
Event: 46.671 GC heap before
{Heap before GC invocations=93 (full 1):
 def new generation   total 5760K, used 5563K [0x04000000, 0x04630000, 0x09550000)
  eden space 5184K, 100% used [0x04000000, 0x04510000, 0x04510000)
  from space 576K,  65% used [0x045a0000, 0x045fefb0, 0x04630000)
  to   space 576K,   0% used [0x04510000, 0x04510000, 0x045a0000)
 tenured generation   total 12560K, used 10815K [0x09550000, 0x0a194000, 0x14000000)
   the space 12560K,  86% used [0x09550000, 0x09fdfce8, 0x09fdfe00, 0x0a194000)
 compacting perm gen  total 12288K, used 9337K [0x14000000, 0x14c00000, 0x18000000)
   the space 12288K,  75% used [0x14000000, 0x1491e7d8, 0x1491e800, 0x14c00000)
No shared spaces configured.
Event: 46.672 GC heap after
Heap after GC invocations=94 (full 1):
 def new generation   total 5760K, used 424K [0x04000000, 0x04630000, 0x09550000)
  eden space 5184K,   0% used [0x04000000, 0x04000000, 0x04510000)
  from space 576K,  73% used [0x04510000, 0x0457a2c0, 0x045a0000)
  to   space 576K,   0% used [0x045a0000, 0x045a0000, 0x04630000)
 tenured generation   total 12560K, used 10931K [0x09550000, 0x0a194000, 0x14000000)
   the space 12560K,  87% used [0x09550000, 0x09ffccf0, 0x09ffce00, 0x0a194000)
 compacting perm gen  total 12288K, used 9337K [0x14000000, 0x14c00000, 0x18000000)
   the space 12288K,  75% used [0x14000000, 0x1491e7d8, 0x1491e800, 0x14c00000)
No shared spaces configured.
}
Event: 47.267 GC heap before
{Heap before GC invocations=94 (full 1):
 def new generation   total 5760K, used 5608K [0x04000000, 0x04630000, 0x09550000)
  eden space 5184K, 100% used [0x04000000, 0x04510000, 0x04510000)
  from space 576K,  73% used [0x04510000, 0x0457a2c0, 0x045a0000)
  to   space 576K,   0% used [0x045a0000, 0x045a0000, 0x04630000)
 tenured generation   total 12560K, used 10931K [0x09550000, 0x0a194000, 0x14000000)
   the space 12560K,  87% used [0x09550000, 0x09ffccf0, 0x09ffce00, 0x0a194000)
 compacting perm gen  total 12288K, used 9337K [0x14000000, 0x14c00000, 0x18000000)
   the space 12288K,  75% used [0x14000000, 0x1491e7d8, 0x1491e800, 0x14c00000)
No shared spaces configured.
Event: 47.267 GC heap after
Heap after GC invocations=95 (full 1):
 def new generation   total 5760K, used 161K [0x04000000, 0x04630000, 0x09550000)
  eden space 5184K,   0% used [0x04000000, 0x04000000, 0x04510000)
  from space 576K,  28% used [0x045a0000, 0x045c8588, 0x04630000)
  to   space 576K,   0% used [0x04510000, 0x04510000, 0x045a0000)
 tenured generation   total 12560K, used 11190K [0x09550000, 0x0a194000, 0x14000000)
   the space 12560K,  89% used [0x09550000, 0x0a03da20, 0x0a03dc00, 0x0a194000)
 compacting perm gen  total 12288K, used 9337K [0x14000000, 0x14c00000, 0x18000000)
   the space 12288K,  75% used [0x14000000, 0x1491e7d8, 0x1491e800, 0x14c00000)
No shared spaces configured.
}

