# JRE version: Java(TM) SE Runtime Environment (7.0_79-b15) (build 1.7.0_79-b15)
# Java VM: Java HotSpot(TM) Client VM (24.79-b02 mixed mode windows-x86 )
Heap
 def new generation   total 5376K, used 1305K [0x03e00000, 0x043d0000, 0x09350000)
  eden space 4800K,  23% used [0x03e00000, 0x03f18470, 0x042b0000)
  from space 576K,  31% used [0x042b0000, 0x042ddfd0, 0x04340000)
  to   space 576K,   0% used [0x04340000, 0x04340000, 0x043d0000)
 tenured generation   total 11856K, used 8455K [0x09350000, 0x09ee4000, 0x13e00000)
   the space 11856K,  71% used [0x09350000, 0x09b91f60, 0x09b92000, 0x09ee4000)
 compacting perm gen  total 12288K, used 9308K [0x13e00000, 0x14a00000, 0x17e00000)
   the space 12288K,  75% used [0x13e00000, 0x14717258, 0x14717400, 0x14a00000)
GC Heap History (10 events):
Event: 136.609 GC heap before
{Heap before GC invocations=228 (full 1):
 def new generation   total 5376K, used 4925K [0x03e00000, 0x043d0000, 0x09350000)
  eden space 4800K, 100% used [0x03e00000, 0x042b0000, 0x042b0000)
  from space 576K,  21% used [0x04340000, 0x0435f608, 0x043d0000)
  to   space 576K,   0% used [0x042b0000, 0x042b0000, 0x04340000)
 tenured generation   total 11856K, used 8455K [0x09350000, 0x09ee4000, 0x13e00000)
   the space 11856K,  71% used [0x09350000, 0x09b91f60, 0x09b92000, 0x09ee4000)
 compacting perm gen  total 12288K, used 9304K [0x13e00000, 0x14a00000, 0x17e00000)
   the space 12288K,  75% used [0x13e00000, 0x14716328, 0x14716400, 0x14a00000)
No shared spaces configured.
Event: 136.610 GC heap after
Heap after GC invocations=229 (full 1):
 def new generation   total 5376K, used 125K [0x03e00000, 0x043d0000, 0x09350000)
  eden space 4800K,   0% used [0x03e00000, 0x03e00000, 0x042b0000)
  from space 576K,  21% used [0x042b0000, 0x042cf588, 0x04340000)
  to   space 576K,   0% used [0x04340000, 0x04340000, 0x043d0000)
 tenured generation   total 11856K, used 8455K [0x09350000, 0x09ee4000, 0x13e00000)
   the space 11856K,  71% used [0x09350000, 0x09b91f60, 0x09b92000, 0x09ee4000)
 compacting perm gen  total 12288K, used 9304K [0x13e00000, 0x14a00000, 0x17e00000)
   the space 12288K,  75% used [0x13e00000, 0x14716328, 0x14716400, 0x14a00000)
No shared spaces configured.
}
Event: 137.790 GC heap before
{Heap before GC invocations=229 (full 1):
 def new generation   total 5376K, used 4925K [0x03e00000, 0x043d0000, 0x09350000)
  eden space 4800K, 100% used [0x03e00000, 0x042b0000, 0x042b0000)
  from space 576K,  21% used [0x042b0000, 0x042cf588, 0x04340000)
  to   space 576K,   0% used [0x04340000, 0x04340000, 0x043d0000)
 tenured generation   total 11856K, used 8455K [0x09350000, 0x09ee4000, 0x13e00000)
   the space 11856K,  71% used [0x09350000, 0x09b91f60, 0x09b92000, 0x09ee4000)
 compacting perm gen  total 12288K, used 9304K [0x13e00000, 0x14a00000, 0x17e00000)
   the space 12288K,  75% used [0x13e00000, 0x14716328, 0x14716400, 0x14a00000)
No shared spaces configured.
Event: 137.791 GC heap after
Heap after GC invocations=230 (full 1):
 def new generation   total 5376K, used 141K [0x03e00000, 0x043d0000, 0x09350000)
  eden space 4800K,   0% used [0x03e00000, 0x03e00000, 0x042b0000)
  from space 576K,  24% used [0x04340000, 0x04363588, 0x043d0000)
  to   space 576K,   0% used [0x042b0000, 0x042b0000, 0x04340000)
 tenured generation   total 11856K, used 8455K [0x09350000, 0x09ee4000, 0x13e00000)
   the space 11856K,  71% used [0x09350000, 0x09b91f60, 0x09b92000, 0x09ee4000)
 compacting perm gen  total 12288K, used 9304K [0x13e00000, 0x14a00000, 0x17e00000)
   the space 12288K,  75% used [0x13e00000, 0x14716328, 0x14716400, 0x14a00000)
No shared spaces configured.
}
Event: 138.973 GC heap before
{Heap before GC invocations=230 (full 1):
 def new generation   total 5376K, used 4941K [0x03e00000, 0x043d0000, 0x09350000)
  eden space 4800K, 100% used [0x03e00000, 0x042b0000, 0x042b0000)
  from space 576K,  24% used [0x04340000, 0x04363588, 0x043d0000)
  to   space 576K,   0% used [0x042b0000, 0x042b0000, 0x04340000)
 tenured generation   total 11856K, used 8455K [0x09350000, 0x09ee4000, 0x13e00000)
   the space 11856K,  71% used [0x09350000, 0x09b91f60, 0x09b92000, 0x09ee4000)
 compacting perm gen  total 12288K, used 9304K [0x13e00000, 0x14a00000, 0x17e00000)
   the space 12288K,  75% used [0x13e00000, 0x14716328, 0x14716400, 0x14a00000)
No shared spaces configured.
Event: 138.974 GC heap after
Heap after GC invocations=231 (full 1):
 def new generation   total 5376K, used 155K [0x03e00000, 0x043d0000, 0x09350000)
  eden space 4800K,   0% used [0x03e00000, 0x03e00000, 0x042b0000)
  from space 576K,  26% used [0x042b0000, 0x042d6d28, 0x04340000)
  to   space 576K,   0% used [0x04340000, 0x04340000, 0x043d0000)
 tenured generation   total 11856K, used 8455K [0x09350000, 0x09ee4000, 0x13e00000)
   the space 11856K,  71% used [0x09350000, 0x09b91f60, 0x09b92000, 0x09ee4000)
 compacting perm gen  total 12288K, used 9304K [0x13e00000, 0x14a00000, 0x17e00000)
   the space 12288K,  75% used [0x13e00000, 0x14716328, 0x14716400, 0x14a00000)
No shared spaces configured.
}
Event: 140.123 GC heap before
{Heap before GC invocations=231 (full 1):
 def new generation   total 5376K, used 4955K [0x03e00000, 0x043d0000, 0x09350000)
  eden space 4800K, 100% used [0x03e00000, 0x042b0000, 0x042b0000)
  from space 576K,  26% used [0x042b0000, 0x042d6d28, 0x04340000)
  to   space 576K,   0% used [0x04340000, 0x04340000, 0x043d0000)
 tenured generation   total 11856K, used 8455K [0x09350000, 0x09ee4000, 0x13e00000)
   the space 11856K,  71% used [0x09350000, 0x09b91f60, 0x09b92000, 0x09ee4000)
 compacting perm gen  total 12288K, used 9304K [0x13e00000, 0x14a00000, 0x17e00000)
   the space 12288K,  75% used [0x13e00000, 0x14716328, 0x14716400, 0x14a00000)
No shared spaces configured.
Event: 140.124 GC heap after
Heap after GC invocations=232 (full 1):
 def new generation   total 5376K, used 169K [0x03e00000, 0x043d0000, 0x09350000)
  eden space 4800K,   0% used [0x03e00000, 0x03e00000, 0x042b0000)
  from space 576K,  29% used [0x04340000, 0x0436a5e0, 0x043d0000)
  to   space 576K,   0% used [0x042b0000, 0x042b0000, 0x04340000)
 tenured generation   total 11856K, used 8455K [0x09350000, 0x09ee4000, 0x13e00000)
   the space 11856K,  71% used [0x09350000, 0x09b91f60, 0x09b92000, 0x09ee4000)
 compacting perm gen  total 12288K, used 9304K [0x13e00000, 0x14a00000, 0x17e00000)
   the space 12288K,  75% used [0x13e00000, 0x14716328, 0x14716400, 0x14a00000)
No shared spaces configured.
}
Event: 141.254 GC heap before
{Heap before GC invocations=232 (full 1):
 def new generation   total 5376K, used 4969K [0x03e00000, 0x043d0000, 0x09350000)
  eden space 4800K, 100% used [0x03e00000, 0x042b0000, 0x042b0000)
  from space 576K,  29% used [0x04340000, 0x0436a5e0, 0x043d0000)
  to   space 576K,   0% used [0x042b0000, 0x042b0000, 0x04340000)
 tenured generation   total 11856K, used 8455K [0x09350000, 0x09ee4000, 0x13e00000)
   the space 11856K,  71% used [0x09350000, 0x09b91f60, 0x09b92000, 0x09ee4000)
 compacting perm gen  total 12288K, used 9304K [0x13e00000, 0x14a00000, 0x17e00000)
   the space 12288K,  75% used [0x13e00000, 0x14716328, 0x14716400, 0x14a00000)
No shared spaces configured.
Event: 141.254 GC heap after
Heap after GC invocations=233 (full 1):
 def new generation   total 5376K, used 183K [0x03e00000, 0x043d0000, 0x09350000)
  eden space 4800K,   0% used [0x03e00000, 0x03e00000, 0x042b0000)
  from space 576K,  31% used [0x042b0000, 0x042ddfd0, 0x04340000)
  to   space 576K,   0% used [0x04340000, 0x04340000, 0x043d0000)
 tenured generation   total 11856K, used 8455K [0x09350000, 0x09ee4000, 0x13e00000)
   the space 11856K,  71% used [0x09350000, 0x09b91f60, 0x09b92000, 0x09ee4000)
 compacting perm gen  total 12288K, used 9304K [0x13e00000, 0x14a00000, 0x17e00000)
   the space 12288K,  75% used [0x13e00000, 0x14716328, 0x14716400, 0x14a00000)
No shared spaces configured.
}

