# JRE version: Java(TM) SE Runtime Environment (7.0_79-b15) (build 1.7.0_79-b15)
# Java VM: Java HotSpot(TM) Client VM (24.79-b02 mixed mode windows-x86 )
Heap
 def new generation   total 7296K, used 5752K [0x04000000, 0x047e0000, 0x09550000)
  eden space 6528K,  80% used [0x04000000, 0x04529ad0, 0x04660000)
  from space 768K,  60% used [0x04660000, 0x046d4918, 0x04720000)
  to   space 768K,   0% used [0x04720000, 0x04720000, 0x047e0000)
 tenured generation   total 16044K, used 12489K [0x09550000, 0x0a4fb000, 0x14000000)
   the space 16044K,  77% used [0x09550000, 0x0a1824b0, 0x0a182600, 0x0a4fb000)
 compacting perm gen  total 12288K, used 9318K [0x14000000, 0x14c00000, 0x18000000)
   the space 12288K,  75% used [0x14000000, 0x14919a48, 0x14919c00, 0x14c00000)
GC Heap History (10 events):
Event: 31.658 GC heap before
{Heap before GC invocations=54 (full 1):
 def new generation   total 7296K, used 6928K [0x04000000, 0x047e0000, 0x09550000)
  eden space 6528K, 100% used [0x04000000, 0x04660000, 0x04660000)
  from space 768K,  52% used [0x04720000, 0x04784378, 0x047e0000)
  to   space 768K,   0% used [0x04660000, 0x04660000, 0x04720000)
 tenured generation   total 16044K, used 12259K [0x09550000, 0x0a4fb000, 0x14000000)
   the space 16044K,  76% used [0x09550000, 0x0a148de8, 0x0a148e00, 0x0a4fb000)
 compacting perm gen  total 12288K, used 9314K [0x14000000, 0x14c00000, 0x18000000)
   the space 12288K,  75% used [0x14000000, 0x14918b18, 0x14918c00, 0x14c00000)
No shared spaces configured.
Event: 31.660 GC heap after
Heap after GC invocations=55 (full 1):
 def new generation   total 7296K, used 539K [0x04000000, 0x047e0000, 0x09550000)
  eden space 6528K,   0% used [0x04000000, 0x04000000, 0x04660000)
  from space 768K,  70% used [0x04660000, 0x046e6cc8, 0x04720000)
  to   space 768K,   0% used [0x04720000, 0x04720000, 0x047e0000)
 tenured generation   total 16044K, used 12295K [0x09550000, 0x0a4fb000, 0x14000000)
   the space 16044K,  76% used [0x09550000, 0x0a151db8, 0x0a151e00, 0x0a4fb000)
 compacting perm gen  total 12288K, used 9314K [0x14000000, 0x14c00000, 0x18000000)
   the space 12288K,  75% used [0x14000000, 0x14918b18, 0x14918c00, 0x14c00000)
No shared spaces configured.
}
Event: 32.863 GC heap before
{Heap before GC invocations=55 (full 1):
 def new generation   total 7296K, used 7067K [0x04000000, 0x047e0000, 0x09550000)
  eden space 6528K, 100% used [0x04000000, 0x04660000, 0x04660000)
  from space 768K,  70% used [0x04660000, 0x046e6cc8, 0x04720000)
  to   space 768K,   0% used [0x04720000, 0x04720000, 0x047e0000)
 tenured generation   total 16044K, used 12295K [0x09550000, 0x0a4fb000, 0x14000000)
   the space 16044K,  76% used [0x09550000, 0x0a151db8, 0x0a151e00, 0x0a4fb000)
 compacting perm gen  total 12288K, used 9314K [0x14000000, 0x14c00000, 0x18000000)
   the space 12288K,  75% used [0x14000000, 0x14918b18, 0x14918c00, 0x14c00000)
No shared spaces configured.
Event: 32.863 GC heap after
Heap after GC invocations=56 (full 1):
 def new generation   total 7296K, used 297K [0x04000000, 0x047e0000, 0x09550000)
  eden space 6528K,   0% used [0x04000000, 0x04000000, 0x04660000)
  from space 768K,  38% used [0x04720000, 0x0476a5d0, 0x047e0000)
  to   space 768K,   0% used [0x04660000, 0x04660000, 0x04720000)
 tenured generation   total 16044K, used 12489K [0x09550000, 0x0a4fb000, 0x14000000)
   the space 16044K,  77% used [0x09550000, 0x0a1824b0, 0x0a182600, 0x0a4fb000)
 compacting perm gen  total 12288K, used 9314K [0x14000000, 0x14c00000, 0x18000000)
   the space 12288K,  75% used [0x14000000, 0x14918b18, 0x14918c00, 0x14c00000)
No shared spaces configured.
}
Event: 34.057 GC heap before
{Heap before GC invocations=56 (full 1):
 def new generation   total 7296K, used 6825K [0x04000000, 0x047e0000, 0x09550000)
  eden space 6528K, 100% used [0x04000000, 0x04660000, 0x04660000)
  from space 768K,  38% used [0x04720000, 0x0476a5d0, 0x047e0000)
  to   space 768K,   0% used [0x04660000, 0x04660000, 0x04720000)
 tenured generation   total 16044K, used 12489K [0x09550000, 0x0a4fb000, 0x14000000)
   the space 16044K,  77% used [0x09550000, 0x0a1824b0, 0x0a182600, 0x0a4fb000)
 compacting perm gen  total 12288K, used 9314K [0x14000000, 0x14c00000, 0x18000000)
   the space 12288K,  75% used [0x14000000, 0x14918b18, 0x14918c00, 0x14c00000)
No shared spaces configured.
Event: 34.057 GC heap after
Heap after GC invocations=57 (full 1):
 def new generation   total 7296K, used 339K [0x04000000, 0x047e0000, 0x09550000)
  eden space 6528K,   0% used [0x04000000, 0x04000000, 0x04660000)
  from space 768K,  44% used [0x04660000, 0x046b4ed8, 0x04720000)
  to   space 768K,   0% used [0x04720000, 0x04720000, 0x047e0000)
 tenured generation   total 16044K, used 12489K [0x09550000, 0x0a4fb000, 0x14000000)
   the space 16044K,  77% used [0x09550000, 0x0a1824b0, 0x0a182600, 0x0a4fb000)
 compacting perm gen  total 12288K, used 9314K [0x14000000, 0x14c00000, 0x18000000)
   the space 12288K,  75% used [0x14000000, 0x14918b18, 0x14918c00, 0x14c00000)
No shared spaces configured.
}
Event: 35.262 GC heap before
{Heap before GC invocations=57 (full 1):
 def new generation   total 7296K, used 6867K [0x04000000, 0x047e0000, 0x09550000)
  eden space 6528K, 100% used [0x04000000, 0x04660000, 0x04660000)
  from space 768K,  44% used [0x04660000, 0x046b4ed8, 0x04720000)
  to   space 768K,   0% used [0x04720000, 0x04720000, 0x047e0000)
 tenured generation   total 16044K, used 12489K [0x09550000, 0x0a4fb000, 0x14000000)
   the space 16044K,  77% used [0x09550000, 0x0a1824b0, 0x0a182600, 0x0a4fb000)
 compacting perm gen  total 12288K, used 9314K [0x14000000, 0x14c00000, 0x18000000)
   the space 12288K,  75% used [0x14000000, 0x14918b18, 0x14918c00, 0x14c00000)
No shared spaces configured.
Event: 35.263 GC heap after
Heap after GC invocations=58 (full 1):
 def new generation   total 7296K, used 380K [0x04000000, 0x047e0000, 0x09550000)
  eden space 6528K,   0% used [0x04000000, 0x04000000, 0x04660000)
  from space 768K,  49% used [0x04720000, 0x0477f310, 0x047e0000)
  to   space 768K,   0% used [0x04660000, 0x04660000, 0x04720000)
 tenured generation   total 16044K, used 12489K [0x09550000, 0x0a4fb000, 0x14000000)
   the space 16044K,  77% used [0x09550000, 0x0a1824b0, 0x0a182600, 0x0a4fb000)
 compacting perm gen  total 12288K, used 9314K [0x14000000, 0x14c00000, 0x18000000)
   the space 12288K,  75% used [0x14000000, 0x14918b18, 0x14918c00, 0x14c00000)
No shared spaces configured.
}
Event: 36.449 GC heap before
{Heap before GC invocations=58 (full 1):
 def new generation   total 7296K, used 6908K [0x04000000, 0x047e0000, 0x09550000)
  eden space 6528K, 100% used [0x04000000, 0x04660000, 0x04660000)
  from space 768K,  49% used [0x04720000, 0x0477f310, 0x047e0000)
  to   space 768K,   0% used [0x04660000, 0x04660000, 0x04720000)
 tenured generation   total 16044K, used 12489K [0x09550000, 0x0a4fb000, 0x14000000)
   the space 16044K,  77% used [0x09550000, 0x0a1824b0, 0x0a182600, 0x0a4fb000)
 compacting perm gen  total 12288K, used 9314K [0x14000000, 0x14c00000, 0x18000000)
   the space 12288K,  75% used [0x14000000, 0x14918b18, 0x14918c00, 0x14c00000)
No shared spaces configured.
Event: 36.450 GC heap after
Heap after GC invocations=59 (full 1):
 def new generation   total 7296K, used 466K [0x04000000, 0x047e0000, 0x09550000)
  eden space 6528K,   0% used [0x04000000, 0x04000000, 0x04660000)
  from space 768K,  60% used [0x04660000, 0x046d4918, 0x04720000)
  to   space 768K,   0% used [0x04720000, 0x04720000, 0x047e0000)
 tenured generation   total 16044K, used 12489K [0x09550000, 0x0a4fb000, 0x14000000)
   the space 16044K,  77% used [0x09550000, 0x0a1824b0, 0x0a182600, 0x0a4fb000)
 compacting perm gen  total 12288K, used 9314K [0x14000000, 0x14c00000, 0x18000000)
   the space 12288K,  75% used [0x14000000, 0x14918b18, 0x14918c00, 0x14c00000)
No shared spaces configured.
}

