# JRE version: Java(TM) SE Runtime Environment (7.0_79-b15) (build 1.7.0_79-b15)
# Java VM: Java HotSpot(TM) Client VM (24.79-b02 mixed mode windows-x86 )
Heap
 def new generation   total 4928K, used 3188K [0x04000000, 0x04550000, 0x09550000)
  eden space 4416K,  71% used [0x04000000, 0x04310598, 0x04450000)
  from space 512K,   9% used [0x044d0000, 0x044dcc30, 0x04550000)
  to   space 512K,   0% used [0x04450000, 0x04450000, 0x044d0000)
 tenured generation   total 10944K, used 2547K [0x09550000, 0x0a000000, 0x14000000)
   the space 10944K,  23% used [0x09550000, 0x097ccd38, 0x097cce00, 0x0a000000)
 compacting perm gen  total 12288K, used 4787K [0x14000000, 0x14c00000, 0x18000000)
   the space 12288K,  38% used [0x14000000, 0x144ace00, 0x144ace00, 0x14c00000)
GC Heap History (10 events):
Event: 0.558 GC heap before
{Heap before GC invocations=2 (full 0):
 def new generation   total 4928K, used 4928K [0x04000000, 0x04550000, 0x09550000)
  eden space 4416K, 100% used [0x04000000, 0x04450000, 0x04450000)
  from space 512K, 100% used [0x04450000, 0x044d0000, 0x044d0000)
  to   space 512K,   0% used [0x044d0000, 0x044d0000, 0x04550000)
 tenured generation   total 10944K, used 1714K [0x09550000, 0x0a000000, 0x14000000)
   the space 10944K,  15% used [0x09550000, 0x096fcbb0, 0x096fcc00, 0x0a000000)
 compacting perm gen  total 12288K, used 4567K [0x14000000, 0x14c00000, 0x18000000)
   the space 12288K,  37% used [0x14000000, 0x14475ca0, 0x14475e00, 0x14c00000)
No shared spaces configured.
Event: 0.562 GC heap after
Heap after GC invocations=3 (full 0):
 def new generation   total 4928K, used 330K [0x04000000, 0x04550000, 0x09550000)
  eden space 4416K,   0% used [0x04000000, 0x04000000, 0x04450000)
  from space 512K,  64% used [0x044d0000, 0x04522b40, 0x04550000)
  to   space 512K,   0% used [0x04450000, 0x04450000, 0x044d0000)
 tenured generation   total 10944K, used 2220K [0x09550000, 0x0a000000, 0x14000000)
   the space 10944K,  20% used [0x09550000, 0x0977b2d0, 0x0977b400, 0x0a000000)
 compacting perm gen  total 12288K, used 4567K [0x14000000, 0x14c00000, 0x18000000)
   the space 12288K,  37% used [0x14000000, 0x14475ca0, 0x14475e00, 0x14c00000)
No shared spaces configured.
}
Event: 1.728 GC heap before
{Heap before GC invocations=3 (full 0):
 def new generation   total 4928K, used 4746K [0x04000000, 0x04550000, 0x09550000)
  eden space 4416K, 100% used [0x04000000, 0x04450000, 0x04450000)
  from space 512K,  64% used [0x044d0000, 0x04522b40, 0x04550000)
  to   space 512K,   0% used [0x04450000, 0x04450000, 0x044d0000)
 tenured generation   total 10944K, used 2220K [0x09550000, 0x0a000000, 0x14000000)
   the space 10944K,  20% used [0x09550000, 0x0977b2d0, 0x0977b400, 0x0a000000)
 compacting perm gen  total 12288K, used 4775K [0x14000000, 0x14c00000, 0x18000000)
   the space 12288K,  38% used [0x14000000, 0x144a9cb8, 0x144a9e00, 0x14c00000)
No shared spaces configured.
Event: 1.730 GC heap after
Heap after GC invocations=4 (full 0):
 def new generation   total 4928K, used 47K [0x04000000, 0x04550000, 0x09550000)
  eden space 4416K,   0% used [0x04000000, 0x04000000, 0x04450000)
  from space 512K,   9% used [0x04450000, 0x0445bd38, 0x044d0000)
  to   space 512K,   0% used [0x044d0000, 0x044d0000, 0x04550000)
 tenured generation   total 10944K, used 2547K [0x09550000, 0x0a000000, 0x14000000)
   the space 10944K,  23% used [0x09550000, 0x097ccd38, 0x097cce00, 0x0a000000)
 compacting perm gen  total 12288K, used 4775K [0x14000000, 0x14c00000, 0x18000000)
   the space 12288K,  38% used [0x14000000, 0x144a9cb8, 0x144a9e00, 0x14c00000)
No shared spaces configured.
}
Event: 2.835 GC heap before
{Heap before GC invocations=4 (full 0):
 def new generation   total 4928K, used 4463K [0x04000000, 0x04550000, 0x09550000)
  eden space 4416K, 100% used [0x04000000, 0x04450000, 0x04450000)
  from space 512K,   9% used [0x04450000, 0x0445bd38, 0x044d0000)
  to   space 512K,   0% used [0x044d0000, 0x044d0000, 0x04550000)
 tenured generation   total 10944K, used 2547K [0x09550000, 0x0a000000, 0x14000000)
   the space 10944K,  23% used [0x09550000, 0x097ccd38, 0x097cce00, 0x0a000000)
 compacting perm gen  total 12288K, used 4784K [0x14000000, 0x14c00000, 0x18000000)
   the space 12288K,  38% used [0x14000000, 0x144ac390, 0x144ac400, 0x14c00000)
No shared spaces configured.
Event: 2.836 GC heap after
Heap after GC invocations=5 (full 0):
 def new generation   total 4928K, used 51K [0x04000000, 0x04550000, 0x09550000)
  eden space 4416K,   0% used [0x04000000, 0x04000000, 0x04450000)
  from space 512K,  10% used [0x044d0000, 0x044dcd90, 0x04550000)
  to   space 512K,   0% used [0x04450000, 0x04450000, 0x044d0000)
 tenured generation   total 10944K, used 2547K [0x09550000, 0x0a000000, 0x14000000)
   the space 10944K,  23% used [0x09550000, 0x097ccd38, 0x097cce00, 0x0a000000)
 compacting perm gen  total 12288K, used 4784K [0x14000000, 0x14c00000, 0x18000000)
   the space 12288K,  38% used [0x14000000, 0x144ac390, 0x144ac400, 0x14c00000)
No shared spaces configured.
}
Event: 3.906 GC heap before
{Heap before GC invocations=5 (full 0):
 def new generation   total 4928K, used 4467K [0x04000000, 0x04550000, 0x09550000)
  eden space 4416K, 100% used [0x04000000, 0x04450000, 0x04450000)
  from space 512K,  10% used [0x044d0000, 0x044dcd90, 0x04550000)
  to   space 512K,   0% used [0x04450000, 0x04450000, 0x044d0000)
 tenured generation   total 10944K, used 2547K [0x09550000, 0x0a000000, 0x14000000)
   the space 10944K,  23% used [0x09550000, 0x097ccd38, 0x097cce00, 0x0a000000)
 compacting perm gen  total 12288K, used 4784K [0x14000000, 0x14c00000, 0x18000000)
   the space 12288K,  38% used [0x14000000, 0x144ac390, 0x144ac400, 0x14c00000)
No shared spaces configured.
Event: 3.906 GC heap after
Heap after GC invocations=6 (full 0):
 def new generation   total 4928K, used 51K [0x04000000, 0x04550000, 0x09550000)
  eden space 4416K,   0% used [0x04000000, 0x04000000, 0x04450000)
  from space 512K,  10% used [0x04450000, 0x0445cd68, 0x044d0000)
  to   space 512K,   0% used [0x044d0000, 0x044d0000, 0x04550000)
 tenured generation   total 10944K, used 2547K [0x09550000, 0x0a000000, 0x14000000)
   the space 10944K,  23% used [0x09550000, 0x097ccd38, 0x097cce00, 0x0a000000)
 compacting perm gen  total 12288K, used 4784K [0x14000000, 0x14c00000, 0x18000000)
   the space 12288K,  38% used [0x14000000, 0x144ac390, 0x144ac400, 0x14c00000)
No shared spaces configured.
}
Event: 4.987 GC heap before
{Heap before GC invocations=6 (full 0):
 def new generation   total 4928K, used 4467K [0x04000000, 0x04550000, 0x09550000)
  eden space 4416K, 100% used [0x04000000, 0x04450000, 0x04450000)
  from space 512K,  10% used [0x04450000, 0x0445cd68, 0x044d0000)
  to   space 512K,   0% used [0x044d0000, 0x044d0000, 0x04550000)
 tenured generation   total 10944K, used 2547K [0x09550000, 0x0a000000, 0x14000000)
   the space 10944K,  23% used [0x09550000, 0x097ccd38, 0x097cce00, 0x0a000000)
 compacting perm gen  total 12288K, used 4784K [0x14000000, 0x14c00000, 0x18000000)
   the space 12288K,  38% used [0x14000000, 0x144ac390, 0x144ac400, 0x14c00000)
No shared spaces configured.
Event: 4.988 GC heap after
Heap after GC invocations=7 (full 0):
 def new generation   total 4928K, used 51K [0x04000000, 0x04550000, 0x09550000)
  eden space 4416K,   0% used [0x04000000, 0x04000000, 0x04450000)
  from space 512K,   9% used [0x044d0000, 0x044dcc30, 0x04550000)
  to   space 512K,   0% used [0x04450000, 0x04450000, 0x044d0000)
 tenured generation   total 10944K, used 2547K [0x09550000, 0x0a000000, 0x14000000)
   the space 10944K,  23% used [0x09550000, 0x097ccd38, 0x097cce00, 0x0a000000)
 compacting perm gen  total 12288K, used 4784K [0x14000000, 0x14c00000, 0x18000000)
   the space 12288K,  38% used [0x14000000, 0x144ac390, 0x144ac400, 0x14c00000)
No shared spaces configured.
}

