# JRE version: Java(TM) SE Runtime Environment (7.0_79-b15) (build 1.7.0_79-b15)
# Java VM: Java HotSpot(TM) Client VM (24.79-b02 mixed mode windows-x86 )
Heap
 def new generation   total 4928K, used 4165K [0x04800000, 0x04d50000, 0x09d50000)
  eden space 4416K,  87% used [0x04800000, 0x04bc6788, 0x04c50000)
  from space 512K,  58% used [0x04c50000, 0x04c9afc0, 0x04cd0000)
  to   space 512K,   0% used [0x04cd0000, 0x04cd0000, 0x04d50000)
 tenured generation   total 10944K, used 10441K [0x09d50000, 0x0a800000, 0x14800000)
   the space 10944K,  95% used [0x09d50000, 0x0a782788, 0x0a782800, 0x0a800000)
 compacting perm gen  total 12288K, used 8991K [0x14800000, 0x15400000, 0x18800000)
   the space 12288K,  73% used [0x14800000, 0x150c7e88, 0x150c8000, 0x15400000)
GC Heap History (10 events):
Event: 11.670 GC heap before
{Heap before GC invocations=27 (full 0):
 def new generation   total 4928K, used 4642K [0x04800000, 0x04d50000, 0x09d50000)
  eden space 4416K, 100% used [0x04800000, 0x04c50000, 0x04c50000)
  from space 512K,  44% used [0x04cd0000, 0x04d08b98, 0x04d50000)
  to   space 512K,   0% used [0x04c50000, 0x04c50000, 0x04cd0000)
 tenured generation   total 10944K, used 10323K [0x09d50000, 0x0a800000, 0x14800000)
   the space 10944K,  94% used [0x09d50000, 0x0a764ca8, 0x0a764e00, 0x0a800000)
 compacting perm gen  total 12288K, used 8987K [0x14800000, 0x15400000, 0x18800000)
   the space 12288K,  73% used [0x14800000, 0x150c6fe8, 0x150c7000, 0x15400000)
No shared spaces configured.
Event: 11.671 GC heap after
Heap after GC invocations=28 (full 0):
 def new generation   total 4928K, used 257K [0x04800000, 0x04d50000, 0x09d50000)
  eden space 4416K,   0% used [0x04800000, 0x04800000, 0x04c50000)
  from space 512K,  50% used [0x04c50000, 0x04c906f8, 0x04cd0000)
  to   space 512K,   0% used [0x04cd0000, 0x04cd0000, 0x04d50000)
 tenured generation   total 10944K, used 10323K [0x09d50000, 0x0a800000, 0x14800000)
   the space 10944K,  94% used [0x09d50000, 0x0a764ca8, 0x0a764e00, 0x0a800000)
 compacting perm gen  total 12288K, used 8987K [0x14800000, 0x15400000, 0x18800000)
   the space 12288K,  73% used [0x14800000, 0x150c6fe8, 0x150c7000, 0x15400000)
No shared spaces configured.
}
Event: 12.155 GC heap before
{Heap before GC invocations=28 (full 0):
 def new generation   total 4928K, used 4673K [0x04800000, 0x04d50000, 0x09d50000)
  eden space 4416K, 100% used [0x04800000, 0x04c50000, 0x04c50000)
  from space 512K,  50% used [0x04c50000, 0x04c906f8, 0x04cd0000)
  to   space 512K,   0% used [0x04cd0000, 0x04cd0000, 0x04d50000)
 tenured generation   total 10944K, used 10323K [0x09d50000, 0x0a800000, 0x14800000)
   the space 10944K,  94% used [0x09d50000, 0x0a764ca8, 0x0a764e00, 0x0a800000)
 compacting perm gen  total 12288K, used 8987K [0x14800000, 0x15400000, 0x18800000)
   the space 12288K,  73% used [0x14800000, 0x150c6fe8, 0x150c7000, 0x15400000)
No shared spaces configured.
Event: 12.156 GC heap after
Heap after GC invocations=29 (full 0):
 def new generation   total 4928K, used 243K [0x04800000, 0x04d50000, 0x09d50000)
  eden space 4416K,   0% used [0x04800000, 0x04800000, 0x04c50000)
  from space 512K,  47% used [0x04cd0000, 0x04d0cf40, 0x04d50000)
  to   space 512K,   0% used [0x04c50000, 0x04c50000, 0x04cd0000)
 tenured generation   total 10944K, used 10352K [0x09d50000, 0x0a800000, 0x14800000)
   the space 10944K,  94% used [0x09d50000, 0x0a76c010, 0x0a76c200, 0x0a800000)
 compacting perm gen  total 12288K, used 8987K [0x14800000, 0x15400000, 0x18800000)
   the space 12288K,  73% used [0x14800000, 0x150c6fe8, 0x150c7000, 0x15400000)
No shared spaces configured.
}
Event: 12.637 GC heap before
{Heap before GC invocations=29 (full 0):
 def new generation   total 4928K, used 4659K [0x04800000, 0x04d50000, 0x09d50000)
  eden space 4416K, 100% used [0x04800000, 0x04c50000, 0x04c50000)
  from space 512K,  47% used [0x04cd0000, 0x04d0cf40, 0x04d50000)
  to   space 512K,   0% used [0x04c50000, 0x04c50000, 0x04cd0000)
 tenured generation   total 10944K, used 10352K [0x09d50000, 0x0a800000, 0x14800000)
   the space 10944K,  94% used [0x09d50000, 0x0a76c010, 0x0a76c200, 0x0a800000)
 compacting perm gen  total 12288K, used 8989K [0x14800000, 0x15400000, 0x18800000)
   the space 12288K,  73% used [0x14800000, 0x150c7418, 0x150c7600, 0x15400000)
No shared spaces configured.
Event: 12.637 GC heap after
Heap after GC invocations=30 (full 0):
 def new generation   total 4928K, used 272K [0x04800000, 0x04d50000, 0x09d50000)
  eden space 4416K,   0% used [0x04800000, 0x04800000, 0x04c50000)
  from space 512K,  53% used [0x04c50000, 0x04c943c8, 0x04cd0000)
  to   space 512K,   0% used [0x04cd0000, 0x04cd0000, 0x04d50000)
 tenured generation   total 10944K, used 10352K [0x09d50000, 0x0a800000, 0x14800000)
   the space 10944K,  94% used [0x09d50000, 0x0a76c010, 0x0a76c200, 0x0a800000)
 compacting perm gen  total 12288K, used 8989K [0x14800000, 0x15400000, 0x18800000)
   the space 12288K,  73% used [0x14800000, 0x150c7418, 0x150c7600, 0x15400000)
No shared spaces configured.
}
Event: 13.095 GC heap before
{Heap before GC invocations=30 (full 0):
 def new generation   total 4928K, used 4688K [0x04800000, 0x04d50000, 0x09d50000)
  eden space 4416K, 100% used [0x04800000, 0x04c50000, 0x04c50000)
  from space 512K,  53% used [0x04c50000, 0x04c943c8, 0x04cd0000)
  to   space 512K,   0% used [0x04cd0000, 0x04cd0000, 0x04d50000)
 tenured generation   total 10944K, used 10352K [0x09d50000, 0x0a800000, 0x14800000)
   the space 10944K,  94% used [0x09d50000, 0x0a76c010, 0x0a76c200, 0x0a800000)
 compacting perm gen  total 12288K, used 8989K [0x14800000, 0x15400000, 0x18800000)
   the space 12288K,  73% used [0x14800000, 0x150c7418, 0x150c7600, 0x15400000)
No shared spaces configured.
Event: 13.096 GC heap after
Heap after GC invocations=31 (full 0):
 def new generation   total 4928K, used 275K [0x04800000, 0x04d50000, 0x09d50000)
  eden space 4416K,   0% used [0x04800000, 0x04800000, 0x04c50000)
  from space 512K,  53% used [0x04cd0000, 0x04d14c38, 0x04d50000)
  to   space 512K,   0% used [0x04c50000, 0x04c50000, 0x04cd0000)
 tenured generation   total 10944K, used 10409K [0x09d50000, 0x0a800000, 0x14800000)
   the space 10944K,  95% used [0x09d50000, 0x0a77a688, 0x0a77a800, 0x0a800000)
 compacting perm gen  total 12288K, used 8989K [0x14800000, 0x15400000, 0x18800000)
   the space 12288K,  73% used [0x14800000, 0x150c7418, 0x150c7600, 0x15400000)
No shared spaces configured.
}
Event: 13.548 GC heap before
{Heap before GC invocations=31 (full 0):
 def new generation   total 4928K, used 4691K [0x04800000, 0x04d50000, 0x09d50000)
  eden space 4416K, 100% used [0x04800000, 0x04c50000, 0x04c50000)
  from space 512K,  53% used [0x04cd0000, 0x04d14c38, 0x04d50000)
  to   space 512K,   0% used [0x04c50000, 0x04c50000, 0x04cd0000)
 tenured generation   total 10944K, used 10409K [0x09d50000, 0x0a800000, 0x14800000)
   the space 10944K,  95% used [0x09d50000, 0x0a77a688, 0x0a77a800, 0x0a800000)
 compacting perm gen  total 12288K, used 8989K [0x14800000, 0x15400000, 0x18800000)
   the space 12288K,  73% used [0x14800000, 0x150c7418, 0x150c7600, 0x15400000)
No shared spaces configured.
Event: 13.549 GC heap after
Heap after GC invocations=32 (full 0):
 def new generation   total 4928K, used 299K [0x04800000, 0x04d50000, 0x09d50000)
  eden space 4416K,   0% used [0x04800000, 0x04800000, 0x04c50000)
  from space 512K,  58% used [0x04c50000, 0x04c9afc0, 0x04cd0000)
  to   space 512K,   0% used [0x04cd0000, 0x04cd0000, 0x04d50000)
 tenured generation   total 10944K, used 10441K [0x09d50000, 0x0a800000, 0x14800000)
   the space 10944K,  95% used [0x09d50000, 0x0a782788, 0x0a782800, 0x0a800000)
 compacting perm gen  total 12288K, used 8989K [0x14800000, 0x15400000, 0x18800000)
   the space 12288K,  73% used [0x14800000, 0x150c7418, 0x150c7600, 0x15400000)
No shared spaces configured.
}

