# JRE version: Java(TM) SE Runtime Environment (7.0_79-b15) (build 1.7.0_79-b15)
# Java VM: Java HotSpot(TM) Client VM (24.79-b02 mixed mode windows-x86 )
Heap
 def new generation   total 5056K, used 1144K [0x04e00000, 0x05370000, 0x0a350000)
  eden space 4544K,  21% used [0x04e00000, 0x04ef5550, 0x05270000)
  from space 512K,  31% used [0x05270000, 0x05298e58, 0x052f0000)
  to   space 512K,   0% used [0x052f0000, 0x052f0000, 0x05370000)
 tenured generation   total 11100K, used 7686K [0x0a350000, 0x0ae27000, 0x14e00000)
   the space 11100K,  69% used [0x0a350000, 0x0aad1b40, 0x0aad1c00, 0x0ae27000)
 compacting perm gen  total 12288K, used 9119K [0x14e00000, 0x15a00000, 0x18e00000)
   the space 12288K,  74% used [0x14e00000, 0x156e7f70, 0x156e8000, 0x15a00000)
GC Heap History (10 events):
Event: 25.162 GC heap before
{Heap before GC invocations=61 (full 1):
 def new generation   total 5056K, used 4939K [0x04e00000, 0x05370000, 0x0a350000)
  eden space 4544K, 100% used [0x04e00000, 0x05270000, 0x05270000)
  from space 512K,  77% used [0x052f0000, 0x05352d30, 0x05370000)
  to   space 512K,   0% used [0x05270000, 0x05270000, 0x052f0000)
 tenured generation   total 11100K, used 7467K [0x0a350000, 0x0ae27000, 0x14e00000)
   the space 11100K,  67% used [0x0a350000, 0x0aa9acd0, 0x0aa9ae00, 0x0ae27000)
 compacting perm gen  total 12288K, used 9117K [0x14e00000, 0x15a00000, 0x18e00000)
   the space 12288K,  74% used [0x14e00000, 0x156e7500, 0x156e7600, 0x15a00000)
No shared spaces configured.
Event: 25.163 GC heap after
Heap after GC invocations=62 (full 1):
 def new generation   total 5056K, used 161K [0x04e00000, 0x05370000, 0x0a350000)
  eden space 4544K,   0% used [0x04e00000, 0x04e00000, 0x05270000)
  from space 512K,  31% used [0x05270000, 0x05298780, 0x052f0000)
  to   space 512K,   0% used [0x052f0000, 0x052f0000, 0x05370000)
 tenured generation   total 11100K, used 7686K [0x0a350000, 0x0ae27000, 0x14e00000)
   the space 11100K,  69% used [0x0a350000, 0x0aad1b40, 0x0aad1c00, 0x0ae27000)
 compacting perm gen  total 12288K, used 9117K [0x14e00000, 0x15a00000, 0x18e00000)
   the space 12288K,  74% used [0x14e00000, 0x156e7500, 0x156e7600, 0x15a00000)
No shared spaces configured.
}
Event: 25.665 GC heap before
{Heap before GC invocations=62 (full 1):
 def new generation   total 5056K, used 4705K [0x04e00000, 0x05370000, 0x0a350000)
  eden space 4544K, 100% used [0x04e00000, 0x05270000, 0x05270000)
  from space 512K,  31% used [0x05270000, 0x05298780, 0x052f0000)
  to   space 512K,   0% used [0x052f0000, 0x052f0000, 0x05370000)
 tenured generation   total 11100K, used 7686K [0x0a350000, 0x0ae27000, 0x14e00000)
   the space 11100K,  69% used [0x0a350000, 0x0aad1b40, 0x0aad1c00, 0x0ae27000)
 compacting perm gen  total 12288K, used 9117K [0x14e00000, 0x15a00000, 0x18e00000)
   the space 12288K,  74% used [0x14e00000, 0x156e7500, 0x156e7600, 0x15a00000)
No shared spaces configured.
Event: 25.666 GC heap after
Heap after GC invocations=63 (full 1):
 def new generation   total 5056K, used 161K [0x04e00000, 0x05370000, 0x0a350000)
  eden space 4544K,   0% used [0x04e00000, 0x04e00000, 0x05270000)
  from space 512K,  31% used [0x052f0000, 0x053186e8, 0x05370000)
  to   space 512K,   0% used [0x05270000, 0x05270000, 0x052f0000)
 tenured generation   total 11100K, used 7686K [0x0a350000, 0x0ae27000, 0x14e00000)
   the space 11100K,  69% used [0x0a350000, 0x0aad1b40, 0x0aad1c00, 0x0ae27000)
 compacting perm gen  total 12288K, used 9117K [0x14e00000, 0x15a00000, 0x18e00000)
   the space 12288K,  74% used [0x14e00000, 0x156e7500, 0x156e7600, 0x15a00000)
No shared spaces configured.
}
Event: 26.137 GC heap before
{Heap before GC invocations=63 (full 1):
 def new generation   total 5056K, used 4705K [0x04e00000, 0x05370000, 0x0a350000)
  eden space 4544K, 100% used [0x04e00000, 0x05270000, 0x05270000)
  from space 512K,  31% used [0x052f0000, 0x053186e8, 0x05370000)
  to   space 512K,   0% used [0x05270000, 0x05270000, 0x052f0000)
 tenured generation   total 11100K, used 7686K [0x0a350000, 0x0ae27000, 0x14e00000)
   the space 11100K,  69% used [0x0a350000, 0x0aad1b40, 0x0aad1c00, 0x0ae27000)
 compacting perm gen  total 12288K, used 9117K [0x14e00000, 0x15a00000, 0x18e00000)
   the space 12288K,  74% used [0x14e00000, 0x156e7500, 0x156e7600, 0x15a00000)
No shared spaces configured.
Event: 26.138 GC heap after
Heap after GC invocations=64 (full 1):
 def new generation   total 5056K, used 162K [0x04e00000, 0x05370000, 0x0a350000)
  eden space 4544K,   0% used [0x04e00000, 0x04e00000, 0x05270000)
  from space 512K,  31% used [0x05270000, 0x05298940, 0x052f0000)
  to   space 512K,   0% used [0x052f0000, 0x052f0000, 0x05370000)
 tenured generation   total 11100K, used 7686K [0x0a350000, 0x0ae27000, 0x14e00000)
   the space 11100K,  69% used [0x0a350000, 0x0aad1b40, 0x0aad1c00, 0x0ae27000)
 compacting perm gen  total 12288K, used 9117K [0x14e00000, 0x15a00000, 0x18e00000)
   the space 12288K,  74% used [0x14e00000, 0x156e7500, 0x156e7600, 0x15a00000)
No shared spaces configured.
}
Event: 26.620 GC heap before
{Heap before GC invocations=64 (full 1):
 def new generation   total 5056K, used 4706K [0x04e00000, 0x05370000, 0x0a350000)
  eden space 4544K, 100% used [0x04e00000, 0x05270000, 0x05270000)
  from space 512K,  31% used [0x05270000, 0x05298940, 0x052f0000)
  to   space 512K,   0% used [0x052f0000, 0x052f0000, 0x05370000)
 tenured generation   total 11100K, used 7686K [0x0a350000, 0x0ae27000, 0x14e00000)
   the space 11100K,  69% used [0x0a350000, 0x0aad1b40, 0x0aad1c00, 0x0ae27000)
 compacting perm gen  total 12288K, used 9117K [0x14e00000, 0x15a00000, 0x18e00000)
   the space 12288K,  74% used [0x14e00000, 0x156e7500, 0x156e7600, 0x15a00000)
No shared spaces configured.
Event: 26.621 GC heap after
Heap after GC invocations=65 (full 1):
 def new generation   total 5056K, used 162K [0x04e00000, 0x05370000, 0x0a350000)
  eden space 4544K,   0% used [0x04e00000, 0x04e00000, 0x05270000)
  from space 512K,  31% used [0x052f0000, 0x05318808, 0x05370000)
  to   space 512K,   0% used [0x05270000, 0x05270000, 0x052f0000)
 tenured generation   total 11100K, used 7686K [0x0a350000, 0x0ae27000, 0x14e00000)
   the space 11100K,  69% used [0x0a350000, 0x0aad1b40, 0x0aad1c00, 0x0ae27000)
 compacting perm gen  total 12288K, used 9117K [0x14e00000, 0x15a00000, 0x18e00000)
   the space 12288K,  74% used [0x14e00000, 0x156e7500, 0x156e7600, 0x15a00000)
No shared spaces configured.
}
Event: 27.091 GC heap before
{Heap before GC invocations=65 (full 1):
 def new generation   total 5056K, used 4706K [0x04e00000, 0x05370000, 0x0a350000)
  eden space 4544K, 100% used [0x04e00000, 0x05270000, 0x05270000)
  from space 512K,  31% used [0x052f0000, 0x05318808, 0x05370000)
  to   space 512K,   0% used [0x05270000, 0x05270000, 0x052f0000)
 tenured generation   total 11100K, used 7686K [0x0a350000, 0x0ae27000, 0x14e00000)
   the space 11100K,  69% used [0x0a350000, 0x0aad1b40, 0x0aad1c00, 0x0ae27000)
 compacting perm gen  total 12288K, used 9117K [0x14e00000, 0x15a00000, 0x18e00000)
   the space 12288K,  74% used [0x14e00000, 0x156e7500, 0x156e7600, 0x15a00000)
No shared spaces configured.
Event: 27.091 GC heap after
Heap after GC invocations=66 (full 1):
 def new generation   total 5056K, used 163K [0x04e00000, 0x05370000, 0x0a350000)
  eden space 4544K,   0% used [0x04e00000, 0x04e00000, 0x05270000)
  from space 512K,  31% used [0x05270000, 0x05298e58, 0x052f0000)
  to   space 512K,   0% used [0x052f0000, 0x052f0000, 0x05370000)
 tenured generation   total 11100K, used 7686K [0x0a350000, 0x0ae27000, 0x14e00000)
   the space 11100K,  69% used [0x0a350000, 0x0aad1b40, 0x0aad1c00, 0x0ae27000)
 compacting perm gen  total 12288K, used 9117K [0x14e00000, 0x15a00000, 0x18e00000)
   the space 12288K,  74% used [0x14e00000, 0x156e7500, 0x156e7600, 0x15a00000)
No shared spaces configured.
}

