# JRE version: Java(TM) SE Runtime Environment (7.0_79-b15) (build 1.7.0_79-b15)
# Java VM: Java HotSpot(TM) Client VM (24.79-b02 mixed mode windows-x86 )
Heap
 def new generation   total 6528K, used 2390K [0x05000000, 0x05710000, 0x0a550000)
  eden space 5824K,  40% used [0x05000000, 0x052541c8, 0x055b0000)
  from space 704K,   0% used [0x05660000, 0x05661800, 0x05710000)
  to   space 704K,   0% used [0x055b0000, 0x055b0000, 0x05660000)
 tenured generation   total 14368K, used 8619K [0x0a550000, 0x0b358000, 0x15000000)
   the space 14368K,  59% used [0x0a550000, 0x0adbae08, 0x0adbb000, 0x0b358000)
 compacting perm gen  total 12288K, used 9122K [0x15000000, 0x15c00000, 0x19000000)
   the space 12288K,  74% used [0x15000000, 0x158e8bb8, 0x158e8c00, 0x15c00000)
GC Heap History (10 events):
Event: 4.629 GC heap before
{Heap before GC invocations=11 (full 0):
 def new generation   total 4928K, used 4421K [0x05000000, 0x05550000, 0x0a550000)
  eden space 4416K, 100% used [0x05000000, 0x05450000, 0x05450000)
  from space 512K,   0% used [0x054d0000, 0x054d1440, 0x05550000)
  to   space 512K,   0% used [0x05450000, 0x05450000, 0x054d0000)
 tenured generation   total 10944K, used 8287K [0x0a550000, 0x0b000000, 0x15000000)
   the space 10944K,  75% used [0x0a550000, 0x0ad67ef8, 0x0ad68000, 0x0b000000)
 compacting perm gen  total 12288K, used 9115K [0x15000000, 0x15c00000, 0x19000000)
   the space 12288K,  74% used [0x15000000, 0x158e6ed8, 0x158e7000, 0x15c00000)
No shared spaces configured.
Event: 4.630 GC heap after
Heap after GC invocations=12 (full 0):
 def new generation   total 4928K, used 3K [0x05000000, 0x05550000, 0x0a550000)
  eden space 4416K,   0% used [0x05000000, 0x05000000, 0x05450000)
  from space 512K,   0% used [0x05450000, 0x05450cb0, 0x054d0000)
  to   space 512K,   0% used [0x054d0000, 0x054d0000, 0x05550000)
 tenured generation   total 10944K, used 8287K [0x0a550000, 0x0b000000, 0x15000000)
   the space 10944K,  75% used [0x0a550000, 0x0ad67ef8, 0x0ad68000, 0x0b000000)
 compacting perm gen  total 12288K, used 9115K [0x15000000, 0x15c00000, 0x19000000)
   the space 12288K,  74% used [0x15000000, 0x158e6ed8, 0x158e7000, 0x15c00000)
No shared spaces configured.
}
Event: 5.102 GC heap before
{Heap before GC invocations=12 (full 0):
 def new generation   total 4928K, used 4419K [0x05000000, 0x05550000, 0x0a550000)
  eden space 4416K, 100% used [0x05000000, 0x05450000, 0x05450000)
  from space 512K,   0% used [0x05450000, 0x05450cb0, 0x054d0000)
  to   space 512K,   0% used [0x054d0000, 0x054d0000, 0x05550000)
 tenured generation   total 10944K, used 8287K [0x0a550000, 0x0b000000, 0x15000000)
   the space 10944K,  75% used [0x0a550000, 0x0ad67ef8, 0x0ad68000, 0x0b000000)
 compacting perm gen  total 12288K, used 9115K [0x15000000, 0x15c00000, 0x19000000)
   the space 12288K,  74% used [0x15000000, 0x158e6f18, 0x158e7000, 0x15c00000)
No shared spaces configured.
Event: 5.103 GC heap after
Heap after GC invocations=13 (full 0):
 def new generation   total 4928K, used 67K [0x05000000, 0x05550000, 0x0a550000)
  eden space 4416K,   0% used [0x05000000, 0x05000000, 0x05450000)
  from space 512K,  13% used [0x054d0000, 0x054e0fd0, 0x05550000)
  to   space 512K,   0% used [0x05450000, 0x05450000, 0x054d0000)
 tenured generation   total 10944K, used 8287K [0x0a550000, 0x0b000000, 0x15000000)
   the space 10944K,  75% used [0x0a550000, 0x0ad67ef8, 0x0ad68000, 0x0b000000)
 compacting perm gen  total 12288K, used 9115K [0x15000000, 0x15c00000, 0x19000000)
   the space 12288K,  74% used [0x15000000, 0x158e6f18, 0x158e7000, 0x15c00000)
No shared spaces configured.
}
Event: 5.491 GC heap before
{Heap before GC invocations=13 (full 0):
 def new generation   total 4928K, used 4483K [0x05000000, 0x05550000, 0x0a550000)
  eden space 4416K, 100% used [0x05000000, 0x05450000, 0x05450000)
  from space 512K,  13% used [0x054d0000, 0x054e0fd0, 0x05550000)
  to   space 512K,   0% used [0x05450000, 0x05450000, 0x054d0000)
 tenured generation   total 10944K, used 8287K [0x0a550000, 0x0b000000, 0x15000000)
   the space 10944K,  75% used [0x0a550000, 0x0ad67ef8, 0x0ad68000, 0x0b000000)
 compacting perm gen  total 12288K, used 9116K [0x15000000, 0x15c00000, 0x19000000)
   the space 12288K,  74% used [0x15000000, 0x158e7378, 0x158e7400, 0x15c00000)
No shared spaces configured.
Event: 5.493 GC heap after
Heap after GC invocations=14 (full 0):
 def new generation   total 4928K, used 104K [0x05000000, 0x05550000, 0x0a550000)
  eden space 4416K,   0% used [0x05000000, 0x05000000, 0x05450000)
  from space 512K,  20% used [0x05450000, 0x0546a028, 0x054d0000)
  to   space 512K,   0% used [0x054d0000, 0x054d0000, 0x05550000)
 tenured generation   total 10944K, used 8287K [0x0a550000, 0x0b000000, 0x15000000)
   the space 10944K,  75% used [0x0a550000, 0x0ad67ef8, 0x0ad68000, 0x0b000000)
 compacting perm gen  total 12288K, used 9116K [0x15000000, 0x15c00000, 0x19000000)
   the space 12288K,  74% used [0x15000000, 0x158e7378, 0x158e7400, 0x15c00000)
No shared spaces configured.
}
Event: 5.511 GC heap before
{Heap before GC invocations=14 (full 0):
 def new generation   total 4928K, used 4520K [0x05000000, 0x05550000, 0x0a550000)
  eden space 4416K, 100% used [0x05000000, 0x05450000, 0x05450000)
  from space 512K,  20% used [0x05450000, 0x0546a028, 0x054d0000)
  to   space 512K,   0% used [0x054d0000, 0x054d0000, 0x05550000)
 tenured generation   total 10944K, used 8287K [0x0a550000, 0x0b000000, 0x15000000)
   the space 10944K,  75% used [0x0a550000, 0x0ad67ef8, 0x0ad68000, 0x0b000000)
 compacting perm gen  total 12288K, used 9116K [0x15000000, 0x15c00000, 0x19000000)
   the space 12288K,  74% used [0x15000000, 0x158e7378, 0x158e7400, 0x15c00000)
No shared spaces configured.
Event: 5.544 GC heap after
Heap after GC invocations=15 (full 1):
 def new generation   total 6528K, used 0K [0x05000000, 0x05710000, 0x0a550000)
  eden space 5824K,   0% used [0x05000000, 0x05000000, 0x055b0000)
  from space 704K,   0% used [0x055b0000, 0x055b0000, 0x05660000)
  to   space 704K,   0% used [0x05660000, 0x05660000, 0x05710000)
 tenured generation   total 14368K, used 8619K [0x0a550000, 0x0b358000, 0x15000000)
   the space 14368K,  59% used [0x0a550000, 0x0adbae08, 0x0adbb000, 0x0b358000)
 compacting perm gen  total 12288K, used 9116K [0x15000000, 0x15c00000, 0x19000000)
   the space 12288K,  74% used [0x15000000, 0x158e7378, 0x158e7400, 0x15c00000)
No shared spaces configured.
}
Event: 5.966 GC heap before
{Heap before GC invocations=15 (full 1):
 def new generation   total 6528K, used 5824K [0x05000000, 0x05710000, 0x0a550000)
  eden space 5824K, 100% used [0x05000000, 0x055b0000, 0x055b0000)
  from space 704K,   0% used [0x055b0000, 0x055b0000, 0x05660000)
  to   space 704K,   0% used [0x05660000, 0x05660000, 0x05710000)
 tenured generation   total 14368K, used 8619K [0x0a550000, 0x0b358000, 0x15000000)
   the space 14368K,  59% used [0x0a550000, 0x0adbae08, 0x0adbb000, 0x0b358000)
 compacting perm gen  total 12288K, used 9116K [0x15000000, 0x15c00000, 0x19000000)
   the space 12288K,  74% used [0x15000000, 0x158e7388, 0x158e7400, 0x15c00000)
No shared spaces configured.
Event: 5.967 GC heap after
Heap after GC invocations=16 (full 1):
 def new generation   total 6528K, used 6K [0x05000000, 0x05710000, 0x0a550000)
  eden space 5824K,   0% used [0x05000000, 0x05000000, 0x055b0000)
  from space 704K,   0% used [0x05660000, 0x05661800, 0x05710000)
  to   space 704K,   0% used [0x055b0000, 0x055b0000, 0x05660000)
 tenured generation   total 14368K, used 8619K [0x0a550000, 0x0b358000, 0x15000000)
   the space 14368K,  59% used [0x0a550000, 0x0adbae08, 0x0adbb000, 0x0b358000)
 compacting perm gen  total 12288K, used 9116K [0x15000000, 0x15c00000, 0x19000000)
   the space 12288K,  74% used [0x15000000, 0x158e7388, 0x158e7400, 0x15c00000)
No shared spaces configured.
}

