# JRE version: Java(TM) SE Runtime Environment (7.0_79-b15) (build 1.7.0_79-b15)
# Java VM: Java HotSpot(TM) Client VM (24.79-b02 mixed mode windows-x86 )
Heap
 def new generation   total 6528K, used 6024K [0x04a00000, 0x05110000, 0x09f50000)
  eden space 5824K,  99% used [0x04a00000, 0x04fab428, 0x04fb0000)
  from space 704K,  31% used [0x04fb0000, 0x04fe6ec8, 0x05060000)
  to   space 704K,   0% used [0x05060000, 0x05060000, 0x05110000)
 tenured generation   total 14384K, used 12014K [0x09f50000, 0x0ad5c000, 0x14a00000)
   the space 14384K,  83% used [0x09f50000, 0x0ab0b938, 0x0ab0ba00, 0x0ad5c000)
 compacting perm gen  total 12288K, used 9376K [0x14a00000, 0x15600000, 0x18a00000)
   the space 12288K,  76% used [0x14a00000, 0x153283b0, 0x15328400, 0x15600000)
GC Heap History (10 events):
Event: 56.276 GC heap before
{Heap before GC invocations=82 (full 1):
 def new generation   total 6528K, used 6030K [0x04a00000, 0x05110000, 0x09f50000)
  eden space 5824K, 100% used [0x04a00000, 0x04fb0000, 0x04fb0000)
  from space 704K,  29% used [0x05060000, 0x05093b98, 0x05110000)
  to   space 704K,   0% used [0x04fb0000, 0x04fb0000, 0x05060000)
 tenured generation   total 14384K, used 11985K [0x09f50000, 0x0ad5c000, 0x14a00000)
   the space 14384K,  83% used [0x09f50000, 0x0ab04798, 0x0ab04800, 0x0ad5c000)
 compacting perm gen  total 12288K, used 9373K [0x14a00000, 0x15600000, 0x18a00000)
   the space 12288K,  76% used [0x14a00000, 0x15327480, 0x15327600, 0x15600000)
No shared spaces configured.
Event: 56.276 GC heap after
Heap after GC invocations=83 (full 1):
 def new generation   total 6528K, used 191K [0x04a00000, 0x05110000, 0x09f50000)
  eden space 5824K,   0% used [0x04a00000, 0x04a00000, 0x04fb0000)
  from space 704K,  27% used [0x04fb0000, 0x04fdfcc8, 0x05060000)
  to   space 704K,   0% used [0x05060000, 0x05060000, 0x05110000)
 tenured generation   total 14384K, used 12000K [0x09f50000, 0x0ad5c000, 0x14a00000)
   the space 14384K,  83% used [0x09f50000, 0x0ab08098, 0x0ab08200, 0x0ad5c000)
 compacting perm gen  total 12288K, used 9373K [0x14a00000, 0x15600000, 0x18a00000)
   the space 12288K,  76% used [0x14a00000, 0x15327480, 0x15327600, 0x15600000)
No shared spaces configured.
}
Event: 57.026 GC heap before
{Heap before GC invocations=83 (full 1):
 def new generation   total 6528K, used 6015K [0x04a00000, 0x05110000, 0x09f50000)
  eden space 5824K, 100% used [0x04a00000, 0x04fb0000, 0x04fb0000)
  from space 704K,  27% used [0x04fb0000, 0x04fdfcc8, 0x05060000)
  to   space 704K,   0% used [0x05060000, 0x05060000, 0x05110000)
 tenured generation   total 14384K, used 12000K [0x09f50000, 0x0ad5c000, 0x14a00000)
   the space 14384K,  83% used [0x09f50000, 0x0ab08098, 0x0ab08200, 0x0ad5c000)
 compacting perm gen  total 12288K, used 9373K [0x14a00000, 0x15600000, 0x18a00000)
   the space 12288K,  76% used [0x14a00000, 0x15327480, 0x15327600, 0x15600000)
No shared spaces configured.
Event: 57.027 GC heap after
Heap after GC invocations=84 (full 1):
 def new generation   total 6528K, used 236K [0x04a00000, 0x05110000, 0x09f50000)
  eden space 5824K,   0% used [0x04a00000, 0x04a00000, 0x04fb0000)
  from space 704K,  33% used [0x05060000, 0x0509b230, 0x05110000)
  to   space 704K,   0% used [0x04fb0000, 0x04fb0000, 0x05060000)
 tenured generation   total 14384K, used 12000K [0x09f50000, 0x0ad5c000, 0x14a00000)
   the space 14384K,  83% used [0x09f50000, 0x0ab080b0, 0x0ab08200, 0x0ad5c000)
 compacting perm gen  total 12288K, used 9373K [0x14a00000, 0x15600000, 0x18a00000)
   the space 12288K,  76% used [0x14a00000, 0x15327480, 0x15327600, 0x15600000)
No shared spaces configured.
}
Event: 57.740 GC heap before
{Heap before GC invocations=84 (full 1):
 def new generation   total 6528K, used 6060K [0x04a00000, 0x05110000, 0x09f50000)
  eden space 5824K, 100% used [0x04a00000, 0x04fb0000, 0x04fb0000)
  from space 704K,  33% used [0x05060000, 0x0509b230, 0x05110000)
  to   space 704K,   0% used [0x04fb0000, 0x04fb0000, 0x05060000)
 tenured generation   total 14384K, used 12000K [0x09f50000, 0x0ad5c000, 0x14a00000)
   the space 14384K,  83% used [0x09f50000, 0x0ab080b0, 0x0ab08200, 0x0ad5c000)
 compacting perm gen  total 12288K, used 9373K [0x14a00000, 0x15600000, 0x18a00000)
   the space 12288K,  76% used [0x14a00000, 0x15327480, 0x15327600, 0x15600000)
No shared spaces configured.
Event: 57.741 GC heap after
Heap after GC invocations=85 (full 1):
 def new generation   total 6528K, used 219K [0x04a00000, 0x05110000, 0x09f50000)
  eden space 5824K,   0% used [0x04a00000, 0x04a00000, 0x04fb0000)
  from space 704K,  31% used [0x04fb0000, 0x04fe6e68, 0x05060000)
  to   space 704K,   0% used [0x05060000, 0x05060000, 0x05110000)
 tenured generation   total 14384K, used 12014K [0x09f50000, 0x0ad5c000, 0x14a00000)
   the space 14384K,  83% used [0x09f50000, 0x0ab0b920, 0x0ab0ba00, 0x0ad5c000)
 compacting perm gen  total 12288K, used 9373K [0x14a00000, 0x15600000, 0x18a00000)
   the space 12288K,  76% used [0x14a00000, 0x15327480, 0x15327600, 0x15600000)
No shared spaces configured.
}
Event: 58.453 GC heap before
{Heap before GC invocations=85 (full 1):
 def new generation   total 6528K, used 6043K [0x04a00000, 0x05110000, 0x09f50000)
  eden space 5824K, 100% used [0x04a00000, 0x04fb0000, 0x04fb0000)
  from space 704K,  31% used [0x04fb0000, 0x04fe6e68, 0x05060000)
  to   space 704K,   0% used [0x05060000, 0x05060000, 0x05110000)
 tenured generation   total 14384K, used 12014K [0x09f50000, 0x0ad5c000, 0x14a00000)
   the space 14384K,  83% used [0x09f50000, 0x0ab0b920, 0x0ab0ba00, 0x0ad5c000)
 compacting perm gen  total 12288K, used 9373K [0x14a00000, 0x15600000, 0x18a00000)
   the space 12288K,  76% used [0x14a00000, 0x15327480, 0x15327600, 0x15600000)
No shared spaces configured.
Event: 58.454 GC heap after
Heap after GC invocations=86 (full 1):
 def new generation   total 6528K, used 219K [0x04a00000, 0x05110000, 0x09f50000)
  eden space 5824K,   0% used [0x04a00000, 0x04a00000, 0x04fb0000)
  from space 704K,  31% used [0x05060000, 0x05096cf8, 0x05110000)
  to   space 704K,   0% used [0x04fb0000, 0x04fb0000, 0x05060000)
 tenured generation   total 14384K, used 12014K [0x09f50000, 0x0ad5c000, 0x14a00000)
   the space 14384K,  83% used [0x09f50000, 0x0ab0b920, 0x0ab0ba00, 0x0ad5c000)
 compacting perm gen  total 12288K, used 9373K [0x14a00000, 0x15600000, 0x18a00000)
   the space 12288K,  76% used [0x14a00000, 0x15327480, 0x15327600, 0x15600000)
No shared spaces configured.
}
Event: 59.154 GC heap before
{Heap before GC invocations=86 (full 1):
 def new generation   total 6528K, used 6043K [0x04a00000, 0x05110000, 0x09f50000)
  eden space 5824K, 100% used [0x04a00000, 0x04fb0000, 0x04fb0000)
  from space 704K,  31% used [0x05060000, 0x05096cf8, 0x05110000)
  to   space 704K,   0% used [0x04fb0000, 0x04fb0000, 0x05060000)
 tenured generation   total 14384K, used 12014K [0x09f50000, 0x0ad5c000, 0x14a00000)
   the space 14384K,  83% used [0x09f50000, 0x0ab0b920, 0x0ab0ba00, 0x0ad5c000)
 compacting perm gen  total 12288K, used 9373K [0x14a00000, 0x15600000, 0x18a00000)
   the space 12288K,  76% used [0x14a00000, 0x15327480, 0x15327600, 0x15600000)
No shared spaces configured.
Event: 59.154 GC heap after
Heap after GC invocations=87 (full 1):
 def new generation   total 6528K, used 219K [0x04a00000, 0x05110000, 0x09f50000)
  eden space 5824K,   0% used [0x04a00000, 0x04a00000, 0x04fb0000)
  from space 704K,  31% used [0x04fb0000, 0x04fe6ec8, 0x05060000)
  to   space 704K,   0% used [0x05060000, 0x05060000, 0x05110000)
 tenured generation   total 14384K, used 12014K [0x09f50000, 0x0ad5c000, 0x14a00000)
   the space 14384K,  83% used [0x09f50000, 0x0ab0b938, 0x0ab0ba00, 0x0ad5c000)
 compacting perm gen  total 12288K, used 9373K [0x14a00000, 0x15600000, 0x18a00000)
   the space 12288K,  76% used [0x14a00000, 0x15327480, 0x15327600, 0x15600000)
No shared spaces configured.
}

