# JRE version: Java(TM) SE Runtime Environment (7.0_79-b15) (build 1.7.0_79-b15)
# Java VM: Java HotSpot(TM) Client VM (24.79-b02 mixed mode windows-x86 )
Heap
 def new generation   total 4928K, used 712K [0x04c00000, 0x05150000, 0x0a150000)
  eden space 4416K,  14% used [0x04c00000, 0x04c9b940, 0x05050000)
  from space 512K,  17% used [0x05050000, 0x05066960, 0x050d0000)
  to   space 512K,   0% used [0x050d0000, 0x050d0000, 0x05150000)
 tenured generation   total 10944K, used 1979K [0x0a150000, 0x0ac00000, 0x14c00000)
   the space 10944K,  18% used [0x0a150000, 0x0a33ecc0, 0x0a33ee00, 0x0ac00000)
 compacting perm gen  total 12288K, used 5621K [0x14c00000, 0x15800000, 0x18c00000)
   the space 12288K,  45% used [0x14c00000, 0x1517d628, 0x1517d800, 0x15800000)
GC Heap History (4 events):
Event: 2.838 GC heap before
{Heap before GC invocations=0 (full 0):
 def new generation   total 4928K, used 4416K [0x04c00000, 0x05150000, 0x0a150000)
  eden space 4416K, 100% used [0x04c00000, 0x05050000, 0x05050000)
  from space 512K,   0% used [0x05050000, 0x05050000, 0x050d0000)
  to   space 512K,   0% used [0x050d0000, 0x050d0000, 0x05150000)
 tenured generation   total 10944K, used 0K [0x0a150000, 0x0ac00000, 0x14c00000)
   the space 10944K,   0% used [0x0a150000, 0x0a150000, 0x0a150200, 0x0ac00000)
 compacting perm gen  total 12288K, used 5618K [0x14c00000, 0x15800000, 0x18c00000)
   the space 12288K,  45% used [0x14c00000, 0x1517cbb8, 0x1517cc00, 0x15800000)
No shared spaces configured.
Event: 2.846 GC heap after
Heap after GC invocations=1 (full 0):
 def new generation   total 4928K, used 512K [0x04c00000, 0x05150000, 0x0a150000)
  eden space 4416K,   0% used [0x04c00000, 0x04c00000, 0x05050000)
  from space 512K, 100% used [0x050d0000, 0x05150000, 0x05150000)
  to   space 512K,   0% used [0x05050000, 0x05050000, 0x050d0000)
 tenured generation   total 10944K, used 1468K [0x0a150000, 0x0ac00000, 0x14c00000)
   the space 10944K,  13% used [0x0a150000, 0x0a2bf300, 0x0a2bf400, 0x0ac00000)
 compacting perm gen  total 12288K, used 5618K [0x14c00000, 0x15800000, 0x18c00000)
   the space 12288K,  45% used [0x14c00000, 0x1517cbb8, 0x1517cc00, 0x15800000)
No shared spaces configured.
}
Event: 3.102 GC heap before
{Heap before GC invocations=1 (full 0):
 def new generation   total 4928K, used 4910K [0x04c00000, 0x05150000, 0x0a150000)
  eden space 4416K,  99% used [0x04c00000, 0x0504b918, 0x05050000)
  from space 512K, 100% used [0x050d0000, 0x05150000, 0x05150000)
  to   space 512K,   0% used [0x05050000, 0x05050000, 0x050d0000)
 tenured generation   total 10944K, used 1468K [0x0a150000, 0x0ac00000, 0x14c00000)
   the space 10944K,  13% used [0x0a150000, 0x0a2bf300, 0x0a2bf400, 0x0ac00000)
 compacting perm gen  total 12288K, used 5618K [0x14c00000, 0x15800000, 0x18c00000)
   the space 12288K,  45% used [0x14c00000, 0x1517cbb8, 0x1517cc00, 0x15800000)
No shared spaces configured.
Event: 3.106 GC heap after
Heap after GC invocations=2 (full 0):
 def new generation   total 4928K, used 90K [0x04c00000, 0x05150000, 0x0a150000)
  eden space 4416K,   0% used [0x04c00000, 0x04c00000, 0x05050000)
  from space 512K,  17% used [0x05050000, 0x05066960, 0x050d0000)
  to   space 512K,   0% used [0x050d0000, 0x050d0000, 0x05150000)
 tenured generation   total 10944K, used 1979K [0x0a150000, 0x0ac00000, 0x14c00000)
   the space 10944K,  18% used [0x0a150000, 0x0a33ecc0, 0x0a33ee00, 0x0ac00000)
 compacting perm gen  total 12288K, used 5618K [0x14c00000, 0x15800000, 0x18c00000)
   the space 12288K,  45% used [0x14c00000, 0x1517cbb8, 0x1517cc00, 0x15800000)
No shared spaces configured.
}

