# JRE version: Java(TM) SE Runtime Environment (7.0_79-b15) (build 1.7.0_79-b15)
# Java VM: Java HotSpot(TM) Client VM (24.79-b02 mixed mode windows-x86 )
Heap
 def new generation   total 6656K, used 2825K [0x04a00000, 0x05130000, 0x09f50000)
  eden space 5952K,  41% used [0x04a00000, 0x04c6d280, 0x04fd0000)
  from space 704K,  48% used [0x04fd0000, 0x05025540, 0x05080000)
  to   space 704K,   0% used [0x05080000, 0x05080000, 0x05130000)
 tenured generation   total 14636K, used 8928K [0x09f50000, 0x0ad9b000, 0x14a00000)
   the space 14636K,  61% used [0x09f50000, 0x0a808368, 0x0a808400, 0x0ad9b000)
 compacting perm gen  total 12288K, used 9082K [0x14a00000, 0x15600000, 0x18a00000)
   the space 12288K,  73% used [0x14a00000, 0x152debf0, 0x152dec00, 0x15600000)
GC Heap History (10 events):
Event: 28.970 GC heap before
{Heap before GC invocations=67 (full 1):
 def new generation   total 6656K, used 6105K [0x04a00000, 0x05130000, 0x09f50000)
  eden space 5952K, 100% used [0x04a00000, 0x04fd0000, 0x04fd0000)
  from space 704K,  21% used [0x05080000, 0x050a67b0, 0x05130000)
  to   space 704K,   0% used [0x04fd0000, 0x04fd0000, 0x05080000)
 tenured generation   total 14636K, used 8781K [0x09f50000, 0x0ad9b000, 0x14a00000)
   the space 14636K,  59% used [0x09f50000, 0x0a7e3438, 0x0a7e3600, 0x0ad9b000)
 compacting perm gen  total 12288K, used 9080K [0x14a00000, 0x15600000, 0x18a00000)
   the space 12288K,  73% used [0x14a00000, 0x152de180, 0x152de200, 0x15600000)
No shared spaces configured.
Event: 28.970 GC heap after
Heap after GC invocations=68 (full 1):
 def new generation   total 6656K, used 284K [0x04a00000, 0x05130000, 0x09f50000)
  eden space 5952K,   0% used [0x04a00000, 0x04a00000, 0x04fd0000)
  from space 704K,  40% used [0x04fd0000, 0x05017050, 0x05080000)
  to   space 704K,   0% used [0x05080000, 0x05080000, 0x05130000)
 tenured generation   total 14636K, used 8781K [0x09f50000, 0x0ad9b000, 0x14a00000)
   the space 14636K,  59% used [0x09f50000, 0x0a7e3438, 0x0a7e3600, 0x0ad9b000)
 compacting perm gen  total 12288K, used 9080K [0x14a00000, 0x15600000, 0x18a00000)
   the space 12288K,  73% used [0x14a00000, 0x152de180, 0x152de200, 0x15600000)
No shared spaces configured.
}
Event: 29.612 GC heap before
{Heap before GC invocations=68 (full 1):
 def new generation   total 6656K, used 6236K [0x04a00000, 0x05130000, 0x09f50000)
  eden space 5952K, 100% used [0x04a00000, 0x04fd0000, 0x04fd0000)
  from space 704K,  40% used [0x04fd0000, 0x05017050, 0x05080000)
  to   space 704K,   0% used [0x05080000, 0x05080000, 0x05130000)
 tenured generation   total 14636K, used 8781K [0x09f50000, 0x0ad9b000, 0x14a00000)
   the space 14636K,  59% used [0x09f50000, 0x0a7e3438, 0x0a7e3600, 0x0ad9b000)
 compacting perm gen  total 12288K, used 9080K [0x14a00000, 0x15600000, 0x18a00000)
   the space 12288K,  73% used [0x14a00000, 0x152de180, 0x152de200, 0x15600000)
No shared spaces configured.
Event: 29.612 GC heap after
Heap after GC invocations=69 (full 1):
 def new generation   total 6656K, used 279K [0x04a00000, 0x05130000, 0x09f50000)
  eden space 5952K,   0% used [0x04a00000, 0x04a00000, 0x04fd0000)
  from space 704K,  39% used [0x05080000, 0x050c5e18, 0x05130000)
  to   space 704K,   0% used [0x04fd0000, 0x04fd0000, 0x05080000)
 tenured generation   total 14636K, used 8781K [0x09f50000, 0x0ad9b000, 0x14a00000)
   the space 14636K,  59% used [0x09f50000, 0x0a7e3438, 0x0a7e3600, 0x0ad9b000)
 compacting perm gen  total 12288K, used 9080K [0x14a00000, 0x15600000, 0x18a00000)
   the space 12288K,  73% used [0x14a00000, 0x152de180, 0x152de200, 0x15600000)
No shared spaces configured.
}
Event: 30.216 GC heap before
{Heap before GC invocations=69 (full 1):
 def new generation   total 6656K, used 6231K [0x04a00000, 0x05130000, 0x09f50000)
  eden space 5952K, 100% used [0x04a00000, 0x04fd0000, 0x04fd0000)
  from space 704K,  39% used [0x05080000, 0x050c5e18, 0x05130000)
  to   space 704K,   0% used [0x04fd0000, 0x04fd0000, 0x05080000)
 tenured generation   total 14636K, used 8781K [0x09f50000, 0x0ad9b000, 0x14a00000)
   the space 14636K,  59% used [0x09f50000, 0x0a7e3438, 0x0a7e3600, 0x0ad9b000)
 compacting perm gen  total 12288K, used 9080K [0x14a00000, 0x15600000, 0x18a00000)
   the space 12288K,  73% used [0x14a00000, 0x152de180, 0x152de200, 0x15600000)
No shared spaces configured.
Event: 30.217 GC heap after
Heap after GC invocations=70 (full 1):
 def new generation   total 6656K, used 401K [0x04a00000, 0x05130000, 0x09f50000)
  eden space 5952K,   0% used [0x04a00000, 0x04a00000, 0x04fd0000)
  from space 704K,  56% used [0x04fd0000, 0x05034470, 0x05080000)
  to   space 704K,   0% used [0x05080000, 0x05080000, 0x05130000)
 tenured generation   total 14636K, used 8781K [0x09f50000, 0x0ad9b000, 0x14a00000)
   the space 14636K,  59% used [0x09f50000, 0x0a7e3438, 0x0a7e3600, 0x0ad9b000)
 compacting perm gen  total 12288K, used 9080K [0x14a00000, 0x15600000, 0x18a00000)
   the space 12288K,  73% used [0x14a00000, 0x152de180, 0x152de200, 0x15600000)
No shared spaces configured.
}
Event: 30.874 GC heap before
{Heap before GC invocations=70 (full 1):
 def new generation   total 6656K, used 6353K [0x04a00000, 0x05130000, 0x09f50000)
  eden space 5952K, 100% used [0x04a00000, 0x04fd0000, 0x04fd0000)
  from space 704K,  56% used [0x04fd0000, 0x05034470, 0x05080000)
  to   space 704K,   0% used [0x05080000, 0x05080000, 0x05130000)
 tenured generation   total 14636K, used 8781K [0x09f50000, 0x0ad9b000, 0x14a00000)
   the space 14636K,  59% used [0x09f50000, 0x0a7e3438, 0x0a7e3600, 0x0ad9b000)
 compacting perm gen  total 12288K, used 9080K [0x14a00000, 0x15600000, 0x18a00000)
   the space 12288K,  73% used [0x14a00000, 0x152de180, 0x152de200, 0x15600000)
No shared spaces configured.
Event: 30.875 GC heap after
Heap after GC invocations=71 (full 1):
 def new generation   total 6656K, used 282K [0x04a00000, 0x05130000, 0x09f50000)
  eden space 5952K,   0% used [0x04a00000, 0x04a00000, 0x04fd0000)
  from space 704K,  40% used [0x05080000, 0x050c6890, 0x05130000)
  to   space 704K,   0% used [0x04fd0000, 0x04fd0000, 0x05080000)
 tenured generation   total 14636K, used 8928K [0x09f50000, 0x0ad9b000, 0x14a00000)
   the space 14636K,  61% used [0x09f50000, 0x0a808368, 0x0a808400, 0x0ad9b000)
 compacting perm gen  total 12288K, used 9080K [0x14a00000, 0x15600000, 0x18a00000)
   the space 12288K,  73% used [0x14a00000, 0x152de180, 0x152de200, 0x15600000)
No shared spaces configured.
}
Event: 31.511 GC heap before
{Heap before GC invocations=71 (full 1):
 def new generation   total 6656K, used 6234K [0x04a00000, 0x05130000, 0x09f50000)
  eden space 5952K, 100% used [0x04a00000, 0x04fd0000, 0x04fd0000)
  from space 704K,  40% used [0x05080000, 0x050c6890, 0x05130000)
  to   space 704K,   0% used [0x04fd0000, 0x04fd0000, 0x05080000)
 tenured generation   total 14636K, used 8928K [0x09f50000, 0x0ad9b000, 0x14a00000)
   the space 14636K,  61% used [0x09f50000, 0x0a808368, 0x0a808400, 0x0ad9b000)
 compacting perm gen  total 12288K, used 9080K [0x14a00000, 0x15600000, 0x18a00000)
   the space 12288K,  73% used [0x14a00000, 0x152de180, 0x152de200, 0x15600000)
No shared spaces configured.
Event: 31.512 GC heap after
Heap after GC invocations=72 (full 1):
 def new generation   total 6656K, used 341K [0x04a00000, 0x05130000, 0x09f50000)
  eden space 5952K,   0% used [0x04a00000, 0x04a00000, 0x04fd0000)
  from space 704K,  48% used [0x04fd0000, 0x05025540, 0x05080000)
  to   space 704K,   0% used [0x05080000, 0x05080000, 0x05130000)
 tenured generation   total 14636K, used 8928K [0x09f50000, 0x0ad9b000, 0x14a00000)
   the space 14636K,  61% used [0x09f50000, 0x0a808368, 0x0a808400, 0x0ad9b000)
 compacting perm gen  total 12288K, used 9080K [0x14a00000, 0x15600000, 0x18a00000)
   the space 12288K,  73% used [0x14a00000, 0x152de180, 0x152de200, 0x15600000)
No shared spaces configured.
}

